#
# There is insufficient memory for the Java Runtime Environment to continue.
# Native memory allocation (malloc) failed to allocate 32744 bytes for ChunkPool::allocate
# Possible reasons:
#   The system is out of physical RAM or swap space
#   In 32 bit mode, the process size limit was hit
# Possible solutions:
#   Reduce memory load on the system
#   Increase physical memory or swap space
#   Check if swap backing store is full
#   Use 64 bit Java on a 64 bit OS
#   Decrease Java heap size (-Xmx/-Xms)
#   Decrease number of Java threads
#   Decrease Java thread stack sizes (-Xss)
#   Set larger code cache with -XX:ReservedCodeCacheSize=
# This output file may be truncated or incomplete.
#
#  Out of Memory Error (allocation.cpp:273), pid=30032, tid=0x0000000000008fa4
#
# JRE version: Java(TM) SE Runtime Environment (8.0_92-b14) (build 1.8.0_92-b14)
# Java VM: Java HotSpot(TM) 64-Bit Server VM (25.92-b14 mixed mode windows-amd64 compressed oops)
# Failed to write core dump. Minidumps are not enabled by default on client versions of Windows
#

---------------  T H R E A D  ---------------

Current thread (0x0000000014c7b000):  JavaThread "C2 CompilerThread0" daemon [_thread_in_native, id=36772, stack(0x00000000161e0000,0x00000000162e0000)]

Stack: [0x00000000161e0000,0x00000000162e0000]
[error occurred during error reporting (printing stack bounds), id 0xc0000005]

Native frames: (J=compiled Java code, j=interpreted, Vv=VM code, C=native code)


Current CompileTask:
C2:   1317  670       4       java.util.HashMap::containsKey (18 bytes)


---------------  P R O C E S S  ---------------

Java Threads: ( => current thread )
  0x000000001654b800 JavaThread "pool-2-thread-4" [_thread_blocked, id=37884, stack(0x0000000016ee0000,0x0000000016fe0000)]
  0x000000001654a800 JavaThread "pool-2-thread-3" [_thread_in_Java, id=27424, stack(0x0000000016de0000,0x0000000016ee0000)]
  0x000000001646b800 JavaThread "pool-2-thread-2" [_thread_blocked, id=26284, stack(0x0000000016ce0000,0x0000000016de0000)]
  0x000000001646b000 JavaThread "pool-3-thread-1" [_thread_blocked, id=35416, stack(0x0000000016be0000,0x0000000016ce0000)]
  0x0000000016468000 JavaThread "pool-2-thread-1" [_thread_blocked, id=36368, stack(0x0000000016ae0000,0x0000000016be0000)]
  0x000000001633a800 JavaThread "Service Thread" daemon [_thread_blocked, id=36820, stack(0x00000000168e0000,0x00000000169e0000)]
  0x0000000016337800 JavaThread "C1 CompilerThread2" daemon [_thread_in_native, id=19928, stack(0x00000000167e0000,0x00000000168e0000)]
  0x0000000014c7d000 JavaThread "C2 CompilerThread1" daemon [_thread_in_native, id=36312, stack(0x00000000166e0000,0x00000000167e0000)]
=>0x0000000014c7b000 JavaThread "C2 CompilerThread0" daemon [_thread_in_native, id=36772, stack(0x00000000161e0000,0x00000000162e0000)]
  0x0000000014c79800 JavaThread "Attach Listener" daemon [_thread_blocked, id=26292, stack(0x00000000160e0000,0x00000000161e0000)]
  0x0000000014c78800 JavaThread "Signal Dispatcher" daemon [_thread_blocked, id=36612, stack(0x0000000015fe0000,0x00000000160e0000)]
  0x0000000014c0a800 JavaThread "Finalizer" daemon [_thread_blocked, id=37180, stack(0x0000000015e70000,0x0000000015f70000)]
  0x000000000250f800 JavaThread "Reference Handler" daemon [_thread_blocked, id=37280, stack(0x0000000015d70000,0x0000000015e70000)]
  0x0000000002422800 JavaThread "main" [_thread_in_Java, id=13600, stack(0x00000000007a0000,0x00000000008a0000)]

Other Threads:
  0x0000000014be8000 VMThread [stack: 0x0000000015c70000,0x0000000015d70000] [id=30052]
  0x00000000163ae800 WatcherThread [stack: 0x00000000169e0000,0x0000000016ae0000] [id=15252]

VM state:not at safepoint (normal execution)

VM Mutex/Monitor currently owned by a thread: None

Heap:
 PSYoungGen      total 36864K, used 13593K [0x00000000eab00000, 0x00000000ed400000, 0x0000000100000000)
  eden space 31744K, 42% used [0x00000000eab00000,0x00000000eb846420,0x00000000eca00000)
  from space 5120K, 0% used [0x00000000ecf00000,0x00000000ecf00000,0x00000000ed400000)
  to   space 5120K, 0% used [0x00000000eca00000,0x00000000eca00000,0x00000000ecf00000)
 ParOldGen       total 84992K, used 0K [0x00000000c0000000, 0x00000000c5300000, 0x00000000eab00000)
  object space 84992K, 0% used [0x00000000c0000000,0x00000000c0000000,0x00000000c5300000)
 Metaspace       used 5713K, capacity 6644K, committed 6784K, reserved 1056768K
  class space    used 602K, capacity 620K, committed 640K, reserved 1048576K

Card table byte_map: [0x00000000118f0000,0x0000000011b00000] byte_map_base: 0x00000000112f0000

Marking Bits: (ParMarkBitMap*) 0x000000006a7c64f0
 Begin Bits: [0x0000000012060000, 0x0000000013060000)
 End Bits:   [0x0000000013060000, 0x0000000014060000)

Polling page: 0x0000000000560000

CodeCache: size=245760Kb used=2650Kb max_used=2661Kb free=243109Kb
 bounds [0x0000000002530000, 0x00000000027d0000, 0x0000000011530000]
 total_blobs=923 nmethods=652 adapters=184
 compilation: enabled

Compilation events (10 events):
Event: 1.234 Thread 0x0000000016337800  658       3       com.android.dx.cf.code.BaseMachine::storeResults (90 bytes)
Event: 1.235 Thread 0x0000000016337800 nmethod 658 0x00000000027c03d0 code [0x00000000027c05c0, 0x00000000027c1088]
Event: 1.235 Thread 0x0000000016337800  659       3       com.android.dx.cf.code.RopperMachine::getSources (264 bytes)
Event: 1.235 Thread 0x0000000014c7b000 nmethod 651 0x00000000027beb10 code [0x00000000027bec40, 0x00000000027bedb8]
Event: 1.291 Thread 0x0000000016337800 nmethod 659 0x00000000027c2e10 code [0x00000000027c3420, 0x00000000027c7db8]
Event: 1.291 Thread 0x0000000016337800  657   !   3       com.android.dx.cf.code.RopperMachine::run (1550 bytes)
Event: 1.292 Thread 0x0000000014c7d000  663       4       com.android.dx.ssa.NormalSsaInsn::accept (25 bytes)
Event: 1.293 Thread 0x0000000014c7b000  665   !   4       com.android.dx.util.FixedSizeList::<init> (36 bytes)
Event: 1.294 Thread 0x0000000014c7b000 nmethod 665 0x00000000027bd450 code [0x00000000027bd5a0, 0x00000000027bd6d8]
Event: 1.299 Thread 0x0000000014c7b000  670       4       java.util.HashMap::containsKey (18 bytes)

GC Heap History (0 events):
No events

Deoptimization events (0 events):
No events

Internal exceptions (2 events):
Event: 0.100 Thread 0x0000000002422800 Exception <a 'java/lang/NoSuchMethodError': Method sun.misc.Unsafe.defineClass(Ljava/lang/String;[BII)Ljava/lang/Class; name or signature does not match> (0x00000000eab07cc0) thrown at [D:\re\workspace\8-2-build-windows-amd64-cygwin\jdk8u92\6642\hotspot\srpk@F²¹?
Event: 0.100 Thread 0x0000000002422800 Exception <a 'java/lang/NoSuchMethodError': Method sun.misc.Unsafe.prefetchRead(Ljava/lang/Object;J)V name or signature does not match> (0x00000000eab07fa8) thrown at [D:\re\workspace\8-2-build-windows-amd64-cygwin\jdk8u92\6642\hotspot\src\share\vm\prims\j

Events (10 events):
Event: 1.197 loading class com/android/dx/cf/code/BytecodeArray$ConstantParserVisitor
Event: 1.197 loading class com/android/dx/cf/code/BytecodeArray$ConstantParserVisitor done
Event: 1.228 loading class com/android/dx/cf/code/SwitchList
Event: 1.228 loading class com/android/dx/cf/code/SwitchList done
Event: 1.237 loading class com/android/dx/cf/code/Ropper$ExceptionHandlerSetup
Event: 1.237 loading class com/android/dx/cf/code/Ropper$ExceptionHandlerSetup done
Event: 1.238 Executing VM operation: ForceSafepoint
Event: 1.290 Executing VM operation: ForceSafepoint done
Event: 1.294 loading class java/util/DualPivotQuicksort
Event: 1.295 loading class java/util/DualPivotQuicksort done


Dynamic libraries:
0x00007ff62b290000 - 0x00007ff62b2c7000 	D:\Program Files\Java\jdk1.8.0_92\bin\java.exe
0x00007ffa0c170000 - 0x00007ffa0c331000 	C:\WINDOWS\SYSTEM32\ntdll.dll
0x00007ffa09b80000 - 0x00007ffa09c2d000 	C:\WINDOWS\system32\KERNEL32.DLL
0x00007ffa09050000 - 0x00007ffa09238000 	C:\WINDOWS\system32\KERNELBASE.dll
0x00007ffa097d0000 - 0x00007ffa09877000 	C:\WINDOWS\system32\ADVAPI32.dll
0x00007ffa09960000 - 0x00007ffa099fd000 	C:\WINDOWS\system32\msvcrt.dll
0x00007ffa0c000000 - 0x00007ffa0c05b000 	C:\WINDOWS\system32\sechost.dll
0x00007ffa09a00000 - 0x00007ffa09b1c000 	C:\WINDOWS\system32\RPCRT4.dll
0x00007ffa0a410000 - 0x00007ffa0a566000 	C:\WINDOWS\system32\USER32.dll
0x00007ffa09e20000 - 0x00007ffa09fa6000 	C:\WINDOWS\system32\GDI32.dll
0x00007ffa07530000 - 0x00007ffa077a4000 	C:\WINDOWS\WinSxS\amd64_microsoft.windows.common-controls_6595b64144ccf1df_6.0.10586.494_none_a2d8b04ea53e3145\COMCTL32.dll
0x00007ffa0a080000 - 0x00007ffa0a2fd000 	C:\WINDOWS\system32\combase.dll
0x00007ffa08620000 - 0x00007ffa0868a000 	C:\WINDOWS\system32\bcryptPrimitives.dll
0x00007ffa09790000 - 0x00007ffa097cb000 	C:\WINDOWS\system32\IMM32.DLL
0x00007ffa08450000 - 0x00007ffa08481000 	C:\windows\system32\nvinitx.dll
0x00007ffa08440000 - 0x00007ffa0844a000 	C:\WINDOWS\SYSTEM32\VERSION.dll
0x000000006c2c0000 - 0x000000006c2c6000 	C:\Program Files\NVIDIA Corporation\CoProcManager\_etoured.dll
0x00007ffa05fd0000 - 0x00007ffa06002000 	C:\Program Files\NVIDIA Corporation\CoProcManager\nvd3d9wrapx.dll
0x00007ffa0bbd0000 - 0x00007ffa0bff9000 	C:\WINDOWS\system32\SETUPAPI.dll
0x00007ffa092a0000 - 0x00007ffa092e3000 	C:\WINDOWS\system32\CFGMGR32.dll
0x00007ffa05fa0000 - 0x00007ffa05fc2000 	C:\Program Files\NVIDIA Corporation\CoProcManager\nvdxgiwrapx.dll
0x0000000069c20000 - 0x0000000069cf2000 	D:\Program Files\Java\jdk1.8.0_92\jre\bin\msvcr100.dll
0x0000000069fb0000 - 0x000000006a846000 	D:\Program Files\Java\jdk1.8.0_92\jre\bin\server\jvm.dll
0x0000000000770000 - 0x0000000000793000 	C:\WINDOWS\system32\WINMM.dll
0x00007ffa085a0000 - 0x00007ffa085cc000 	C:\WINDOWS\system32\WINMMBASE.dll
0x00007ffa09fb0000 - 0x00007ffa09fb8000 	C:\WINDOWS\system32\PSAPI.DLL
0x00007ff9fc930000 - 0x00007ff9fc939000 	C:\WINDOWS\SYSTEM32\WSOCK32.dll
0x00007ffa0a600000 - 0x00007ffa0a66b000 	C:\WINDOWS\system32\WS2_32.dll
0x000000006ae80000 - 0x000000006ae8f000 	D:\Program Files\Java\jdk1.8.0_92\jre\bin\verify.dll
0x000000006ae50000 - 0x000000006ae79000 	D:\Program Files\Java\jdk1.8.0_92\jre\bin\java.dll
0x000000006ae30000 - 0x000000006ae46000 	D:\Program Files\Java\jdk1.8.0_92\jre\bin\zip.dll
0x00007ffa0a670000 - 0x00007ffa0bbcc000 	C:\WINDOWS\system32\SHELL32.dll
0x00007ffa086b0000 - 0x00007ffa08cf5000 	C:\WINDOWS\system32\windows.storage.dll
0x00007ffa09880000 - 0x00007ffa098d2000 	C:\WINDOWS\system32\shlwapi.dll
0x00007ffa08560000 - 0x00007ffa0856f000 	C:\WINDOWS\system32\kernel.appcore.dll
0x00007ffa092f0000 - 0x00007ffa093a5000 	C:\WINDOWS\system32\shcore.dll
0x00007ffa085d0000 - 0x00007ffa0861b000 	C:\WINDOWS\system32\powrprof.dll
0x00007ffa08570000 - 0x00007ffa08584000 	C:\WINDOWS\system32\profapi.dll

VM Arguments:
jvm_args: -Djava.awt.headless=true -Xmx1024M -Dfile.encoding=GBK -Duser.country=CN -Duser.language=zh -Duser.variant 
java_command: com.android.dx.command.Main --dex --force-jumbo --num-threads=4 --multi-dex --output D:\AndroidStudioProjects\Study\ToMother\app\build\intermediates\transforms\dex\debug\folders\1000\10\com.android.support-support-vector-drawable-24.1.1_e6ff2b50a5504de5e1eb1b372e5a09ad12a2a9a4 D:\AndroidStudioProjects\Study\ToMother\app\build\intermediates\exploded-aar\com.android.support\support-vector-drawable\24.1.1\jars\classes.jar
java_class_path (initial): D:\AppData\Local\Android\sdk\build-tools\24.0.0\lib\dx.jar
Launcher Type: SUN_STANDARD

Environment Variables:
JAVA_HOME=D:\Program Files\Java\jdk1.8.0_92
CLASSPATH=.;D:\Program Files\Java\jdk1.8.0_92\lib\dt.jar;D:\Program Files\Java\jdk1.8.0_92\lib\tools.jar;
PATH=C:\ProgramData\Oracle\Java\javapath;C:\WINDOWS\system32;C:\WINDOWS;C:\WINDOWS\System32\Wbem;C:\WINDOWS\System32\WindowsPowerShell\v1.0\;C:\Program Files\Intel\WiFi\bin\;C:\Program Files\Common Files\Intel\WirelessCommon\;C:\Program Files\ThinkPad\Bluetooth Software\;C:\Program Files\ThinkPad\Bluetooth Software\syswow64;C:\WINDOWS\system32\config\systemprofile\.dnx\bin;C:\Program Files\Microsoft DNX\Dnvm\;C:\Program Files (x86)\Windows Kits\8.1\Windows Performance Toolkit\;C:\Program Files\Microsoft SQL Server\130\Tools\Binn\;D:\Program Files\TortoiseGit\bin;d:\Program Files\Git\cmd;C:\Program Files\IDM Computer Solutions\UltraCompare;%JAVA_HOME;C:\Program Files\Intel\WiFi\bin\;C:\Program Files\Common Files\Intel\WirelessCommon\
USERNAME=leebisheng
OS=Windows_NT
PROCESSOR_IDENTIFIER=Intel64 Family 6 Model 58 Stepping 9, GenuineIntel



---------------  S Y S T E M  ---------------

OS: Windows 10.0 , 64 bit Build 10586 (10.0.10586.0)

CPU:total 4 (2 cores per cpu, 2 threads per core) family 6 model 58 stepping 9, cmov, cx8, fxsr, mmx, sse, sse2, sse3, ssse3, sse4.1, sse4.2, popcnt, avx, aes, clmul, erms, ht, tsc, tscinvbit, tscinv

Memory: 4k page, physical 8074724k(370536k free), swap 12269028k(4092k free)

vm_info: Java HotSpot(TM) 64-Bit Server VM (25.92-b14) for windows-amd64 JRE (1.8.0_92-b14), built on Mar 31 2016 21:03:04 by "java_re" with MS VC++ 10.0 (VS2010)

time: Wed Aug 17 15:42:48 2016
elapsed time: 1 seconds (0d 0h 0m 1s)

