#
# There is insufficient memory for the Java Runtime Environment to continue.
# Native memory allocation (malloc) failed to allocate 65552 bytes for Chunk::new
# Possible reasons:
#   The system is out of physical RAM or swap space
#   In 32 bit mode, the process size limit was hit
# Possible solutions:
#   Reduce memory load on the system
#   Increase physical memory or swap space
#   Check if swap backing store is full
#   Use 64 bit Java on a 64 bit OS
#   Decrease Java heap size (-Xmx/-Xms)
#   Decrease number of Java threads
#   Decrease Java thread stack sizes (-Xss)
#   Set larger code cache with -XX:ReservedCodeCacheSize=
# This output file may be truncated or incomplete.
#
#  Out of Memory Error (allocation.cpp:390), pid=6124, tid=0x0000000000004b3c
#
# JRE version: Java(TM) SE Runtime Environment (8.0_92-b14) (build 1.8.0_92-b14)
# Java VM: Java HotSpot(TM) 64-Bit Server VM (25.92-b14 mixed mode windows-amd64 compressed oops)
# Failed to write core dump. Minidumps are not enabled by default on client versions of Windows
#

---------------  T H R E A D  ---------------

Current thread (0x0000000015afd000):  JavaThread "C2 CompilerThread1" daemon [_thread_in_native, id=19260, stack(0x0000000017510000,0x0000000017610000)]

Stack: [0x0000000017510000,0x0000000017610000]
[error occurred during error reporting (printing stack bounds), id 0xc0000005]

Native frames: (J=compiled Java code, j=interpreted, Vv=VM code, C=native code)


Current CompileTask:
C2:  26747 3059       4       java.util.Arrays::sort (47 bytes)


---------------  P R O C E S S  ---------------

Java Threads: ( => current thread )
  0x000000001717d800 JavaThread "Service Thread" daemon [_thread_blocked, id=2008, stack(0x0000000017710000,0x0000000017810000)]
  0x0000000017178800 JavaThread "C1 CompilerThread2" daemon [_thread_in_vm, id=19384, stack(0x0000000017610000,0x0000000017710000)]
=>0x0000000015afd000 JavaThread "C2 CompilerThread1" daemon [_thread_in_native, id=19260, stack(0x0000000017510000,0x0000000017610000)]
  0x0000000015afb000 JavaThread "C2 CompilerThread0" daemon [_thread_in_native, id=3228, stack(0x0000000017010000,0x0000000017110000)]
  0x0000000015af9800 JavaThread "Attach Listener" daemon [_thread_blocked, id=11940, stack(0x0000000016f10000,0x0000000017010000)]
  0x0000000015af8800 JavaThread "Signal Dispatcher" daemon [_thread_blocked, id=14640, stack(0x0000000016e10000,0x0000000016f10000)]
  0x0000000015a8a000 JavaThread "Finalizer" daemon [_thread_blocked, id=20604, stack(0x0000000016d10000,0x0000000016e10000)]
  0x0000000015a69000 JavaThread "Reference Handler" daemon [_thread_blocked, id=21100, stack(0x0000000016c10000,0x0000000016d10000)]
  0x00000000032d2800 JavaThread "main" [_thread_in_Java, id=5424, stack(0x00000000031d0000,0x00000000032d0000)]

Other Threads:
  0x0000000015a67000 VMThread [stack: 0x0000000016b10000,0x0000000016c10000] [id=13556]
  0x00000000171d8800 WatcherThread [stack: 0x0000000017810000,0x0000000017910000] [id=15932]

VM state:not at safepoint (normal execution)

VM Mutex/Monitor currently owned by a thread: None

Heap:
 PSYoungGen      total 277504K, used 152709K [0x00000000eab00000, 0x00000000fe100000, 0x0000000100000000)
  eden space 249856K, 51% used [0x00000000eab00000,0x00000000f27f42d8,0x00000000f9f00000)
  from space 27648K, 89% used [0x00000000fbe00000,0x00000000fd62d1d0,0x00000000fd900000)
  to   space 31744K, 0% used [0x00000000f9f00000,0x00000000f9f00000,0x00000000fbe00000)
 ParOldGen       total 84992K, used 42557K [0x00000000c0000000, 0x00000000c5300000, 0x00000000eab00000)
  object space 84992K, 50% used [0x00000000c0000000,0x00000000c298f4b0,0x00000000c5300000)
 Metaspace       used 7143K, capacity 7736K, committed 7936K, reserved 1056768K
  class space    used 651K, capacity 688K, committed 768K, reserved 1048576K

Card table byte_map: [0x0000000012790000,0x00000000129a0000] byte_map_base: 0x0000000012190000

Marking Bits: (ParMarkBitMap*) 0x00000000719064f0
 Begin Bits: [0x0000000012f00000, 0x0000000013f00000)
 End Bits:   [0x0000000013f00000, 0x0000000014f00000)

Polling page: 0x0000000001480000

CodeCache: size=245760Kb used=14509Kb max_used=14509Kb free=231250Kb
 bounds [0x00000000033d0000, 0x0000000004220000, 0x00000000123d0000]
 total_blobs=3243 nmethods=2970 adapters=185
 compilation: enabled

Compilation events (10 events):
Event: 26.632 Thread 0x0000000015afb000 nmethod 3055 0x00000000041ec890 code [0x00000000041ec9c0, 0x00000000041eca58]
Event: 26.632 Thread 0x0000000017178800 3054       3       com.android.dx.dex.file.MethodAnnotationStruct::compareTo (12 bytes)
Event: 26.633 Thread 0x0000000017178800 nmethod 3054 0x000000000351ab90 code [0x000000000351ad60, 0x000000000351b708]
Event: 26.642 Thread 0x0000000015afd000 nmethod 3052 0x000000000351a010 code [0x000000000351a180, 0x000000000351a7d8]
Event: 26.658 Thread 0x0000000015afb000 3056       4       java.util.ArrayList::sort (48 bytes)
Event: 26.709 Thread 0x0000000017178800 3057       3       com.android.dx.dex.file.AnnotationsDirectoryItem::writeTo0 (427 bytes)
Event: 26.715 Thread 0x0000000017178800 nmethod 3057 0x000000000420bed0 code [0x000000000420c660, 0x00000000042112e8]
Event: 26.716 Thread 0x0000000017178800 3058       3       java.util.Arrays::sort (32 bytes)
Event: 26.717 Thread 0x0000000017178800 nmethod 3058 0x0000000003515fd0 code [0x0000000003516140, 0x0000000003516378]
Event: 26.721 Thread 0x0000000015afd000 3059       4       java.util.Arrays::sort (47 bytes)

GC Heap History (10 events):
Event: 7.107 GC heap before
{Heap before GC invocations=2 (full 0):
 PSYoungGen      total 36864K, used 36724K [0x00000000eab00000, 0x00000000ef300000, 0x0000000100000000)
  eden space 31744K, 100% used [0x00000000eab00000,0x00000000eca00000,0x00000000eca00000)
  from space 5120K, 97% used [0x00000000eca00000,0x00000000ecedd270,0x00000000ecf00000)
  to   space 5120K, 0% used [0x00000000eee00000,0x00000000eee00000,0x00000000ef300000)
 ParOldGen       total 84992K, used 16K [0x00000000c0000000, 0x00000000c5300000, 0x00000000eab00000)
  object space 84992K, 0% used [0x00000000c0000000,0x00000000c0004000,0x00000000c5300000)
 Metaspace       used 6235K, capacity 7094K, committed 7296K, reserved 1056768K
  class space    used 608K, capacity 622K, committed 640K, reserved 1048576K
Event: 7.273 GC heap after
Heap after GC invocations=2 (full 0):
 PSYoungGen      total 68608K, used 5099K [0x00000000eab00000, 0x00000000ef300000, 0x0000000100000000)
  eden space 63488K, 0% used [0x00000000eab00000,0x00000000eab00000,0x00000000ee900000)
  from space 5120K, 99% used [0x00000000eee00000,0x00000000ef2fafc0,0x00000000ef300000)
  to   space 5120K, 0% used [0x00000000ee900000,0x00000000ee900000,0x00000000eee00000)
 ParOldGen       total 84992K, used 2936K [0x00000000c0000000, 0x00000000c5300000, 0x00000000eab00000)
  object space 84992K, 3% used [0x00000000c0000000,0x00000000c02de148,0x00000000c5300000)
 Metaspace       used 6235K, capacity 7094K, committed 7296K, reserved 1056768K
  class space    used 608K, capacity 622K, committed 640K, reserved 1048576K
}
Event: 10.208 GC heap before
{Heap before GC invocations=3 (full 0):
 PSYoungGen      total 68608K, used 68587K [0x00000000eab00000, 0x00000000ef300000, 0x0000000100000000)
  eden space 63488K, 100% used [0x00000000eab00000,0x00000000ee900000,0x00000000ee900000)
  from space 5120K, 99% used [0x00000000eee00000,0x00000000ef2fafc0,0x00000000ef300000)
  to   space 5120K, 0% used [0x00000000ee900000,0x00000000ee900000,0x00000000eee00000)
 ParOldGen       total 84992K, used 2936K [0x00000000c0000000, 0x00000000c5300000, 0x00000000eab00000)
  object space 84992K, 3% used [0x00000000c0000000,0x00000000c02de148,0x00000000c5300000)
 Metaspace       used 6303K, capacity 7094K, committed 7296K, reserved 1056768K
  class space    used 609K, capacity 622K, committed 640K, reserved 1048576K
Event: 10.307 GC heap after
Heap after GC invocations=3 (full 0):
 PSYoungGen      total 68608K, used 5088K [0x00000000eab00000, 0x00000000f3100000, 0x0000000100000000)
  eden space 63488K, 0% used [0x00000000eab00000,0x00000000eab00000,0x00000000ee900000)
  from space 5120K, 99% used [0x00000000ee900000,0x00000000eedf82f0,0x00000000eee00000)
  to   space 5120K, 0% used [0x00000000f2c00000,0x00000000f2c00000,0x00000000f3100000)
 ParOldGen       total 84992K, used 11427K [0x00000000c0000000, 0x00000000c5300000, 0x00000000eab00000)
  object space 84992K, 13% used [0x00000000c0000000,0x00000000c0b28f10,0x00000000c5300000)
 Metaspace       used 6303K, capacity 7094K, committed 7296K, reserved 1056768K
  class space    used 609K, capacity 622K, committed 640K, reserved 1048576K
}
Event: 12.065 GC heap before
{Heap before GC invocations=4 (full 0):
 PSYoungGen      total 68608K, used 68576K [0x00000000eab00000, 0x00000000f3100000, 0x0000000100000000)
  eden space 63488K, 100% used [0x00000000eab00000,0x00000000ee900000,0x00000000ee900000)
  from space 5120K, 99% used [0x00000000ee900000,0x00000000eedf82f0,0x00000000eee00000)
  to   space 5120K, 0% used [0x00000000f2c00000,0x00000000f2c00000,0x00000000f3100000)
 ParOldGen       total 84992K, used 11427K [0x00000000c0000000, 0x00000000c5300000, 0x00000000eab00000)
  object space 84992K, 13% used [0x00000000c0000000,0x00000000c0b28f10,0x00000000c5300000)
 Metaspace       used 6386K, capacity 7158K, committed 7296K, reserved 1056768K
  class space    used 609K, capacity 622K, committed 640K, reserved 1048576K
Event: 12.122 GC heap after
Heap after GC invocations=4 (full 0):
 PSYoungGen      total 132096K, used 5097K [0x00000000eab00000, 0x00000000f3100000, 0x0000000100000000)
  eden space 126976K, 0% used [0x00000000eab00000,0x00000000eab00000,0x00000000f2700000)
  from space 5120K, 99% used [0x00000000f2c00000,0x00000000f30fa788,0x00000000f3100000)
  to   space 5120K, 0% used [0x00000000f2700000,0x00000000f2700000,0x00000000f2c00000)
 ParOldGen       total 84992K, used 21765K [0x00000000c0000000, 0x00000000c5300000, 0x00000000eab00000)
  object space 84992K, 25% used [0x00000000c0000000,0x00000000c15417e8,0x00000000c5300000)
 Metaspace       used 6386K, capacity 7158K, committed 7296K, reserved 1056768K
  class space    used 609K, capacity 622K, committed 640K, reserved 1048576K
}
Event: 14.345 GC heap before
{Heap before GC invocations=5 (full 0):
 PSYoungGen      total 132096K, used 132073K [0x00000000eab00000, 0x00000000f3100000, 0x0000000100000000)
  eden space 126976K, 100% used [0x00000000eab00000,0x00000000f2700000,0x00000000f2700000)
  from space 5120K, 99% used [0x00000000f2c00000,0x00000000f30fa788,0x00000000f3100000)
  to   space 5120K, 0% used [0x00000000f2700000,0x00000000f2700000,0x00000000f2c00000)
 ParOldGen       total 84992K, used 21837K [0x00000000c0000000, 0x00000000c5300000, 0x00000000eab00000)
  object space 84992K, 25% used [0x00000000c0000000,0x00000000c1553540,0x00000000c5300000)
 Metaspace       used 6553K, capacity 7256K, committed 7424K, reserved 1056768K
  class space    used 628K, capacity 656K, committed 768K, reserved 1048576K
Event: 14.527 GC heap after
Heap after GC invocations=5 (full 0):
 PSYoungGen      total 132096K, used 5113K [0x00000000eab00000, 0x00000000fd900000, 0x0000000100000000)
  eden space 126976K, 0% used [0x00000000eab00000,0x00000000eab00000,0x00000000f2700000)
  from space 5120K, 99% used [0x00000000f2700000,0x00000000f2bfe538,0x00000000f2c00000)
  to   space 27648K, 0% used [0x00000000fbe00000,0x00000000fbe00000,0x00000000fd900000)
 ParOldGen       total 84992K, used 42555K [0x00000000c0000000, 0x00000000c5300000, 0x00000000eab00000)
  object space 84992K, 50% used [0x00000000c0000000,0x00000000c298ef70,0x00000000c5300000)
 Metaspace       used 6553K, capacity 7256K, committed 7424K, reserved 1056768K
  class space    used 628K, capacity 656K, committed 768K, reserved 1048576K
}
Event: 16.014 GC heap before
{Heap before GC invocations=6 (full 0):
 PSYoungGen      total 132096K, used 132089K [0x00000000eab00000, 0x00000000fd900000, 0x0000000100000000)
  eden space 126976K, 100% used [0x00000000eab00000,0x00000000f2700000,0x00000000f2700000)
  from space 5120K, 99% used [0x00000000f2700000,0x00000000f2bfe538,0x00000000f2c00000)
  to   space 27648K, 0% used [0x00000000fbe00000,0x00000000fbe00000,0x00000000fd900000)
 ParOldGen       total 84992K, used 42557K [0x00000000c0000000, 0x00000000c5300000, 0x00000000eab00000)
  object space 84992K, 50% used [0x00000000c0000000,0x00000000c298f4b0,0x00000000c5300000)
 Metaspace       used 6604K, capacity 7256K, committed 7424K, reserved 1056768K
  class space    used 629K, capacity 656K, committed 768K, reserved 1048576K
Event: 16.144 GC heap after
Heap after GC invocations=6 (full 0):
 PSYoungGen      total 277504K, used 24756K [0x00000000eab00000, 0x00000000fe100000, 0x0000000100000000)
  eden space 249856K, 0% used [0x00000000eab00000,0x00000000eab00000,0x00000000f9f00000)
  from space 27648K, 89% used [0x00000000fbe00000,0x00000000fd62d1d0,0x00000000fd900000)
  to   space 31744K, 0% used [0x00000000f9f00000,0x00000000f9f00000,0x00000000fbe00000)
 ParOldGen       total 84992K, used 42557K [0x00000000c0000000, 0x00000000c5300000, 0x00000000eab00000)
  object space 84992K, 50% used [0x00000000c0000000,0x00000000c298f4b0,0x00000000c5300000)
 Metaspace       used 6604K, capacity 7256K, committed 7424K, reserved 1056768K
  class space    used 629K, capacity 656K, committed 768K, reserved 1048576K
}

Deoptimization events (10 events):
Event: 20.464 Thread 0x00000000032d2800 Uncommon trap: reason=unstable_if action=reinterpret pc=0x000000000401b6c4 method=com.android.dx.dex.code.LocalList$MakeState.snapshot(ILcom/android/dx/rop/code/RegisterSpecSet;)V @ 86
Event: 21.567 Thread 0x00000000032d2800 Uncommon trap: reason=unstable_if action=reinterpret pc=0x0000000003d58864 method=java.util.ArrayList.<init>(I)V @ 5
Event: 22.105 Thread 0x00000000032d2800 Uncommon trap: reason=unstable_if action=reinterpret pc=0x0000000004129538 method=com.android.dx.dex.file.DebugInfoEncoder.emitLocalsAtAddress(I)I @ 137
Event: 22.706 Thread 0x00000000032d2800 Uncommon trap: reason=unstable_if action=reinterpret pc=0x00000000037b66bc method=java.lang.Long.numberOfTrailingZeros(J)I @ 3
Event: 24.018 Thread 0x00000000032d2800 Uncommon trap: reason=unstable_if action=reinterpret pc=0x00000000040e0ac4 method=com.android.dx.util.ByteArrayAnnotatedOutput.writeByte(I)V @ 13
Event: 26.630 Thread 0x00000000032d2800 Uncommon trap: reason=bimorphic action=maybe_recompile pc=0x00000000040eb840 method=java.util.ComparableTimSort.countRunAndMakeAscending([Ljava/lang/Object;II)I @ 66
Event: 26.630 Thread 0x00000000032d2800 Uncommon trap: reason=bimorphic action=maybe_recompile pc=0x00000000040eb840 method=java.util.ComparableTimSort.countRunAndMakeAscending([Ljava/lang/Object;II)I @ 66
Event: 26.631 Thread 0x00000000032d2800 Uncommon trap: reason=bimorphic action=maybe_recompile pc=0x00000000040eb840 method=java.util.ComparableTimSort.countRunAndMakeAscending([Ljava/lang/Object;II)I @ 66
Event: 26.631 Thread 0x00000000032d2800 Uncommon trap: reason=bimorphic action=maybe_recompile pc=0x00000000040eb840 method=java.util.ComparableTimSort.countRunAndMakeAscending([Ljava/lang/Object;II)I @ 66
Event: 26.631 Thread 0x00000000032d2800 Uncommon trap: reason=bimorphic action=maybe_recompile pc=0x00000000040f7c00 method=java.util.ComparableTimSort.countRunAndMakeAscending([Ljava/lang/Object;II)I @ 66

Internal exceptions (6 events):
Event: 0.139 Thread 0x00000000032d2800 Exception <a 'java/lang/NoSuchMethodError': Method sun.misc.Unsafe.defineClass(Ljava/lang/String;[BII)Ljava/lang/Class; name or signature does not match> (0x00000000eab07cc0) thrown at [D:\re\workspace\8-2-build-windows-amd64-cygwin\jdk8u92\6642\hotspot\sr§rw$”À¡?
Event: 0.139 Thread 0x00000000032d2800 Exception <a 'java/lang/NoSuchMethodError': Method sun.misc.Unsafe.prefetchRead(Ljava/lang/Object;J)V name or signature does not match> (0x00000000eab07fa8) thrown at [D:\re\workspace\8-2-build-windows-amd64-cygwin\jdk8u92\6642\hotspot\src\share\vm\prims\jõnY•πO*@
Event: 13.156 Thread 0x00000000173a3000 Implicit null exception at 0x00000000039440ea to 0x0000000003945375
Event: 13.617 Thread 0x00000000032d2800 Exception <a 'java/lang/ArrayIndexOutOfBoundsException': 18> (0x00000000efaddfd8) thrown at [D:\re\workspace\8-2-build-windows-amd64-cygwin\jdk8u92\6642\hotspot\src\share\vm\interpreter\interpreterRuntime.cpp, line 366]
Event: 13.618 Thread 0x00000000032d2800 Exception <a 'java/lang/ArrayIndexOutOfBoundsException': 145> (0x00000000efadfb58) thrown at [D:\re\workspace\8-2-build-windows-amd64-cygwin\jdk8u92\6642\hotspot\src\share\vm\interpreter\interpreterRuntime.cpp, line 366]
Event: 13.660 Thread 0x00000000032d2800 Exception <a 'java/lang/ArrayIndexOutOfBoundsException'> (0x00000000efae0e40) thrown at [D:\re\workspace\8-2-build-windows-amd64-cygwin\jdk8u92\6642\hotspot\src\share\vm\runtime\sharedRuntime.cpp, line 605]

Events (10 events):
Event: 26.630 Thread 0x00000000032d2800 DEOPT UNPACKING pc=0x000000000341582a sp=0x00000000032ce998 mode 2
Event: 26.631 Thread 0x00000000032d2800 Uncommon trap: trap_request=0xffffffc6 fr.pc=0x00000000040eb840
Event: 26.631 Thread 0x00000000032d2800 DEOPT PACKING pc=0x00000000040eb840 sp=0x00000000032ceb60
Event: 26.631 Thread 0x00000000032d2800 DEOPT UNPACKING pc=0x000000000341582a sp=0x00000000032ce998 mode 2
Event: 26.631 Thread 0x00000000032d2800 Uncommon trap: trap_request=0xffffffc6 fr.pc=0x00000000040eb840
Event: 26.631 Thread 0x00000000032d2800 DEOPT PACKING pc=0x00000000040eb840 sp=0x00000000032ceb60
Event: 26.631 Thread 0x00000000032d2800 DEOPT UNPACKING pc=0x000000000341582a sp=0x00000000032ce998 mode 2
Event: 26.631 Thread 0x00000000032d2800 Uncommon trap: trap_request=0xffffffc6 fr.pc=0x00000000040f7c00
Event: 26.631 Thread 0x00000000032d2800 DEOPT PACKING pc=0x00000000040f7c00 sp=0x00000000032ceae0
Event: 26.631 Thread 0x00000000032d2800 DEOPT UNPACKING pc=0x000000000341582a sp=0x00000000032ce980 mode 2


Dynamic libraries:
0x00007ff7bac10000 - 0x00007ff7bac47000 	D:\Program Files\Java\jdk1.8.0_92\bin\java.exe
0x00007ffc08670000 - 0x00007ffc08831000 	C:\WINDOWS\SYSTEM32\ntdll.dll
0x00007ffc058b0000 - 0x00007ffc0595d000 	C:\WINDOWS\system32\KERNEL32.DLL
0x00007ffc04f70000 - 0x00007ffc05158000 	C:\WINDOWS\system32\KERNELBASE.dll
0x00007ffc05980000 - 0x00007ffc05a27000 	C:\WINDOWS\system32\ADVAPI32.dll
0x00007ffc05b00000 - 0x00007ffc05b9d000 	C:\WINDOWS\system32\msvcrt.dll
0x00007ffc05a30000 - 0x00007ffc05a8b000 	C:\WINDOWS\system32\sechost.dll
0x00007ffc08000000 - 0x00007ffc0811c000 	C:\WINDOWS\system32\RPCRT4.dll
0x00007ffc08420000 - 0x00007ffc08576000 	C:\WINDOWS\system32\USER32.dll
0x00007ffc072c0000 - 0x00007ffc07446000 	C:\WINDOWS\system32\GDI32.dll
0x00007ffc03a30000 - 0x00007ffc03ca4000 	C:\WINDOWS\WinSxS\amd64_microsoft.windows.common-controls_6595b64144ccf1df_6.0.10586.494_none_a2d8b04ea53e3145\COMCTL32.dll
0x00007ffc07c10000 - 0x00007ffc07e8d000 	C:\WINDOWS\system32\combase.dll
0x00007ffc051f0000 - 0x00007ffc0525a000 	C:\WINDOWS\system32\bcryptPrimitives.dll
0x00007ffc08620000 - 0x00007ffc0865b000 	C:\WINDOWS\system32\IMM32.DLL
0x00007ffc04950000 - 0x00007ffc04981000 	C:\windows\system32\nvinitx.dll
0x00007ffc04940000 - 0x00007ffc0494a000 	C:\WINDOWS\SYSTEM32\VERSION.dll
0x0000000073630000 - 0x0000000073636000 	C:\Program Files\NVIDIA Corporation\CoProcManager\_etoured.dll
0x00007ffc02d40000 - 0x00007ffc02d72000 	C:\Program Files\NVIDIA Corporation\CoProcManager\nvd3d9wrapx.dll
0x00007ffc07460000 - 0x00007ffc07889000 	C:\WINDOWS\system32\SETUPAPI.dll
0x00007ffc051a0000 - 0x00007ffc051e3000 	C:\WINDOWS\system32\CFGMGR32.dll
0x00007ffc027e0000 - 0x00007ffc02802000 	C:\Program Files\NVIDIA Corporation\CoProcManager\nvdxgiwrapx.dll
0x0000000071c50000 - 0x0000000071d22000 	D:\Program Files\Java\jdk1.8.0_92\jre\bin\msvcr100.dll
0x00000000710f0000 - 0x0000000071986000 	D:\Program Files\Java\jdk1.8.0_92\jre\bin\server\jvm.dll
0x00007ffc05170000 - 0x00007ffc05193000 	C:\WINDOWS\system32\WINMM.dll
0x00007ffc04aa0000 - 0x00007ffc04acc000 	C:\WINDOWS\system32\WINMMBASE.dll
0x00007ffc07450000 - 0x00007ffc07458000 	C:\WINDOWS\system32\PSAPI.DLL
0x00007ffbf8950000 - 0x00007ffbf8959000 	C:\WINDOWS\SYSTEM32\WSOCK32.dll
0x00007ffc07ba0000 - 0x00007ffc07c0b000 	C:\WINDOWS\system32\WS2_32.dll
0x00000000710e0000 - 0x00000000710ef000 	D:\Program Files\Java\jdk1.8.0_92\jre\bin\verify.dll
0x00000000710b0000 - 0x00000000710d9000 	D:\Program Files\Java\jdk1.8.0_92\jre\bin\java.dll
0x0000000071090000 - 0x00000000710a6000 	D:\Program Files\Java\jdk1.8.0_92\jre\bin\zip.dll
0x00007ffc05d60000 - 0x00007ffc072bc000 	C:\WINDOWS\system32\SHELL32.dll
0x00007ffc05260000 - 0x00007ffc058a5000 	C:\WINDOWS\system32\windows.storage.dll
0x00007ffc05ba0000 - 0x00007ffc05bf2000 	C:\WINDOWS\system32\shlwapi.dll
0x00007ffc04a90000 - 0x00007ffc04a9f000 	C:\WINDOWS\system32\kernel.appcore.dll
0x00007ffc04b80000 - 0x00007ffc04c35000 	C:\WINDOWS\system32\shcore.dll
0x00007ffc04c40000 - 0x00007ffc04c8b000 	C:\WINDOWS\system32\powrprof.dll
0x00007ffc04a70000 - 0x00007ffc04a84000 	C:\WINDOWS\system32\profapi.dll

VM Arguments:
jvm_args: -Djava.awt.headless=true -Xmx1024M -Dfile.encoding=GBK -Duser.country=CN -Duser.language=zh -Duser.variant 
java_command: com.android.dx.command.Main --dex --force-jumbo --num-threads=4 --output D:\AndroidStudioProjects\Study\ToMother\app\build\intermediates\pre-dexed\debug\com.android.support-support-v4-24.1.1_75aca77ad3515c6bcec01263152cf20848164f87.jar D:\AndroidStudioProjects\Study\ToMother\app\build\intermediates\exploded-aar\com.android.support\support-v4\24.1.1\jars\classes.jar
java_class_path (initial): D:\AppData\Local\Android\sdk\build-tools\24.0.0\lib\dx.jar
Launcher Type: SUN_STANDARD

Environment Variables:
JAVA_HOME=D:\Program Files\Java\jdk1.8.0_92
CLASSPATH=.;D:\Program Files\Java\jdk1.8.0_92\lib\dt.jar;D:\Program Files\Java\jdk1.8.0_92\lib\tools.jar;
PATH=C:\ProgramData\Oracle\Java\javapath;C:\WINDOWS\system32;C:\WINDOWS;C:\WINDOWS\System32\Wbem;C:\WINDOWS\System32\WindowsPowerShell\v1.0\;C:\Program Files\Intel\WiFi\bin\;C:\Program Files\Common Files\Intel\WirelessCommon\;C:\Program Files\ThinkPad\Bluetooth Software\;C:\Program Files\ThinkPad\Bluetooth Software\syswow64;C:\WINDOWS\system32\config\systemprofile\.dnx\bin;C:\Program Files\Microsoft DNX\Dnvm\;C:\Program Files (x86)\Windows Kits\8.1\Windows Performance Toolkit\;C:\Program Files\Microsoft SQL Server\130\Tools\Binn\;D:\Program Files\TortoiseGit\bin;d:\Program Files\Git\cmd;C:\Program Files\IDM Computer Solutions\UltraCompare;%JAVA_HOME;C:\Program Files\Intel\WiFi\bin\;C:\Program Files\Common Files\Intel\WirelessCommon\
USERNAME=leebisheng
OS=Windows_NT
PROCESSOR_IDENTIFIER=Intel64 Family 6 Model 58 Stepping 9, GenuineIntel



---------------  S Y S T E M  ---------------

OS: Windows 10.0 , 64 bit Build 10586 (10.0.10586.0)

CPU:total 4 (2 cores per cpu, 2 threads per core) family 6 model 58 stepping 9, cmov, cx8, fxsr, mmx, sse, sse2, sse3, ssse3, sse4.1, sse4.2, popcnt, avx, aes, clmul, erms, ht, tsc, tscinvbit, tscinv

Memory: 4k page, physical 8074724k(694292k free), swap 12269028k(4112k free)

vm_info: Java HotSpot(TM) 64-Bit Server VM (25.92-b14) for windows-amd64 JRE (1.8.0_92-b14), built on Mar 31 2016 21:03:04 by "java_re" with MS VC++ 10.0 (VS2010)

time: Wed Aug 24 19:11:11 2016
elapsed time: 26 seconds (0d 0h 0m 26s)

