#
# There is insufficient memory for the Java Runtime Environment to continue.
# Native memory allocation (malloc) failed to allocate 32784 bytes for Chunk::new
# Possible reasons:
#   The system is out of physical RAM or swap space
#   In 32 bit mode, the process size limit was hit
# Possible solutions:
#   Reduce memory load on the system
#   Increase physical memory or swap space
#   Check if swap backing store is full
#   Use 64 bit Java on a 64 bit OS
#   Decrease Java heap size (-Xmx/-Xms)
#   Decrease number of Java threads
#   Decrease Java thread stack sizes (-Xss)
#   Set larger code cache with -XX:ReservedCodeCacheSize=
# This output file may be truncated or incomplete.
#
#  Out of Memory Error (allocation.cpp:390), pid=33336, tid=0x00000000000046a4
#
# JRE version: Java(TM) SE Runtime Environment (8.0_92-b14) (build 1.8.0_92-b14)
# Java VM: Java HotSpot(TM) 64-Bit Server VM (25.92-b14 mixed mode windows-amd64 compressed oops)
# Failed to write core dump. Minidumps are not enabled by default on client versions of Windows
#

---------------  T H R E A D  ---------------

Current thread (0x00000000158ab000):  JavaThread "C2 CompilerThread0" daemon [_thread_in_native, id=18084, stack(0x0000000016e00000,0x0000000016f00000)]

Stack: [0x0000000016e00000,0x0000000016f00000]
[error occurred during error reporting (printing stack bounds), id 0xc0000005]

Native frames: (J=compiled Java code, j=interpreted, Vv=VM code, C=native code)


Current CompileTask:
C2:   4132 1196       4       com.android.dx.ssa.SCCP::simulateBranch (666 bytes)


---------------  P R O C E S S  ---------------

Java Threads: ( => current thread )
  0x000000001707a800 JavaThread "pool-2-thread-1" [_thread_blocked, id=23980, stack(0x0000000017800000,0x0000000017900000)]
  0x0000000017078000 JavaThread "pool-1-thread-1" [_thread_in_Java, id=26088, stack(0x0000000017700000,0x0000000017800000)]
  0x0000000016f61000 JavaThread "Service Thread" daemon [_thread_blocked, id=27020, stack(0x0000000017500000,0x0000000017600000)]
  0x0000000016f5a800 JavaThread "C1 CompilerThread2" daemon [_thread_blocked, id=29584, stack(0x0000000017400000,0x0000000017500000)]
  0x0000000016f58000 JavaThread "C2 CompilerThread1" daemon [_thread_blocked, id=23696, stack(0x0000000017300000,0x0000000017400000)]
=>0x00000000158ab000 JavaThread "C2 CompilerThread0" daemon [_thread_in_native, id=18084, stack(0x0000000016e00000,0x0000000016f00000)]
  0x00000000158a9800 JavaThread "Attach Listener" daemon [_thread_blocked, id=22080, stack(0x0000000016d00000,0x0000000016e00000)]
  0x00000000158a8800 JavaThread "Signal Dispatcher" daemon [_thread_blocked, id=25216, stack(0x0000000016c00000,0x0000000016d00000)]
  0x000000001583a800 JavaThread "Finalizer" daemon [_thread_blocked, id=16248, stack(0x0000000016aa0000,0x0000000016ba0000)]
  0x000000000316f800 JavaThread "Reference Handler" daemon [_thread_blocked, id=36356, stack(0x00000000169a0000,0x0000000016aa0000)]
  0x0000000003082800 JavaThread "main" [_thread_blocked, id=22732, stack(0x0000000002bb0000,0x0000000002cb0000)]

Other Threads:
  0x0000000015818000 VMThread [stack: 0x00000000168a0000,0x00000000169a0000] [id=22576]
  0x0000000016fcb800 WatcherThread [stack: 0x0000000017600000,0x0000000017700000] [id=23692]

VM state:not at safepoint (normal execution)

VM Mutex/Monitor currently owned by a thread: None

Heap:
 PSYoungGen      total 36864K, used 11212K [0x00000000eab00000, 0x00000000ed400000, 0x0000000100000000)
  eden space 31744K, 19% used [0x00000000eab00000,0x00000000eb0f3e68,0x00000000eca00000)
  from space 5120K, 99% used [0x00000000eca00000,0x00000000eceff1c0,0x00000000ecf00000)
  to   space 5120K, 0% used [0x00000000ecf00000,0x00000000ecf00000,0x00000000ed400000)
 ParOldGen       total 84992K, used 1136K [0x00000000c0000000, 0x00000000c5300000, 0x00000000eab00000)
  object space 84992K, 1% used [0x00000000c0000000,0x00000000c011c258,0x00000000c5300000)
 Metaspace       used 6098K, capacity 6968K, committed 7040K, reserved 1056768K
  class space    used 609K, capacity 624K, committed 640K, reserved 1048576K

Card table byte_map: [0x0000000012540000,0x0000000012750000] byte_map_base: 0x0000000011f40000

Marking Bits: (ParMarkBitMap*) 0x000000006a7c64f0
 Begin Bits: [0x0000000012cb0000, 0x0000000013cb0000)
 End Bits:   [0x0000000013cb0000, 0x0000000014cb0000)

Polling page: 0x0000000002cb0000

CodeCache: size=245760Kb used=5284Kb max_used=5297Kb free=240476Kb
 bounds [0x0000000003180000, 0x00000000036c0000, 0x0000000012180000]
 total_blobs=1545 nmethods=1274 adapters=184
 compilation: enabled

Compilation events (10 events):
Event: 3.883 Thread 0x0000000016f58000 1232       4       com.android.dx.rop.code.RegisterSpecSet::size (49 bytes)
Event: 3.886 Thread 0x0000000016f58000 nmethod 1232 0x00000000036a8dd0 code [0x00000000036a8f00, 0x00000000036a9038]
Event: 3.886 Thread 0x0000000016f58000 1227       4       com.android.dx.ssa.SsaBasicBlock::getCountPhiInsns (45 bytes)
Event: 3.889 Thread 0x0000000016f58000 nmethod 1227 0x00000000036aa010 code [0x00000000036aa160, 0x00000000036aa398]
Event: 3.889 Thread 0x0000000016f58000 1258       4       java.util.ArrayList::subListRangeCheck (110 bytes)
Event: 3.890 Thread 0x0000000016f58000 nmethod 1258 0x0000000003624090 code [0x00000000036241c0, 0x0000000003624258]
Event: 3.890 Thread 0x0000000016f58000 1259       4       java.util.ArrayList$SubList::<init> (46 bytes)
Event: 3.891 Thread 0x0000000016f58000 nmethod 1259 0x00000000036a9d90 code [0x00000000036a9ec0, 0x00000000036a9f58]
Event: 3.891 Thread 0x0000000016f58000 1257       4       com.android.dx.ssa.SCCP::addBlockToWorklist (47 bytes)
Event: 3.903 Thread 0x0000000016f58000 nmethod 1257 0x00000000036aac90 code [0x00000000036aae20, 0x00000000036ab688]

GC Heap History (2 events):
Event: 3.781 GC heap before
{Heap before GC invocations=1 (full 0):
 PSYoungGen      total 36864K, used 31744K [0x00000000eab00000, 0x00000000ed400000, 0x0000000100000000)
  eden space 31744K, 100% used [0x00000000eab00000,0x00000000eca00000,0x00000000eca00000)
  from space 5120K, 0% used [0x00000000ecf00000,0x00000000ecf00000,0x00000000ed400000)
  to   space 5120K, 0% used [0x00000000eca00000,0x00000000eca00000,0x00000000ecf00000)
 ParOldGen       total 84992K, used 0K [0x00000000c0000000, 0x00000000c5300000, 0x00000000eab00000)
  object space 84992K, 0% used [0x00000000c0000000,0x00000000c0000000,0x00000000c5300000)
 Metaspace       used 6084K, capacity 6968K, committed 7040K, reserved 1056768K
  class space    used 609K, capacity 624K, committed 640K, reserved 1048576K
Event: 3.790 GC heap after
Heap after GC invocations=1 (full 0):
 PSYoungGen      total 36864K, used 5116K [0x00000000eab00000, 0x00000000ed400000, 0x0000000100000000)
  eden space 31744K, 0% used [0x00000000eab00000,0x00000000eab00000,0x00000000eca00000)
  from space 5120K, 99% used [0x00000000eca00000,0x00000000eceff1c0,0x00000000ecf00000)
  to   space 5120K, 0% used [0x00000000ecf00000,0x00000000ecf00000,0x00000000ed400000)
 ParOldGen       total 84992K, used 1136K [0x00000000c0000000, 0x00000000c5300000, 0x00000000eab00000)
  object space 84992K, 1% used [0x00000000c0000000,0x00000000c011c258,0x00000000c5300000)
 Metaspace       used 6084K, capacity 6968K, committed 7040K, reserved 1056768K
  class space    used 609K, capacity 624K, committed 640K, reserved 1048576K
}

Deoptimization events (10 events):
Event: 3.506 Thread 0x000000001707b000 Uncommon trap: reason=unstable_if action=reinterpret pc=0x000000000352dd6c method=com.android.dx.rop.code.RegisterSpecSet.put(Lcom/android/dx/rop/code/RegisterSpec;)V @ 77
Event: 3.514 Thread 0x000000001707b000 Uncommon trap: reason=bimorphic action=maybe_recompile pc=0x000000000340b994 method=java.util.HashMap.getNode(ILjava/lang/Object;)Ljava/util/HashMap$Node; @ 126
Event: 3.514 Thread 0x000000001707b000 Uncommon trap: reason=class_check action=maybe_recompile pc=0x000000000356b244 method=java.util.HashMap.putVal(ILjava/lang/Object;Ljava/lang/Object;ZZ)Ljava/lang/Object; @ 203
Event: 3.554 Thread 0x00000000170b6000 Uncommon trap: reason=unstable_if action=reinterpret pc=0x000000000346d5dc method=com.android.dx.rop.code.RegisterSpec.equals(ILcom/android/dx/rop/type/TypeBearer;Lcom/android/dx/rop/code/LocalItem;)Z @ 42
Event: 3.591 Thread 0x00000000170b6000 Uncommon trap: reason=bimorphic action=maybe_recompile pc=0x0000000003636b10 method=com.android.dx.cf.code.BytecodeArray.parseInstruction(ILcom/android/dx/cf/code/BytecodeArray$Visitor;)I @ 1035
Event: 3.591 Thread 0x00000000170b6000 Uncommon trap: reason=bimorphic action=maybe_recompile pc=0x0000000003636b8c method=com.android.dx.cf.code.BytecodeArray.parseInstruction(ILcom/android/dx/cf/code/BytecodeArray$Visitor;)I @ 1051
Event: 3.591 Thread 0x00000000170b6000 Uncommon trap: reason=bimorphic action=maybe_recompile pc=0x0000000003636b8c method=com.android.dx.cf.code.BytecodeArray.parseInstruction(ILcom/android/dx/cf/code/BytecodeArray$Visitor;)I @ 1051
Event: 3.591 Thread 0x00000000170b6000 Uncommon trap: reason=bimorphic action=maybe_recompile pc=0x0000000003636b10 method=com.android.dx.cf.code.BytecodeArray.parseInstruction(ILcom/android/dx/cf/code/BytecodeArray$Visitor;)I @ 1035
Event: 3.796 Thread 0x0000000017078000 Uncommon trap: reason=bimorphic action=maybe_recompile pc=0x000000000340b994 method=java.util.HashMap.getNode(ILjava/lang/Object;)Ljava/util/HashMap$Node; @ 126
Event: 3.796 Thread 0x0000000017078000 Uncommon trap: reason=class_check action=maybe_recompile pc=0x000000000356b244 method=java.util.HashMap.putVal(ILjava/lang/Object;Ljava/lang/Object;ZZ)Ljava/lang/Object; @ 203

Internal exceptions (3 events):
Event: 0.090 Thread 0x0000000003082800 Exception <a 'java/lang/NoSuchMethodError': Method sun.misc.Unsafe.defineClass(Ljava/lang/String;[BII)Ljava/lang/Class; name or signature does not match> (0x00000000eab07cc0) thrown at [D:\re\workspace\8-2-build-windows-amd64-cygwin\jdk8u92\6642\hotspot\srg.ƒ=ÿ·?
Event: 0.090 Thread 0x0000000003082800 Exception <a 'java/lang/NoSuchMethodError': Method sun.misc.Unsafe.prefetchRead(Ljava/lang/Object;J)V name or signature does not match> (0x00000000eab07fa8) thrown at [D:\re\workspace\8-2-build-windows-amd64-cygwin\jdk8u92\6642\hotspot\src\share\vm\prims\j§'ñ{Ì@
Event: 3.001 Thread 0x00000000170b6000 Implicit null exception at 0x000000000346b462 to 0x000000000346b552

Events (10 events):
Event: 3.790 Executing VM operation: ParallelGCFailedAllocation done
Event: 3.796 Thread 0x0000000017078000 Uncommon trap: trap_request=0xffffffc6 fr.pc=0x000000000340b994
Event: 3.796 Thread 0x0000000017078000 DEOPT PACKING pc=0x000000000340b994 sp=0x00000000177fe4b0
Event: 3.796 Thread 0x0000000017078000 DEOPT UNPACKING pc=0x00000000031c582a sp=0x00000000177fe430 mode 2
Event: 3.796 Thread 0x0000000017078000 Uncommon trap: trap_request=0xffffffde fr.pc=0x000000000356b244
Event: 3.796 Thread 0x0000000017078000 DEOPT PACKING pc=0x000000000356b244 sp=0x00000000177fe480
Event: 3.796 Thread 0x0000000017078000 DEOPT UNPACKING pc=0x00000000031c582a sp=0x00000000177fe408 mode 2
Event: 3.837 Thread 0x000000001707b000 Thread exited: 0x000000001707b000
Event: 3.841 Thread 0x0000000017116800 Thread exited: 0x0000000017116800
Event: 3.848 Thread 0x00000000170b6000 Thread exited: 0x00000000170b6000


Dynamic libraries:
0x00007ff62b290000 - 0x00007ff62b2c7000 	D:\Program Files\Java\jdk1.8.0_92\bin\java.exe
0x00007ffa0c170000 - 0x00007ffa0c331000 	C:\WINDOWS\SYSTEM32\ntdll.dll
0x00007ffa09b80000 - 0x00007ffa09c2d000 	C:\WINDOWS\system32\KERNEL32.DLL
0x00007ffa09050000 - 0x00007ffa09238000 	C:\WINDOWS\system32\KERNELBASE.dll
0x00007ffa097d0000 - 0x00007ffa09877000 	C:\WINDOWS\system32\ADVAPI32.dll
0x00007ffa09960000 - 0x00007ffa099fd000 	C:\WINDOWS\system32\msvcrt.dll
0x00007ffa0c000000 - 0x00007ffa0c05b000 	C:\WINDOWS\system32\sechost.dll
0x00007ffa09a00000 - 0x00007ffa09b1c000 	C:\WINDOWS\system32\RPCRT4.dll
0x00007ffa0a410000 - 0x00007ffa0a566000 	C:\WINDOWS\system32\USER32.dll
0x00007ffa09e20000 - 0x00007ffa09fa6000 	C:\WINDOWS\system32\GDI32.dll
0x00007ffa07530000 - 0x00007ffa077a4000 	C:\WINDOWS\WinSxS\amd64_microsoft.windows.common-controls_6595b64144ccf1df_6.0.10586.494_none_a2d8b04ea53e3145\COMCTL32.dll
0x00007ffa0a080000 - 0x00007ffa0a2fd000 	C:\WINDOWS\system32\combase.dll
0x00007ffa08620000 - 0x00007ffa0868a000 	C:\WINDOWS\system32\bcryptPrimitives.dll
0x00007ffa09790000 - 0x00007ffa097cb000 	C:\WINDOWS\system32\IMM32.DLL
0x00007ffa08450000 - 0x00007ffa08481000 	C:\windows\system32\nvinitx.dll
0x00007ffa08440000 - 0x00007ffa0844a000 	C:\WINDOWS\SYSTEM32\VERSION.dll
0x000000006c2c0000 - 0x000000006c2c6000 	C:\Program Files\NVIDIA Corporation\CoProcManager\_etoured.dll
0x00007ffa05fd0000 - 0x00007ffa06002000 	C:\Program Files\NVIDIA Corporation\CoProcManager\nvd3d9wrapx.dll
0x00007ffa0bbd0000 - 0x00007ffa0bff9000 	C:\WINDOWS\system32\SETUPAPI.dll
0x00007ffa092a0000 - 0x00007ffa092e3000 	C:\WINDOWS\system32\CFGMGR32.dll
0x00007ffa05fa0000 - 0x00007ffa05fc2000 	C:\Program Files\NVIDIA Corporation\CoProcManager\nvdxgiwrapx.dll
0x0000000069c20000 - 0x0000000069cf2000 	D:\Program Files\Java\jdk1.8.0_92\jre\bin\msvcr100.dll
0x0000000069fb0000 - 0x000000006a846000 	D:\Program Files\Java\jdk1.8.0_92\jre\bin\server\jvm.dll
0x0000000002b80000 - 0x0000000002ba3000 	C:\WINDOWS\system32\WINMM.dll
0x00007ffa085a0000 - 0x00007ffa085cc000 	C:\WINDOWS\system32\WINMMBASE.dll
0x00007ffa09fb0000 - 0x00007ffa09fb8000 	C:\WINDOWS\system32\PSAPI.DLL
0x00007ff9fc930000 - 0x00007ff9fc939000 	C:\WINDOWS\SYSTEM32\WSOCK32.dll
0x00007ffa0a600000 - 0x00007ffa0a66b000 	C:\WINDOWS\system32\WS2_32.dll
0x000000006ae80000 - 0x000000006ae8f000 	D:\Program Files\Java\jdk1.8.0_92\jre\bin\verify.dll
0x000000006ae50000 - 0x000000006ae79000 	D:\Program Files\Java\jdk1.8.0_92\jre\bin\java.dll
0x000000006ae30000 - 0x000000006ae46000 	D:\Program Files\Java\jdk1.8.0_92\jre\bin\zip.dll
0x00007ffa0a670000 - 0x00007ffa0bbcc000 	C:\WINDOWS\system32\SHELL32.dll
0x00007ffa086b0000 - 0x00007ffa08cf5000 	C:\WINDOWS\system32\windows.storage.dll
0x00007ffa09880000 - 0x00007ffa098d2000 	C:\WINDOWS\system32\shlwapi.dll
0x00007ffa08560000 - 0x00007ffa0856f000 	C:\WINDOWS\system32\kernel.appcore.dll
0x00007ffa092f0000 - 0x00007ffa093a5000 	C:\WINDOWS\system32\shcore.dll
0x00007ffa085d0000 - 0x00007ffa0861b000 	C:\WINDOWS\system32\powrprof.dll
0x00007ffa08570000 - 0x00007ffa08584000 	C:\WINDOWS\system32\profapi.dll

VM Arguments:
jvm_args: -Djava.awt.headless=true -Xmx1024M -Dfile.encoding=GBK -Duser.country=CN -Duser.language=zh -Duser.variant 
java_command: com.android.dx.command.Main --dex --force-jumbo --num-threads=4 --output D:\AndroidStudioProjects\Study\ToMother\app\build\intermediates\pre-dexed\debug\com.android.support-support-vector-drawable-24.1.1_e6ff2b50a5504de5e1eb1b372e5a09ad12a2a9a4.jar D:\AndroidStudioProjects\Study\ToMother\app\build\intermediates\exploded-aar\com.android.support\support-vector-drawable\24.1.1\jars\classes.jar
java_class_path (initial): D:\AppData\Local\Android\sdk\build-tools\24.0.0\lib\dx.jar
Launcher Type: SUN_STANDARD

Environment Variables:
JAVA_HOME=D:\Program Files\Java\jdk1.8.0_92
CLASSPATH=.;D:\Program Files\Java\jdk1.8.0_92\lib\dt.jar;D:\Program Files\Java\jdk1.8.0_92\lib\tools.jar;
PATH=C:\ProgramData\Oracle\Java\javapath;C:\WINDOWS\system32;C:\WINDOWS;C:\WINDOWS\System32\Wbem;C:\WINDOWS\System32\WindowsPowerShell\v1.0\;C:\Program Files\Intel\WiFi\bin\;C:\Program Files\Common Files\Intel\WirelessCommon\;C:\Program Files\ThinkPad\Bluetooth Software\;C:\Program Files\ThinkPad\Bluetooth Software\syswow64;C:\WINDOWS\system32\config\systemprofile\.dnx\bin;C:\Program Files\Microsoft DNX\Dnvm\;C:\Program Files (x86)\Windows Kits\8.1\Windows Performance Toolkit\;C:\Program Files\Microsoft SQL Server\130\Tools\Binn\;D:\Program Files\TortoiseGit\bin;d:\Program Files\Git\cmd;C:\Program Files\IDM Computer Solutions\UltraCompare;%JAVA_HOME;C:\Program Files\Intel\WiFi\bin\;C:\Program Files\Common Files\Intel\WirelessCommon\
USERNAME=leebisheng
OS=Windows_NT
PROCESSOR_IDENTIFIER=Intel64 Family 6 Model 58 Stepping 9, GenuineIntel



---------------  S Y S T E M  ---------------

OS: Windows 10.0 , 64 bit Build 10586 (10.0.10586.0)

CPU:total 4 (2 cores per cpu, 2 threads per core) family 6 model 58 stepping 9, cmov, cx8, fxsr, mmx, sse, sse2, sse3, ssse3, sse4.1, sse4.2, popcnt, avx, aes, clmul, erms, ht, tsc, tscinvbit, tscinv

Memory: 4k page, physical 8074724k(309344k free), swap 12269028k(2500k free)

vm_info: Java HotSpot(TM) 64-Bit Server VM (25.92-b14) for windows-amd64 JRE (1.8.0_92-b14), built on Mar 31 2016 21:03:04 by "java_re" with MS VC++ 10.0 (VS2010)

time: Wed Aug 17 15:48:05 2016
elapsed time: 4 seconds (0d 0h 0m 4s)

