#
# There is insufficient memory for the Java Runtime Environment to continue.
# Native memory allocation (malloc) failed to allocate 32744 bytes for ChunkPool::allocate
# Possible reasons:
#   The system is out of physical RAM or swap space
#   In 32 bit mode, the process size limit was hit
# Possible solutions:
#   Reduce memory load on the system
#   Increase physical memory or swap space
#   Check if swap backing store is full
#   Use 64 bit Java on a 64 bit OS
#   Decrease Java heap size (-Xmx/-Xms)
#   Decrease number of Java threads
#   Decrease Java thread stack sizes (-Xss)
#   Set larger code cache with -XX:ReservedCodeCacheSize=
# This output file may be truncated or incomplete.
#
#  Out of Memory Error (allocation.cpp:273), pid=29384, tid=0x000000000000732c
#
# JRE version: Java(TM) SE Runtime Environment (8.0_92-b14) (build 1.8.0_92-b14)
# Java VM: Java HotSpot(TM) 64-Bit Server VM (25.92-b14 mixed mode windows-amd64 compressed oops)
# Failed to write core dump. Minidumps are not enabled by default on client versions of Windows
#

---------------  T H R E A D  ---------------

Current thread (0x0000000016be2800):  JavaThread "C2 CompilerThread0" daemon [_thread_in_native, id=29484, stack(0x00000000171a0000,0x00000000172a0000)]

Stack: [0x00000000171a0000,0x00000000172a0000]
[error occurred during error reporting (printing stack bounds), id 0xc0000005]

Native frames: (J=compiled Java code, j=interpreted, Vv=VM code, C=native code)


Current CompileTask:
C2:  14289 1308   !   4       com.android.dx.cf.code.Ropper::processBlock (1101 bytes)


---------------  P R O C E S S  ---------------

Java Threads: ( => current thread )
  0x0000000016df9800 JavaThread "pool-1-thread-4" [_thread_in_Java, id=28644, stack(0x0000000017aa0000,0x0000000017ba0000)]
  0x0000000016cdc800 JavaThread "pool-2-thread-1" [_thread_blocked, id=29148, stack(0x00000000177a0000,0x00000000178a0000)]
  0x00000000158ad000 JavaThread "Service Thread" daemon [_thread_blocked, id=28836, stack(0x00000000174a0000,0x00000000175a0000)]
  0x00000000158aa800 JavaThread "C1 CompilerThread2" daemon [_thread_blocked, id=26484, stack(0x00000000173a0000,0x00000000174a0000)]
  0x00000000158a7800 JavaThread "C2 CompilerThread1" daemon [_thread_in_native, id=28736, stack(0x00000000172a0000,0x00000000173a0000)]
=>0x0000000016be2800 JavaThread "C2 CompilerThread0" daemon [_thread_in_native, id=29484, stack(0x00000000171a0000,0x00000000172a0000)]
  0x0000000015863000 JavaThread "Attach Listener" daemon [_thread_blocked, id=28780, stack(0x00000000170a0000,0x00000000171a0000)]
  0x000000001586c800 JavaThread "Signal Dispatcher" daemon [_thread_blocked, id=28444, stack(0x0000000016fa0000,0x00000000170a0000)]
  0x000000001583a800 JavaThread "Finalizer" daemon [_thread_blocked, id=29256, stack(0x0000000016aa0000,0x0000000016ba0000)]
  0x000000000316f000 JavaThread "Reference Handler" daemon [_thread_blocked, id=28476, stack(0x00000000169a0000,0x0000000016aa0000)]
  0x0000000003080800 JavaThread "main" [_thread_blocked, id=29060, stack(0x0000000001290000,0x0000000001390000)]

Other Threads:
  0x0000000015818000 VMThread [stack: 0x00000000168a0000,0x00000000169a0000] [id=29116]
  0x00000000158ae800 WatcherThread [stack: 0x00000000175a0000,0x00000000176a0000] [id=28528]

VM state:not at safepoint (normal execution)

VM Mutex/Monitor currently owned by a thread: None

Heap:
 PSYoungGen      total 36864K, used 18036K [0x00000000eab00000, 0x00000000ef300000, 0x0000000100000000)
  eden space 31744K, 40% used [0x00000000eab00000,0x00000000eb79ebd0,0x00000000eca00000)
  from space 5120K, 99% used [0x00000000eca00000,0x00000000ecefe5a0,0x00000000ecf00000)
  to   space 5120K, 0% used [0x00000000eee00000,0x00000000eee00000,0x00000000ef300000)
 ParOldGen       total 84992K, used 1806K [0x00000000c0000000, 0x00000000c5300000, 0x00000000eab00000)
  object space 84992K, 2% used [0x00000000c0000000,0x00000000c01c3b60,0x00000000c5300000)
 Metaspace       used 5876K, capacity 6896K, committed 7040K, reserved 1056768K
  class space    used 585K, capacity 616K, committed 640K, reserved 1048576K

Card table byte_map: [0x0000000012540000,0x0000000012750000] byte_map_base: 0x0000000011f40000

Marking Bits: (ParMarkBitMap*) 0x000000006a4964f0
 Begin Bits: [0x0000000012cb0000, 0x0000000013cb0000)
 End Bits:   [0x0000000013cb0000, 0x0000000014cb0000)

Polling page: 0x0000000001050000

CodeCache: size=245760Kb used=5460Kb max_used=5469Kb free=240300Kb
 bounds [0x0000000003180000, 0x00000000036e0000, 0x0000000012180000]
 total_blobs=1560 nmethods=1296 adapters=177
 compilation: enabled

Compilation events (10 events):
Event: 13.953 Thread 0x0000000016be2800 1303       4       com.android.dx.rop.type.Type::getFrameType (5 bytes)
Event: 13.954 Thread 0x0000000016be2800 nmethod 1303 0x00000000036ab0d0 code [0x00000000036ab200, 0x00000000036ab298]
Event: 13.958 Thread 0x00000000158a7800 1304       4       com.android.dx.rop.code.Rops::ropFor (771 bytes)
Event: 14.000 Thread 0x0000000016be2800 1305       4       com.android.dx.cf.code.RopperMachine::jopToRopOpcode (1103 bytes)
Event: 14.014 Thread 0x0000000016be2800 nmethod 1305 0x00000000036cc950 code [0x00000000036cd2e0, 0x00000000036cd9e8]
Event: 14.015 Thread 0x0000000016be2800 1306       4       com.android.dx.rop.code.RegisterSpec::getType (10 bytes)
Event: 14.015 Thread 0x0000000016be2800 nmethod 1306 0x00000000036a3b90 code [0x00000000036a3cc0, 0x00000000036a3d38]
Event: 14.016 Thread 0x0000000016be2800 1308   !   4       com.android.dx.cf.code.Ropper::processBlock (1101 bytes)
Event: 14.048 Thread 0x00000000158aa800 1309       3       com.android.dx.util.Hex::u2 (44 bytes)
Event: 14.049 Thread 0x00000000158aa800 nmethod 1309 0x00000000036c6250 code [0x00000000036c6400, 0x00000000036c6a78]

GC Heap History (2 events):
Event: 13.084 GC heap before
{Heap before GC invocations=1 (full 0):
 PSYoungGen      total 36864K, used 31744K [0x00000000eab00000, 0x00000000ed400000, 0x0000000100000000)
  eden space 31744K, 100% used [0x00000000eab00000,0x00000000eca00000,0x00000000eca00000)
  from space 5120K, 0% used [0x00000000ecf00000,0x00000000ecf00000,0x00000000ed400000)
  to   space 5120K, 0% used [0x00000000eca00000,0x00000000eca00000,0x00000000ecf00000)
 ParOldGen       total 84992K, used 0K [0x00000000c0000000, 0x00000000c5300000, 0x00000000eab00000)
  object space 84992K, 0% used [0x00000000c0000000,0x00000000c0000000,0x00000000c5300000)
 Metaspace       used 5813K, capacity 6896K, committed 7040K, reserved 1056768K
  class space    used 584K, capacity 616K, committed 640K, reserved 1048576K
Event: 13.435 GC heap after
Heap after GC invocations=1 (full 0):
 PSYoungGen      total 36864K, used 5113K [0x00000000eab00000, 0x00000000ef300000, 0x0000000100000000)
  eden space 31744K, 0% used [0x00000000eab00000,0x00000000eab00000,0x00000000eca00000)
  from space 5120K, 99% used [0x00000000eca00000,0x00000000ecefe5a0,0x00000000ecf00000)
  to   space 5120K, 0% used [0x00000000eee00000,0x00000000eee00000,0x00000000ef300000)
 ParOldGen       total 84992K, used 1806K [0x00000000c0000000, 0x00000000c5300000, 0x00000000eab00000)
  object space 84992K, 2% used [0x00000000c0000000,0x00000000c01c3b60,0x00000000c5300000)
 Metaspace       used 5813K, capacity 6896K, committed 7040K, reserved 1056768K
  class space    used 584K, capacity 616K, committed 640K, reserved 1048576K
}

Deoptimization events (10 events):
Event: 12.711 Thread 0x0000000016df9800 Uncommon trap: reason=unstable_if action=reinterpret pc=0x000000000351e364 method=com.android.dx.rop.code.RegisterSpec.equals(ILcom/android/dx/rop/type/TypeBearer;Lcom/android/dx/rop/code/LocalItem;)Z @ 24
Event: 12.712 Thread 0x0000000016df9800 Uncommon trap: reason=unstable_if action=reinterpret pc=0x000000000350a68c method=com.android.dx.rop.code.RegisterSpec.equals(ILcom/android/dx/rop/type/TypeBearer;Lcom/android/dx/rop/code/LocalItem;)Z @ 24
Event: 12.716 Thread 0x0000000016df2800 Uncommon trap: reason=unloaded action=reinterpret pc=0x000000000345bd60 method=com.android.dx.ssa.SsaRenamer$BlockRenamer.visitMoveInsn(Lcom/android/dx/ssa/NormalSsaInsn;)V @ 208
Event: 12.716 Thread 0x0000000016df2800 Uncommon trap: reason=unstable_if action=reinterpret pc=0x000000000355c4fc method=com.android.dx.ssa.SsaRenamer$BlockRenamer.addMapping(ILcom/android/dx/rop/code/RegisterSpec;)V @ 120
Event: 12.718 Thread 0x0000000016df2800 Uncommon trap: reason=unstable_if action=reinterpret pc=0x00000000035639d0 method=com.android.dx.ssa.NormalSsaInsn.getLocalAssignment()Lcom/android/dx/rop/code/RegisterSpec; @ 12
Event: 12.718 Thread 0x0000000016df2800 Uncommon trap: reason=unstable_if action=reinterpret pc=0x00000000034f06a8 method=com.android.dx.ssa.NormalSsaInsn.getLocalAssignment()Lcom/android/dx/rop/code/RegisterSpec; @ 12
Event: 12.719 Thread 0x0000000016df2800 Uncommon trap: reason=unstable_if action=reinterpret pc=0x000000000353a330 method=com.android.dx.ssa.NormalSsaInsn.getLocalAssignment()Lcom/android/dx/rop/code/RegisterSpec; @ 12
Event: 12.730 Thread 0x0000000016df2800 Uncommon trap: reason=unstable_if action=reinterpret pc=0x00000000035de22c method=java.util.HashMap.putVal(ILjava/lang/Object;Ljava/lang/Object;ZZ)Ljava/lang/Object; @ 193
Event: 12.813 Thread 0x0000000016cda000 Uncommon trap: reason=null_check action=make_not_entrant pc=0x0000000003608578 method=com.android.dx.ssa.SsaRenamer.getLocalForNewReg(I)Lcom/android/dx/rop/code/LocalItem; @ 19
Event: 13.437 Thread 0x0000000016cda000 Uncommon trap: reason=uninitialized action=reinterpret pc=0x00000000035d2dd0 method=com.android.dx.cf.code.BytecodeArray.parseInstruction(ILcom/android/dx/cf/code/BytecodeArray$Visitor;)I @ 1031

Internal exceptions (3 events):
Event: 2.256 Thread 0x0000000003080800 Exception <a 'java/lang/NoSuchMethodError': Method sun.misc.Unsafe.defineClass(Ljava/lang/String;[BII)Ljava/lang/Class; name or signature does not match> (0x00000000eab07cc0) thrown at [D:\re\workspace\8-2-build-windows-amd64-cygwin\jdk8u92\6642\hotspot\srKm&#@
Event: 2.256 Thread 0x0000000003080800 Exception <a 'java/lang/NoSuchMethodError': Method sun.misc.Unsafe.prefetchRead(Ljava/lang/Object;J)V name or signature does not match> (0x00000000eab07fa8) thrown at [D:\re\workspace\8-2-build-windows-amd64-cygwin\jdk8u92\6642\hotspot\src\share\vm\prims\jÈwùì0†)@
Event: 12.813 Thread 0x0000000016cda000 Implicit null exception at 0x0000000003607070 to 0x0000000003608555

Events (10 events):
Event: 13.437 Thread 0x0000000016cda000 Uncommon trap: trap_request=0xffffffb5 fr.pc=0x00000000035d2dd0
Event: 13.437 Thread 0x0000000016cda000 DEOPT PACKING pc=0x00000000035d2dd0 sp=0x000000001779ec50
Event: 13.437 Thread 0x0000000016cda000 DEOPT UNPACKING pc=0x00000000031c582a sp=0x000000001779ebd8 mode 2
Event: 13.596 loading class java/util/HashMap$KeySet
Event: 13.596 loading class java/util/HashMap$KeySet done
Event: 13.596 loading class java/util/HashMap$KeyIterator
Event: 13.596 loading class java/util/HashMap$KeyIterator done
Event: 13.630 Thread 0x0000000016df2800 Thread exited: 0x0000000016df2800
Event: 13.641 Thread 0x0000000016df8800 Thread exited: 0x0000000016df8800
Event: 13.952 Thread 0x0000000016cda000 Thread exited: 0x0000000016cda000


Dynamic libraries:
0x00007ff63fca0000 - 0x00007ff63fcd7000 	D:\Program Files\Java\jdk1.8.0_92\bin\java.exe
0x00007ffa0c170000 - 0x00007ffa0c331000 	C:\WINDOWS\SYSTEM32\ntdll.dll
0x00007ffa09b80000 - 0x00007ffa09c2d000 	C:\WINDOWS\system32\KERNEL32.DLL
0x00007ffa09050000 - 0x00007ffa09238000 	C:\WINDOWS\system32\KERNELBASE.dll
0x00007ffa097d0000 - 0x00007ffa09877000 	C:\WINDOWS\system32\ADVAPI32.dll
0x00007ffa09960000 - 0x00007ffa099fd000 	C:\WINDOWS\system32\msvcrt.dll
0x00007ffa0c000000 - 0x00007ffa0c05b000 	C:\WINDOWS\system32\sechost.dll
0x00007ffa09a00000 - 0x00007ffa09b1c000 	C:\WINDOWS\system32\RPCRT4.dll
0x00007ffa0a410000 - 0x00007ffa0a566000 	C:\WINDOWS\system32\USER32.dll
0x00007ffa09e20000 - 0x00007ffa09fa6000 	C:\WINDOWS\system32\GDI32.dll
0x00007ffa07530000 - 0x00007ffa077a4000 	C:\WINDOWS\WinSxS\amd64_microsoft.windows.common-controls_6595b64144ccf1df_6.0.10586.494_none_a2d8b04ea53e3145\COMCTL32.dll
0x00007ffa0a080000 - 0x00007ffa0a2fd000 	C:\WINDOWS\system32\combase.dll
0x00007ffa08620000 - 0x00007ffa0868a000 	C:\WINDOWS\system32\bcryptPrimitives.dll
0x00007ffa09790000 - 0x00007ffa097cb000 	C:\WINDOWS\system32\IMM32.DLL
0x00007ffa08450000 - 0x00007ffa08481000 	C:\windows\system32\nvinitx.dll
0x00007ffa08440000 - 0x00007ffa0844a000 	C:\WINDOWS\SYSTEM32\VERSION.dll
0x000000006c2c0000 - 0x000000006c2c6000 	C:\Program Files\NVIDIA Corporation\CoProcManager\_etoured.dll
0x00007ffa05fd0000 - 0x00007ffa06002000 	C:\Program Files\NVIDIA Corporation\CoProcManager\nvd3d9wrapx.dll
0x00007ffa0bbd0000 - 0x00007ffa0bff9000 	C:\WINDOWS\system32\SETUPAPI.dll
0x00007ffa092a0000 - 0x00007ffa092e3000 	C:\WINDOWS\system32\CFGMGR32.dll
0x00007ffa05fa0000 - 0x00007ffa05fc2000 	C:\Program Files\NVIDIA Corporation\CoProcManager\nvdxgiwrapx.dll
0x000000006a770000 - 0x000000006a842000 	D:\Program Files\Java\jdk1.8.0_92\jre\bin\msvcr100.dll
0x0000000069c80000 - 0x000000006a516000 	D:\Program Files\Java\jdk1.8.0_92\jre\bin\server\jvm.dll
0x0000000001020000 - 0x0000000001043000 	C:\WINDOWS\system32\WINMM.dll
0x00007ffa085a0000 - 0x00007ffa085cc000 	C:\WINDOWS\system32\WINMMBASE.dll
0x00007ffa09fb0000 - 0x00007ffa09fb8000 	C:\WINDOWS\system32\PSAPI.DLL
0x00007ff9fc930000 - 0x00007ff9fc939000 	C:\WINDOWS\SYSTEM32\WSOCK32.dll
0x00007ffa0a600000 - 0x00007ffa0a66b000 	C:\WINDOWS\system32\WS2_32.dll
0x000000006ae80000 - 0x000000006ae8f000 	D:\Program Files\Java\jdk1.8.0_92\jre\bin\verify.dll
0x000000006ae50000 - 0x000000006ae79000 	D:\Program Files\Java\jdk1.8.0_92\jre\bin\java.dll
0x000000006ae30000 - 0x000000006ae46000 	D:\Program Files\Java\jdk1.8.0_92\jre\bin\zip.dll
0x00007ffa0a670000 - 0x00007ffa0bbcc000 	C:\WINDOWS\system32\SHELL32.dll
0x00007ffa086b0000 - 0x00007ffa08cf5000 	C:\WINDOWS\system32\windows.storage.dll
0x00007ffa09880000 - 0x00007ffa098d2000 	C:\WINDOWS\system32\shlwapi.dll
0x00007ffa08560000 - 0x00007ffa0856f000 	C:\WINDOWS\system32\kernel.appcore.dll
0x00007ffa092f0000 - 0x00007ffa093a5000 	C:\WINDOWS\system32\shcore.dll
0x00007ffa085d0000 - 0x00007ffa0861b000 	C:\WINDOWS\system32\powrprof.dll
0x00007ffa08570000 - 0x00007ffa08584000 	C:\WINDOWS\system32\profapi.dll

VM Arguments:
jvm_args: -Djava.awt.headless=true -Xmx1024M -Dfile.encoding=GBK -Duser.country=CN -Duser.language=zh -Duser.variant 
java_command: com.android.dx.command.Main --dex --force-jumbo --num-threads=4 --output D:\AndroidStudioProjects\Study\ToMother\app\build\intermediates\pre-dexed\debug\main_59a47daf465aaef4f24164b548387e522078b4b9.jar D:\AndroidStudioProjects\Study\ToMother\app\build\intermediates\transforms\instantRun\debug\folders\1\5\main
java_class_path (initial): D:\AppData\Local\Android\sdk\build-tools\24.0.0\lib\dx.jar
Launcher Type: SUN_STANDARD

Environment Variables:
JAVA_HOME=D:\Program Files\Java\jdk1.8.0_92
CLASSPATH=.;D:\Program Files\Java\jdk1.8.0_92\lib\dt.jar;D:\Program Files\Java\jdk1.8.0_92\lib\tools.jar;
PATH=C:\ProgramData\Oracle\Java\javapath;C:\WINDOWS\system32;C:\WINDOWS;C:\WINDOWS\System32\Wbem;C:\WINDOWS\System32\WindowsPowerShell\v1.0\;C:\Program Files\Intel\WiFi\bin\;C:\Program Files\Common Files\Intel\WirelessCommon\;C:\Program Files\ThinkPad\Bluetooth Software\;C:\Program Files\ThinkPad\Bluetooth Software\syswow64;C:\WINDOWS\system32\config\systemprofile\.dnx\bin;C:\Program Files\Microsoft DNX\Dnvm\;C:\Program Files (x86)\Windows Kits\8.1\Windows Performance Toolkit\;C:\Program Files\Microsoft SQL Server\130\Tools\Binn\;D:\Program Files\TortoiseGit\bin;d:\Program Files\Git\cmd;C:\Program Files\IDM Computer Solutions\UltraCompare;%JAVA_HOME;C:\Program Files\Intel\WiFi\bin\;C:\Program Files\Common Files\Intel\WirelessCommon\
USERNAME=leebisheng
OS=Windows_NT
PROCESSOR_IDENTIFIER=Intel64 Family 6 Model 58 Stepping 9, GenuineIntel



---------------  S Y S T E M  ---------------

OS: Windows 10.0 , 64 bit Build 10586 (10.0.10586.0)

CPU:total 4 (2 cores per cpu, 2 threads per core) family 6 model 58 stepping 9, cmov, cx8, fxsr, mmx, sse, sse2, sse3, ssse3, sse4.1, sse4.2, popcnt, avx, aes, clmul, erms, ht, tsc, tscinvbit, tscinv

Memory: 4k page, physical 8074724k(36268k free), swap 12269028k(4124k free)

vm_info: Java HotSpot(TM) 64-Bit Server VM (25.92-b14) for windows-amd64 JRE (1.8.0_92-b14), built on Mar 31 2016 21:03:04 by "java_re" with MS VC++ 10.0 (VS2010)

time: Mon Aug 15 22:10:01 2016
elapsed time: 14 seconds (0d 0h 0m 14s)

