#
# There is insufficient memory for the Java Runtime Environment to continue.
# Native memory allocation (malloc) failed to allocate 697056 bytes for Chunk::new
# Possible reasons:
#   The system is out of physical RAM or swap space
#   In 32 bit mode, the process size limit was hit
# Possible solutions:
#   Reduce memory load on the system
#   Increase physical memory or swap space
#   Check if swap backing store is full
#   Use 64 bit Java on a 64 bit OS
#   Decrease Java heap size (-Xmx/-Xms)
#   Decrease number of Java threads
#   Decrease Java thread stack sizes (-Xss)
#   Set larger code cache with -XX:ReservedCodeCacheSize=
# This output file may be truncated or incomplete.
#
#  Out of Memory Error (allocation.cpp:390), pid=31056, tid=0x00000000000077f4
#
# JRE version: Java(TM) SE Runtime Environment (8.0_92-b14) (build 1.8.0_92-b14)
# Java VM: Java HotSpot(TM) 64-Bit Server VM (25.92-b14 mixed mode windows-amd64 compressed oops)
# Failed to write core dump. Minidumps are not enabled by default on client versions of Windows
#

---------------  T H R E A D  ---------------

Current thread (0x0000000014dda000):  JavaThread "C2 CompilerThread0" daemon [_thread_in_native, id=30708, stack(0x0000000016340000,0x0000000016440000)]

Stack: [0x0000000016340000,0x0000000016440000]
[error occurred during error reporting (printing stack bounds), id 0xc0000005]

Native frames: (J=compiled Java code, j=interpreted, Vv=VM code, C=native code)


Current CompileTask:
C2:   3524 1369       4       com.android.dx.rop.code.Rops::ropFor (771 bytes)


---------------  P R O C E S S  ---------------

Java Threads: ( => current thread )
  0x000000001657b000 JavaThread "pool-1-thread-2" [_thread_in_Java, id=24540, stack(0x0000000016e40000,0x0000000016f40000)]
  0x000000001658b000 JavaThread "pool-2-thread-1" [_thread_blocked, id=7792, stack(0x0000000016d40000,0x0000000016e40000)]
  0x00000000164ab800 JavaThread "Service Thread" daemon [_thread_blocked, id=35976, stack(0x0000000016a40000,0x0000000016b40000)]
  0x000000001649b800 JavaThread "C1 CompilerThread2" daemon [_thread_in_native, id=24900, stack(0x0000000016940000,0x0000000016a40000)]
  0x0000000016493800 JavaThread "C2 CompilerThread1" daemon [_thread_in_native, id=13284, stack(0x0000000016840000,0x0000000016940000)]
=>0x0000000014dda000 JavaThread "C2 CompilerThread0" daemon [_thread_in_native, id=30708, stack(0x0000000016340000,0x0000000016440000)]
  0x0000000014d8c800 JavaThread "Attach Listener" daemon [_thread_blocked, id=29632, stack(0x0000000016240000,0x0000000016340000)]
  0x0000000014d8b000 JavaThread "Signal Dispatcher" daemon [_thread_blocked, id=30216, stack(0x0000000016140000,0x0000000016240000)]
  0x0000000014d6a800 JavaThread "Finalizer" daemon [_thread_blocked, id=26940, stack(0x0000000015fe0000,0x00000000160e0000)]
  0x000000000267f000 JavaThread "Reference Handler" daemon [_thread_blocked, id=37356, stack(0x0000000015ee0000,0x0000000015fe0000)]
  0x0000000002590800 JavaThread "main" [_thread_blocked, id=33896, stack(0x0000000002490000,0x0000000002590000)]

Other Threads:
  0x0000000014d48000 VMThread [stack: 0x0000000015de0000,0x0000000015ee0000] [id=27580]
  0x00000000164e6000 WatcherThread [stack: 0x0000000016b40000,0x0000000016c40000] [id=26536]

VM state:not at safepoint (normal execution)

VM Mutex/Monitor currently owned by a thread:  ([mutex/lock_event])
[0x00000000020cddf0] CompiledIC_lock - owner thread: 0x000000001649b800

Heap:
 PSYoungGen      total 36864K, used 19782K [0x00000000eab00000, 0x00000000ed400000, 0x0000000100000000)
  eden space 31744K, 46% used [0x00000000eab00000,0x00000000eb956988,0x00000000eca00000)
  from space 5120K, 99% used [0x00000000eca00000,0x00000000ecefafe8,0x00000000ecf00000)
  to   space 5120K, 0% used [0x00000000ecf00000,0x00000000ecf00000,0x00000000ed400000)
 ParOldGen       total 84992K, used 1757K [0x00000000c0000000, 0x00000000c5300000, 0x00000000eab00000)
  object space 84992K, 2% used [0x00000000c0000000,0x00000000c01b7678,0x00000000c5300000)
 Metaspace       used 5883K, capacity 6896K, committed 7040K, reserved 1056768K
  class space    used 585K, capacity 616K, committed 640K, reserved 1048576K

Card table byte_map: [0x0000000011a50000,0x0000000011c60000] byte_map_base: 0x0000000011450000

Marking Bits: (ParMarkBitMap*) 0x000000006a7c64f0
 Begin Bits: [0x00000000121c0000, 0x00000000131c0000)
 End Bits:   [0x00000000131c0000, 0x00000000141c0000)

Polling page: 0x0000000000b00000

CodeCache: size=245760Kb used=5785Kb max_used=5785Kb free=239974Kb
 bounds [0x0000000002690000, 0x0000000002c40000, 0x0000000011690000]
 total_blobs=1639 nmethods=1374 adapters=177
 compilation: disabled (not enough contiguous free space left)

Compilation events (10 events):
Event: 3.491 Thread 0x000000001649b800 1376       3       com.android.dx.ssa.ConstCollector::getConstsSortedByCountUse (386 bytes)
Event: 3.496 Thread 0x000000001649b800 nmethod 1376 0x0000000002c33790 code [0x0000000002c33d80, 0x0000000002c382c8]
Event: 3.496 Thread 0x000000001649b800 1377       3       com.android.dx.ssa.SsaInsn::makeFromRop (10 bytes)
Event: 3.496 Thread 0x000000001649b800 nmethod 1377 0x0000000002c1f9d0 code [0x0000000002c1fb60, 0x0000000002c1ffe8]
Event: 3.497 Thread 0x000000001649b800 1378       3       com.android.dx.rop.code.SwitchInsn::withNewRegisters (22 bytes)
Event: 3.498 Thread 0x000000001649b800 nmethod 1378 0x0000000002c1e7d0 code [0x0000000002c1e940, 0x0000000002c1ec68]
Event: 3.498 Thread 0x000000001649b800 1379       3       com.android.dx.rop.code.SwitchInsn::accept (8 bytes)
Event: 3.498 Thread 0x000000001649b800 nmethod 1379 0x0000000002c0e1d0 code [0x0000000002c0e340, 0x0000000002c0e568]
Event: 3.499 Thread 0x000000001649b800 1380       3       com.android.dx.ssa.SsaConverter::edgeSplitMoveExceptionsAndResults (157 bytes)
Event: 3.501 Thread 0x000000001649b800 nmethod 1380 0x0000000002c3acd0 code [0x0000000002c3b080, 0x0000000002c3cee8]

GC Heap History (2 events):
Event: 2.595 GC heap before
{Heap before GC invocations=1 (full 0):
 PSYoungGen      total 36864K, used 31744K [0x00000000eab00000, 0x00000000ed400000, 0x0000000100000000)
  eden space 31744K, 100% used [0x00000000eab00000,0x00000000eca00000,0x00000000eca00000)
  from space 5120K, 0% used [0x00000000ecf00000,0x00000000ecf00000,0x00000000ed400000)
  to   space 5120K, 0% used [0x00000000eca00000,0x00000000eca00000,0x00000000ecf00000)
 ParOldGen       total 84992K, used 0K [0x00000000c0000000, 0x00000000c5300000, 0x00000000eab00000)
  object space 84992K, 0% used [0x00000000c0000000,0x00000000c0000000,0x00000000c5300000)
 Metaspace       used 5800K, capacity 6896K, committed 7040K, reserved 1056768K
  class space    used 584K, capacity 616K, committed 640K, reserved 1048576K
Event: 2.705 GC heap after
Heap after GC invocations=1 (full 0):
 PSYoungGen      total 36864K, used 5099K [0x00000000eab00000, 0x00000000ed400000, 0x0000000100000000)
  eden space 31744K, 0% used [0x00000000eab00000,0x00000000eab00000,0x00000000eca00000)
  from space 5120K, 99% used [0x00000000eca00000,0x00000000ecefafe8,0x00000000ecf00000)
  to   space 5120K, 0% used [0x00000000ecf00000,0x00000000ecf00000,0x00000000ed400000)
 ParOldGen       total 84992K, used 1757K [0x00000000c0000000, 0x00000000c5300000, 0x00000000eab00000)
  object space 84992K, 2% used [0x00000000c0000000,0x00000000c01b7678,0x00000000c5300000)
 Metaspace       used 5800K, capacity 6896K, committed 7040K, reserved 1056768K
  class space    used 584K, capacity 616K, committed 640K, reserved 1048576K
}

Deoptimization events (10 events):
Event: 2.355 Thread 0x000000001657b000 Uncommon trap: reason=unstable_if action=reinterpret pc=0x0000000002b40090 method=com.android.dx.rop.code.RegisterSpec.equals(ILcom/android/dx/rop/type/TypeBearer;Lcom/android/dx/rop/code/LocalItem;)Z @ 16
Event: 2.355 Thread 0x000000001657b000 Uncommon trap: reason=unstable_if action=reinterpret pc=0x0000000002b130a4 method=com.android.dx.rop.code.RegisterSpec.equals(ILcom/android/dx/rop/type/TypeBearer;Lcom/android/dx/rop/code/LocalItem;)Z @ 16
Event: 2.357 Thread 0x000000001657b000 Uncommon trap: reason=unstable_if action=reinterpret pc=0x0000000002b139c0 method=com.android.dx.rop.code.RegisterSpec.equals(ILcom/android/dx/rop/type/TypeBearer;Lcom/android/dx/rop/code/LocalItem;)Z @ 16
Event: 2.851 Thread 0x000000001657b000 Uncommon trap: reason=class_check action=maybe_recompile pc=0x0000000002b1028c method=com.android.dx.ssa.NormalSsaInsn.accept(Lcom/android/dx/ssa/SsaInsn$Visitor;)V @ 9
Event: 2.859 Thread 0x000000001657b000 Uncommon trap: reason=class_check action=maybe_recompile pc=0x0000000002b1028c method=com.android.dx.ssa.NormalSsaInsn.accept(Lcom/android/dx/ssa/SsaInsn$Visitor;)V @ 9
Event: 2.859 Thread 0x000000001657b000 Uncommon trap: reason=class_check action=maybe_recompile pc=0x0000000002b1028c method=com.android.dx.ssa.NormalSsaInsn.accept(Lcom/android/dx/ssa/SsaInsn$Visitor;)V @ 9
Event: 2.925 Thread 0x000000001657b000 Uncommon trap: reason=unstable_if action=reinterpret pc=0x0000000002b00f08 method=com.android.dx.rop.code.RegisterSpec.equals(ILcom/android/dx/rop/type/TypeBearer;Lcom/android/dx/rop/code/LocalItem;)Z @ 16
Event: 2.941 Thread 0x000000001657b000 Uncommon trap: reason=unstable_if action=reinterpret pc=0x0000000002b04f6c method=com.android.dx.rop.code.RegisterSpec.equals(ILcom/android/dx/rop/type/TypeBearer;Lcom/android/dx/rop/code/LocalItem;)Z @ 16
Event: 2.953 Thread 0x000000001657b000 Uncommon trap: reason=class_check action=maybe_recompile pc=0x0000000002b1028c method=com.android.dx.ssa.NormalSsaInsn.accept(Lcom/android/dx/ssa/SsaInsn$Visitor;)V @ 9
Event: 2.992 Thread 0x00000000166be800 Uncommon trap: reason=uninitialized action=reinterpret pc=0x0000000002b1f020 method=com.android.dx.cf.code.BytecodeArray.parseInstruction(ILcom/android/dx/cf/code/BytecodeArray$Visitor;)I @ 1031

Internal exceptions (2 events):
Event: 0.049 Thread 0x0000000002590800 Exception <a 'java/lang/NoSuchMethodError': Method sun.misc.Unsafe.defineClass(Ljava/lang/String;[BII)Ljava/lang/Class; name or signature does not match> (0x00000000eab07cc0) thrown at [D:\re\workspace\8-2-build-windows-amd64-cygwin\jdk8u92\6642\hotspot\sr—ð
c©?
Event: 0.049 Thread 0x0000000002590800 Exception <a 'java/lang/NoSuchMethodError': Method sun.misc.Unsafe.prefetchRead(Ljava/lang/Object;J)V name or signature does not match> (0x00000000eab07fa8) thrown at [D:\re\workspace\8-2-build-windows-amd64-cygwin\jdk8u92\6642\hotspot\src\share\vm\prims\j

Events (10 events):
Event: 2.992 Thread 0x00000000166be800 Uncommon trap: trap_request=0xffffffb5 fr.pc=0x0000000002b1f020
Event: 2.992 Thread 0x00000000166be800 DEOPT PACKING pc=0x0000000002b1f020 sp=0x000000001713ec10
Event: 2.992 Thread 0x00000000166be800 DEOPT UNPACKING pc=0x00000000026d582a sp=0x000000001713eb98 mode 2
Event: 2.995 Thread 0x00000000166bd800 DEOPT PACKING pc=0x0000000002ad6d6d sp=0x000000001703e9a0
Event: 2.995 Thread 0x00000000166bd800 DEOPT UNPACKING pc=0x00000000026d787f sp=0x000000001703e738 mode 0
Event: 3.040 Thread 0x00000000166be800 DEOPT PACKING pc=0x00000000029ef8e1 sp=0x000000001713e960
Event: 3.040 Thread 0x00000000166be800 DEOPT UNPACKING pc=0x00000000026d787f sp=0x000000001713e6d0 mode 0
Event: 3.186 Thread 0x000000001658a800 Thread exited: 0x000000001658a800
Event: 3.488 Thread 0x00000000166bd800 Thread exited: 0x00000000166bd800
Event: 3.507 Thread 0x00000000166be800 Thread exited: 0x00000000166be800


Dynamic libraries:
0x00007ff62b290000 - 0x00007ff62b2c7000 	D:\Program Files\Java\jdk1.8.0_92\bin\java.exe
0x00007ffa0c170000 - 0x00007ffa0c331000 	C:\WINDOWS\SYSTEM32\ntdll.dll
0x00007ffa09b80000 - 0x00007ffa09c2d000 	C:\WINDOWS\system32\KERNEL32.DLL
0x00007ffa09050000 - 0x00007ffa09238000 	C:\WINDOWS\system32\KERNELBASE.dll
0x00007ffa097d0000 - 0x00007ffa09877000 	C:\WINDOWS\system32\ADVAPI32.dll
0x00007ffa09960000 - 0x00007ffa099fd000 	C:\WINDOWS\system32\msvcrt.dll
0x00007ffa0c000000 - 0x00007ffa0c05b000 	C:\WINDOWS\system32\sechost.dll
0x00007ffa09a00000 - 0x00007ffa09b1c000 	C:\WINDOWS\system32\RPCRT4.dll
0x00007ffa0a410000 - 0x00007ffa0a566000 	C:\WINDOWS\system32\USER32.dll
0x00007ffa09e20000 - 0x00007ffa09fa6000 	C:\WINDOWS\system32\GDI32.dll
0x00007ffa07530000 - 0x00007ffa077a4000 	C:\WINDOWS\WinSxS\amd64_microsoft.windows.common-controls_6595b64144ccf1df_6.0.10586.494_none_a2d8b04ea53e3145\COMCTL32.dll
0x00007ffa0a080000 - 0x00007ffa0a2fd000 	C:\WINDOWS\system32\combase.dll
0x00007ffa08620000 - 0x00007ffa0868a000 	C:\WINDOWS\system32\bcryptPrimitives.dll
0x00007ffa09790000 - 0x00007ffa097cb000 	C:\WINDOWS\system32\IMM32.DLL
0x00007ffa08450000 - 0x00007ffa08481000 	C:\windows\system32\nvinitx.dll
0x00007ffa08440000 - 0x00007ffa0844a000 	C:\WINDOWS\SYSTEM32\VERSION.dll
0x000000006c2c0000 - 0x000000006c2c6000 	C:\Program Files\NVIDIA Corporation\CoProcManager\_etoured.dll
0x00007ffa05fd0000 - 0x00007ffa06002000 	C:\Program Files\NVIDIA Corporation\CoProcManager\nvd3d9wrapx.dll
0x00007ffa0bbd0000 - 0x00007ffa0bff9000 	C:\WINDOWS\system32\SETUPAPI.dll
0x00007ffa092a0000 - 0x00007ffa092e3000 	C:\WINDOWS\system32\CFGMGR32.dll
0x00007ffa05fa0000 - 0x00007ffa05fc2000 	C:\Program Files\NVIDIA Corporation\CoProcManager\nvdxgiwrapx.dll
0x0000000069c20000 - 0x0000000069cf2000 	D:\Program Files\Java\jdk1.8.0_92\jre\bin\msvcr100.dll
0x0000000069fb0000 - 0x000000006a846000 	D:\Program Files\Java\jdk1.8.0_92\jre\bin\server\jvm.dll
0x0000000002460000 - 0x0000000002483000 	C:\WINDOWS\system32\WINMM.dll
0x00007ffa085a0000 - 0x00007ffa085cc000 	C:\WINDOWS\system32\WINMMBASE.dll
0x00007ffa09fb0000 - 0x00007ffa09fb8000 	C:\WINDOWS\system32\PSAPI.DLL
0x00007ff9fc930000 - 0x00007ff9fc939000 	C:\WINDOWS\SYSTEM32\WSOCK32.dll
0x00007ffa0a600000 - 0x00007ffa0a66b000 	C:\WINDOWS\system32\WS2_32.dll
0x000000006ae80000 - 0x000000006ae8f000 	D:\Program Files\Java\jdk1.8.0_92\jre\bin\verify.dll
0x000000006ae50000 - 0x000000006ae79000 	D:\Program Files\Java\jdk1.8.0_92\jre\bin\java.dll
0x000000006ae30000 - 0x000000006ae46000 	D:\Program Files\Java\jdk1.8.0_92\jre\bin\zip.dll
0x00007ffa0a670000 - 0x00007ffa0bbcc000 	C:\WINDOWS\system32\SHELL32.dll
0x00007ffa086b0000 - 0x00007ffa08cf5000 	C:\WINDOWS\system32\windows.storage.dll
0x00007ffa09880000 - 0x00007ffa098d2000 	C:\WINDOWS\system32\shlwapi.dll
0x00007ffa08560000 - 0x00007ffa0856f000 	C:\WINDOWS\system32\kernel.appcore.dll
0x00007ffa092f0000 - 0x00007ffa093a5000 	C:\WINDOWS\system32\shcore.dll
0x00007ffa085d0000 - 0x00007ffa0861b000 	C:\WINDOWS\system32\powrprof.dll
0x00007ffa08570000 - 0x00007ffa08584000 	C:\WINDOWS\system32\profapi.dll

VM Arguments:
jvm_args: -Djava.awt.headless=true -Xmx1024M -Dfile.encoding=GBK -Duser.country=CN -Duser.language=zh -Duser.variant 
java_command: com.android.dx.command.Main --dex --force-jumbo --num-threads=4 --output D:\AndroidStudioProjects\Study\ToMother\app\build\intermediates\pre-dexed\debug\main_59a47daf465aaef4f24164b548387e522078b4b9.jar D:\AndroidStudioProjects\Study\ToMother\app\build\intermediates\transforms\instantRun\debug\folders\1\5\main
java_class_path (initial): D:\AppData\Local\Android\sdk\build-tools\24.0.0\lib\dx.jar
Launcher Type: SUN_STANDARD

Environment Variables:
JAVA_HOME=D:\Program Files\Java\jdk1.8.0_92
CLASSPATH=.;D:\Program Files\Java\jdk1.8.0_92\lib\dt.jar;D:\Program Files\Java\jdk1.8.0_92\lib\tools.jar;
PATH=C:\ProgramData\Oracle\Java\javapath;C:\WINDOWS\system32;C:\WINDOWS;C:\WINDOWS\System32\Wbem;C:\WINDOWS\System32\WindowsPowerShell\v1.0\;C:\Program Files\Intel\WiFi\bin\;C:\Program Files\Common Files\Intel\WirelessCommon\;C:\Program Files\ThinkPad\Bluetooth Software\;C:\Program Files\ThinkPad\Bluetooth Software\syswow64;C:\WINDOWS\system32\config\systemprofile\.dnx\bin;C:\Program Files\Microsoft DNX\Dnvm\;C:\Program Files (x86)\Windows Kits\8.1\Windows Performance Toolkit\;C:\Program Files\Microsoft SQL Server\130\Tools\Binn\;D:\Program Files\TortoiseGit\bin;d:\Program Files\Git\cmd;C:\Program Files\IDM Computer Solutions\UltraCompare;%JAVA_HOME;C:\Program Files\Intel\WiFi\bin\;C:\Program Files\Common Files\Intel\WirelessCommon\
USERNAME=leebisheng
OS=Windows_NT
PROCESSOR_IDENTIFIER=Intel64 Family 6 Model 58 Stepping 9, GenuineIntel



---------------  S Y S T E M  ---------------

OS: Windows 10.0 , 64 bit Build 10586 (10.0.10586.0)

CPU:total 4 (2 cores per cpu, 2 threads per core) family 6 model 58 stepping 9, cmov, cx8, fxsr, mmx, sse, sse2, sse3, ssse3, sse4.1, sse4.2, popcnt, avx, aes, clmul, erms, ht, tsc, tscinvbit, tscinv

Memory: 4k page, physical 8074724k(317156k free), swap 12269028k(5140k free)

vm_info: Java HotSpot(TM) 64-Bit Server VM (25.92-b14) for windows-amd64 JRE (1.8.0_92-b14), built on Mar 31 2016 21:03:04 by "java_re" with MS VC++ 10.0 (VS2010)

time: Wed Aug 17 15:43:53 2016
elapsed time: 3 seconds (0d 0h 0m 3s)

