#
# There is insufficient memory for the Java Runtime Environment to continue.
# Native memory allocation (malloc) failed to allocate 298048 bytes for Chunk::new
# Possible reasons:
#   The system is out of physical RAM or swap space
#   In 32 bit mode, the process size limit was hit
# Possible solutions:
#   Reduce memory load on the system
#   Increase physical memory or swap space
#   Check if swap backing store is full
#   Use 64 bit Java on a 64 bit OS
#   Decrease Java heap size (-Xmx/-Xms)
#   Decrease number of Java threads
#   Decrease Java thread stack sizes (-Xss)
#   Set larger code cache with -XX:ReservedCodeCacheSize=
# This output file may be truncated or incomplete.
#
#  Out of Memory Error (allocation.cpp:390), pid=10248, tid=0x0000000000007c18
#
# JRE version: Java(TM) SE Runtime Environment (8.0_92-b14) (build 1.8.0_92-b14)
# Java VM: Java HotSpot(TM) 64-Bit Server VM (25.92-b14 mixed mode windows-amd64 compressed oops)
# Failed to write core dump. Minidumps are not enabled by default on client versions of Windows
#

---------------  T H R E A D  ---------------

Current thread (0x00000000156bb000):  JavaThread "C2 CompilerThread0" daemon [_thread_in_native, id=31768, stack(0x0000000016c20000,0x0000000016d20000)]

Stack: [0x0000000016c20000,0x0000000016d20000]
[error occurred during error reporting (printing stack bounds), id 0xc0000005]

Native frames: (J=compiled Java code, j=interpreted, Vv=VM code, C=native code)


Current CompileTask:
C2:   4657 1387 %     4       com.android.dx.ssa.SsaConverter::placePhiFunctions @ 264 (394 bytes)


---------------  P R O C E S S  ---------------

Java Threads: ( => current thread )
  0x0000000016e78000 JavaThread "pool-1-thread-1" [_thread_new, id=30412, stack(0x0000000000000000,0x0000000000000000)]
  0x0000000016d7b000 JavaThread "Service Thread" daemon [_thread_blocked, id=30548, stack(0x0000000017320000,0x0000000017420000)]
  0x0000000016d79000 JavaThread "C1 CompilerThread2" daemon [_thread_blocked, id=31152, stack(0x0000000017220000,0x0000000017320000)]
  0x0000000016d76800 JavaThread "C2 CompilerThread1" daemon [_thread_in_native, id=16616, stack(0x0000000017120000,0x0000000017220000)]
=>0x00000000156bb000 JavaThread "C2 CompilerThread0" daemon [_thread_in_native, id=31768, stack(0x0000000016c20000,0x0000000016d20000)]
  0x00000000156b9800 JavaThread "Attach Listener" daemon [_thread_blocked, id=22832, stack(0x0000000016b20000,0x0000000016c20000)]
  0x00000000156b8800 JavaThread "Signal Dispatcher" daemon [_thread_blocked, id=36604, stack(0x0000000016a20000,0x0000000016b20000)]
  0x000000001564a800 JavaThread "Finalizer" daemon [_thread_blocked, id=35888, stack(0x00000000168b0000,0x00000000169b0000)]
  0x0000000002f5f000 JavaThread "Reference Handler" daemon [_thread_blocked, id=23016, stack(0x00000000167b0000,0x00000000168b0000)]
  0x0000000002e70800 JavaThread "main" [_thread_blocked, id=25264, stack(0x0000000002d70000,0x0000000002e70000)]

Other Threads:
  0x0000000015628000 VMThread [stack: 0x00000000166b0000,0x00000000167b0000] [id=34896]
  0x0000000016d90000 WatcherThread [stack: 0x0000000017420000,0x0000000017520000] [id=31492]

VM state:not at safepoint (normal execution)

VM Mutex/Monitor currently owned by a thread: None

Heap:
 PSYoungGen      total 36864K, used 33097K [0x00000000eab00000, 0x00000000ed400000, 0x0000000100000000)
  eden space 31744K, 88% used [0x00000000eab00000,0x00000000ec6542d0,0x00000000eca00000)
  from space 5120K, 99% used [0x00000000eca00000,0x00000000ecefe3a0,0x00000000ecf00000)
  to   space 5120K, 0% used [0x00000000ecf00000,0x00000000ecf00000,0x00000000ed400000)
 ParOldGen       total 84992K, used 1244K [0x00000000c0000000, 0x00000000c5300000, 0x00000000eab00000)
  object space 84992K, 1% used [0x00000000c0000000,0x00000000c0137170,0x00000000c5300000)
 Metaspace       used 6113K, capacity 6968K, committed 7040K, reserved 1056768K
  class space    used 606K, capacity 624K, committed 640K, reserved 1048576K

Card table byte_map: [0x0000000012330000,0x0000000012540000] byte_map_base: 0x0000000011d30000

Marking Bits: (ParMarkBitMap*) 0x000000006a7c64f0
 Begin Bits: [0x0000000012aa0000, 0x0000000013aa0000)
 End Bits:   [0x0000000013aa0000, 0x0000000014aa0000)

Polling page: 0x00000000029f0000

CodeCache: size=245760Kb used=5591Kb max_used=5605Kb free=240169Kb
 bounds [0x0000000002f70000, 0x0000000003500000, 0x0000000011f70000]
 total_blobs=1644 nmethods=1373 adapters=184
 compilation: enabled

Compilation events (10 events):
Event: 4.479 Thread 0x00000000156bb000 nmethod 1368 0x00000000034db210 code [0x00000000034db380, 0x00000000034db778]
Event: 4.479 Thread 0x00000000156bb000 1375       4       com.android.dx.ssa.LiteralOpUpgrader$1::visitNonMoveInsn (203 bytes)
Event: 4.534 Thread 0x00000000156bb000 nmethod 1375 0x00000000034e4950 code [0x00000000034e4d00, 0x00000000034e6538]
Event: 4.534 Thread 0x00000000156bb000 1386       4       com.android.dx.ssa.SsaMethod::computeReachability (131 bytes)
Event: 4.568 Thread 0x0000000016d76800 nmethod 1377 0x00000000034eced0 code [0x00000000034ed160, 0x00000000034ef4f8]
Event: 4.569 Thread 0x0000000016d76800 1385       4       com.android.dx.ssa.NormalSsaInsn::toRopInsn (19 bytes)
Event: 4.570 Thread 0x0000000016d76800 nmethod 1385 0x00000000034dba50 code [0x00000000034dbba0, 0x00000000034dbc38]
Event: 4.570 Thread 0x0000000016d76800 1371   !   4       com.android.dx.cf.code.BytecodeArray::parseInstruction (2764 bytes)
Event: 4.575 Thread 0x00000000156bb000 nmethod 1386 0x00000000034f1f10 code [0x00000000034f20c0, 0x00000000034f2eb8]
Event: 4.579 Thread 0x00000000156bb000 1387 %     4       com.android.dx.ssa.SsaConverter::placePhiFunctions @ 264 (394 bytes)

GC Heap History (2 events):
Event: 3.760 GC heap before
{Heap before GC invocations=1 (full 0):
 PSYoungGen      total 36864K, used 31744K [0x00000000eab00000, 0x00000000ed400000, 0x0000000100000000)
  eden space 31744K, 100% used [0x00000000eab00000,0x00000000eca00000,0x00000000eca00000)
  from space 5120K, 0% used [0x00000000ecf00000,0x00000000ecf00000,0x00000000ed400000)
  to   space 5120K, 0% used [0x00000000eca00000,0x00000000eca00000,0x00000000ecf00000)
 ParOldGen       total 84992K, used 0K [0x00000000c0000000, 0x00000000c5300000, 0x00000000eab00000)
  object space 84992K, 0% used [0x00000000c0000000,0x00000000c0000000,0x00000000c5300000)
 Metaspace       used 6040K, capacity 6904K, committed 7040K, reserved 1056768K
  class space    used 605K, capacity 624K, committed 640K, reserved 1048576K
Event: 3.778 GC heap after
Heap after GC invocations=1 (full 0):
 PSYoungGen      total 36864K, used 5112K [0x00000000eab00000, 0x00000000ed400000, 0x0000000100000000)
  eden space 31744K, 0% used [0x00000000eab00000,0x00000000eab00000,0x00000000eca00000)
  from space 5120K, 99% used [0x00000000eca00000,0x00000000ecefe3a0,0x00000000ecf00000)
  to   space 5120K, 0% used [0x00000000ecf00000,0x00000000ecf00000,0x00000000ed400000)
 ParOldGen       total 84992K, used 1244K [0x00000000c0000000, 0x00000000c5300000, 0x00000000eab00000)
  object space 84992K, 1% used [0x00000000c0000000,0x00000000c0137170,0x00000000c5300000)
 Metaspace       used 6040K, capacity 6904K, committed 7040K, reserved 1056768K
  class space    used 605K, capacity 624K, committed 640K, reserved 1048576K
}

Deoptimization events (10 events):
Event: 3.062 Thread 0x0000000002e70800 Uncommon trap: reason=null_check action=make_not_entrant pc=0x000000000328e4a0 method=com.android.dx.rop.type.Type.equals(Ljava/lang/Object;)Z @ 8
Event: 3.420 Thread 0x0000000016e81000 Uncommon trap: reason=unstable_if action=reinterpret pc=0x000000000332ffe4 method=com.android.dx.ssa.SsaRenamer$BlockRenamer.addMapping(ILcom/android/dx/rop/code/RegisterSpec;)V @ 120
Event: 3.454 Thread 0x0000000016e82000 Uncommon trap: reason=null_check action=make_not_entrant pc=0x0000000003290b34 method=com.android.dx.ssa.SsaRenamer.getLocalForNewReg(I)Lcom/android/dx/rop/code/LocalItem; @ 19
Event: 3.504 Thread 0x0000000016e88800 Uncommon trap: reason=unstable_if action=reinterpret pc=0x0000000003295adc method=com.android.dx.rop.code.RegisterSpec.equals(ILcom/android/dx/rop/type/TypeBearer;Lcom/android/dx/rop/code/LocalItem;)Z @ 42
Event: 3.589 Thread 0x0000000016e75000 Uncommon trap: reason=class_check action=maybe_recompile pc=0x00000000033eef44 method=com.android.dx.ssa.SCCP.setLatticeValueTo(IILcom/android/dx/rop/cst/Constant;)Z @ 43
Event: 3.590 Thread 0x0000000016e75000 Uncommon trap: reason=class_check action=maybe_recompile pc=0x00000000033eef44 method=com.android.dx.ssa.SCCP.setLatticeValueTo(IILcom/android/dx/rop/cst/Constant;)Z @ 43
Event: 3.592 Thread 0x0000000016e75000 Uncommon trap: reason=bimorphic action=maybe_recompile pc=0x000000000324bf8c method=java.util.HashMap.getNode(ILjava/lang/Object;)Ljava/util/HashMap$Node; @ 126
Event: 3.593 Thread 0x0000000016e75000 Uncommon trap: reason=class_check action=maybe_recompile pc=0x00000000033663f4 method=java.util.HashMap.putVal(ILjava/lang/Object;Ljava/lang/Object;ZZ)Ljava/lang/Object; @ 203
Event: 3.609 Thread 0x0000000016e75000 Uncommon trap: reason=class_check action=maybe_recompile pc=0x00000000033eef44 method=com.android.dx.ssa.SCCP.setLatticeValueTo(IILcom/android/dx/rop/cst/Constant;)Z @ 43
Event: 3.609 Thread 0x0000000016e75000 Uncommon trap: reason=class_check action=maybe_recompile pc=0x00000000033eef44 method=com.android.dx.ssa.SCCP.setLatticeValueTo(IILcom/android/dx/rop/cst/Constant;)Z @ 43

Internal exceptions (4 events):
Event: 0.223 Thread 0x0000000002e70800 Exception <a 'java/lang/NoSuchMethodError': Method sun.misc.Unsafe.defineClass(Ljava/lang/String;[BII)Ljava/lang/Class; name or signature does not match> (0x00000000eab07cc0) thrown at [D:\re\workspace\8-2-build-windows-amd64-cygwin\jdk8u92\6642\hotspot\sr^˚‘úÃ?
Event: 0.224 Thread 0x0000000002e70800 Exception <a 'java/lang/NoSuchMethodError': Method sun.misc.Unsafe.prefetchRead(Ljava/lang/Object;J)V name or signature does not match> (0x00000000eab07fa8) thrown at [D:\re\workspace\8-2-build-windows-amd64-cygwin\jdk8u92\6642\hotspot\src\share\vm\prims\j]œçg¬@
Event: 3.062 Thread 0x0000000002e70800 Implicit null exception at 0x000000000328e3a2 to 0x000000000328e492
Event: 3.454 Thread 0x0000000016e82000 Implicit null exception at 0x000000000328ef33 to 0x0000000003290aed

Events (10 events):
Event: 3.876 Thread 0x0000000016e82000 Thread exited: 0x0000000016e82000
Event: 4.100 Thread 0x0000000016e88800 Thread exited: 0x0000000016e88800
Event: 4.138 Thread 0x0000000016e81000 Thread exited: 0x0000000016e81000
Event: 4.479 Thread 0x0000000016e75000 DEOPT PACKING pc=0x000000000327e6d4 sp=0x000000001761ec50
Event: 4.479 Thread 0x0000000016e75000 DEOPT UNPACKING pc=0x0000000002fb787f sp=0x000000001761ea18 mode 0
Event: 4.611 Thread 0x0000000016e78000 Thread exited: 0x0000000016e78000
Event: 4.612 loading class com/android/dx/command/dexer/Main$DexWriter
Event: 4.612 loading class com/android/dx/command/dexer/Main$DexWriter done
Event: 4.612 Thread 0x0000000016e78000 Thread added: 0x0000000016e78000
Event: 4.612 Thread 0x0000000016e75000 Thread exited: 0x0000000016e75000


Dynamic libraries:
0x00007ff62b290000 - 0x00007ff62b2c7000 	D:\Program Files\Java\jdk1.8.0_92\bin\java.exe
0x00007ffa0c170000 - 0x00007ffa0c331000 	C:\WINDOWS\SYSTEM32\ntdll.dll
0x00007ffa09b80000 - 0x00007ffa09c2d000 	C:\WINDOWS\system32\KERNEL32.DLL
0x00007ffa09050000 - 0x00007ffa09238000 	C:\WINDOWS\system32\KERNELBASE.dll
0x00007ffa097d0000 - 0x00007ffa09877000 	C:\WINDOWS\system32\ADVAPI32.dll
0x00007ffa09960000 - 0x00007ffa099fd000 	C:\WINDOWS\system32\msvcrt.dll
0x00007ffa0c000000 - 0x00007ffa0c05b000 	C:\WINDOWS\system32\sechost.dll
0x00007ffa09a00000 - 0x00007ffa09b1c000 	C:\WINDOWS\system32\RPCRT4.dll
0x00007ffa0a410000 - 0x00007ffa0a566000 	C:\WINDOWS\system32\USER32.dll
0x00007ffa09e20000 - 0x00007ffa09fa6000 	C:\WINDOWS\system32\GDI32.dll
0x00007ffa07530000 - 0x00007ffa077a4000 	C:\WINDOWS\WinSxS\amd64_microsoft.windows.common-controls_6595b64144ccf1df_6.0.10586.494_none_a2d8b04ea53e3145\COMCTL32.dll
0x00007ffa0a080000 - 0x00007ffa0a2fd000 	C:\WINDOWS\system32\combase.dll
0x00007ffa08620000 - 0x00007ffa0868a000 	C:\WINDOWS\system32\bcryptPrimitives.dll
0x00007ffa09790000 - 0x00007ffa097cb000 	C:\WINDOWS\system32\IMM32.DLL
0x00007ffa08450000 - 0x00007ffa08481000 	C:\windows\system32\nvinitx.dll
0x00007ffa08440000 - 0x00007ffa0844a000 	C:\WINDOWS\SYSTEM32\VERSION.dll
0x000000006c2c0000 - 0x000000006c2c6000 	C:\Program Files\NVIDIA Corporation\CoProcManager\_etoured.dll
0x00007ffa05fd0000 - 0x00007ffa06002000 	C:\Program Files\NVIDIA Corporation\CoProcManager\nvd3d9wrapx.dll
0x00007ffa0bbd0000 - 0x00007ffa0bff9000 	C:\WINDOWS\system32\SETUPAPI.dll
0x00007ffa092a0000 - 0x00007ffa092e3000 	C:\WINDOWS\system32\CFGMGR32.dll
0x00007ffa05fa0000 - 0x00007ffa05fc2000 	C:\Program Files\NVIDIA Corporation\CoProcManager\nvdxgiwrapx.dll
0x0000000069c20000 - 0x0000000069cf2000 	D:\Program Files\Java\jdk1.8.0_92\jre\bin\msvcr100.dll
0x0000000069fb0000 - 0x000000006a846000 	D:\Program Files\Java\jdk1.8.0_92\jre\bin\server\jvm.dll
0x00000000029b0000 - 0x00000000029d3000 	C:\WINDOWS\system32\WINMM.dll
0x00007ffa085a0000 - 0x00007ffa085cc000 	C:\WINDOWS\system32\WINMMBASE.dll
0x00007ffa09fb0000 - 0x00007ffa09fb8000 	C:\WINDOWS\system32\PSAPI.DLL
0x00007ff9fc930000 - 0x00007ff9fc939000 	C:\WINDOWS\SYSTEM32\WSOCK32.dll
0x00007ffa0a600000 - 0x00007ffa0a66b000 	C:\WINDOWS\system32\WS2_32.dll
0x000000006ae80000 - 0x000000006ae8f000 	D:\Program Files\Java\jdk1.8.0_92\jre\bin\verify.dll
0x000000006ae50000 - 0x000000006ae79000 	D:\Program Files\Java\jdk1.8.0_92\jre\bin\java.dll
0x000000006ae30000 - 0x000000006ae46000 	D:\Program Files\Java\jdk1.8.0_92\jre\bin\zip.dll
0x00007ffa0a670000 - 0x00007ffa0bbcc000 	C:\WINDOWS\system32\SHELL32.dll
0x00007ffa086b0000 - 0x00007ffa08cf5000 	C:\WINDOWS\system32\windows.storage.dll
0x00007ffa09880000 - 0x00007ffa098d2000 	C:\WINDOWS\system32\shlwapi.dll
0x00007ffa08560000 - 0x00007ffa0856f000 	C:\WINDOWS\system32\kernel.appcore.dll
0x00007ffa092f0000 - 0x00007ffa093a5000 	C:\WINDOWS\system32\shcore.dll
0x00007ffa085d0000 - 0x00007ffa0861b000 	C:\WINDOWS\system32\powrprof.dll
0x00007ffa08570000 - 0x00007ffa08584000 	C:\WINDOWS\system32\profapi.dll

VM Arguments:
jvm_args: -Djava.awt.headless=true -Xmx1024M -Dfile.encoding=GBK -Duser.country=CN -Duser.language=zh -Duser.variant 
java_command: com.android.dx.command.Main --dex --force-jumbo --num-threads=4 --multi-dex --output D:\AndroidStudioProjects\Study\ToMother\app\build\intermediates\transforms\dex\debug\folders\1000\10\instant-run_df27434b5bcd18bb0533385b87a62a75680978dd D:\AndroidStudioProjects\Study\ToMother\app\build\intermediates\incremental-runtime-classes\debug\instant-run.jar
java_class_path (initial): D:\AppData\Local\Android\sdk\build-tools\24.0.0\lib\dx.jar
Launcher Type: SUN_STANDARD

Environment Variables:
JAVA_HOME=D:\Program Files\Java\jdk1.8.0_92
CLASSPATH=.;D:\Program Files\Java\jdk1.8.0_92\lib\dt.jar;D:\Program Files\Java\jdk1.8.0_92\lib\tools.jar;
PATH=C:\ProgramData\Oracle\Java\javapath;C:\WINDOWS\system32;C:\WINDOWS;C:\WINDOWS\System32\Wbem;C:\WINDOWS\System32\WindowsPowerShell\v1.0\;C:\Program Files\Intel\WiFi\bin\;C:\Program Files\Common Files\Intel\WirelessCommon\;C:\Program Files\ThinkPad\Bluetooth Software\;C:\Program Files\ThinkPad\Bluetooth Software\syswow64;C:\WINDOWS\system32\config\systemprofile\.dnx\bin;C:\Program Files\Microsoft DNX\Dnvm\;C:\Program Files (x86)\Windows Kits\8.1\Windows Performance Toolkit\;C:\Program Files\Microsoft SQL Server\130\Tools\Binn\;D:\Program Files\TortoiseGit\bin;d:\Program Files\Git\cmd;C:\Program Files\IDM Computer Solutions\UltraCompare;%JAVA_HOME;C:\Program Files\Intel\WiFi\bin\;C:\Program Files\Common Files\Intel\WirelessCommon\
USERNAME=leebisheng
OS=Windows_NT
PROCESSOR_IDENTIFIER=Intel64 Family 6 Model 58 Stepping 9, GenuineIntel



---------------  S Y S T E M  ---------------

OS: Windows 10.0 , 64 bit Build 10586 (10.0.10586.0)

CPU:total 4 (2 cores per cpu, 2 threads per core) family 6 model 58 stepping 9, cmov, cx8, fxsr, mmx, sse, sse2, sse3, ssse3, sse4.1, sse4.2, popcnt, avx, aes, clmul, erms, ht, tsc, tscinvbit, tscinv

Memory: 4k page, physical 8074724k(408912k free), swap 12269028k(4368k free)

vm_info: Java HotSpot(TM) 64-Bit Server VM (25.92-b14) for windows-amd64 JRE (1.8.0_92-b14), built on Mar 31 2016 21:03:04 by "java_re" with MS VC++ 10.0 (VS2010)

time: Wed Aug 17 16:03:54 2016
elapsed time: 4 seconds (0d 0h 0m 4s)

