#
# There is insufficient memory for the Java Runtime Environment to continue.
# Native memory allocation (malloc) failed to allocate 432896 bytes for Chunk::new
# Possible reasons:
#   The system is out of physical RAM or swap space
#   In 32 bit mode, the process size limit was hit
# Possible solutions:
#   Reduce memory load on the system
#   Increase physical memory or swap space
#   Check if swap backing store is full
#   Use 64 bit Java on a 64 bit OS
#   Decrease Java heap size (-Xmx/-Xms)
#   Decrease number of Java threads
#   Decrease Java thread stack sizes (-Xss)
#   Set larger code cache with -XX:ReservedCodeCacheSize=
# This output file may be truncated or incomplete.
#
#  Out of Memory Error (allocation.cpp:390), pid=37808, tid=0x0000000000006984
#
# JRE version: Java(TM) SE Runtime Environment (8.0_92-b14) (build 1.8.0_92-b14)
# Java VM: Java HotSpot(TM) 64-Bit Server VM (25.92-b14 mixed mode windows-amd64 compressed oops)
# Failed to write core dump. Minidumps are not enabled by default on client versions of Windows
#

---------------  T H R E A D  ---------------

Current thread (0x0000000016bbe800):  JavaThread "C2 CompilerThread1" daemon [_thread_in_native, id=27012, stack(0x0000000016f70000,0x0000000017070000)]

Stack: [0x0000000016f70000,0x0000000017070000]
[error occurred during error reporting (printing stack bounds), id 0xc0000005]

Native frames: (J=compiled Java code, j=interpreted, Vv=VM code, C=native code)


Current CompileTask:
C2:  13338 2109   !   4       com.android.dx.cf.code.RopperMachine::run (1550 bytes)


---------------  P R O C E S S  ---------------

Java Threads: ( => current thread )
  0x0000000016e02000 JavaThread "pool-2-thread-4" [_thread_blocked, id=37372, stack(0x0000000017770000,0x0000000017870000)]
  0x0000000016e01800 JavaThread "pool-2-thread-3" [_thread_in_Java, id=29720, stack(0x0000000017670000,0x0000000017770000)]
  0x0000000016dfd800 JavaThread "pool-2-thread-2" [_thread_in_Java, id=34296, stack(0x0000000017570000,0x0000000017670000)]
  0x0000000016dfd000 JavaThread "pool-3-thread-1" [_thread_blocked, id=38740, stack(0x0000000017470000,0x0000000017570000)]
  0x0000000016dfa000 JavaThread "pool-2-thread-1" [_thread_in_Java, id=22196, stack(0x0000000017370000,0x0000000017470000)]
  0x0000000016bd9800 JavaThread "Service Thread" daemon [_thread_blocked, id=27632, stack(0x0000000017170000,0x0000000017270000)]
  0x0000000016bcb000 JavaThread "C1 CompilerThread2" daemon [_thread_in_native, id=36096, stack(0x0000000017070000,0x0000000017170000)]
=>0x0000000016bbe800 JavaThread "C2 CompilerThread1" daemon [_thread_in_native, id=27012, stack(0x0000000016f70000,0x0000000017070000)]
  0x000000001556b000 JavaThread "C2 CompilerThread0" daemon [_thread_in_native, id=38828, stack(0x0000000016a70000,0x0000000016b70000)]
  0x0000000015569800 JavaThread "Attach Listener" daemon [_thread_blocked, id=34600, stack(0x0000000016970000,0x0000000016a70000)]
  0x0000000015568800 JavaThread "Signal Dispatcher" daemon [_thread_blocked, id=35560, stack(0x0000000016870000,0x0000000016970000)]
  0x00000000154fa800 JavaThread "Finalizer" daemon [_thread_blocked, id=32964, stack(0x0000000016770000,0x0000000016870000)]
  0x0000000002e2f800 JavaThread "Reference Handler" daemon [_thread_blocked, id=38888, stack(0x0000000016670000,0x0000000016770000)]
  0x0000000002d42800 JavaThread "main" [_thread_blocked, id=30716, stack(0x0000000002700000,0x0000000002800000)]

Other Threads:
  0x00000000154d8000 VMThread [stack: 0x0000000016570000,0x0000000016670000] [id=35872]
  0x0000000016c2c000 WatcherThread [stack: 0x0000000017270000,0x0000000017370000] [id=17964]

VM state:not at safepoint (normal execution)

VM Mutex/Monitor currently owned by a thread: None

Heap:
 PSYoungGen      total 79360K, used 26790K [0x00000000eab00000, 0x00000000f4600000, 0x0000000100000000)
  eden space 63488K, 18% used [0x00000000eab00000,0x00000000eb64e578,0x00000000ee900000)
  from space 15872K, 95% used [0x00000000f3680000,0x00000000f455b3e8,0x00000000f4600000)
  to   space 5120K, 0% used [0x00000000ee900000,0x00000000ee900000,0x00000000eee00000)
 ParOldGen       total 84992K, used 24437K [0x00000000c0000000, 0x00000000c5300000, 0x00000000eab00000)
  object space 84992K, 28% used [0x00000000c0000000,0x00000000c17dd7c8,0x00000000c5300000)
 Metaspace       used 6573K, capacity 7256K, committed 7424K, reserved 1058816K
  class space    used 629K, capacity 656K, committed 768K, reserved 1048576K

Card table byte_map: [0x0000000012200000,0x0000000012410000] byte_map_base: 0x0000000011c00000

Marking Bits: (ParMarkBitMap*) 0x000000006a7c64f0
 Begin Bits: [0x0000000012970000, 0x0000000013970000)
 End Bits:   [0x0000000013970000, 0x0000000014970000)

Polling page: 0x0000000001100000

CodeCache: size=245760Kb used=10845Kb max_used=10848Kb free=234914Kb
 bounds [0x0000000002e40000, 0x00000000038f0000, 0x0000000011e40000]
 total_blobs=2377 nmethods=2105 adapters=184
 compilation: enabled

Compilation events (10 events):
Event: 12.929 Thread 0x000000001556b000 nmethod 2104 0x00000000038dfd90 code [0x00000000038dffa0, 0x00000000038e0ab0]
Event: 12.933 Thread 0x000000001556b000 2110  s    4       com.android.dx.dex.file.MethodIdsSection::intern (55 bytes)
Event: 13.281 Thread 0x0000000016bcb000 2113       3       com.android.dx.ssa.ConstCollector$1::compare (13 bytes)
Event: 13.281 Thread 0x0000000016bcb000 nmethod 2113 0x00000000038d0e90 code [0x00000000038d1000, 0x00000000038d1368]
Event: 13.299 Thread 0x000000001556b000 nmethod 2110 0x00000000038e4350 code [0x00000000038e4540, 0x00000000038e5468]
Event: 13.299 Thread 0x000000001556b000 2112   !   4       com.android.dx.cf.code.Ropper::processBlock (1101 bytes)
Event: 13.311 Thread 0x0000000016bcb000 2116       3       com.android.dx.dex.file.AnnotationsDirectoryItem::setClassAnnotations (45 bytes)
Event: 13.311 Thread 0x0000000016bcb000 nmethod 2116 0x00000000038d0750 code [0x00000000038d08e0, 0x00000000038d0ce8]
Event: 13.312 Thread 0x0000000016bcb000 2117       3       com.android.dx.ssa.NormalSsaInsn::changeOneSource (120 bytes)
Event: 13.313 Thread 0x0000000016bcb000 nmethod 2117 0x00000000038e1c90 code [0x00000000038e1f20, 0x00000000038e36b8]

GC Heap History (10 events):
Event: 6.856 GC heap before
{Heap before GC invocations=2 (full 0):
 PSYoungGen      total 36864K, used 36860K [0x00000000eab00000, 0x00000000ed400000, 0x0000000100000000)
  eden space 31744K, 100% used [0x00000000eab00000,0x00000000eca00000,0x00000000eca00000)
  from space 5120K, 99% used [0x00000000eca00000,0x00000000eceff280,0x00000000ecf00000)
  to   space 5120K, 0% used [0x00000000ecf00000,0x00000000ecf00000,0x00000000ed400000)
 ParOldGen       total 84992K, used 974K [0x00000000c0000000, 0x00000000c5300000, 0x00000000eab00000)
  object space 84992K, 1% used [0x00000000c0000000,0x00000000c00f3b70,0x00000000c5300000)
 Metaspace       used 6258K, capacity 7094K, committed 7296K, reserved 1058816K
  class space    used 607K, capacity 622K, committed 640K, reserved 1048576K
Event: 6.905 GC heap after
Heap after GC invocations=2 (full 0):
 PSYoungGen      total 36864K, used 5105K [0x00000000eab00000, 0x00000000ef300000, 0x0000000100000000)
  eden space 31744K, 0% used [0x00000000eab00000,0x00000000eab00000,0x00000000eca00000)
  from space 5120K, 99% used [0x00000000ecf00000,0x00000000ed3fc520,0x00000000ed400000)
  to   space 5120K, 0% used [0x00000000eca00000,0x00000000eca00000,0x00000000ecf00000)
 ParOldGen       total 84992K, used 4584K [0x00000000c0000000, 0x00000000c5300000, 0x00000000eab00000)
  object space 84992K, 5% used [0x00000000c0000000,0x00000000c047a380,0x00000000c5300000)
 Metaspace       used 6258K, capacity 7094K, committed 7296K, reserved 1058816K
  class space    used 607K, capacity 622K, committed 640K, reserved 1048576K
}
Event: 7.907 GC heap before
{Heap before GC invocations=3 (full 0):
 PSYoungGen      total 36864K, used 36849K [0x00000000eab00000, 0x00000000ef300000, 0x0000000100000000)
  eden space 31744K, 100% used [0x00000000eab00000,0x00000000eca00000,0x00000000eca00000)
  from space 5120K, 99% used [0x00000000ecf00000,0x00000000ed3fc520,0x00000000ed400000)
  to   space 5120K, 0% used [0x00000000eca00000,0x00000000eca00000,0x00000000ecf00000)
 ParOldGen       total 84992K, used 4584K [0x00000000c0000000, 0x00000000c5300000, 0x00000000eab00000)
  object space 84992K, 5% used [0x00000000c0000000,0x00000000c047a380,0x00000000c5300000)
 Metaspace       used 6316K, capacity 7158K, committed 7296K, reserved 1058816K
  class space    used 608K, capacity 622K, committed 640K, reserved 1048576K
Event: 8.018 GC heap after
Heap after GC invocations=3 (full 0):
 PSYoungGen      total 36864K, used 5098K [0x00000000eab00000, 0x00000000ef300000, 0x0000000100000000)
  eden space 31744K, 0% used [0x00000000eab00000,0x00000000eab00000,0x00000000eca00000)
  from space 5120K, 99% used [0x00000000eca00000,0x00000000ecefa8c0,0x00000000ecf00000)
  to   space 5120K, 0% used [0x00000000eee00000,0x00000000eee00000,0x00000000ef300000)
 ParOldGen       total 84992K, used 9442K [0x00000000c0000000, 0x00000000c5300000, 0x00000000eab00000)
  object space 84992K, 11% used [0x00000000c0000000,0x00000000c0938ab8,0x00000000c5300000)
 Metaspace       used 6316K, capacity 7158K, committed 7296K, reserved 1058816K
  class space    used 608K, capacity 622K, committed 640K, reserved 1048576K
}
Event: 9.124 GC heap before
{Heap before GC invocations=4 (full 0):
 PSYoungGen      total 36864K, used 36842K [0x00000000eab00000, 0x00000000ef300000, 0x0000000100000000)
  eden space 31744K, 100% used [0x00000000eab00000,0x00000000eca00000,0x00000000eca00000)
  from space 5120K, 99% used [0x00000000eca00000,0x00000000ecefa8c0,0x00000000ecf00000)
  to   space 5120K, 0% used [0x00000000eee00000,0x00000000eee00000,0x00000000ef300000)
 ParOldGen       total 84992K, used 9442K [0x00000000c0000000, 0x00000000c5300000, 0x00000000eab00000)
  object space 84992K, 11% used [0x00000000c0000000,0x00000000c0938ab8,0x00000000c5300000)
 Metaspace       used 6341K, capacity 7158K, committed 7296K, reserved 1058816K
  class space    used 608K, capacity 622K, committed 640K, reserved 1048576K
Event: 9.300 GC heap after
Heap after GC invocations=4 (full 0):
 PSYoungGen      total 68608K, used 5108K [0x00000000eab00000, 0x00000000ef300000, 0x0000000100000000)
  eden space 63488K, 0% used [0x00000000eab00000,0x00000000eab00000,0x00000000ee900000)
  from space 5120K, 99% used [0x00000000eee00000,0x00000000ef2fd068,0x00000000ef300000)
  to   space 5120K, 0% used [0x00000000ee900000,0x00000000ee900000,0x00000000eee00000)
 ParOldGen       total 84992K, used 14891K [0x00000000c0000000, 0x00000000c5300000, 0x00000000eab00000)
  object space 84992K, 17% used [0x00000000c0000000,0x00000000c0e8af80,0x00000000c5300000)
 Metaspace       used 6341K, capacity 7158K, committed 7296K, reserved 1058816K
  class space    used 608K, capacity 622K, committed 640K, reserved 1048576K
}
Event: 11.516 GC heap before
{Heap before GC invocations=5 (full 0):
 PSYoungGen      total 68608K, used 68596K [0x00000000eab00000, 0x00000000ef300000, 0x0000000100000000)
  eden space 63488K, 100% used [0x00000000eab00000,0x00000000ee900000,0x00000000ee900000)
  from space 5120K, 99% used [0x00000000eee00000,0x00000000ef2fd068,0x00000000ef300000)
  to   space 5120K, 0% used [0x00000000ee900000,0x00000000ee900000,0x00000000eee00000)
 ParOldGen       total 84992K, used 14891K [0x00000000c0000000, 0x00000000c5300000, 0x00000000eab00000)
  object space 84992K, 17% used [0x00000000c0000000,0x00000000c0e8af80,0x00000000c5300000)
 Metaspace       used 6469K, capacity 7192K, committed 7424K, reserved 1058816K
  class space    used 628K, capacity 656K, committed 768K, reserved 1048576K
Event: 11.676 GC heap after
Heap after GC invocations=5 (full 0):
 PSYoungGen      total 68608K, used 5100K [0x00000000eab00000, 0x00000000f4600000, 0x0000000100000000)
  eden space 63488K, 0% used [0x00000000eab00000,0x00000000eab00000,0x00000000ee900000)
  from space 5120K, 99% used [0x00000000ee900000,0x00000000eedfb138,0x00000000eee00000)
  to   space 15872K, 0% used [0x00000000f3680000,0x00000000f3680000,0x00000000f4600000)
 ParOldGen       total 84992K, used 24437K [0x00000000c0000000, 0x00000000c5300000, 0x00000000eab00000)
  object space 84992K, 28% used [0x00000000c0000000,0x00000000c17dd7c8,0x00000000c5300000)
 Metaspace       used 6469K, capacity 7192K, committed 7424K, reserved 1058816K
  class space    used 628K, capacity 656K, committed 768K, reserved 1048576K
}
Event: 12.995 GC heap before
{Heap before GC invocations=6 (full 0):
 PSYoungGen      total 68608K, used 68588K [0x00000000eab00000, 0x00000000f4600000, 0x0000000100000000)
  eden space 63488K, 100% used [0x00000000eab00000,0x00000000ee900000,0x00000000ee900000)
  from space 5120K, 99% used [0x00000000ee900000,0x00000000eedfb138,0x00000000eee00000)
  to   space 15872K, 0% used [0x00000000f3680000,0x00000000f3680000,0x00000000f4600000)
 ParOldGen       total 84992K, used 24437K [0x00000000c0000000, 0x00000000c5300000, 0x00000000eab00000)
  object space 84992K, 28% used [0x00000000c0000000,0x00000000c17dd7c8,0x00000000c5300000)
 Metaspace       used 6571K, capacity 7256K, committed 7424K, reserved 1058816K
  class space    used 629K, capacity 656K, committed 768K, reserved 1048576K
Event: 13.261 GC heap after
Heap after GC invocations=6 (full 0):
 PSYoungGen      total 79360K, used 15212K [0x00000000eab00000, 0x00000000f4600000, 0x0000000100000000)
  eden space 63488K, 0% used [0x00000000eab00000,0x00000000eab00000,0x00000000ee900000)
  from space 15872K, 95% used [0x00000000f3680000,0x00000000f455b3e8,0x00000000f4600000)
  to   space 5120K, 0% used [0x00000000ee900000,0x00000000ee900000,0x00000000eee00000)
 ParOldGen       total 84992K, used 24437K [0x00000000c0000000, 0x00000000c5300000, 0x00000000eab00000)
  object space 84992K, 28% used [0x00000000c0000000,0x00000000c17dd7c8,0x00000000c5300000)
 Metaspace       used 6571K, capacity 7256K, committed 7424K, reserved 1058816K
  class space    used 629K, capacity 656K, committed 768K, reserved 1048576K
}

Deoptimization events (10 events):
Event: 11.691 Thread 0x0000000016dfa000 Uncommon trap: reason=unstable_if action=reinterpret pc=0x0000000003733404 method=com.android.dx.rop.code.BasicBlockList.preferredSuccessorOf(Lcom/android/dx/rop/code/BasicBlock;)Lcom/android/dx/rop/code/BasicBlock; @ 58
Event: 11.691 Thread 0x0000000016dfa000 Uncommon trap: reason=unstable_if action=reinterpret pc=0x0000000003555434 method=com.android.dx.rop.code.BasicBlockList.preferredSuccessorOf(Lcom/android/dx/rop/code/BasicBlock;)Lcom/android/dx/rop/code/BasicBlock; @ 58
Event: 11.836 Thread 0x0000000016e01800 Uncommon trap: reason=unstable_if action=reinterpret pc=0x00000000032120a8 method=java.util.HashMap.putVal(ILjava/lang/Object;Ljava/lang/Object;ZZ)Ljava/lang/Object; @ 109
Event: 11.969 Thread 0x0000000016dfa000 Uncommon trap: reason=bimorphic action=maybe_recompile pc=0x00000000036616b0 method=com.android.dx.ssa.LiteralOpUpgrader.tryReplacingWithConstant(Lcom/android/dx/ssa/NormalSsaInsn;)Z @ 62
Event: 12.088 Thread 0x0000000016dfa000 Uncommon trap: reason=unstable_if action=reinterpret pc=0x00000000037263e0 method=com.android.dx.cf.code.Ropper.isSynchronized()Z @ 12
Event: 12.235 Thread 0x0000000016dfd800 Uncommon trap: reason=unstable_if action=reinterpret pc=0x00000000036fd2b0 method=com.android.dx.rop.code.DexTranslationAdvice.hasConstantOperation(Lcom/android/dx/rop/code/Rop;Lcom/android/dx/rop/code/RegisterSpec;Lcom/android/dx/rop/code/RegisterSpec;)Z 
Event: 12.418 Thread 0x0000000002d42800 Uncommon trap: reason=unstable_if action=reinterpret pc=0x000000000373f5a4 method=com.android.dx.cf.code.Simulator$SimVisitor.visitLocal(IIIILcom/android/dx/rop/type/Type;I)V @ 222
Event: 12.719 Thread 0x0000000016e02000 Uncommon trap: reason=unstable_if action=reinterpret pc=0x00000000034dbf08 method=java.util.HashMap.resize()[Ljava/util/HashMap$Node; @ 206
Event: 12.786 Thread 0x0000000016dfa000 Uncommon trap: reason=unstable_if action=reinterpret pc=0x00000000033e93cc method=com.android.dx.ssa.MoveParamCombiner$1.visitNonMoveInsn(Lcom/android/dx/ssa/NormalSsaInsn;)V @ 27
Event: 12.843 Thread 0x0000000016dfd800 Uncommon trap: reason=bimorphic action=maybe_recompile pc=0x00000000033fdba0 method=com.android.dx.ssa.SCCP.simulatePhi(Lcom/android/dx/ssa/PhiInsn;)V @ 124

Internal exceptions (7 events):
Event: 0.779 Thread 0x0000000002d42800 Exception <a 'java/lang/NoSuchMethodError': Method sun.misc.Unsafe.defineClass(Ljava/lang/String;[BII)Ljava/lang/Class; name or signature does not match> (0x00000000eab07cc0) thrown at [D:\re\workspace\8-2-build-windows-amd64-cygwin\jdk8u92\6642\hotspot\sr!
Event: 0.779 Thread 0x0000000002d42800 Exception <a 'java/lang/NoSuchMethodError': Method sun.misc.Unsafe.prefetchRead(Ljava/lang/Object;J)V name or signature does not match> (0x00000000eab07fa8) thrown at [D:\re\workspace\8-2-build-windows-amd64-cygwin\jdk8u92\6642\hotspot\src\share\vm\prims\jè­ïœ(/@
Event: 6.546 Thread 0x0000000016dfd800 Implicit null exception at 0x00000000033eee6c to 0x00000000033f19ed
Event: 11.104 Thread 0x0000000016dfd800 Exception <a 'java/lang/ArrayIndexOutOfBoundsException': 18> (0x00000000edfd87f8) thrown at [D:\re\workspace\8-2-build-windows-amd64-cygwin\jdk8u92\6642\hotspot\src\share\vm\interpreter\interpreterRuntime.cpp, line 366]
Event: 11.105 Thread 0x0000000016dfd800 Exception <a 'java/lang/ArrayIndexOutOfBoundsException'> (0x00000000edfda378) thrown at [D:\re\workspace\8-2-build-windows-amd64-cygwin\jdk8u92\6642\hotspot\src\share\vm\runtime\sharedRuntime.cpp, line 605]
Event: 11.106 Thread 0x0000000016dfd800 Exception <a 'java/lang/ArrayIndexOutOfBoundsException'> (0x00000000edfdb660) thrown at [D:\re\workspace\8-2-build-windows-amd64-cygwin\jdk8u92\6642\hotspot\src\share\vm\runtime\sharedRuntime.cpp, line 605]
Event: 12.418 Thread 0x0000000002d42800 Implicit null exception at 0x000000000373ddf7 to 0x000000000373f569

Events (10 events):
Event: 12.719 Thread 0x0000000016e02000 DEOPT PACKING pc=0x00000000034dbf08 sp=0x000000001786e8e0
Event: 12.719 Thread 0x0000000016e02000 DEOPT UNPACKING pc=0x0000000002e8582a sp=0x000000001786e848 mode 2
Event: 12.786 Thread 0x0000000016dfa000 Uncommon trap: trap_request=0xffffff65 fr.pc=0x00000000033e93cc
Event: 12.786 Thread 0x0000000016dfa000 DEOPT PACKING pc=0x00000000033e93cc sp=0x000000001746ea30
Event: 12.786 Thread 0x0000000016dfa000 DEOPT UNPACKING pc=0x0000000002e8582a sp=0x000000001746e988 mode 2
Event: 12.843 Thread 0x0000000016dfd800 Uncommon trap: trap_request=0xffffffc6 fr.pc=0x00000000033fdba0
Event: 12.843 Thread 0x0000000016dfd800 DEOPT PACKING pc=0x00000000033fdba0 sp=0x000000001766ee50
Event: 12.843 Thread 0x0000000016dfd800 DEOPT UNPACKING pc=0x0000000002e8582a sp=0x000000001766edd8 mode 2
Event: 12.937 Executing VM operation: ParallelGCFailedAllocation
Event: 13.261 Executing VM operation: ParallelGCFailedAllocation done


Dynamic libraries:
0x00007ff62b290000 - 0x00007ff62b2c7000 	D:\Program Files\Java\jdk1.8.0_92\bin\java.exe
0x00007ffa0c170000 - 0x00007ffa0c331000 	C:\WINDOWS\SYSTEM32\ntdll.dll
0x00007ffa09b80000 - 0x00007ffa09c2d000 	C:\WINDOWS\system32\KERNEL32.DLL
0x00007ffa09050000 - 0x00007ffa09238000 	C:\WINDOWS\system32\KERNELBASE.dll
0x00007ffa097d0000 - 0x00007ffa09877000 	C:\WINDOWS\system32\ADVAPI32.dll
0x00007ffa09960000 - 0x00007ffa099fd000 	C:\WINDOWS\system32\msvcrt.dll
0x00007ffa0c000000 - 0x00007ffa0c05b000 	C:\WINDOWS\system32\sechost.dll
0x00007ffa09a00000 - 0x00007ffa09b1c000 	C:\WINDOWS\system32\RPCRT4.dll
0x00007ffa0a410000 - 0x00007ffa0a566000 	C:\WINDOWS\system32\USER32.dll
0x00007ffa09e20000 - 0x00007ffa09fa6000 	C:\WINDOWS\system32\GDI32.dll
0x00007ffa07530000 - 0x00007ffa077a4000 	C:\WINDOWS\WinSxS\amd64_microsoft.windows.common-controls_6595b64144ccf1df_6.0.10586.494_none_a2d8b04ea53e3145\COMCTL32.dll
0x00007ffa0a080000 - 0x00007ffa0a2fd000 	C:\WINDOWS\system32\combase.dll
0x00007ffa08620000 - 0x00007ffa0868a000 	C:\WINDOWS\system32\bcryptPrimitives.dll
0x00007ffa09790000 - 0x00007ffa097cb000 	C:\WINDOWS\system32\IMM32.DLL
0x00007ffa08450000 - 0x00007ffa08481000 	C:\windows\system32\nvinitx.dll
0x00007ffa08440000 - 0x00007ffa0844a000 	C:\WINDOWS\SYSTEM32\VERSION.dll
0x000000006c2c0000 - 0x000000006c2c6000 	C:\Program Files\NVIDIA Corporation\CoProcManager\_etoured.dll
0x00007ffa05fd0000 - 0x00007ffa06002000 	C:\Program Files\NVIDIA Corporation\CoProcManager\nvd3d9wrapx.dll
0x00007ffa0bbd0000 - 0x00007ffa0bff9000 	C:\WINDOWS\system32\SETUPAPI.dll
0x00007ffa092a0000 - 0x00007ffa092e3000 	C:\WINDOWS\system32\CFGMGR32.dll
0x00007ffa05fa0000 - 0x00007ffa05fc2000 	C:\Program Files\NVIDIA Corporation\CoProcManager\nvdxgiwrapx.dll
0x0000000069c20000 - 0x0000000069cf2000 	D:\Program Files\Java\jdk1.8.0_92\jre\bin\msvcr100.dll
0x0000000069fb0000 - 0x000000006a846000 	D:\Program Files\Java\jdk1.8.0_92\jre\bin\server\jvm.dll
0x0000000000c80000 - 0x0000000000ca3000 	C:\WINDOWS\system32\WINMM.dll
0x00007ffa085a0000 - 0x00007ffa085cc000 	C:\WINDOWS\system32\WINMMBASE.dll
0x00007ffa09fb0000 - 0x00007ffa09fb8000 	C:\WINDOWS\system32\PSAPI.DLL
0x00007ff9fc930000 - 0x00007ff9fc939000 	C:\WINDOWS\SYSTEM32\WSOCK32.dll
0x00007ffa0a600000 - 0x00007ffa0a66b000 	C:\WINDOWS\system32\WS2_32.dll
0x000000006ae80000 - 0x000000006ae8f000 	D:\Program Files\Java\jdk1.8.0_92\jre\bin\verify.dll
0x000000006ae50000 - 0x000000006ae79000 	D:\Program Files\Java\jdk1.8.0_92\jre\bin\java.dll
0x000000006ae30000 - 0x000000006ae46000 	D:\Program Files\Java\jdk1.8.0_92\jre\bin\zip.dll
0x00007ffa0a670000 - 0x00007ffa0bbcc000 	C:\WINDOWS\system32\SHELL32.dll
0x00007ffa086b0000 - 0x00007ffa08cf5000 	C:\WINDOWS\system32\windows.storage.dll
0x00007ffa09880000 - 0x00007ffa098d2000 	C:\WINDOWS\system32\shlwapi.dll
0x00007ffa08560000 - 0x00007ffa0856f000 	C:\WINDOWS\system32\kernel.appcore.dll
0x00007ffa092f0000 - 0x00007ffa093a5000 	C:\WINDOWS\system32\shcore.dll
0x00007ffa085d0000 - 0x00007ffa0861b000 	C:\WINDOWS\system32\powrprof.dll
0x00007ffa08570000 - 0x00007ffa08584000 	C:\WINDOWS\system32\profapi.dll

VM Arguments:
jvm_args: -Djava.awt.headless=true -Xmx1024M -Dfile.encoding=GBK -Duser.country=CN -Duser.language=zh -Duser.variant 
java_command: com.android.dx.command.Main --dex --force-jumbo --num-threads=4 --multi-dex --output D:\AndroidStudioProjects\Study\ToMother\app\build\intermediates\transforms\dex\debug\folders\1000\10\com.android.support-appcompat-v7-24.1.1_5085c13b95b5ebbf3078161ccef331e9b0bb59cd D:\AndroidStudioProjects\Study\ToMother\app\build\intermediates\exploded-aar\com.android.support\appcompat-v7\24.1.1\jars\classes.jar
java_class_path (initial): D:\AppData\Local\Android\sdk\build-tools\24.0.0\lib\dx.jar
Launcher Type: SUN_STANDARD

Environment Variables:
JAVA_HOME=D:\Program Files\Java\jdk1.8.0_92
CLASSPATH=.;D:\Program Files\Java\jdk1.8.0_92\lib\dt.jar;D:\Program Files\Java\jdk1.8.0_92\lib\tools.jar;
PATH=C:\ProgramData\Oracle\Java\javapath;C:\WINDOWS\system32;C:\WINDOWS;C:\WINDOWS\System32\Wbem;C:\WINDOWS\System32\WindowsPowerShell\v1.0\;C:\Program Files\Intel\WiFi\bin\;C:\Program Files\Common Files\Intel\WirelessCommon\;C:\Program Files\ThinkPad\Bluetooth Software\;C:\Program Files\ThinkPad\Bluetooth Software\syswow64;C:\WINDOWS\system32\config\systemprofile\.dnx\bin;C:\Program Files\Microsoft DNX\Dnvm\;C:\Program Files (x86)\Windows Kits\8.1\Windows Performance Toolkit\;C:\Program Files\Microsoft SQL Server\130\Tools\Binn\;D:\Program Files\TortoiseGit\bin;d:\Program Files\Git\cmd;C:\Program Files\IDM Computer Solutions\UltraCompare;%JAVA_HOME;C:\Program Files\Intel\WiFi\bin\;C:\Program Files\Common Files\Intel\WirelessCommon\
USERNAME=leebisheng
OS=Windows_NT
PROCESSOR_IDENTIFIER=Intel64 Family 6 Model 58 Stepping 9, GenuineIntel



---------------  S Y S T E M  ---------------

OS: Windows 10.0 , 64 bit Build 10586 (10.0.10586.0)

CPU:total 4 (2 cores per cpu, 2 threads per core) family 6 model 58 stepping 9, cmov, cx8, fxsr, mmx, sse, sse2, sse3, ssse3, sse4.1, sse4.2, popcnt, avx, aes, clmul, erms, ht, tsc, tscinvbit, tscinv

Memory: 4k page, physical 8074724k(182684k free), swap 12269028k(5128k free)

vm_info: Java HotSpot(TM) 64-Bit Server VM (25.92-b14) for windows-amd64 JRE (1.8.0_92-b14), built on Mar 31 2016 21:03:04 by "java_re" with MS VC++ 10.0 (VS2010)

time: Wed Aug 17 16:07:37 2016
elapsed time: 13 seconds (0d 0h 0m 13s)

