JvmtiExport can_access_local_variables 0
JvmtiExport can_hotswap_or_post_breakpoint 0
JvmtiExport can_post_on_exceptions 0
# 257 ciObject found
ciMethod java/util/ArrayList <init> ()V 129 1 12513 0 -1
ciMethod java/util/ArrayList add (Ljava/lang/Object;)Z 641 1 35652 0 -1
ciMethod com/android/dx/rop/cst/ConstantPool get (I)Lcom/android/dx/rop/cst/Constant; 0 0 1 0 -1
ciMethod com/android/dx/util/ByteArray getByte (I)I 81 1 108 0 0
ciMethod com/android/dx/util/ByteArray getShort (I)I 321 1 365 0 0
ciMethod com/android/dx/util/ByteArray getInt (I)I 953 1 3037 0 0
ciMethod com/android/dx/util/ByteArray getUnsignedByte (I)I 2697 1 36699 0 224
ciMethod com/android/dx/util/ByteArray getUnsignedShort (I)I 2049 1 16746 0 288
ciMethod com/android/dx/util/ByteArray checkOffsets (II)V 3425 1 5548 0 128
ciMethod com/android/dx/util/ByteArray getByte0 (I)I 2097 1 3510 0 0
ciMethod com/android/dx/util/ByteArray getUnsignedByte0 (I)I 2465 1 85222 0 96
ciMethod com/android/dx/cf/code/BytecodeArray$Visitor visitInvalid (III)V 0 0 1 0 -1
ciMethod com/android/dx/cf/code/BytecodeArray$Visitor visitNoArgs (IIILcom/android/dx/rop/type/Type;)V 0 0 1 0 -1
ciMethod com/android/dx/cf/code/BytecodeArray$Visitor visitLocal (IIIILcom/android/dx/rop/type/Type;I)V 0 0 1 0 -1
ciMethod com/android/dx/cf/code/BytecodeArray$Visitor visitConstant (IIILcom/android/dx/rop/cst/Constant;I)V 0 0 1 0 -1
ciMethod com/android/dx/cf/code/BytecodeArray$Visitor visitBranch (IIII)V 0 0 1 0 -1
ciMethod com/android/dx/cf/code/BytecodeArray$Visitor visitSwitch (IIILcom/android/dx/cf/code/SwitchList;I)V 0 0 1 0 -1
ciMethod com/android/dx/cf/code/BytecodeArray$Visitor visitNewarray (IILcom/android/dx/rop/cst/CstType;Ljava/util/ArrayList;)V 0 0 1 0 -1
ciMethod com/android/dx/cf/code/BytecodeArray$Visitor getPreviousOffset ()I 0 0 1 0 -1
ciMethod com/android/dx/rop/cst/CstInteger make (I)Lcom/android/dx/rop/cst/CstInteger; 129 1 579 0 -1
ciMethod com/android/dx/rop/cst/CstInteger <init> (I)V 289 1 36 0 -1
ciMethod com/android/dx/rop/cst/CstInteger getValue ()I 1761 1 1808 0 0
ciMethod com/android/dx/rop/cst/CstLiteral32 getIntBits ()I 1185 1 148 0 0
ciMethod com/android/dx/rop/cst/CstFieldRef getType ()Lcom/android/dx/rop/type/Type; 1025 1 621 0 -1
ciMethod com/android/dx/rop/cst/CstBaseMethodRef getPrototype (Z)Lcom/android/dx/rop/type/Prototype; 2049 1 614 0 -1
ciMethod com/android/dx/rop/cst/CstInterfaceMethodRef toMethodRef ()Lcom/android/dx/rop/cst/CstMethodRef; 345 1 43 0 -1
ciMethod com/android/dx/rop/cst/StdConstantPool get (I)Lcom/android/dx/rop/cst/Constant; 3129 1 9706 0 0
ciMethod com/android/dx/rop/cst/StdConstantPool throwInvalid (I)Lcom/android/dx/rop/cst/Constant; 0 0 1 0 -1
ciMethod com/android/dx/rop/type/Type getBasicFrameType ()I 4097 1 1547 0 -1
ciMethod com/android/dx/rop/type/Type isCategory1 ()Z 97 1 12 0 -1
ciMethod com/android/dx/rop/type/Type isCategory2 ()Z 4097 1 905 0 -1
ciMethod com/android/dx/rop/type/Type isArrayOrKnownNull ()Z 49 1 6 0 -1
ciMethod com/android/dx/rop/type/Type getComponentType ()Lcom/android/dx/rop/type/Type; 0 0 53 0 -1
ciMethod com/android/dx/rop/type/Prototype internInts (Lcom/android/dx/rop/type/Type;I)Lcom/android/dx/rop/type/Prototype; 0 0 1 0 -1
ciMethodData com/android/dx/util/ByteArray getUnsignedByte0 (I)I 2 85222 orig 264 104 225 88 106 0 0 0 0 0 150 94 21 0 0 0 0 40 1 0 0 0 0 0 0 0 0 0 0 0 0 0 0 0 0 0 0 0 0 0 0 0 0 0 0 0 0 0 0 0 0 0 0 0 0 0 0 0 0 0 0 0 0 0 0 0 0 0 0 0 0 0 0 0 0 0 0 0 0 0 0 77 68 79 32 101 120 116 114 97 32 100 97 116 97 32 108 111 99 107 0 0 0 0 0 0 0 0 0 0 0 0 0 0 0 0 0 0 0 0 0 0 0 0 0 0 0 0 0 0 0 0 0 0 0 0 0 0 0 0 0 0 0 0 0 0 0 0 0 0 0 0 0 0 0 0 0 0 0 0 0 0 0 0 0 0 0 0 0 0 0 0 0 0 0 0 0 0 0 0 0 0 0 0 0 1 0 0 0 0 0 0 0 0 0 0 0 0 0 0 0 1 0 0 0 0 0 0 0 0 0 0 0 0 0 0 0 49 1 0 0 145 93 10 0 1 0 0 0 0 0 0 0 0 0 0 0 2 0 0 0 0 0 3 0 1 0 0 0 0 0 0 0 255 255 255 255 0 0 0 0 0 0 0 0 data 0 oops 0
ciMethodData com/android/dx/util/ByteArray checkOffsets (II)V 2 5548 orig 264 104 225 88 106 0 0 0 0 120 148 94 21 0 0 0 0 40 3 0 0 64 0 0 0 0 0 0 0 0 0 0 0 0 0 0 0 0 0 0 0 0 0 0 0 0 0 0 0 0 0 0 0 0 0 0 0 0 0 0 0 0 0 0 0 0 0 0 0 0 0 0 0 0 0 0 0 0 0 0 0 77 68 79 32 101 120 116 114 97 32 100 97 116 97 32 108 111 99 107 0 0 0 0 0 0 0 0 0 0 0 0 0 0 0 0 0 0 0 0 0 0 0 0 0 0 0 0 0 0 0 0 0 0 0 0 0 0 0 0 0 0 0 0 0 0 0 0 0 0 0 0 0 0 0 0 0 0 0 0 0 0 0 0 0 0 0 0 0 0 0 0 0 0 0 0 0 0 0 0 0 0 0 0 0 25 0 0 0 0 0 0 0 0 0 0 0 0 0 0 0 1 0 0 0 0 0 0 0 0 0 0 0 0 0 0 0 172 1 0 0 1 160 0 0 1 0 0 0 0 0 0 0 0 0 0 0 2 0 0 0 0 0 10 0 2 0 0 0 208 1 0 0 255 255 255 255 7 0 1 0 0 0 0 0 data 58 0x10007 0x0 0x60 0x1400 0x60007 0x0 0x40 0x1400 0xe0007 0x1400 0x190 0x0 0x190002 0x0 0x1e0005 0x0 0x0 0x0 0x0 0x0 0x220005 0x0 0x0 0x0 0x0 0x0 0x270005 0x0 0x0 0x0 0x0 0x0 0x2b0005 0x0 0x0 0x0 0x0 0x0 0x300005 0x0 0x0 0x0 0x0 0x0 0x370005 0x0 0x0 0x0 0x0 0x0 0x3a0005 0x0 0x0 0x0 0x0 0x0 0x3d0002 0x0 oops 0
ciMethodData com/android/dx/util/ByteArray getUnsignedByte (I)I 2 36699 orig 264 104 225 88 106 0 0 0 0 184 145 94 21 0 0 0 0 72 1 0 0 0 0 0 0 0 0 0 0 0 0 0 0 0 0 0 0 0 0 0 0 0 0 0 0 0 0 0 0 0 0 0 0 0 0 0 0 0 0 0 0 0 0 0 0 0 0 0 0 0 0 0 0 0 0 0 0 0 0 0 0 77 68 79 32 101 120 116 114 97 32 100 97 116 97 32 108 111 99 107 0 0 0 0 0 0 0 0 0 0 0 0 0 0 0 0 0 0 0 0 0 0 0 0 0 0 0 0 0 0 0 0 0 0 0 0 0 0 0 0 0 0 0 0 0 0 0 0 0 0 0 0 0 0 0 0 0 0 0 0 0 0 0 0 0 0 0 0 0 0 0 0 0 0 0 0 0 0 0 0 0 0 0 0 0 17 0 0 0 0 0 0 0 0 0 0 0 0 0 0 0 1 0 0 0 0 0 0 0 0 0 0 0 0 0 0 0 81 1 0 0 81 112 4 0 1 0 0 0 0 0 0 0 0 0 0 0 2 0 0 0 0 0 3 0 2 0 0 0 32 0 0 0 255 255 255 255 2 0 5 0 0 0 0 0 data 4 0x50002 0x8e09 0xa0002 0x8e0b oops 0
ciMethod com/android/dx/cf/code/BytecodeArray parseInstruction (ILcom/android/dx/cf/code/BytecodeArray$Visitor;)I 4105 1 5633 0 -1
ciMethod com/android/dx/cf/code/BytecodeArray parseTableswitch (ILcom/android/dx/cf/code/BytecodeArray$Visitor;)I 17 161 4 0 0
ciMethod com/android/dx/cf/code/BytecodeArray parseLookupswitch (ILcom/android/dx/cf/code/BytecodeArray$Visitor;)I 33 257 4 0 0
ciMethod com/android/dx/cf/code/BytecodeArray parseNewarray (ILcom/android/dx/cf/code/BytecodeArray$Visitor;)I 0 0 4 0 0
ciMethod com/android/dx/cf/code/BytecodeArray parseWide (ILcom/android/dx/cf/code/BytecodeArray$Visitor;)I 0 0 1 0 0
ciMethod com/android/dx/cf/code/ByteCatchList listFor (I)Lcom/android/dx/cf/code/ByteCatchList; 4097 1 1102 0 -1
ciMethod com/android/dx/cf/code/ByteCatchList toTargetList (I)Lcom/android/dx/util/IntList; 4097 1 1102 0 -1
ciMethod com/android/dx/cf/code/LocalVariableList pcAndIndexToLocal (II)Lcom/android/dx/cf/code/LocalVariableList$Item; 4097 4113 1447 0 -1
ciMethod com/android/dx/cf/code/LocalVariableList$Item getLocalItem ()Lcom/android/dx/rop/code/LocalItem; 3833 1 486 0 -1
ciMethod com/android/dx/cf/code/LocalVariableList$Item getType ()Lcom/android/dx/rop/type/Type; 4097 1 1018 0 -1
ciMethodData com/android/dx/util/ByteArray getUnsignedShort (I)I 2 16746 orig 264 104 225 88 106 0 0 0 0 128 146 94 21 0 0 0 0 88 1 0 0 0 0 0 0 0 0 0 0 0 0 0 0 0 0 0 0 0 0 0 0 0 0 0 0 0 0 0 0 0 0 0 0 0 0 0 0 0 0 0 0 0 0 0 0 0 0 0 0 0 0 0 0 0 0 0 0 0 0 0 0 77 68 79 32 101 120 116 114 97 32 100 97 116 97 32 108 111 99 107 0 0 0 0 0 0 0 0 0 0 0 0 0 0 0 0 0 0 0 0 0 0 0 0 0 0 0 0 0 0 0 0 0 0 0 0 0 0 0 0 0 0 0 0 0 0 0 0 0 0 0 0 0 0 0 0 0 0 0 0 0 0 0 0 0 0 0 0 0 0 0 0 0 0 0 0 0 0 0 0 0 0 0 0 0 0 0 0 0 0 0 0 0 0 0 0 0 0 0 0 0 0 0 0 0 0 0 0 0 0 0 0 0 0 0 0 0 0 1 0 0 81 3 2 0 1 0 0 0 0 0 0 0 0 0 0 0 2 0 0 0 0 0 3 0 2 0 0 0 48 0 0 0 255 255 255 255 2 0 5 0 0 0 0 0 data 6 0x50002 0x4069 0xa0002 0x4069 0x140002 0x4068 oops 0
ciMethodData com/android/dx/rop/cst/StdConstantPool get (I)Lcom/android/dx/rop/cst/Constant; 2 9706 orig 264 104 225 88 106 0 0 0 0 136 110 95 21 0 0 0 0 144 1 0 0 32 0 0 0 0 0 0 0 0 0 0 0 0 0 0 0 0 0 0 0 0 0 0 0 0 0 0 0 0 0 0 0 0 0 0 0 0 0 0 0 0 0 0 0 0 0 0 0 0 0 0 0 0 0 0 0 0 0 0 0 77 68 79 32 101 120 116 114 97 32 100 97 116 97 32 108 111 99 107 0 0 0 0 0 0 0 0 0 0 0 0 0 0 0 0 0 0 0 0 0 0 0 0 0 0 0 0 0 0 0 0 0 0 0 0 0 0 0 0 0 0 0 0 0 0 0 0 0 0 0 0 0 0 0 0 0 0 0 0 0 0 0 0 0 0 0 0 0 0 0 0 0 0 0 0 0 0 0 0 0 0 0 0 0 0 0 0 0 0 0 0 0 0 0 0 0 0 0 0 0 0 0 0 0 0 0 0 0 0 0 0 0 0 0 0 0 135 1 0 0 25 35 1 0 1 0 0 0 0 0 0 0 0 0 0 0 2 0 0 0 0 0 7 0 2 0 0 0 64 0 0 0 255 255 255 255 7 0 8 0 0 0 0 0 data 8 0x80007 0x2462 0x30 0x0 0xc0002 0x0 0x140002 0x0 oops 0
ciMethodData com/android/dx/util/ByteArray getByte0 (I)I 2 3510 orig 264 104 225 88 106 0 0 0 0 72 149 94 21 0 0 0 0 40 1 0 0 0 0 0 0 0 0 0 0 0 0 0 0 0 0 0 0 0 0 0 0 0 0 0 0 0 0 0 0 0 0 0 0 0 0 0 0 0 0 0 0 0 0 0 0 0 0 0 0 0 0 0 0 0 0 0 0 0 0 0 0 77 68 79 32 101 120 116 114 97 32 100 97 116 97 32 108 111 99 107 0 0 0 0 0 0 0 0 0 0 0 0 0 0 0 0 0 0 0 0 0 0 0 0 0 0 0 0 0 0 0 0 0 0 0 0 0 0 0 0 0 0 0 0 0 0 0 0 0 0 0 0 0 0 0 0 0 0 0 0 0 0 0 0 0 0 0 0 0 0 0 0 0 0 0 0 0 0 0 0 0 0 0 0 0 1 0 0 0 0 0 0 0 0 0 0 0 0 0 0 0 1 0 0 0 0 0 0 0 0 0 0 0 0 0 0 0 6 1 0 0 129 101 0 0 1 0 0 0 0 0 0 0 0 0 0 0 2 0 0 0 0 0 0 0 0 0 0 0 0 0 0 0 255 255 255 255 0 0 0 0 0 0 0 0 data 0 oops 0
ciMethod com/android/dx/cf/code/ConcreteMethod getCatches ()Lcom/android/dx/cf/code/ByteCatchList; 4097 1 2922 0 -1
ciMethod com/android/dx/cf/code/Machine clearArgs ()V 0 0 1 0 -1
ciMethod com/android/dx/cf/code/Machine popArgs (Lcom/android/dx/cf/code/Frame;I)V 0 0 1 0 -1
ciMethod com/android/dx/cf/code/Machine popArgs (Lcom/android/dx/cf/code/Frame;Lcom/android/dx/rop/type/Prototype;)V 0 0 1 0 -1
ciMethod com/android/dx/cf/code/Machine popArgs (Lcom/android/dx/cf/code/Frame;Lcom/android/dx/rop/type/Type;)V 0 0 1 0 -1
ciMethod com/android/dx/cf/code/Machine popArgs (Lcom/android/dx/cf/code/Frame;Lcom/android/dx/rop/type/Type;Lcom/android/dx/rop/type/Type;)V 0 0 1 0 -1
ciMethod com/android/dx/cf/code/Machine popArgs (Lcom/android/dx/cf/code/Frame;Lcom/android/dx/rop/type/Type;Lcom/android/dx/rop/type/Type;Lcom/android/dx/rop/type/Type;)V 0 0 1 0 -1
ciMethod com/android/dx/cf/code/Machine localArg (Lcom/android/dx/cf/code/Frame;I)V 0 0 1 0 -1
ciMethod com/android/dx/cf/code/Machine localInfo (Z)V 0 0 1 0 -1
ciMethod com/android/dx/cf/code/Machine auxType (Lcom/android/dx/rop/type/Type;)V 0 0 1 0 -1
ciMethod com/android/dx/cf/code/Machine auxIntArg (I)V 0 0 1 0 -1
ciMethod com/android/dx/cf/code/Machine auxCstArg (Lcom/android/dx/rop/cst/Constant;)V 0 0 1 0 -1
ciMethod com/android/dx/cf/code/Machine auxTargetArg (I)V 0 0 1 0 -1
ciMethod com/android/dx/cf/code/Machine localTarget (ILcom/android/dx/rop/type/Type;Lcom/android/dx/rop/code/LocalItem;)V 0 0 1 0 -1
ciMethod com/android/dx/cf/code/Machine run (Lcom/android/dx/cf/code/Frame;II)V 0 0 1 0 -1
ciMethod com/android/dx/cf/code/BasicBlocker visitNoArgs (IIILcom/android/dx/rop/type/Type;)V 2993 1 346 0 0
ciMethod com/android/dx/cf/code/BasicBlocker visitLocal (IIIILcom/android/dx/rop/type/Type;I)V 4097 1 1074 0 0
ciMethod com/android/dx/cf/code/BasicBlocker visitConstant (IIILcom/android/dx/rop/cst/Constant;I)V 4097 1 1244 0 0
ciMethod com/android/dx/cf/code/BasicBlocker visitBranch (IIII)V 1665 1 186 0 0
ciMethod com/android/dx/cf/code/BasicBlocker addWorkIfNecessary (IZ)V 3073 1 4022 0 0
ciMethod com/android/dx/cf/code/BasicBlocker visitCommon (IIZ)V 3089 1 2857 0 0
ciMethod com/android/dx/cf/code/BasicBlocker visitThrowing (IIZ)V 4097 1 1102 0 0
ciMethod com/android/dx/util/Bits get ([II)Z 3241 1 9800 0 128
ciMethod com/android/dx/util/Bits set ([II)V 4097 1 11292 0 128
ciMethod com/android/dx/util/IntList makeImmutable (I)Lcom/android/dx/util/IntList; 4097 1 2249 0 -1
ciMethod com/android/dx/util/IntList makeImmutable (II)Lcom/android/dx/util/IntList; 1209 1 130 0 -1
ciMethod com/android/dx/cf/code/ByteOps opInfo (I)I 4169 1 5635 0 0
ciMethod com/android/dx/cf/code/BaseMachine throwLocalMismatch (Lcom/android/dx/rop/type/TypeBearer;Lcom/android/dx/rop/type/TypeBearer;)V 0 0 1 0 -1
ciMethod com/android/dx/cf/code/Simulator access$100 ()Lcom/android/dx/cf/code/SimException; 0 0 1 0 -1
ciMethod com/android/dx/cf/code/Simulator access$200 (Lcom/android/dx/rop/type/Type;Lcom/android/dx/rop/type/Type;)Lcom/android/dx/rop/type/Type; 201 1 25 0 -1
ciMethod com/android/dx/cf/code/Simulator access$300 (Lcom/android/dx/cf/code/Simulator;)Lcom/android/dx/cf/code/LocalVariableList; 1761 1 220 0 -1
ciMethod com/android/dx/cf/code/Simulator$SimVisitor visitInvalid (III)V 0 0 1 0 -1
ciMethod com/android/dx/cf/code/Simulator$SimVisitor visitNoArgs (IIILcom/android/dx/rop/type/Type;)V 2977 1 346 0 0
ciMethod com/android/dx/cf/code/Simulator$SimVisitor checkReturnType (Lcom/android/dx/rop/type/Type;)V 1873 1 215 0 -1
ciMethod com/android/dx/cf/code/Simulator$SimVisitor visitLocal (IIIILcom/android/dx/rop/type/Type;I)V 4097 1 1040 0 0
ciMethod com/android/dx/cf/code/Simulator$SimVisitor visitConstant (IIILcom/android/dx/rop/cst/Constant;I)V 4097 1 1205 0 0
ciMethod com/android/dx/cf/code/Simulator$SimVisitor visitBranch (IIII)V 1617 1 177 0 -1
ciMethod com/android/dx/cf/code/Frame getStack ()Lcom/android/dx/cf/code/ExecutionStack; 1137 1 142 0 -1
ciMethod com/android/dx/cf/code/ExecutionStack peekLocal (I)Z 97 1 12 0 -1
ciMethod com/android/dx/cf/code/ExecutionStack peekType (I)Lcom/android/dx/rop/type/Type; 1537 1 182 0 -1
ciMethodData com/android/dx/util/Bits set ([II)V 2 11292 orig 264 104 225 88 106 0 0 0 0 216 213 102 21 0 0 0 0 40 1 0 0 0 0 0 0 0 0 0 0 0 0 0 0 0 0 0 0 0 0 0 0 0 0 0 0 0 0 0 0 0 0 0 0 0 0 0 0 0 0 0 0 0 0 0 0 0 0 0 0 0 0 0 0 0 0 0 0 0 0 0 0 77 68 79 32 101 120 116 114 97 32 100 97 116 97 32 108 111 99 107 0 0 0 0 0 0 0 0 0 0 0 0 0 0 0 0 0 0 0 0 0 0 0 0 0 0 0 0 0 0 0 0 0 0 0 0 0 0 0 0 0 0 0 0 0 0 0 0 0 0 0 0 0 0 0 0 0 0 0 0 0 0 0 0 0 0 0 0 0 0 0 0 0 0 0 0 0 0 0 0 0 0 0 0 0 0 0 0 0 0 0 0 0 0 0 0 0 0 0 0 0 0 0 0 0 0 0 0 0 0 0 0 0 0 0 0 0 0 2 0 0 225 80 1 0 1 0 0 0 0 0 0 0 0 0 0 0 2 0 0 0 0 0 3 0 1 0 0 0 0 0 0 0 255 255 255 255 0 0 0 0 0 0 0 0 data 0 oops 0
ciMethod com/android/dx/cf/code/SwitchList <init> (I)V 81 1 8 0 -1
ciMethod com/android/dx/cf/code/SwitchList setImmutable ()V 81 1 8 0 -1
ciMethod com/android/dx/cf/code/SwitchList setDefaultTarget (I)V 81 1 8 0 -1
ciMethod com/android/dx/cf/code/SwitchList add (II)V 481 1 54 0 -1
ciMethod com/android/dx/cf/code/SwitchList removeSuperfluousDefaults ()V 81 481 8 0 -1
ciMethodData com/android/dx/util/Bits get ([II)Z 2 9800 orig 264 104 225 88 106 0 0 0 0 216 211 102 21 0 0 0 0 96 1 0 0 0 0 0 0 0 0 0 0 0 0 0 0 0 0 0 0 0 0 0 0 0 0 0 0 0 0 0 0 0 0 0 0 0 0 0 0 0 0 0 0 0 0 0 0 0 0 0 0 0 0 0 0 0 0 0 0 0 0 0 0 77 68 79 32 101 120 116 114 97 32 100 97 116 97 32 108 111 99 107 0 0 0 0 0 0 0 0 0 0 0 0 0 0 0 0 0 0 0 0 0 0 0 0 0 0 0 0 0 0 0 0 0 0 0 0 0 0 0 0 0 0 0 0 0 0 0 0 0 0 0 0 0 0 0 0 0 0 0 0 0 0 0 0 0 0 0 0 0 0 0 0 0 0 0 0 0 0 0 0 0 0 0 0 0 0 0 0 0 0 0 0 0 0 0 0 0 0 0 0 0 0 0 0 0 0 0 0 0 0 0 0 0 0 0 0 0 149 1 0 0 153 37 1 0 1 0 0 0 0 0 0 0 0 0 0 0 2 0 0 0 0 0 6 0 2 0 0 0 56 0 0 0 255 255 255 255 7 0 16 0 0 0 0 0 data 7 0x100007 0x18c7 0x38 0xbee 0x140003 0xbf0 0x18 oops 0
ciMethodData com/android/dx/rop/cst/CstInteger getValue ()I 2 1809 orig 264 104 225 88 106 0 0 0 0 16 249 94 21 0 0 0 0 120 1 0 0 0 0 0 0 0 0 0 0 0 0 0 0 0 0 0 0 0 0 0 0 0 0 0 0 0 0 0 0 0 0 0 0 0 0 0 0 0 0 0 0 0 0 0 0 0 0 0 0 0 0 0 0 0 0 0 0 0 0 0 0 77 68 79 32 101 120 116 114 97 32 100 97 116 97 32 108 111 99 107 0 0 0 0 0 0 0 0 0 0 0 0 0 0 0 0 0 0 0 0 0 0 0 0 0 0 0 0 0 0 0 0 0 0 0 0 0 0 0 0 0 0 0 0 0 0 0 0 0 0 0 0 0 0 0 0 0 0 0 0 0 0 0 0 0 0 0 0 0 0 0 0 0 0 0 0 0 0 0 0 0 0 0 0 0 0 0 0 0 0 0 0 0 0 0 0 0 0 0 0 0 0 0 0 0 0 0 0 0 0 0 0 0 0 0 0 0 220 0 0 0 169 49 0 0 1 0 0 0 0 0 0 0 0 0 0 0 2 0 0 0 0 0 3 0 2 0 0 0 48 0 0 0 255 255 255 255 5 0 1 0 0 0 0 0 data 6 0x10005 0x215 0x172b4e30 0x420 0x0 0x0 oops 1 2 com/android/dx/rop/cst/CstInteger
ciMethodData com/android/dx/cf/code/BytecodeArray parseInstruction (ILcom/android/dx/cf/code/BytecodeArray$Visitor;)I 2 5633 orig 264 104 225 88 106 0 0 0 0 32 241 96 21 0 0 0 0 0 40 0 0 224 35 0 0 0 0 0 0 0 0 0 0 0 0 0 0 0 0 0 0 0 0 0 0 0 0 0 0 0 0 0 0 0 0 0 0 0 0 0 0 0 0 0 0 0 0 0 0 0 0 0 0 0 0 0 0 0 0 0 0 77 68 79 32 101 120 116 114 97 32 100 97 116 97 32 108 111 99 107 0 0 0 0 0 0 0 0 0 0 0 0 0 0 0 0 0 0 0 0 0 0 0 0 0 0 0 0 0 0 0 0 0 0 0 0 0 0 0 0 0 0 0 0 0 0 0 0 0 0 0 0 0 0 0 0 0 0 0 0 0 0 0 0 0 0 0 0 0 0 0 0 0 0 0 0 0 0 0 0 0 0 0 0 0 0 0 0 0 0 0 0 0 0 0 0 0 0 0 0 0 0 0 0 0 0 0 0 0 0 0 0 0 0 0 0 0 1 2 0 0 1 160 0 0 1 0 0 0 0 0 0 0 0 0 0 0 2 0 0 0 0 0 239 0 2 0 0 0 40 38 0 0 255 255 255 255 7 0 1 0 0 0 0 0 data 1221 0x10007 0x1401 0x20 0x0 0xd0005 0xdf 0x172b4ac0 0x1323 0x0 0x0 0x120002 0x1400 0x1f0008 0x196 0x0 0x23c8 0x0 0xcc0 0x1 0xcf0 0x0 0xd20 0x0 0xd50 0x0 0xd80 0x0 0xdb0 0x0 0xde0 0x0 0xe10 0x0 0xe40 0x0 0xe70 0x0 0xea0 0x0 0xed0 0x0 0xf00 0x0 0xf30 0x0 0xf60 0x0 0xf90 0x8 0xfc0 0x0 0x1030 0x10 0x10a0 0x0 0x11f8 0x0 0x1350 0x4 0x13e0 0x0 0x1440 0x0 0x14a0 0x0 0x1500 0x0 0x1560 0x2 0x15c0 0x4 0x15c0 0x6 0x15c0 0x8 0x15c0 0x0 0x15f0 0x0 0x15f0 0x0 0x15f0 0x0 0x15f0 0x0 0x1620 0x0 0x1620 0x0 0x1620 0x0 0x1620 0x0 0x1650 0x0 0x1650 0x0 0x1650 0x0 0x1650 0xe 0x1680 0xc 0x1680 0x8 0x1680 0x2 0x1680 0x0 0x16b0 0x0 0x16e0 0x0 0x1710 0x0 0x1740 0x0 0x1770 0x0 0x17a0 0x0 0x17d0 0x0 0x1800 0x0 0x1830 0x0 0x1890 0x0 0x18f0 0x0 0x1950 0x0 0x19b0 0x0 0x1a10 0x0 0x1a10 0x0 0x1a10 0x0 0x1a10 0x0 0x1a40 0x0 0x1a40 0x0 0x1a40 0x0 0x1a40 0x0 0x1a70 0x0 0x1a70 0x0 0x1a70 0x0 0x1a70 0x0 0x1aa0 0x0 0x1aa0 0x0 0x1aa0 0x0 0x1aa0 0x0 0x1ad0 0x0 0x1ad0 0x0 0x1ad0 0x0 0x1ad0 0x0 0x1b00 0x0 0x1b30 0x0 0x1b60 0x0 0x1b90 0x0 0x1bc0 0x0 0x1bf0 0x0 0x1c20 0x0 0x1c50 0x0 0x1c80 0x0 0x1c80 0x10 0x1c80 0x0 0x1c80 0x0 0x1c80 0x0 0x1c80 0x0 0x1c80 0x0 0x1c80 0x0 0x1c80 0x0 0x1cb0 0x0 0x1ce0 0x0 0x1d10 0x0 0x1d40 0x0 0x1cb0 0x0 0x1ce0 0x0 0x1d10 0x0 0x1d40 0x0 0x1cb0 0x0 0x1ce0 0x0 0x1d10 0x0 0x1d40 0x0 0x1cb0 0x0 0x1ce0 0x0 0x1d10 0x0 0x1d40 0x0 0x1cb0 0x0 0x1ce0 0x0 0x1d10 0x0 0x1d40 0x0 0x1cb0 0x0 0x1ce0 0x0 0x1d10 0x0 0x1d40 0x0 0x1cb0 0x0 0x1ce0 0x0 0x1cb0 0x0 0x1ce0 0x0 0x1cb0 0x0 0x1ce0 0x0 0x1cb0 0x0 0x1ce0 0x0 0x1cb0 0x0 0x1ce0 0x0 0x1cb0 0x0 0x1ce0 0x0 0x1d70 0x0 0x1e00 0x0 0x1e30 0x0 0x1e60 0x0 0x1e90 0x0 0x1e30 0x0 0x1e60 0x0 0x1e90 0x0 0x1e00 0x0 0x1e60 0x0 0x1e90 0x0 0x1e00 0x0 0x1e30 0x0 0x1e90 0x0 0x1e90 0x0 0x1e90 0x0 0x1e90 0x0 0x1e90 0x0 0x1e90 0x0 0x1e90 0x0 0x1e90 0x0 0x1ec0 0x0 0x1ec0 0x0 0x1ec0 0x0 0x1ec0 0x0 0x1ec0 0x0 0x1ec0 0x0 0x1ec0 0x0 0x1ec0 0x8 0x1ec0 0x0 0x1ec0 0x0 0x1ec0 0x0 0x1ec0 0x0 0x1ec0 0x0 0x1ec0 0x0 0x1ec0 0x0 0x1ec0 0x0 0x1f20 0x2 0x1f80 0x1 0x1f90 0x2 0x1fa0 0x0 0x1fd0 0x0 0x2000 0x0 0x2030 0x29 0x2060 0x4 0x2090 0xa 0x20c0 0x0 0x20c0 0x0 0x20c0 0x0 0x20c0 0x0 0x20c0 0x14 0x20c0 0x10 0x20c0 0x2 0x2150 0x0 0x2240 0x10 0x20c0 0x0 0x2250 0x0 0x20c0 0x0 0x1e90 0x0 0x2090 0x0 0x20c0 0x0 0x20c0 0x0 0x2090 0x0 0x2090 0x0 0x2260 0x0 0x2270 0x0 0x1ec0 0x0 0x1ec0 0x0 0x2330 0x0 0x2330 0x35b0005 0x0 0x0 0x0 0x0 0x0 0x36b0005 0x0 0x172b4b70 0x18 0x172b4c20 0x17 0x37b0005 0x0 0x172b4c20 0x8 0x172b4b70 0x8 0x38b0005 0x0 0x172b4c20 0x2a 0x172b4b70 0x27 0x39b0005 0x0 0x172b4c20 0x20 0x172b4b70 0x1d 0x3ab0005 0x0 0x172b4c20 0x1 0x172b4b70 0x1 0x3bb0005 0x0 0x172b4c20 0x1 0x172b4b70 0x1 0x3cb0005 0x0 0x0 0x0 0x0 0x0 0x3db0005 0x0 0x172b4c20 0x1 0x172b4b70 0x1 0x3eb0005 0x0 0x0 0x0 0x0 0x0 0x3fb0005 0x0 0x0 0x0 0x0 0x0 0x40b0005 0x0 0x172b4c20 0x5 0x172b4b70 0x5 0x41b0005 0x0 0x172b4c20 0x3 0x172b4b70 0x3 0x42b0005 0x0 0x172b4c20 0x2 0x172b4b70 0x2 0x43b0005 0x0 0x0 0x0 0x0 0x0 0x44b0005 0x0 0x0 0x0 0x0 0x0 0x4590005 0x8 0x172b4ac0 0x30 0x0 0x0 0x4650002 0x38 0x46a0005 0x0 0x172b4c20 0x1c 0x172b4b70 0x1c 0x4780005 0x0 0x172b4ac0 0x2 0x0 0x0 0x4840002 0x2 0x4890005 0x0 0x172b4c20 0x1 0x172b4b70 0x1 0x4970005 0x10 0x172b4ac0 0xa2 0x0 0x0 0x4a20005 0x0 0x172b4cd0 0xb2 0x0 0x0 0x4ab0004 0xffffffffffffff5e 0x172b4d80 0x10 0x172b4e30 0x10 0x4ae0007 0xa2 0x98 0x10 0x4b30004 0x0 0x172b4e30 0x10 0x0 0x0 0x4b60005 0x0 0x172b4e30 0x10 0x0 0x0 0x4b90003 0x10 0x18 0x4c80005 0x0 0x172b4b70 0x58 0x172b4c20 0x5a 0x4d60005 0x0 0x0 0x0 0x0 0x0 0x4e10005 0x0 0x0 0x0 0x0 0x0 0x4ea0004 0x0 0x0 0x0 0x0 0x0 0x4ed0007 0x0 0x98 0x0 0x4f20004 0x0 0x0 0x0 0x0 0x0 0x4f50005 0x0 0x0 0x0 0x0 0x0 0x4f80003 0x0 0x18 0x5070005 0x0 0x0 0x0 0x0 0x0 0x5150005 0x0 0x0 0x0 0x0 0x0 0x5200005 0x0 0x0 0x0 0x0 0x0 0x52f0005 0x0 0x0 0x0 0x0 0x0 0x53d0005 0x4 0x172b4ac0 0x5d 0x0 0x0 0x54d0005 0x0 0x172b4c20 0x32 0x172b4b70 0x2f 0x55b0005 0x0 0x0 0x0 0x0 0x0 0x56b0005 0x0 0x0 0x0 0x0 0x0 0x5790005 0x0 0x0 0x0 0x0 0x0 0x5890005 0x0 0x0 0x0 0x0 0x0 0x5970005 0x0 0x0 0x0 0x0 0x0 0x5a70005 0x0 0x0 0x0 0x0 0x0 0x5b50005 0x0 0x172b4ac0 0x65 0x0 0x0 0x5c50005 0x0 0x172b4c20 0x35 0x172b4b70 0x30 0x5dd0005 0x0 0x172b4c20 0x3e 0x172b4b70 0x3e 0x5f50005 0x0 0x0 0x0 0x0 0x0 0x60d0005 0x0 0x172b4c20 0x8 0x172b4b70 0x8 0x6250005 0x0 0x0 0x0 0x0 0x0 0x63d0005 0x0 0x172b4c20 0x2d6 0x172b4b70 0x2bf 0x64c0005 0x0 0x172b4c20 0xa 0x172b4b70 0xa 0x65b0005 0x0 0x0 0x0 0x0 0x0 0x66a0005 0x0 0x0 0x0 0x0 0x0 0x6790005 0x0 0x0 0x0 0x0 0x0 0x6880005 0x0 0x172b4c20 0x3 0x172b4b70 0x3 0x6970005 0x0 0x0 0x0 0x0 0x0 0x6a60005 0x0 0x0 0x0 0x0 0x0 0x6b50005 0x0 0x0 0x0 0x0 0x0 0x6c30005 0x0 0x172b4ac0 0x1a 0x0 0x0 0x6d30005 0x0 0x172b4c20 0xd 0x172b4b70 0xd 0x6e10005 0x0 0x0 0x0 0x0 0x0 0x6f10005 0x0 0x0 0x0 0x0 0x0 0x6ff0005 0x0 0x0 0x0 0x0 0x0 0x70f0005 0x0 0x0 0x0 0x0 0x0 0x71d0005 0x0 0x0 0x0 0x0 0x0 0x72d0005 0x0 0x0 0x0 0x0 0x0 0x73b0005 0x0 0x172b4ac0 0x21 0x0 0x0 0x74b0005 0x0 0x172b4c20 0x11 0x172b4b70 0x10 0x7630005 0x0 0x172b4c20 0x6 0x172b4b70 0x6 0x77b0005 0x0 0x0 0x0 0x0 0x0 0x7930005 0x0 0x172b4c20 0x3 0x172b4b70 0x3 0x7ab0005 0x0 0x0 0x0 0x0 0x0 0x7c30005 0x0 0x172b4c20 0x23 0x172b4b70 0x23 0x7d20005 0x0 0x172b4c20 0xa 0x172b4b70 0xa 0x7e10005 0x0 0x0 0x0 0x0 0x0 0x7f00005 0x0 0x0 0x0 0x0 0x0 0x7ff0005 0x0 0x0 0x0 0x0 0x0 0x80e0005 0x0 0x172b4c20 0x2 0x172b4b70 0x2 0x81d0005 0x0 0x0 0x0 0x0 0x0 0x82c0005 0x0 0x0 0x0 0x0 0x0 0x83b0005 0x0 0x0 0x0 0x0 0x0 0x8490005 0x0 0x172b4c20 0x41 0x172b4b70 0x41 0x8570005 0x3 0x172b4c20 0x3 0x172b4ee0 0x2 0x8670005 0x0 0x0 0x0 0x0 0x0 0x8770005 0x0 0x172b4c20 0x7 0x172b4b70 0x7 0x8870005 0x0 0x0 0x0 0x0 0x0 0x8950005 0x0 0x172b4ac0 0x2e 0x0 0x0 0x8a10005 0x0 0x172b4ac0 0x2e 0x0 0x0 0x8b10005 0x0 0x172b4c20 0x18 0x172b4b70 0x16 0x8bf0005 0x0 0x0 0x0 0x0 0x0 0x8cd0005 0x0 0x172b4c20 0x3 0x172b4b70 0x3 0x8db0005 0x0 0x0 0x0 0x0 0x0 0x8e90005 0x7 0x172b4c20 0x7 0x172b4ee0 0x2 0x8f80005 0x8 0x172b4ac0 0x13f 0x0 0x0 0x9040005 0x0 0x172b4c20 0xa8 0x172b4b70 0x9f 0x9120005 0x0 0x0 0x0 0x0 0x0 0x9210005 0x0 0x0 0x0 0x0 0x0 0x92b0002 0x4 0x9320002 0x1 0x93f0005 0x0 0x172b4c20 0x1e 0x172b4b70 0x1e 0x94f0005 0x0 0x0 0x0 0x0 0x0 0x95f0005 0x0 0x172b4c20 0x1 0x172b4b70 0x1 0x96f0005 0x0 0x0 0x0 0x0 0x0 0x97f0005 0x0 0x172b4b70 0x3b 0x172b4c20 0x34 0x98d0005 0x0 0x172b4c20 0x62 0x172b4b70 0x61 0x99b0005 0x3e 0x172b4ac0 0x68b 0x0 0x0 0x9a60005 0x0 0x172b4cd0 0x6ca 0x0 0x0 0x9b40005 0x0 0x172b4c20 0x371 0x172b4b70 0x359 0x9c20005 0x2 0x172b4ac0 0x1c 0x0 0x0 0x9ce0005 0x2 0x172b4ac0 0x1c 0x0 0x0 0x9da0005 0x2 0x172b4ac0 0x1c 0x0 0x0 0x9e50005 0x0 0x172b4cd0 0x1e 0x0 0x0 0x9fa0005 0x0 0x172b4c20 0xf 0x172b4b70 0xf 0xa070002 0x0 0xa0e0002 0x4 0xa150002 0x0 0xa200005 0x0 0x0 0x0 0x0 0x0 0xa2c0005 0x0 0x0 0x0 0x0 0x0 0xa370005 0x0 0x0 0x0 0x0 0x0 0xa460005 0x0 0x0 0x0 0x0 0x0 0xa550005 0x0 0x0 0x0 0x0 0x0 0xa5f0007 0x0 0x38 0x0 0xa650003 0x0 0x18 0xa740005 0x0 0x0 0x0 0x0 0x0 0xa7f0005 0x0 0x0 0x0 0x0 0x0 0xa8c0002 0x0 0xa910005 0x0 0x0 0x0 0x0 0x0 0xa950002 0x0 0xa980005 0x0 0x0 0x0 0x0 0x0 0xa9b0005 0x0 0x0 0x0 0x0 0x0 0xa9e0005 0x0 0x0 0x0 0x0 0x0 0xaa90002 0x0 0xab40002 0x0 0xab90005 0x0 0x0 0x0 0x0 0x0 0xabd0002 0x0 0xac00005 0x0 0x0 0x0 0x0 0x0 0xac30005 0x0 0x0 0x0 0x0 0x0 0xac60005 0x0 0x0 0x0 0x0 0x0 oops 102 6 com/android/dx/util/ByteArray 428 com/android/dx/cf/code/Simulator$SimVisitor 430 com/android/dx/cf/code/BasicBlocker 434 com/android/dx/cf/code/BasicBlocker 436 com/android/dx/cf/code/Simulator$SimVisitor 440 com/android/dx/cf/code/BasicBlocker 442 com/android/dx/cf/code/Simulator$SimVisitor 446 com/android/dx/cf/code/BasicBlocker 448 com/android/dx/cf/code/Simulator$SimVisitor 452 com/android/dx/cf/code/BasicBlocker 454 com/android/dx/cf/code/Simulator$SimVisitor 458 com/android/dx/cf/code/BasicBlocker 460 com/android/dx/cf/code/Simulator$SimVisitor 470 com/android/dx/cf/code/BasicBlocker 472 com/android/dx/cf/code/Simulator$SimVisitor 488 com/android/dx/cf/code/BasicBlocker 490 com/android/dx/cf/code/Simulator$SimVisitor 494 com/android/dx/cf/code/BasicBlocker 496 com/android/dx/cf/code/Simulator$SimVisitor 500 com/android/dx/cf/code/BasicBlocker 502 com/android/dx/cf/code/Simulator$SimVisitor 518 com/android/dx/util/ByteArray 526 com/android/dx/cf/code/BasicBlocker 528 com/android/dx/cf/code/Simulator$SimVisitor 532 com/android/dx/util/ByteArray 540 com/android/dx/cf/code/BasicBlocker 542 com/android/dx/cf/code/Simulator$SimVisitor 546 com/android/dx/util/ByteArray 552 com/android/dx/rop/cst/StdConstantPool 558 com/android/dx/rop/cst/CstString 560 com/android/dx/rop/cst/CstInteger 568 com/android/dx/rop/cst/CstInteger 574 com/android/dx/rop/cst/CstInteger 583 com/android/dx/cf/code/Simulator$SimVisitor 585 com/android/dx/cf/code/BasicBlocker 650 com/android/dx/util/ByteArray 656 com/android/dx/cf/code/BasicBlocker 658 com/android/dx/cf/code/Simulator$SimVisitor 698 com/android/dx/util/ByteArray 704 com/android/dx/cf/code/BasicBlocker 706 com/android/dx/cf/code/Simulator$SimVisitor 710 com/android/dx/cf/code/BasicBlocker 712 com/android/dx/cf/code/Simulator$SimVisitor 722 com/android/dx/cf/code/BasicBlocker 724 com/android/dx/cf/code/Simulator$SimVisitor 734 com/android/dx/cf/code/BasicBlocker 736 com/android/dx/cf/code/Simulator$SimVisitor 740 com/android/dx/cf/code/BasicBlocker 742 com/android/dx/cf/code/Simulator$SimVisitor 764 com/android/dx/cf/code/BasicBlocker 766 com/android/dx/cf/code/Simulator$SimVisitor 788 com/android/dx/util/ByteArray 794 com/android/dx/cf/code/BasicBlocker 796 com/android/dx/cf/code/Simulator$SimVisitor 836 com/android/dx/util/ByteArray 842 com/android/dx/cf/code/BasicBlocker 844 com/android/dx/cf/code/Simulator$SimVisitor 848 com/android/dx/cf/code/BasicBlocker 850 com/android/dx/cf/code/Simulator$SimVisitor 860 com/android/dx/cf/code/BasicBlocker 862 com/android/dx/cf/code/Simulator$SimVisitor 872 com/android/dx/cf/code/BasicBlocker 874 com/android/dx/cf/code/Simulator$SimVisitor 878 com/android/dx/cf/code/BasicBlocker 880 com/android/dx/cf/code/Simulator$SimVisitor 902 com/android/dx/cf/code/BasicBlocker 904 com/android/dx/cf/code/Simulator$SimVisitor 926 com/android/dx/cf/code/BasicBlocker 928 com/android/dx/cf/code/Simulator$SimVisitor 932 com/android/dx/cf/code/BasicBlocker 934 com/android/dx/cf/code/BytecodeArray$ConstantParserVisitor 944 com/android/dx/cf/code/BasicBlocker 946 com/android/dx/cf/code/Simulator$SimVisitor 956 com/android/dx/util/ByteArray 962 com/android/dx/util/ByteArray 968 com/android/dx/cf/code/BasicBlocker 970 com/android/dx/cf/code/Simulator$SimVisitor 980 com/android/dx/cf/code/BasicBlocker 982 com/android/dx/cf/code/Simulator$SimVisitor 992 com/android/dx/cf/code/BasicBlocker 994 com/android/dx/cf/code/BytecodeArray$ConstantParserVisitor 998 com/android/dx/util/ByteArray 1004 com/android/dx/cf/code/BasicBlocker 1006 com/android/dx/cf/code/Simulator$SimVisitor 1026 com/android/dx/cf/code/BasicBlocker 1028 com/android/dx/cf/code/Simulator$SimVisitor 1038 com/android/dx/cf/code/BasicBlocker 1040 com/android/dx/cf/code/Simulator$SimVisitor 1050 com/android/dx/cf/code/Simulator$SimVisitor 1052 com/android/dx/cf/code/BasicBlocker 1056 com/android/dx/cf/code/BasicBlocker 1058 com/android/dx/cf/code/Simulator$SimVisitor 1062 com/android/dx/util/ByteArray 1068 com/android/dx/rop/cst/StdConstantPool 1074 com/android/dx/cf/code/BasicBlocker 1076 com/android/dx/cf/code/Simulator$SimVisitor 1080 com/android/dx/util/ByteArray 1086 com/android/dx/util/ByteArray 1092 com/android/dx/util/ByteArray 1098 com/android/dx/rop/cst/StdConstantPool 1104 com/android/dx/cf/code/BasicBlocker 1106 com/android/dx/cf/code/Simulator$SimVisitor
ciMethodData com/android/dx/cf/code/ByteOps opInfo (I)I 2 5635 orig 264 104 225 88 106 0 0 0 0 144 31 103 21 0 0 0 0 32 1 0 0 0 0 0 0 0 0 0 0 0 0 0 0 0 0 0 0 0 0 0 0 0 0 0 0 0 0 0 0 0 0 0 0 0 0 0 0 0 0 0 0 0 0 0 0 0 0 0 0 0 0 0 0 0 0 0 0 0 0 0 0 77 68 79 32 101 120 116 114 97 32 100 97 116 97 32 108 111 99 107 0 0 0 0 0 0 0 0 0 0 0 0 0 0 0 0 0 0 0 0 0 0 0 0 0 0 0 0 0 0 0 0 0 0 0 0 0 0 0 0 0 0 0 0 0 0 0 0 0 0 0 0 0 0 0 0 0 0 0 0 0 0 0 0 0 0 0 0 0 0 0 0 0 0 0 0 0 0 0 0 0 0 0 0 0 0 0 0 0 0 0 0 0 0 0 0 0 0 0 0 0 0 0 0 0 0 0 0 0 0 0 0 0 0 0 0 0 9 2 0 0 209 159 0 0 1 0 0 0 0 0 0 0 0 0 0 0 2 0 0 0 0 0 3 0 1 0 0 0 0 0 0 0 255 255 255 255 0 0 0 0 0 0 0 0 data 0 oops 0
ciMethodData com/android/dx/cf/code/BasicBlocker addWorkIfNecessary (IZ)V 2 4022 orig 264 104 225 88 106 0 0 0 0 96 194 102 21 0 0 0 0 200 1 0 0 48 0 0 0 0 0 0 0 0 0 0 0 0 0 0 0 0 0 0 0 0 0 0 0 0 0 0 0 0 0 0 0 0 0 0 0 0 0 0 0 0 0 0 0 0 0 0 0 0 0 0 0 0 0 0 0 0 0 0 0 77 68 79 32 101 120 116 114 97 32 100 97 116 97 32 108 111 99 107 0 0 0 0 0 0 0 0 0 0 0 0 0 0 0 0 0 0 0 0 0 0 0 0 0 0 0 0 0 0 0 0 0 0 0 0 0 0 0 0 0 0 0 0 0 0 0 0 0 0 0 0 0 0 0 0 0 0 0 0 0 0 0 0 0 0 0 0 0 0 0 0 0 0 0 0 0 0 0 0 0 0 0 0 0 0 0 0 0 0 0 0 0 0 0 0 0 0 0 0 0 0 0 0 0 0 0 0 0 0 0 0 0 0 0 0 0 128 1 0 0 177 113 0 0 1 0 0 0 0 0 0 0 0 0 0 0 2 0 0 0 0 0 13 0 2 0 0 0 112 0 0 0 255 255 255 255 2 0 5 0 0 0 0 0 data 14 0x50002 0xe36 0x80007 0xd 0x30 0xe29 0x100002 0xe29 0x140007 0x920 0x30 0x516 0x1c0002 0x516 oops 0
ciMethodData com/android/dx/util/ByteArray getShort (I)I 1 365 orig 264 104 225 88 106 0 0 0 0 240 142 94 21 0 0 0 0 88 1 0 0 0 0 0 0 0 0 0 0 0 0 0 0 0 0 0 0 0 0 0 0 0 0 0 0 0 0 0 0 0 0 0 0 0 0 0 0 0 0 0 0 0 0 0 0 0 0 0 0 0 0 0 0 0 0 0 0 0 0 0 0 77 68 79 32 101 120 116 114 97 32 100 97 116 97 32 108 111 99 107 0 0 0 0 0 0 0 0 0 0 0 0 0 0 0 0 0 0 0 0 0 0 0 0 0 0 0 0 0 0 0 0 0 0 0 0 0 0 0 0 0 0 0 0 0 0 0 0 0 0 0 0 0 0 0 0 0 0 0 0 0 0 0 0 0 0 0 0 0 0 0 0 0 0 0 0 0 0 0 0 0 0 0 0 0 0 0 0 0 0 0 0 0 0 0 0 0 0 0 0 0 0 0 0 0 0 0 0 0 0 0 0 0 0 0 0 0 40 0 0 0 41 10 0 0 1 0 0 0 0 0 0 0 0 0 0 0 2 0 0 0 0 0 0 0 0 0 0 0 48 0 0 0 255 255 255 255 2 0 5 0 0 0 0 0 data 6 0x50002 0x145 0xa0002 0x145 0x140002 0x145 oops 0
ciMethodData com/android/dx/cf/code/BasicBlocker visitCommon (IIZ)V 2 2857 orig 264 104 225 88 106 0 0 0 0 96 195 102 21 0 0 0 0 200 1 0 0 64 0 0 0 0 0 0 0 0 0 0 0 0 0 0 0 0 0 0 0 0 0 0 0 0 0 0 0 0 0 0 0 0 0 0 0 0 0 0 0 0 0 0 0 0 0 0 0 0 0 0 0 0 0 0 0 0 0 0 0 77 68 79 32 101 120 116 114 97 32 100 97 116 97 32 108 111 99 107 0 0 0 0 0 0 0 0 0 0 0 0 0 0 0 0 0 0 0 0 0 0 0 0 0 0 0 0 0 0 0 0 0 0 0 0 0 0 0 0 0 0 0 0 0 0 0 0 0 0 0 0 0 0 0 0 0 0 0 0 0 0 0 0 0 0 0 0 0 0 0 0 0 0 0 0 0 0 0 0 0 0 0 0 0 0 0 0 0 0 0 0 0 0 0 0 0 0 0 0 0 0 0 0 0 0 0 0 0 0 0 0 0 0 0 0 0 130 1 0 0 57 77 0 0 1 0 0 0 0 0 0 0 0 0 0 0 2 0 0 0 0 0 15 0 2 0 0 0 104 0 0 0 255 255 255 255 2 0 5 0 0 0 0 0 data 13 0x50002 0x9a7 0x90007 0xcb 0x48 0x8dc 0x110002 0x8dc 0x140003 0x8dc 0x28 0x1e0002 0xcb oops 0
ciMethod com/android/dx/cf/code/BytecodeArray$ConstantParserVisitor <init> (Lcom/android/dx/cf/code/BytecodeArray;)V 33 1 4 0 -1
ciMethodData com/android/dx/cf/code/BasicBlocker visitConstant (IIILcom/android/dx/rop/cst/Constant;I)V 1 1244 orig 264 104 225 88 106 0 0 0 0 120 185 102 21 0 0 0 0 128 2 0 0 224 0 0 0 0 0 0 0 0 0 0 0 0 0 0 0 0 0 0 0 0 0 0 0 0 0 0 0 0 0 0 0 0 0 0 0 0 0 0 0 0 0 0 0 0 0 0 0 0 0 0 0 0 0 0 0 0 0 0 0 77 68 79 32 101 120 116 114 97 32 100 97 116 97 32 108 111 99 107 0 0 0 0 0 0 0 0 0 0 0 0 0 0 0 0 0 0 0 0 0 0 0 0 0 0 0 0 0 0 0 0 0 0 0 0 0 0 0 0 0 0 0 0 0 0 0 0 0 0 0 0 0 0 0 0 0 0 0 0 0 0 0 0 0 0 0 0 0 0 0 0 0 0 0 0 0 0 0 0 0 0 0 0 0 0 0 0 0 0 0 0 0 0 0 0 0 0 0 0 0 0 0 0 0 0 0 0 0 0 0 0 0 0 0 0 0 0 2 0 0 225 22 0 0 1 0 0 0 0 0 0 0 0 0 0 0 2 0 0 0 0 0 14 0 2 0 0 0 16 1 0 0 255 255 255 255 2 0 4 0 0 0 0 0 data 34 0x40002 0x2dc 0x90004 0xffffffffffffff4c 0x17fd7c00 0xfb 0x17fd4dc0 0xe 0xc0007 0x228 0xc0 0xb4 0x110004 0xffffffffffffff71 0x17fd4dc0 0x25 0x172b4e30 0x21 0x140007 0x25 0x70 0x8f 0x190004 0xffffffffffffffb0 0x172b4e30 0x21 0x174270a0 0x5 0x1c0007 0x50 0x30 0x3f 0x230002 0x28c oops 6 4 com/android/dx/rop/cst/CstMethodRef 6 com/android/dx/rop/cst/CstType 14 com/android/dx/rop/cst/CstType 16 com/android/dx/rop/cst/CstInteger 24 com/android/dx/rop/cst/CstInteger 26 com/android/dx/rop/cst/CstKnownNull
ciMethodData com/android/dx/cf/code/BasicBlocker visitLocal (IIIILcom/android/dx/rop/type/Type;I)V 1 1074 orig 264 104 225 88 106 0 0 0 0 88 184 102 21 0 0 0 0 0 2 0 0 96 0 0 0 0 0 0 0 0 0 0 0 0 0 0 0 0 0 0 0 0 0 0 0 0 0 0 0 0 0 0 0 0 0 0 0 0 0 0 0 0 0 0 0 0 0 0 0 0 0 0 0 0 0 0 0 0 0 0 0 77 68 79 32 101 120 116 114 97 32 100 97 116 97 32 108 111 99 107 0 0 0 0 0 0 0 0 0 0 0 0 0 0 0 0 0 0 0 0 0 0 0 0 0 0 0 0 0 0 0 0 0 0 0 0 0 0 0 0 0 0 0 0 0 0 0 0 0 0 0 0 0 0 0 0 0 0 0 0 0 0 0 0 0 0 0 0 0 0 0 0 0 0 0 0 0 0 0 0 0 0 0 0 0 0 0 0 0 0 0 0 0 0 0 0 0 0 0 0 0 0 0 0 0 0 0 0 0 0 0 0 0 0 0 0 0 0 2 0 0 145 17 0 0 1 0 0 0 0 0 0 0 0 0 0 0 2 0 0 0 0 0 11 0 2 0 0 0 136 0 0 0 255 255 255 255 7 0 4 0 0 0 0 0 data 17 0x40007 0x232 0x78 0x0 0xb0002 0x0 0x160004 0x0 0x0 0x0 0x0 0x0 0x170003 0x0 0x28 0x1e0002 0x232 oops 0
instanceKlass com/android/dx/cf/code/Ropper$ExceptionHandlerSetup
instanceKlass com/android/dx/dex/file/FieldAnnotationStruct
instanceKlass com/android/dx/dex/file/MethodAnnotationStruct
instanceKlass java/util/ArrayList$1
instanceKlass java/util/DualPivotQuicksort
instanceKlass com/android/dx/dex/file/ParameterAnnotationStruct
instanceKlass com/android/dx/ssa/back/FirstFitLocalCombiningAllocator$Multiset
instanceKlass com/android/dx/ssa/PhiInsn$Operand
instanceKlass com/android/dx/dex/code/DalvCode
instanceKlass com/android/dx/dex/code/StdCatchBuilder
instanceKlass com/android/dx/dex/code/RopToDop
instanceKlass com/android/dx/dex/code/OutputFinisher
instanceKlass com/android/dx/dex/code/OutputCollector
instanceKlass com/android/dx/rop/code/Insn$BaseVisitor
instanceKlass com/android/dx/io/Opcodes
instanceKlass com/android/dx/dex/code/InsnFormat
instanceKlass com/android/dx/dex/code/Dop
instanceKlass com/android/dx/dex/code/Dops
instanceKlass com/android/dx/dex/code/BlockAddresses
instanceKlass com/android/dx/dex/code/DalvInsn
instanceKlass com/android/dx/dex/code/CatchBuilder
instanceKlass com/android/dx/dex/code/RopTranslator$TranslationVisitor
instanceKlass com/android/dx/dex/code/RopTranslator
instanceKlass com/android/dx/rop/code/LocalVariableExtractor
instanceKlass com/android/dx/ssa/back/IdenticalBlockCombiner
instanceKlass com/android/dx/ssa/back/SsaToRop$1
instanceKlass com/android/dx/ssa/back/SsaToRop$PhiVisitor
instanceKlass com/android/dx/ssa/back/FirstFitLocalCombiningAllocator$1
instanceKlass com/android/dx/ssa/back/LivenessAnalyzer$1
instanceKlass com/android/dx/ssa/back/InterferenceGraph
instanceKlass com/android/dx/ssa/back/LivenessAnalyzer
instanceKlass com/android/dx/ssa/back/RegisterAllocator
instanceKlass com/android/dx/ssa/back/SsaToRop
instanceKlass com/android/dx/ssa/PhiTypeResolver
instanceKlass com/android/dx/ssa/ConstCollector$1
instanceKlass com/android/dx/ssa/ConstCollector
instanceKlass com/android/dx/ssa/SsaMethod$1
instanceKlass com/android/dx/ssa/LiteralOpUpgrader$1
instanceKlass com/android/dx/ssa/LiteralOpUpgrader
instanceKlass com/android/dx/ssa/DeadCodeRemover$NoSideEffectVisitor
instanceKlass com/android/dx/ssa/DeadCodeRemover
instanceKlass com/android/dx/ssa/SsaMethod$2
instanceKlass com/android/dx/ssa/SCCP
instanceKlass com/android/dx/ssa/MoveParamCombiner$1
instanceKlass com/android/dx/ssa/MoveParamCombiner
instanceKlass com/android/dx/ssa/SsaRenamer$BlockRenamer$1
instanceKlass com/android/dx/ssa/PhiInsn$Visitor
instanceKlass com/android/dx/ssa/RegisterMapper
instanceKlass com/android/dx/ssa/SsaRenamer$BlockRenamer
instanceKlass com/android/dx/ssa/SsaRenamer$1
instanceKlass com/android/dx/ssa/SsaRenamer
instanceKlass com/android/dx/util/BitIntSet$1
instanceKlass com/android/dx/util/IntIterator
instanceKlass com/android/dx/util/BitIntSet
instanceKlass com/android/dx/util/IntSet
instanceKlass com/android/dx/ssa/SetFactory
instanceKlass com/android/dx/ssa/Dominators$DfsWalker
instanceKlass com/android/dx/ssa/Dominators$DFSInfo
instanceKlass com/android/dx/ssa/SsaBasicBlock$Visitor
instanceKlass com/android/dx/ssa/Dominators
instanceKlass com/android/dx/ssa/DomFront$DomInfo
instanceKlass com/android/dx/ssa/DomFront
instanceKlass com/android/dx/ssa/LocalVariableExtractor
instanceKlass com/android/dx/ssa/SsaBasicBlock$LabelComparator
instanceKlass com/android/dx/ssa/SsaBasicBlock
instanceKlass com/android/dx/rop/code/BasicBlockList$RegCountVisitor
instanceKlass com/android/dx/ssa/SsaInsn$Visitor
instanceKlass com/android/dx/ssa/SsaInsn
instanceKlass com/android/dx/ssa/SsaMethod
instanceKlass com/android/dx/ssa/SsaConverter
instanceKlass java/lang/Class$4
instanceKlass com/android/dx/ssa/Optimizer
instanceKlass com/android/dx/rop/code/RopMethod
instanceKlass com/android/dx/rop/code/Insn$Visitor
instanceKlass com/android/dx/cf/code/Merger
instanceKlass com/android/dx/rop/code/BasicBlock
instanceKlass com/android/dx/rop/code/Exceptions
instanceKlass com/android/dx/rop/code/Rop
instanceKlass com/android/dx/rop/code/Rops
instanceKlass com/android/dx/rop/code/RegisterSpec$ForComparison
instanceKlass com/android/dx/rop/code/RegisterSpec
instanceKlass com/android/dx/rop/code/LocalItem
instanceKlass com/android/dx/rop/code/SourcePosition
instanceKlass com/android/dx/cf/code/Ropper$LabelAllocator
instanceKlass sun/nio/ch/Interruptible
instanceKlass java/util/concurrent/locks/LockSupport
instanceKlass com/android/dx/cf/code/Ropper$CatchInfo
instanceKlass com/android/dx/cf/code/Ropper$Subroutine
instanceKlass com/android/dx/cf/code/Frame
instanceKlass com/android/dx/cf/code/Simulator$SimVisitor
instanceKlass com/android/dx/cf/code/Simulator
instanceKlass com/android/dx/cf/code/BaseMachine
instanceKlass com/android/dx/dex/file/EncodedMember
instanceKlass com/android/dx/cf/code/ByteBlock
instanceKlass com/android/dx/util/LabeledItem
instanceKlass com/android/dx/cf/code/ByteCatchList$Item
instanceKlass com/android/dx/cf/code/ByteOps
instanceKlass com/android/dx/util/Bits
instanceKlass com/android/dx/cf/code/BasicBlocker
instanceKlass com/android/dx/rop/code/BasicBlock$Visitor
instanceKlass com/android/dx/rop/code/Insn
instanceKlass com/android/dx/cf/code/Machine
instanceKlass com/android/dx/cf/code/Ropper
instanceKlass com/android/dx/rop/code/DexTranslationAdvice
instanceKlass com/android/dx/cf/code/ConcreteMethod
instanceKlass com/android/dx/dex/file/ValueEncoder
instanceKlass com/android/dx/dex/file/AnnotationItem$TypeIdSorter
instanceKlass java/util/Collections$UnmodifiableCollection$1
instanceKlass java/util/TreeMap$PrivateEntryIterator
instanceKlass com/android/dx/rop/annotation/NameValuePair
instanceKlass com/android/dx/dex/file/AnnotationUtils
instanceKlass com/android/dx/dex/cf/AttributeTranslator
instanceKlass com/android/dx/dex/cf/OptimizerOptions
instanceKlass com/android/dx/rop/code/TranslationAdvice
instanceKlass com/android/dx/dex/code/DalvCode$AssignIndicesCallback
instanceKlass com/android/dx/dex/cf/CfTranslator
instanceKlass com/android/dx/cf/direct/AnnotationParser
instanceKlass com/android/dx/cf/direct/DirectClassFile$DcfTypeList
instanceKlass com/android/dx/cf/attrib/InnerClassList$Item
instanceKlass com/android/dx/command/dexer/Main$ClassDefItemConsumer
instanceKlass java/util/concurrent/FutureTask$WaitNode
instanceKlass java/util/concurrent/FutureTask
instanceKlass java/util/concurrent/RunnableFuture
instanceKlass java/util/concurrent/Future
instanceKlass com/android/dx/command/dexer/Main$ClassTranslatorTask
instanceKlass com/android/dx/util/Hex
instanceKlass com/android/dx/rop/code/AccessFlags
instanceKlass com/android/dx/cf/code/LocalVariableList$Item
instanceKlass com/android/dx/cf/code/LineNumberList$Item
instanceKlass com/android/dx/cf/code/BytecodeArray$BaseVisitor
instanceKlass com/android/dx/cf/code/BytecodeArray
instanceKlass com/android/dx/cf/iface/Method
instanceKlass com/android/dx/cf/iface/StdMember
instanceKlass com/android/dx/cf/attrib/BaseAttribute
instanceKlass com/android/dx/cf/direct/AttributeListParser
instanceKlass com/android/dx/cf/iface/Field
instanceKlass com/android/dx/cf/iface/Member
instanceKlass com/android/dx/cf/direct/MemberListParser
instanceKlass com/android/dx/rop/type/Prototype
instanceKlass com/android/dx/rop/type/Type
instanceKlass com/android/dx/util/MutabilityControl
instanceKlass com/android/dx/cf/cst/ConstantPoolParser
instanceKlass com/android/dx/cf/code/BytecodeArray$Visitor
instanceKlass com/android/dx/cf/iface/Attribute
instanceKlass com/android/dx/util/ByteArray
instanceKlass com/android/dx/cf/iface/MethodList
instanceKlass com/android/dx/cf/iface/FieldList
instanceKlass com/android/dx/rop/type/TypeList
instanceKlass com/android/dx/cf/iface/AttributeList
instanceKlass com/android/dx/rop/cst/ConstantPool
instanceKlass com/android/dx/cf/direct/DirectClassFile
instanceKlass com/android/dx/cf/iface/ClassFile
instanceKlass com/android/dx/cf/iface/HasAttribute
instanceKlass com/android/dx/command/dexer/Main$ClassParserTask
instanceKlass com/android/dx/command/dexer/Main$DirectClassFileConsumer
instanceKlass sun/util/calendar/CalendarUtils
instanceKlass sun/util/calendar/CalendarDate
instanceKlass java/util/TimeZone$1
instanceKlass java/util/zip/CRC32
instanceKlass java/util/zip/Checksum
instanceKlass sun/util/calendar/ZoneInfoFile$ZoneOffsetTransitionRule
instanceKlass java/io/DataInput
instanceKlass sun/util/calendar/ZoneInfoFile$1
instanceKlass sun/util/calendar/ZoneInfoFile
instanceKlass java/util/TimeZone
instanceKlass sun/util/calendar/CalendarSystem
instanceKlass java/util/Date
instanceKlass java/util/zip/ZipUtils
instanceKlass java/util/ArrayList$Itr
instanceKlass java/util/regex/Matcher
instanceKlass java/util/regex/MatchResult
instanceKlass java/util/regex/Pattern$Node
instanceKlass java/util/regex/Pattern
instanceKlass java/util/TimSort
instanceKlass com/android/dx/cf/direct/ClassPathOpener$3
instanceKlass java/util/zip/ZipFile$ZipEntryIterator
instanceKlass com/android/dx/command/dexer/Main$FileBytesConsumer
instanceKlass com/android/dx/cf/direct/ClassPathOpener$1
instanceKlass com/android/dx/cf/direct/ClassPathOpener
instanceKlass java/util/concurrent/LinkedBlockingQueue$Node
instanceKlass java/util/concurrent/Executors$DefaultThreadFactory
instanceKlass java/util/concurrent/ThreadFactory
instanceKlass java/util/concurrent/Executors
instanceKlass java/util/concurrent/ThreadPoolExecutor$CallerRunsPolicy
instanceKlass java/util/concurrent/locks/AbstractQueuedSynchronizer$ConditionObject
instanceKlass java/util/concurrent/locks/Condition
instanceKlass java/util/concurrent/locks/AbstractQueuedSynchronizer$Node
instanceKlass java/util/concurrent/locks/AbstractOwnableSynchronizer
instanceKlass java/util/concurrent/ThreadPoolExecutor$AbortPolicy
instanceKlass java/util/concurrent/AbstractExecutorService
instanceKlass java/util/ComparableTimSort
instanceKlass sun/security/action/GetBooleanAction
instanceKlass java/util/Arrays$LegacyMergeSort
instanceKlass com/android/dx/dex/file/MixedItemSection$1
instanceKlass com/android/dx/dex/file/Item
instanceKlass com/android/dx/dex/file/Section
instanceKlass com/android/dx/rop/type/TypeBearer
instanceKlass com/android/dx/rop/cst/Constant
instanceKlass com/android/dx/util/ToHuman
instanceKlass com/android/dx/util/AnnotatedOutput
instanceKlass com/android/dx/util/Output
instanceKlass com/android/dex/util/ByteOutput
instanceKlass com/android/dx/dex/file/DexFile
instanceKlass com/android/dx/dex/DexOptions
instanceKlass com/android/dx/command/DxConsole
instanceKlass com/android/dx/dex/cf/CfOptions
instanceKlass com/android/dex/util/FileUtils
instanceKlass com/android/dx/command/dexer/Main$Arguments$ArgumentsParser
instanceKlass com/android/dx/command/dexer/Main$Arguments
instanceKlass com/android/dx/cf/direct/AttributeFactory
instanceKlass com/android/dx/cf/direct/ClassPathOpener$FileNameFilter
instanceKlass java/util/concurrent/ExecutorService
instanceKlass java/util/concurrent/Executor
instanceKlass java/util/concurrent/BlockingQueue
instanceKlass java/util/concurrent/RejectedExecutionHandler
instanceKlass com/android/dx/cf/direct/ClassPathOpener$Consumer
instanceKlass java/util/concurrent/Callable
instanceKlass com/android/dx/command/dexer/Main
instanceKlass java/lang/Void
instanceKlass java/lang/Class$MethodArray
instanceKlass sun/launcher/LauncherHelper$FXHelper
instanceKlass com/android/dx/command/Main
instanceKlass java/io/FilePermission$1
instanceKlass sun/net/www/MessageHeader
instanceKlass java/net/URLConnection
instanceKlass java/security/PermissionCollection
instanceKlass sun/nio/ByteBuffered
instanceKlass sun/security/util/ManifestEntryVerifier
instanceKlass sun/security/util/SignatureFileVerifier
instanceKlass java/lang/Package
instanceKlass java/util/jar/JarVerifier$3
instanceKlass java/security/CodeSigner
instanceKlass java/util/jar/JarVerifier
instanceKlass java/util/jar/Attributes$Name
instanceKlass java/util/jar/Attributes
instanceKlass sun/misc/Resource
instanceKlass sun/misc/IOUtils
instanceKlass java/util/zip/ZStreamRef
instanceKlass java/util/zip/Inflater
instanceKlass java/util/zip/ZipEntry
instanceKlass sun/misc/ExtensionDependency
instanceKlass sun/misc/JarIndex
instanceKlass sun/nio/ch/DirectBuffer
instanceKlass sun/misc/PerfCounter$CoreCounters
instanceKlass sun/misc/Perf
instanceKlass sun/misc/Perf$GetPerfAction
instanceKlass sun/misc/PerfCounter
instanceKlass java/util/zip/ZipCoder
instanceKlass java/util/Deque
instanceKlass java/util/Queue
instanceKlass java/nio/charset/StandardCharsets
instanceKlass java/util/jar/JavaUtilJarAccessImpl
instanceKlass sun/misc/JavaUtilJarAccess
instanceKlass sun/misc/FileURLMapper
instanceKlass sun/misc/URLClassPath$JarLoader$1
instanceKlass sun/nio/cs/ThreadLocalCoders$Cache
instanceKlass sun/nio/cs/ThreadLocalCoders
instanceKlass java/util/zip/ZipFile$1
instanceKlass sun/misc/JavaUtilZipFileAccess
instanceKlass java/util/zip/ZipFile
instanceKlass java/util/zip/ZipConstants
instanceKlass sun/misc/URLClassPath$Loader
instanceKlass sun/misc/URLClassPath$3
instanceKlass sun/net/util/URLUtil
instanceKlass java/net/URLClassLoader$1
instanceKlass java/io/FileOutputStream$1
instanceKlass sun/usagetracker/UsageTrackerClient$3
instanceKlass java/lang/ProcessEnvironment$CheckedEntry
instanceKlass java/util/HashMap$HashIterator
instanceKlass java/lang/ProcessEnvironment$CheckedEntrySet$1
instanceKlass java/util/Collections$UnmodifiableMap
instanceKlass java/lang/ProcessEnvironment$EntryComparator
instanceKlass java/lang/ProcessEnvironment$NameComparator
instanceKlass sun/usagetracker/UsageTrackerClient$2
instanceKlass sun/usagetracker/UsageTrackerClient$4
instanceKlass sun/usagetracker/UsageTrackerClient$1
instanceKlass java/util/concurrent/atomic/AtomicBoolean
instanceKlass sun/usagetracker/UsageTrackerClient
instanceKlass sun/misc/PostVMInitHook
instanceKlass java/lang/invoke/MethodHandleStatics$1
instanceKlass java/lang/invoke/MethodHandleStatics
instanceKlass java/lang/invoke/MemberName$Factory
instanceKlass java/lang/ClassValue$Version
instanceKlass java/lang/ClassValue$Identity
instanceKlass java/lang/ClassValue
instanceKlass java/lang/invoke/MethodHandleImpl$3
instanceKlass java/lang/invoke/MethodHandleImpl$2
instanceKlass java/util/function/Function
instanceKlass java/lang/invoke/MethodHandleImpl$1
instanceKlass java/lang/invoke/MethodHandleImpl
instanceKlass java/lang/SystemClassLoaderAction
instanceKlass sun/misc/Launcher$AppClassLoader$1
instanceKlass sun/misc/URLClassPath
instanceKlass java/security/Principal
instanceKlass java/security/ProtectionDomain$Key
instanceKlass java/security/ProtectionDomain$2
instanceKlass sun/misc/JavaSecurityProtectionDomainAccess
instanceKlass java/security/ProtectionDomain$JavaSecurityAccessImpl
instanceKlass sun/misc/JavaSecurityAccess
instanceKlass java/net/URLStreamHandler
instanceKlass java/net/Parts
instanceKlass java/util/BitSet
instanceKlass sun/net/www/ParseUtil
instanceKlass java/io/FileInputStream$1
instanceKlass java/lang/CharacterData
instanceKlass sun/util/locale/LocaleUtils
instanceKlass java/util/Locale$LocaleKey
instanceKlass sun/util/locale/BaseLocale$Key
instanceKlass sun/util/locale/BaseLocale
instanceKlass java/util/concurrent/ConcurrentHashMap$CollectionView
instanceKlass java/util/concurrent/ConcurrentHashMap$CounterCell
instanceKlass java/util/concurrent/ConcurrentHashMap$Node
instanceKlass java/util/concurrent/locks/ReentrantLock
instanceKlass java/util/concurrent/locks/Lock
instanceKlass java/util/concurrent/ConcurrentMap
instanceKlass sun/util/locale/LocaleObjectCache
instanceKlass java/util/Locale
instanceKlass java/lang/reflect/Array
instanceKlass java/io/Reader
instanceKlass sun/misc/MetaIndex
instanceKlass sun/misc/Launcher$ExtClassLoader$1
instanceKlass java/util/StringTokenizer
instanceKlass java/net/URLClassLoader$7
instanceKlass sun/misc/JavaNetAccess
instanceKlass java/lang/ClassLoader$ParallelLoaders
instanceKlass sun/security/util/Debug
instanceKlass sun/misc/Launcher$Factory
instanceKlass java/net/URLStreamHandlerFactory
instanceKlass java/lang/Compiler$1
instanceKlass java/lang/Compiler
instanceKlass java/lang/System$2
instanceKlass sun/misc/JavaLangAccess
instanceKlass sun/io/Win32ErrorMode
instanceKlass sun/misc/OSEnvironment
instanceKlass java/lang/Integer$IntegerCache
instanceKlass sun/misc/NativeSignalHandler
instanceKlass sun/misc/Signal
instanceKlass java/lang/Terminator$1
instanceKlass sun/misc/SignalHandler
instanceKlass java/lang/Terminator
instanceKlass java/lang/ClassLoader$NativeLibrary
instanceKlass java/io/ExpiringCache$Entry
instanceKlass java/lang/ClassLoader$3
instanceKlass java/lang/StringCoding$StringEncoder
instanceKlass java/nio/file/Path
instanceKlass java/nio/file/Watchable
instanceKlass java/lang/Enum
instanceKlass java/io/ExpiringCache
instanceKlass java/io/FileSystem
instanceKlass java/io/DefaultFileSystem
instanceKlass java/nio/charset/CoderResult$Cache
instanceKlass java/nio/charset/CoderResult
instanceKlass java/lang/Readable
instanceKlass java/nio/Bits$1
instanceKlass sun/misc/JavaNioAccess
instanceKlass java/nio/ByteOrder
instanceKlass java/nio/Bits
instanceKlass java/nio/charset/CharsetEncoder
instanceKlass sun/nio/cs/ArrayEncoder
instanceKlass sun/security/action/GetPropertyAction
instanceKlass java/io/Writer
instanceKlass sun/reflect/misc/ReflectUtil
instanceKlass java/util/concurrent/atomic/AtomicReferenceFieldUpdater$AtomicReferenceFieldUpdaterImpl$1
instanceKlass java/security/PrivilegedExceptionAction
instanceKlass java/util/concurrent/atomic/AtomicReferenceFieldUpdater
instanceKlass java/io/OutputStream
instanceKlass java/io/Flushable
instanceKlass java/io/FileDescriptor$1
instanceKlass sun/misc/JavaIOFileDescriptorAccess
instanceKlass java/io/FileDescriptor
instanceKlass sun/misc/Version
instanceKlass java/lang/Runtime
instanceKlass java/util/Hashtable$Enumerator
instanceKlass java/util/Iterator
instanceKlass java/util/Enumeration
instanceKlass java/util/Objects
instanceKlass java/util/Collections$SynchronizedCollection
instanceKlass java/nio/charset/CodingErrorAction
instanceKlass java/nio/charset/CharsetDecoder
instanceKlass sun/nio/cs/ArrayDecoder
instanceKlass sun/nio/cs/ext/DelegatableDecoder
instanceKlass sun/nio/cs/ext/DoubleByte
instanceKlass java/lang/StringCoding$StringDecoder
instanceKlass java/lang/ThreadLocal$ThreadLocalMap
instanceKlass java/lang/StringCoding
instanceKlass sun/nio/cs/HistoricallyNamedCharset
instanceKlass java/util/TreeMap$Entry
instanceKlass sun/misc/ASCIICaseInsensitiveComparator
instanceKlass java/util/NavigableMap
instanceKlass java/util/SortedMap
instanceKlass sun/reflect/ReflectionFactory$1
instanceKlass java/lang/Class$1
instanceKlass java/nio/charset/Charset$ExtendedProviderHolder$1
instanceKlass java/nio/charset/Charset$ExtendedProviderHolder
