#
# There is insufficient memory for the Java Runtime Environment to continue.
# Native memory allocation (malloc) failed to allocate 32784 bytes for Chunk::new
# Possible reasons:
#   The system is out of physical RAM or swap space
#   In 32 bit mode, the process size limit was hit
# Possible solutions:
#   Reduce memory load on the system
#   Increase physical memory or swap space
#   Check if swap backing store is full
#   Use 64 bit Java on a 64 bit OS
#   Decrease Java heap size (-Xmx/-Xms)
#   Decrease number of Java threads
#   Decrease Java thread stack sizes (-Xss)
#   Set larger code cache with -XX:ReservedCodeCacheSize=
# This output file may be truncated or incomplete.
#
#  Out of Memory Error (allocation.cpp:390), pid=232, tid=0x00000000000032e8
#
# JRE version: Java(TM) SE Runtime Environment (8.0_92-b14) (build 1.8.0_92-b14)
# Java VM: Java HotSpot(TM) 64-Bit Server VM (25.92-b14 mixed mode windows-amd64 compressed oops)
# Failed to write core dump. Minidumps are not enabled by default on client versions of Windows
#

---------------  T H R E A D  ---------------

Current thread (0x0000000015b2b800):  JavaThread "C2 CompilerThread0" daemon [_thread_in_native, id=13032, stack(0x0000000017090000,0x0000000017190000)]

Stack: [0x0000000017090000,0x0000000017190000]
[error occurred during error reporting (printing stack bounds), id 0xc0000005]

Native frames: (J=compiled Java code, j=interpreted, Vv=VM code, C=native code)


Current CompileTask:
C2:  30861 9068       4       org.gradle.logging.internal.AbstractLineChoppingStyledTextOutput::doAppend (142 bytes)


---------------  P R O C E S S  ---------------

Java Threads: ( => current thread )
  0x00000000191b9800 JavaThread "Run command 'D:\Program Files\Java\jdk1.8.0_92\bin\java.exe'" [_thread_in_native, id=7800, stack(0x0000000027140000,0x0000000027240000)]
  0x00000000191b8800 JavaThread "Forward streams with process: command 'D:\Program Files\Java\jdk1.8.0_92\bin\java.exe' Thread 3" [_thread_in_native, id=13896, stack(0x0000000026c40000,0x0000000026d40000)]
  0x00000000191b8000 JavaThread "Forward streams with process: command 'D:\Program Files\Java\jdk1.8.0_92\bin\java.exe' Thread 2" [_thread_in_native, id=5948, stack(0x0000000026b40000,0x0000000026c40000)]
  0x00000000191b7000 JavaThread "Forward streams with process: command 'D:\Program Files\Java\jdk1.8.0_92\bin\java.exe'" [_thread_blocked, id=13548, stack(0x0000000026a40000,0x0000000026b40000)]
  0x00000000191b6800 JavaThread "Forward streams with process: command 'D:\Program Files\Java\jdk1.8.0_92\bin\java.exe' Thread 3" [_thread_in_native, id=8944, stack(0x0000000026840000,0x0000000026940000)]
  0x000000001ea4d800 JavaThread "Forward streams with process: command 'D:\Program Files\Java\jdk1.8.0_92\bin\java.exe' Thread 2" [_thread_in_native, id=1380, stack(0x0000000026740000,0x0000000026840000)]
  0x000000001ea4d000 JavaThread "Forward streams with process: command 'D:\Program Files\Java\jdk1.8.0_92\bin\java.exe'" [_thread_blocked, id=6944, stack(0x0000000026640000,0x0000000026740000)]
  0x000000001ea4a800 JavaThread "Forward streams with process: command 'D:\Program Files\Java\jdk1.8.0_92\bin\java.exe' Thread 3" [_thread_in_native, id=11556, stack(0x0000000026440000,0x0000000026540000)]
  0x000000001ea4a000 JavaThread "Forward streams with process: command 'D:\Program Files\Java\jdk1.8.0_92\bin\java.exe' Thread 2" [_thread_in_native, id=4440, stack(0x0000000026340000,0x0000000026440000)]
  0x000000001ea49000 JavaThread "Forward streams with process: command 'D:\Program Files\Java\jdk1.8.0_92\bin\java.exe'" [_thread_blocked, id=13872, stack(0x0000000026240000,0x0000000026340000)]
  0x000000001ea4b800 JavaThread "Run command 'D:\Program Files\Java\jdk1.8.0_92\bin\java.exe'" [_thread_in_native, id=11692, stack(0x0000000026040000,0x0000000026140000)]
  0x000000001ea47000 JavaThread "Run command 'D:\Program Files\Java\jdk1.8.0_92\bin\java.exe'" [_thread_in_native, id=13576, stack(0x0000000025e40000,0x0000000025f40000)]
  0x000000001ea41800 JavaThread "Run command 'D:\Program Files\Java\jdk1.8.0_92\bin\java.exe'" [_thread_in_native, id=6524, stack(0x0000000025d40000,0x0000000025e40000)]
  0x000000001ea48800 JavaThread "pool-2-thread-4" [_thread_blocked, id=12292, stack(0x0000000025c40000,0x0000000025d40000)]
  0x000000001ea47800 JavaThread "pool-2-thread-3" [_thread_blocked, id=13640, stack(0x0000000025b40000,0x0000000025c40000)]
  0x000000001ea46000 JavaThread "pool-2-thread-2" [_thread_blocked, id=12148, stack(0x0000000025a40000,0x0000000025b40000)]
  0x000000001ea3e800 JavaThread "pool-2-thread-1" [_thread_blocked, id=8356, stack(0x0000000025940000,0x0000000025a40000)]
  0x000000001ea44800 JavaThread "pool-1-thread-4" [_thread_blocked, id=9236, stack(0x0000000020f50000,0x0000000021050000)]
  0x000000001ea43000 JavaThread "pool-1-thread-3" [_thread_blocked, id=13280, stack(0x0000000020e50000,0x0000000020f50000)]
  0x000000001ea44000 JavaThread "pool-1-thread-2" [_thread_blocked, id=296, stack(0x0000000020710000,0x0000000020810000)]
  0x000000001ea3f800 JavaThread "pool-1-thread-1" [_thread_blocked, id=4300, stack(0x000000001db70000,0x000000001dc70000)]
  0x000000001e48a000 JavaThread "File lock request listener" [_thread_in_native, id=3276, stack(0x000000001c090000,0x000000001c190000)]
  0x0000000018554800 JavaThread "Stdin handler" [_thread_blocked, id=9744, stack(0x00000000199f0000,0x0000000019af0000)]
  0x0000000018529800 JavaThread "Daemon worker" [_thread_in_native, id=5588, stack(0x00000000198f0000,0x00000000199f0000)]
  0x0000000018520800 JavaThread "Cancel handler" [_thread_blocked, id=10860, stack(0x00000000197f0000,0x00000000198f0000)]
  0x0000000018635800 JavaThread "Handler for socket connection from /127.0.0.1:52783 to /127.0.0.1:52787" [_thread_in_native, id=10100, stack(0x00000000196f0000,0x00000000197f0000)]
  0x000000001878f000 JavaThread "Daemon" [_thread_blocked, id=2820, stack(0x00000000195f0000,0x00000000196f0000)]
  0x00000000185b9800 JavaThread "Incoming local TCP Connector on port 52783" [_thread_in_native, id=7244, stack(0x0000000019290000,0x0000000019390000)]
  0x000000001720d800 JavaThread "Service Thread" daemon [_thread_blocked, id=6492, stack(0x0000000017790000,0x0000000017890000)]
  0x00000000171b6000 JavaThread "C1 CompilerThread2" daemon [_thread_blocked, id=6252, stack(0x0000000017690000,0x0000000017790000)]
  0x0000000015b2d800 JavaThread "C2 CompilerThread1" daemon [_thread_in_native, id=6732, stack(0x0000000017590000,0x0000000017690000)]
=>0x0000000015b2b800 JavaThread "C2 CompilerThread0" daemon [_thread_in_native, id=13032, stack(0x0000000017090000,0x0000000017190000)]
  0x0000000015b29800 JavaThread "Attach Listener" daemon [_thread_blocked, id=10964, stack(0x0000000016f90000,0x0000000017090000)]
  0x0000000015adf000 JavaThread "Signal Dispatcher" daemon [_thread_blocked, id=12164, stack(0x0000000016e90000,0x0000000016f90000)]
  0x00000000033fb000 JavaThread "Finalizer" daemon [_thread_blocked, id=10256, stack(0x0000000016d30000,0x0000000016e30000)]
  0x00000000033f0000 JavaThread "Reference Handler" daemon [_thread_blocked, id=4720, stack(0x0000000016c30000,0x0000000016d30000)]
  0x0000000002e7e000 JavaThread "main" [_thread_blocked, id=6152, stack(0x0000000002e80000,0x0000000002f80000)]

Other Threads:
  0x0000000015a98000 VMThread [stack: 0x0000000016b30000,0x0000000016c30000] [id=10820]
  0x000000001724f000 WatcherThread [stack: 0x0000000017890000,0x0000000017990000] [id=2420]

VM state:not at safepoint (normal execution)

VM Mutex/Monitor currently owned by a thread: None

Heap:
 PSYoungGen      total 172032K, used 153288K [0x00000000eab00000, 0x00000000f8c80000, 0x0000000100000000)
  eden space 151552K, 88% used [0x00000000eab00000,0x00000000f2ea06e8,0x00000000f3f00000)
  from space 20480K, 90% used [0x00000000f3f00000,0x00000000f5111988,0x00000000f5300000)
  to   space 22528K, 0% used [0x00000000f7680000,0x00000000f7680000,0x00000000f8c80000)
 ParOldGen       total 102912K, used 27659K [0x00000000c0000000, 0x00000000c6480000, 0x00000000eab00000)
  object space 102912K, 26% used [0x00000000c0000000,0x00000000c1b02d18,0x00000000c6480000)
 Metaspace       used 54558K, capacity 55728K, committed 55936K, reserved 1097728K
  class space    used 7341K, capacity 7691K, committed 7808K, reserved 1048576K

Card table byte_map: [0x00000000127c0000,0x00000000129d0000] byte_map_base: 0x00000000121c0000

Marking Bits: (ParMarkBitMap*) 0x000000006be164f0
 Begin Bits: [0x0000000012f30000, 0x0000000013f30000)
 End Bits:   [0x0000000013f30000, 0x0000000014f30000)

Polling page: 0x0000000001830000

CodeCache: size=245760Kb used=26667Kb max_used=26667Kb free=219092Kb
 bounds [0x0000000003400000, 0x0000000004e30000, 0x0000000012400000]
 total_blobs=8531 nmethods=7802 adapters=640
 compilation: enabled

Compilation events (10 events):
Event: 30.849 Thread 0x00000000171b6000 9073       3       sun.nio.ch.IOStatus::normalize (10 bytes)
Event: 30.849 Thread 0x00000000171b6000 nmethod 9073 0x0000000003cca490 code [0x0000000003cca5e0, 0x0000000003cca750]
Event: 30.849 Thread 0x00000000171b6000 9074   !   3       org.gradle.launcher.daemon.server.exec.LogToClient$1::onOutput (39 bytes)
Event: 30.850 Thread 0x00000000171b6000 nmethod 9074 0x0000000003cc96d0 code [0x0000000003cc98a0, 0x0000000003cca018]
Event: 30.850 Thread 0x00000000171b6000 9075       3       sun.nio.ch.SelectorImpl::select (6 bytes)
Event: 30.851 Thread 0x00000000171b6000 nmethod 9075 0x0000000003cc91d0 code [0x0000000003cc9340, 0x0000000003cc95e8]
Event: 30.851 Thread 0x00000000171b6000 9076   !   3       sun.nio.ch.WindowsSelectorImpl::doSelect (136 bytes)
Event: 30.853 Thread 0x00000000171b6000 nmethod 9076 0x0000000004e27050 code [0x0000000004e27380, 0x0000000004e28df8]
Event: 30.853 Thread 0x00000000171b6000 9077       3       sun.nio.ch.WindowsSelectorImpl::access$1600 (5 bytes)
Event: 30.853 Thread 0x00000000171b6000 nmethod 9077 0x0000000003cc8a90 code [0x0000000003cc8be0, 0x0000000003cc8d10]

GC Heap History (10 events):
Event: 11.490 GC heap before
{Heap before GC invocations=9 (full 1):
 PSYoungGen      total 95744K, used 33134K [0x00000000eab00000, 0x00000000f3c80000, 0x0000000100000000)
  eden space 84992K, 26% used [0x00000000eab00000,0x00000000ec0e0a30,0x00000000efe00000)
  from space 10752K, 99% used [0x00000000efe00000,0x00000000f087ae68,0x00000000f0880000)
  to   space 12800K, 0% used [0x00000000f3000000,0x00000000f3000000,0x00000000f3c80000)
 ParOldGen       total 70144K, used 15278K [0x00000000c0000000, 0x00000000c4480000, 0x00000000eab00000)
  object space 70144K, 21% used [0x00000000c0000000,0x00000000c0eebbd0,0x00000000c4480000)
 Metaspace       used 34702K, capacity 35312K, committed 35456K, reserved 1079296K
  class space    used 4716K, capacity 4896K, committed 4992K, reserved 1048576K
Event: 11.509 GC heap after
Heap after GC invocations=9 (full 1):
 PSYoungGen      total 135168K, used 11942K [0x00000000eab00000, 0x00000000f4300000, 0x0000000100000000)
  eden space 122368K, 0% used [0x00000000eab00000,0x00000000eab00000,0x00000000f2280000)
  from space 12800K, 93% used [0x00000000f3000000,0x00000000f3ba9a88,0x00000000f3c80000)
  to   space 13824K, 0% used [0x00000000f2280000,0x00000000f2280000,0x00000000f3000000)
 ParOldGen       total 70144K, used 15286K [0x00000000c0000000, 0x00000000c4480000, 0x00000000eab00000)
  object space 70144K, 21% used [0x00000000c0000000,0x00000000c0eedbd0,0x00000000c4480000)
 Metaspace       used 34702K, capacity 35312K, committed 35456K, reserved 1079296K
  class space    used 4716K, capacity 4896K, committed 4992K, reserved 1048576K
}
Event: 11.509 GC heap before
{Heap before GC invocations=10 (full 2):
 PSYoungGen      total 135168K, used 11942K [0x00000000eab00000, 0x00000000f4300000, 0x0000000100000000)
  eden space 122368K, 0% used [0x00000000eab00000,0x00000000eab00000,0x00000000f2280000)
  from space 12800K, 93% used [0x00000000f3000000,0x00000000f3ba9a88,0x00000000f3c80000)
  to   space 13824K, 0% used [0x00000000f2280000,0x00000000f2280000,0x00000000f3000000)
 ParOldGen       total 70144K, used 15286K [0x00000000c0000000, 0x00000000c4480000, 0x00000000eab00000)
  object space 70144K, 21% used [0x00000000c0000000,0x00000000c0eedbd0,0x00000000c4480000)
 Metaspace       used 34702K, capacity 35312K, committed 35456K, reserved 1079296K
  class space    used 4716K, capacity 4896K, committed 4992K, reserved 1048576K
Event: 11.657 GC heap after
Heap after GC invocations=10 (full 2):
 PSYoungGen      total 135168K, used 0K [0x00000000eab00000, 0x00000000f4300000, 0x0000000100000000)
  eden space 122368K, 0% used [0x00000000eab00000,0x00000000eab00000,0x00000000f2280000)
  from space 12800K, 0% used [0x00000000f3000000,0x00000000f3000000,0x00000000f3c80000)
  to   space 13824K, 0% used [0x00000000f2280000,0x00000000f2280000,0x00000000f3000000)
 ParOldGen       total 102912K, used 19818K [0x00000000c0000000, 0x00000000c6480000, 0x00000000eab00000)
  object space 102912K, 19% used [0x00000000c0000000,0x00000000c135a890,0x00000000c6480000)
 Metaspace       used 34702K, capacity 35312K, committed 35456K, reserved 1079296K
  class space    used 4716K, capacity 4896K, committed 4992K, reserved 1048576K
}
Event: 14.923 GC heap before
{Heap before GC invocations=11 (full 2):
 PSYoungGen      total 135168K, used 122368K [0x00000000eab00000, 0x00000000f4300000, 0x0000000100000000)
  eden space 122368K, 100% used [0x00000000eab00000,0x00000000f2280000,0x00000000f2280000)
  from space 12800K, 0% used [0x00000000f3000000,0x00000000f3000000,0x00000000f3c80000)
  to   space 13824K, 0% used [0x00000000f2280000,0x00000000f2280000,0x00000000f3000000)
 ParOldGen       total 102912K, used 19818K [0x00000000c0000000, 0x00000000c6480000, 0x00000000eab00000)
  object space 102912K, 19% used [0x00000000c0000000,0x00000000c135a890,0x00000000c6480000)
 Metaspace       used 42227K, capacity 43080K, committed 43264K, reserved 1087488K
  class space    used 5843K, capacity 6052K, committed 6144K, reserved 1048576K
Event: 14.948 GC heap after
Heap after GC invocations=11 (full 2):
 PSYoungGen      total 136192K, used 13821K [0x00000000eab00000, 0x00000000f6280000, 0x0000000100000000)
  eden space 122368K, 0% used [0x00000000eab00000,0x00000000eab00000,0x00000000f2280000)
  from space 13824K, 99% used [0x00000000f2280000,0x00000000f2fff680,0x00000000f3000000)
  to   space 15872K, 0% used [0x00000000f5300000,0x00000000f5300000,0x00000000f6280000)
 ParOldGen       total 102912K, used 20162K [0x00000000c0000000, 0x00000000c6480000, 0x00000000eab00000)
  object space 102912K, 19% used [0x00000000c0000000,0x00000000c13b0870,0x00000000c6480000)
 Metaspace       used 42227K, capacity 43080K, committed 43264K, reserved 1087488K
  class space    used 5843K, capacity 6052K, committed 6144K, reserved 1048576K
}
Event: 24.049 GC heap before
{Heap before GC invocations=12 (full 2):
 PSYoungGen      total 136192K, used 136189K [0x00000000eab00000, 0x00000000f6280000, 0x0000000100000000)
  eden space 122368K, 100% used [0x00000000eab00000,0x00000000f2280000,0x00000000f2280000)
  from space 13824K, 99% used [0x00000000f2280000,0x00000000f2fff680,0x00000000f3000000)
  to   space 15872K, 0% used [0x00000000f5300000,0x00000000f5300000,0x00000000f6280000)
 ParOldGen       total 102912K, used 20162K [0x00000000c0000000, 0x00000000c6480000, 0x00000000eab00000)
  object space 102912K, 19% used [0x00000000c0000000,0x00000000c13b0870,0x00000000c6480000)
 Metaspace       used 46736K, capacity 47786K, committed 48000K, reserved 1091584K
  class space    used 6431K, capacity 6732K, committed 6784K, reserved 1048576K
Event: 24.098 GC heap after
Heap after GC invocations=12 (full 2):
 PSYoungGen      total 167424K, used 15869K [0x00000000eab00000, 0x00000000f6800000, 0x0000000100000000)
  eden space 151552K, 0% used [0x00000000eab00000,0x00000000eab00000,0x00000000f3f00000)
  from space 15872K, 99% used [0x00000000f5300000,0x00000000f627f6e8,0x00000000f6280000)
  to   space 20480K, 0% used [0x00000000f3f00000,0x00000000f3f00000,0x00000000f5300000)
 ParOldGen       total 102912K, used 27651K [0x00000000c0000000, 0x00000000c6480000, 0x00000000eab00000)
  object space 102912K, 26% used [0x00000000c0000000,0x00000000c1b00d18,0x00000000c6480000)
 Metaspace       used 46736K, capacity 47786K, committed 48000K, reserved 1091584K
  class space    used 6431K, capacity 6732K, committed 6784K, reserved 1048576K
}
Event: 27.278 GC heap before
{Heap before GC invocations=13 (full 2):
 PSYoungGen      total 167424K, used 167421K [0x00000000eab00000, 0x00000000f6800000, 0x0000000100000000)
  eden space 151552K, 100% used [0x00000000eab00000,0x00000000f3f00000,0x00000000f3f00000)
  from space 15872K, 99% used [0x00000000f5300000,0x00000000f627f6e8,0x00000000f6280000)
  to   space 20480K, 0% used [0x00000000f3f00000,0x00000000f3f00000,0x00000000f5300000)
 ParOldGen       total 102912K, used 27651K [0x00000000c0000000, 0x00000000c6480000, 0x00000000eab00000)
  object space 102912K, 26% used [0x00000000c0000000,0x00000000c1b00d18,0x00000000c6480000)
 Metaspace       used 48043K, capacity 49104K, committed 49152K, reserved 1091584K
  class space    used 6592K, capacity 6893K, committed 6912K, reserved 1048576K
Event: 27.302 GC heap after
Heap after GC invocations=13 (full 2):
 PSYoungGen      total 172032K, used 18502K [0x00000000eab00000, 0x00000000f8c80000, 0x0000000100000000)
  eden space 151552K, 0% used [0x00000000eab00000,0x00000000eab00000,0x00000000f3f00000)
  from space 20480K, 90% used [0x00000000f3f00000,0x00000000f5111988,0x00000000f5300000)
  to   space 22528K, 0% used [0x00000000f7680000,0x00000000f7680000,0x00000000f8c80000)
 ParOldGen       total 102912K, used 27659K [0x00000000c0000000, 0x00000000c6480000, 0x00000000eab00000)
  object space 102912K, 26% used [0x00000000c0000000,0x00000000c1b02d18,0x00000000c6480000)
 Metaspace       used 48043K, capacity 49104K, committed 49152K, reserved 1091584K
  class space    used 6592K, capacity 6893K, committed 6912K, reserved 1048576K
}

Deoptimization events (10 events):
Event: 30.359 Thread 0x0000000018529800 Uncommon trap: reason=unstable_if action=reinterpret pc=0x0000000003d471a0 method=sun.nio.cs.ext.DoubleByte$Encoder.encodeArrayLoop(Ljava/nio/CharBuffer;Ljava/nio/ByteBuffer;)Ljava/nio/charset/CoderResult; @ 296
Event: 30.424 Thread 0x0000000018529800 Uncommon trap: reason=class_check action=maybe_recompile pc=0x00000000046c68fc method=java.util.zip.InflaterInputStream.fill()V @ 19
Event: 30.425 Thread 0x0000000018529800 Uncommon trap: reason=bimorphic action=maybe_recompile pc=0x0000000003f222cc method=java.io.BufferedInputStream.read1([BII)I @ 39
Event: 30.425 Thread 0x0000000018529800 Uncommon trap: reason=class_check action=maybe_recompile pc=0x00000000046c68fc method=java.util.zip.InflaterInputStream.fill()V @ 19
Event: 30.425 Thread 0x0000000018529800 Uncommon trap: reason=bimorphic action=maybe_recompile pc=0x0000000003f222cc method=java.io.BufferedInputStream.read1([BII)I @ 39
Event: 30.425 Thread 0x0000000018529800 Uncommon trap: reason=class_check action=maybe_recompile pc=0x00000000046c68fc method=java.util.zip.InflaterInputStream.fill()V @ 19
Event: 30.425 Thread 0x0000000018529800 Uncommon trap: reason=class_check action=maybe_recompile pc=0x00000000046c68fc method=java.util.zip.InflaterInputStream.fill()V @ 19
Event: 30.440 Thread 0x0000000018529800 Uncommon trap: reason=unstable_if action=reinterpret pc=0x0000000004689ee8 method=java.io.BufferedOutputStream.write(I)V @ 9
Event: 30.457 Thread 0x0000000018529800 Uncommon trap: reason=unstable_if action=reinterpret pc=0x0000000004def8f4 method=org.objectweb.asm.MethodWriter.visitInsn(I)V @ 24
Event: 30.819 Thread 0x0000000018529800 Uncommon trap: reason=class_check action=maybe_recompile pc=0x0000000003c2ef00 method=java.lang.Throwable.<init>(Ljava/lang/String;Ljava/lang/Throwable;)V @ 24

Internal exceptions (10 events):
Event: 22.576 Thread 0x0000000018529800 Exception <a 'java/lang/ClassNotFoundException': com/android/ide/common/res2/MergeWriterBeanInfo> (0x00000000ef8dcbc0) thrown at [D:\re\workspace\8-2-build-windows-amd64-cygwin\jdk8u92\6642\hotspot\src\share\vm\classfile\systemDictionary.cpp, line 210]
Event: 22.576 Thread 0x0000000018529800 Exception <a 'java/lang/ClassNotFoundException': com/android/ide/common/res2/MergeWriterCustomizer> (0x00000000ef8eb438) thrown at [D:\re\workspace\8-2-build-windows-amd64-cygwin\jdk8u92\6642\hotspot\src\share\vm\classfile\systemDictionary.cpp, line 210]
Event: 22.577 Thread 0x0000000018529800 Exception <a 'java/lang/ClassNotFoundException': com/android/ide/common/res2/MergedAssetWriterCustomizer> (0x00000000ef8fe7f0) thrown at [D:\re\workspace\8-2-build-windows-amd64-cygwin\jdk8u92\6642\hotspot\src\share\vm\classfile\systemDictionary.cpp, line …ßEâ¶¤6@
Event: 22.643 Thread 0x0000000018529800 Exception <a 'java/lang/NoSuchMethodError': <clinit>> (0x00000000efa5e6d8) thrown at [D:\re\workspace\8-2-build-windows-amd64-cygwin\jdk8u92\6642\hotspot\src\share\vm\prims\jni.cpp, line 1613]
Event: 24.294 Thread 0x0000000018529800 Implicit null exception at 0x0000000003d75257 to 0x0000000003d75393
Event: 26.049 Thread 0x0000000018529800 Implicit null exception at 0x0000000003c012a0 to 0x0000000003bff5b5
Event: 26.049 Thread 0x0000000018529800 Implicit null exception at 0x0000000003c012a0 to 0x0000000003bff5b5
Event: 26.057 Thread 0x0000000018529800 Implicit null exception at 0x0000000003c012a0 to 0x0000000003bff5b5
Event: 30.457 Thread 0x0000000018529800 Implicit null exception at 0x0000000004def644 to 0x0000000004def8e5
Event: 30.819 Thread 0x0000000018529800 Exception <a 'java/lang/reflect/InvocationTargetException'> (0x00000000f1ba2460) thrown at [D:\re\workspace\8-2-build-windows-amd64-cygwin\jdk8u92\6642\hotspot\src\share\vm\runtime\reflection.cpp, line 1092]

Events (10 events):
Event: 30.832 Executing VM operation: Deoptimize
Event: 30.841 Executing VM operation: Deoptimize done
Event: 30.842 loading class org/gradle/logging/internal/BufferingStyledTextOutput$ChangeStyleAction
Event: 30.842 loading class org/gradle/logging/internal/BufferingStyledTextOutput$ChangeStyleAction done
Event: 30.843 loading class org/gradle/logging/internal/LinePrefixingStyledTextOutput
Event: 30.843 loading class org/gradle/logging/internal/LinePrefixingStyledTextOutput done
Event: 30.843 Executing VM operation: Deoptimize
Event: 30.844 Executing VM operation: Deoptimize done
Event: 30.848 loading class org/gradle/BuildExceptionReporter$2
Event: 30.848 loading class org/gradle/BuildExceptionReporter$2 done


Dynamic libraries:
0x00007ff623d10000 - 0x00007ff623d47000 	D:\Program Files\Java\jdk1.8.0_92\bin\java.exe
0x00007fff3b620000 - 0x00007fff3b7e1000 	C:\WINDOWS\SYSTEM32\ntdll.dll
0x00007fff3af70000 - 0x00007fff3b01d000 	C:\WINDOWS\system32\KERNEL32.DLL
0x00007fff37af0000 - 0x00007fff37cd8000 	C:\WINDOWS\system32\KERNELBASE.dll
0x00007fff3ab00000 - 0x00007fff3aba7000 	C:\WINDOWS\system32\ADVAPI32.dll
0x00007fff3aa60000 - 0x00007fff3aafd000 	C:\WINDOWS\system32\msvcrt.dll
0x00007fff3b130000 - 0x00007fff3b18b000 	C:\WINDOWS\system32\sechost.dll
0x00007fff38d10000 - 0x00007fff38e2c000 	C:\WINDOWS\system32\RPCRT4.dll
0x00007fff3abb0000 - 0x00007fff3ad06000 	C:\WINDOWS\system32\USER32.dll
0x00007fff3a530000 - 0x00007fff3a6b6000 	C:\WINDOWS\system32\GDI32.dll
0x00007fff369e0000 - 0x00007fff36c54000 	C:\WINDOWS\WinSxS\amd64_microsoft.windows.common-controls_6595b64144ccf1df_6.0.10586.0_none_8c15ae12515e1c22\COMCTL32.dll
0x00007fff3a7e0000 - 0x00007fff3aa5d000 	C:\WINDOWS\system32\combase.dll
0x00007fff37a80000 - 0x00007fff37aea000 	C:\WINDOWS\system32\bcryptPrimitives.dll
0x00007fff38f80000 - 0x00007fff38fbb000 	C:\WINDOWS\system32\IMM32.DLL
0x00007fff37900000 - 0x00007fff37931000 	C:\windows\system32\nvinitx.dll
0x00007fff378f0000 - 0x00007fff378fa000 	C:\WINDOWS\SYSTEM32\VERSION.dll
0x000000006dae0000 - 0x000000006dae6000 	C:\Program Files\NVIDIA Corporation\CoProcManager\_etoured.dll
0x00007fff35480000 - 0x00007fff354b2000 	C:\Program Files\NVIDIA Corporation\CoProcManager\nvd3d9wrapx.dll
0x00007fff388e0000 - 0x00007fff38d09000 	C:\WINDOWS\system32\SETUPAPI.dll
0x00007fff37eb0000 - 0x00007fff37ef3000 	C:\WINDOWS\system32\CFGMGR32.dll
0x00007fff35450000 - 0x00007fff35472000 	C:\Program Files\NVIDIA Corporation\CoProcManager\nvdxgiwrapx.dll
0x000000006c330000 - 0x000000006c402000 	D:\Program Files\Java\jdk1.8.0_92\jre\bin\msvcr100.dll
0x000000006b600000 - 0x000000006be96000 	D:\Program Files\Java\jdk1.8.0_92\jre\bin\server\jvm.dll
0x00007fff37fb0000 - 0x00007fff37fd3000 	C:\WINDOWS\system32\WINMM.dll
0x0000000002df0000 - 0x0000000002e1c000 	C:\WINDOWS\system32\WINMMBASE.dll
0x00007fff38f50000 - 0x00007fff38f58000 	C:\WINDOWS\system32\PSAPI.DLL
0x00007fff221f0000 - 0x00007fff221f9000 	C:\WINDOWS\SYSTEM32\WSOCK32.dll
0x00007fff38860000 - 0x00007fff388cb000 	C:\WINDOWS\system32\WS2_32.dll
0x000000006c8f0000 - 0x000000006c8ff000 	D:\Program Files\Java\jdk1.8.0_92\jre\bin\verify.dll
0x000000006c8c0000 - 0x000000006c8e9000 	D:\Program Files\Java\jdk1.8.0_92\jre\bin\java.dll
0x000000006c8a0000 - 0x000000006c8b6000 	D:\Program Files\Java\jdk1.8.0_92\jre\bin\zip.dll
0x00007fff38fc0000 - 0x00007fff3a51c000 	C:\WINDOWS\system32\SHELL32.dll
0x00007fff381b0000 - 0x00007fff387f4000 	C:\WINDOWS\system32\windows.storage.dll
0x00007fff38e30000 - 0x00007fff38e82000 	C:\WINDOWS\system32\shlwapi.dll
0x00007fff37a10000 - 0x00007fff37a1f000 	C:\WINDOWS\system32\kernel.appcore.dll
0x00007fff37df0000 - 0x00007fff37ea5000 	C:\WINDOWS\system32\shcore.dll
0x00007fff38810000 - 0x00007fff3885b000 	C:\WINDOWS\system32\powrprof.dll
0x00007fff37a30000 - 0x00007fff37a44000 	C:\WINDOWS\system32\profapi.dll
0x000000006c880000 - 0x000000006c89a000 	D:\Program Files\Java\jdk1.8.0_92\jre\bin\net.dll
0x00007fff37290000 - 0x00007fff372ec000 	C:\WINDOWS\system32\mswsock.dll
0x000000006c860000 - 0x000000006c871000 	D:\Program Files\Java\jdk1.8.0_92\jre\bin\nio.dll
0x00007fff2fd40000 - 0x00007fff2fd52000 	C:\Users\Xu\.gradle\native\19\windows-amd64\native-platform.dll
0x00007fff33030000 - 0x00007fff33068000 	C:\WINDOWS\SYSTEM32\IPHLPAPI.DLL
0x00007fff388d0000 - 0x00007fff388d8000 	C:\WINDOWS\system32\NSI.dll
0x00007fff32330000 - 0x00007fff32346000 	C:\WINDOWS\SYSTEM32\dhcpcsvc6.DLL
0x00007fff32310000 - 0x00007fff3232a000 	C:\WINDOWS\SYSTEM32\dhcpcsvc.DLL
0x00007fff37340000 - 0x00007fff37357000 	C:\WINDOWS\SYSTEM32\CRYPTSP.dll
0x00007fff36fd0000 - 0x00007fff37004000 	C:\WINDOWS\system32\rsaenh.dll
0x00007fff37940000 - 0x00007fff37969000 	C:\WINDOWS\SYSTEM32\bcrypt.dll
0x00007fff37120000 - 0x00007fff3713f000 	C:\WINDOWS\SYSTEM32\USERENV.dll
0x00007fff37460000 - 0x00007fff3746b000 	C:\WINDOWS\SYSTEM32\CRYPTBASE.dll
0x000000006c660000 - 0x000000006c66d000 	D:\Program Files\Java\jdk1.8.0_92\jre\bin\management.dll

VM Arguments:
jvm_args: -XX:MaxPermSize=256m -XX:+HeapDumpOnOutOfMemoryError -Xmx1024m -Dfile.encoding=GBK -Duser.country=CN -Duser.language=zh -Duser.variant 
java_command: org.gradle.launcher.daemon.bootstrap.GradleDaemon 2.10
java_class_path (initial): D:\Program Files\Android\Android Studio\gradle\gradle-2.10\lib\gradle-launcher-2.10.jar
Launcher Type: SUN_STANDARD

Environment Variables:
JAVA_HOME=D:\Program Files\Java\jdk1.8.0_92
CLASSPATH=.;D:\Program Files\Java\jdk1.8.0_92\lib\dt.jar;D:\Program Files\Java\jdk1.8.0_92\lib\tools.jar;
PATH=C:\ProgramData\Oracle\Java\javapath;C:\WINDOWS\system32;C:\WINDOWS;C:\WINDOWS\System32\Wbem;C:\WINDOWS\System32\WindowsPowerShell\v1.0\;C:\Program Files\Intel\WiFi\bin\;C:\Program Files\Common Files\Intel\WirelessCommon\;C:\Program Files\ThinkPad\Bluetooth Software\;C:\Program Files\ThinkPad\Bluetooth Software\syswow64;C:\WINDOWS\system32\config\systemprofile\.dnx\bin;C:\Program Files\Microsoft DNX\Dnvm\;C:\Program Files (x86)\Windows Kits\8.1\Windows Performance Toolkit\;C:\Program Files\Microsoft SQL Server\130\Tools\Binn\;D:\Program Files\TortoiseGit\bin;d:\Program Files\Git\cmd;d:\Program Files\IDM Computer Solutions\UltraEdit;C:\Program Files\IDM Computer Solutions\UltraCompare;%JAVA_HOME;C:\Program Files\Intel\WiFi\bin\;C:\Program Files\Common Files\Intel\WirelessCommon\
USERNAME=Xu
OS=Windows_NT
PROCESSOR_IDENTIFIER=Intel64 Family 6 Model 58 Stepping 9, GenuineIntel



---------------  S Y S T E M  ---------------

OS: Windows 10.0 , 64 bit Build 10586 (10.0.10586.0)

CPU:total 4 (2 cores per cpu, 2 threads per core) family 6 model 58 stepping 9, cmov, cx8, fxsr, mmx, sse, sse2, sse3, ssse3, sse4.1, sse4.2, popcnt, avx, aes, clmul, erms, ht, tsc, tscinvbit, tscinv

Memory: 4k page, physical 8074724k(1313004k free), swap 8074724k(5824k free)

vm_info: Java HotSpot(TM) 64-Bit Server VM (25.92-b14) for windows-amd64 JRE (1.8.0_92-b14), built on Mar 31 2016 21:03:04 by "java_re" with MS VC++ 10.0 (VS2010)

time: Tue Jun 28 15:14:40 2016
elapsed time: 30 seconds (0d 0h 0m 30s)

