#
# There is insufficient memory for the Java Runtime Environment to continue.
# Native memory allocation (malloc) failed to allocate 1614416 bytes for Chunk::new
# Possible reasons:
#   The system is out of physical RAM or swap space
#   In 32 bit mode, the process size limit was hit
# Possible solutions:
#   Reduce memory load on the system
#   Increase physical memory or swap space
#   Check if swap backing store is full
#   Use 64 bit Java on a 64 bit OS
#   Decrease Java heap size (-Xmx/-Xms)
#   Decrease number of Java threads
#   Decrease Java thread stack sizes (-Xss)
#   Set larger code cache with -XX:ReservedCodeCacheSize=
# This output file may be truncated or incomplete.
#
#  Out of Memory Error (allocation.cpp:390), pid=10500, tid=0x000000000000265c
#
# JRE version: Java(TM) SE Runtime Environment (8.0_92-b14) (build 1.8.0_92-b14)
# Java VM: Java HotSpot(TM) 64-Bit Server VM (25.92-b14 mixed mode windows-amd64 compressed oops)
# Failed to write core dump. Minidumps are not enabled by default on client versions of Windows
#

---------------  T H R E A D  ---------------

Current thread (0x000000000328a000):  JavaThread "C2 CompilerThread0" daemon [_thread_in_native, id=9820, stack(0x00000000172b0000,0x00000000173b0000)]

Stack: [0x00000000172b0000,0x00000000173b0000]
[error occurred during error reporting (printing stack bounds), id 0xc0000005]

Native frames: (J=compiled Java code, j=interpreted, Vv=VM code, C=native code)


Current CompileTask:
C2:   7185 2203   !   4       com.android.dx.cf.code.RopperMachine::run (1550 bytes)


---------------  P R O C E S S  ---------------

Java Threads: ( => current thread )
  0x0000000016f21000 JavaThread "pool-1-thread-4" [_thread_in_vm, id=13548, stack(0x0000000017bb0000,0x0000000017cb0000)]
  0x0000000016fa1800 JavaThread "pool-1-thread-3" [_thread_blocked, id=16284, stack(0x0000000017ab0000,0x0000000017bb0000)]
  0x0000000016fa0000 JavaThread "pool-1-thread-2" [_thread_in_Java, id=5952, stack(0x00000000179b0000,0x0000000017ab0000)]
  0x0000000016f9e800 JavaThread "pool-2-thread-1" [_thread_blocked, id=13076, stack(0x00000000178b0000,0x00000000179b0000)]
  0x0000000016f9b800 JavaThread "pool-1-thread-1" [_thread_blocked, id=12968, stack(0x00000000177b0000,0x00000000178b0000)]
  0x0000000016d10800 JavaThread "Service Thread" daemon [_thread_blocked, id=11944, stack(0x00000000175b0000,0x00000000176b0000)]
  0x00000000159be000 JavaThread "C1 CompilerThread2" daemon [_thread_blocked, id=16820, stack(0x00000000174b0000,0x00000000175b0000)]
  0x00000000159bb000 JavaThread "C2 CompilerThread1" daemon [_thread_in_native, id=5108, stack(0x00000000173b0000,0x00000000174b0000)]
=>0x000000000328a000 JavaThread "C2 CompilerThread0" daemon [_thread_in_native, id=9820, stack(0x00000000172b0000,0x00000000173b0000)]
  0x0000000015972800 JavaThread "Attach Listener" daemon [_thread_blocked, id=10784, stack(0x00000000171b0000,0x00000000172b0000)]
  0x000000001595c800 JavaThread "Signal Dispatcher" daemon [_thread_blocked, id=6832, stack(0x00000000170b0000,0x00000000171b0000)]
  0x0000000003284800 JavaThread "Finalizer" daemon [_thread_blocked, id=3164, stack(0x0000000016bb0000,0x0000000016cb0000)]
  0x000000000327f800 JavaThread "Reference Handler" daemon [_thread_blocked, id=12844, stack(0x0000000016ab0000,0x0000000016bb0000)]
  0x0000000003192800 JavaThread "main" [_thread_blocked, id=14080, stack(0x0000000002f00000,0x0000000003000000)]

Other Threads:
  0x0000000015928000 VMThread [stack: 0x00000000169b0000,0x0000000016ab0000] [id=8728]
  0x0000000016d2d000 WatcherThread [stack: 0x00000000176b0000,0x00000000177b0000] [id=5964]

VM state:not at safepoint (normal execution)

VM Mutex/Monitor currently owned by a thread: None

Heap:
 PSYoungGen      total 143360K, used 34702K [0x00000000eab00000, 0x00000000f4c00000, 0x0000000100000000)
  eden space 124416K, 12% used [0x00000000eab00000,0x00000000eba6ab48,0x00000000f2480000)
  from space 18944K, 99% used [0x00000000f2480000,0x00000000f36f8ee8,0x00000000f3700000)
  to   space 16384K, 0% used [0x00000000f3700000,0x00000000f3700000,0x00000000f4700000)
 ParOldGen       total 84992K, used 38824K [0x00000000c0000000, 0x00000000c5300000, 0x00000000eab00000)
  object space 84992K, 45% used [0x00000000c0000000,0x00000000c25ea108,0x00000000c5300000)
 Metaspace       used 6588K, capacity 7256K, committed 7424K, reserved 1056768K
  class space    used 629K, capacity 656K, committed 768K, reserved 1048576K

Card table byte_map: [0x0000000012650000,0x0000000012860000] byte_map_base: 0x0000000012050000

Marking Bits: (ParMarkBitMap*) 0x000000006be164f0
 Begin Bits: [0x0000000012dc0000, 0x0000000013dc0000)
 End Bits:   [0x0000000013dc0000, 0x0000000014dc0000)

Polling page: 0x00000000013e0000

CodeCache: size=245760Kb used=9171Kb max_used=9174Kb free=236588Kb
 bounds [0x0000000003290000, 0x0000000003b90000, 0x0000000012290000]
 total_blobs=2343 nmethods=2071 adapters=184
 compilation: enabled

Compilation events (10 events):
Event: 7.121 Thread 0x00000000159be000 2212 %     3       com.android.dx.ssa.back.SsaToRop::moveParametersToHighRegisters @ 34 (88 bytes)
Event: 7.121 Thread 0x00000000159be000 nmethod 2212% 0x0000000003b7c690 code [0x0000000003b7c860, 0x0000000003b7d238]
Event: 7.122 Thread 0x00000000159be000 2213       3       com.android.dx.ssa.back.SsaToRop::moveParametersToHighRegisters (88 bytes)
Event: 7.122 Thread 0x00000000159be000 nmethod 2213 0x0000000003b7b890 code [0x0000000003b7ba60, 0x0000000003b7c338]
Event: 7.149 Thread 0x00000000159be000 2214       2       com.android.dx.rop.code.Rops::opPutStatic (97 bytes)
Event: 7.150 Thread 0x00000000159be000 nmethod 2214 0x0000000003b7ae50 code [0x0000000003b7b020, 0x0000000003b7b598]
Event: 7.155 Thread 0x00000000159be000 2215       1       java.lang.ref.Finalizer::access$000 (4 bytes)
Event: 7.155 Thread 0x00000000159be000 nmethod 2215 0x0000000003b7abd0 code [0x0000000003b7ad20, 0x0000000003b7ae10]
Event: 7.169 Thread 0x00000000159be000 2216       2       java.util.HashMap$TreeNode::find (172 bytes)
Event: 7.170 Thread 0x00000000159be000 nmethod 2216 0x0000000003b7a310 code [0x0000000003b7a4c0, 0x0000000003b7a8f8]

GC Heap History (10 events):
Event: 2.339 GC heap before
{Heap before GC invocations=3 (full 0):
 PSYoungGen      total 36864K, used 36855K [0x00000000eab00000, 0x00000000ef300000, 0x0000000100000000)
  eden space 31744K, 100% used [0x00000000eab00000,0x00000000eca00000,0x00000000eca00000)
  from space 5120K, 99% used [0x00000000ecf00000,0x00000000ed3fdf90,0x00000000ed400000)
  to   space 5120K, 0% used [0x00000000eca00000,0x00000000eca00000,0x00000000ecf00000)
 ParOldGen       total 84992K, used 3435K [0x00000000c0000000, 0x00000000c5300000, 0x00000000eab00000)
  object space 84992K, 4% used [0x00000000c0000000,0x00000000c035af50,0x00000000c5300000)
 Metaspace       used 6272K, capacity 7094K, committed 7296K, reserved 1056768K
  class space    used 609K, capacity 622K, committed 640K, reserved 1048576K
Event: 2.371 GC heap after
Heap after GC invocations=3 (full 0):
 PSYoungGen      total 36864K, used 5113K [0x00000000eab00000, 0x00000000ef300000, 0x0000000100000000)
  eden space 31744K, 0% used [0x00000000eab00000,0x00000000eab00000,0x00000000eca00000)
  from space 5120K, 99% used [0x00000000eca00000,0x00000000ecefe6f0,0x00000000ecf00000)
  to   space 5120K, 0% used [0x00000000eee00000,0x00000000eee00000,0x00000000ef300000)
 ParOldGen       total 84992K, used 8124K [0x00000000c0000000, 0x00000000c5300000, 0x00000000eab00000)
  object space 84992K, 9% used [0x00000000c0000000,0x00000000c07ef3b0,0x00000000c5300000)
 Metaspace       used 6272K, capacity 7094K, committed 7296K, reserved 1056768K
  class space    used 609K, capacity 622K, committed 640K, reserved 1048576K
}
Event: 2.597 GC heap before
{Heap before GC invocations=4 (full 0):
 PSYoungGen      total 36864K, used 36857K [0x00000000eab00000, 0x00000000ef300000, 0x0000000100000000)
  eden space 31744K, 100% used [0x00000000eab00000,0x00000000eca00000,0x00000000eca00000)
  from space 5120K, 99% used [0x00000000eca00000,0x00000000ecefe6f0,0x00000000ecf00000)
  to   space 5120K, 0% used [0x00000000eee00000,0x00000000eee00000,0x00000000ef300000)
 ParOldGen       total 84992K, used 8124K [0x00000000c0000000, 0x00000000c5300000, 0x00000000eab00000)
  object space 84992K, 9% used [0x00000000c0000000,0x00000000c07ef3b0,0x00000000c5300000)
 Metaspace       used 6315K, capacity 7094K, committed 7296K, reserved 1056768K
  class space    used 609K, capacity 622K, committed 640K, reserved 1048576K
Event: 2.619 GC heap after
Heap after GC invocations=4 (full 0):
 PSYoungGen      total 68608K, used 5113K [0x00000000eab00000, 0x00000000ef300000, 0x0000000100000000)
  eden space 63488K, 0% used [0x00000000eab00000,0x00000000eab00000,0x00000000ee900000)
  from space 5120K, 99% used [0x00000000eee00000,0x00000000ef2fe6f0,0x00000000ef300000)
  to   space 5120K, 0% used [0x00000000ee900000,0x00000000ee900000,0x00000000eee00000)
 ParOldGen       total 84992K, used 13473K [0x00000000c0000000, 0x00000000c5300000, 0x00000000eab00000)
  object space 84992K, 15% used [0x00000000c0000000,0x00000000c0d28658,0x00000000c5300000)
 Metaspace       used 6315K, capacity 7094K, committed 7296K, reserved 1056768K
  class space    used 609K, capacity 622K, committed 640K, reserved 1048576K
}
Event: 3.556 GC heap before
{Heap before GC invocations=5 (full 0):
 PSYoungGen      total 68608K, used 68601K [0x00000000eab00000, 0x00000000ef300000, 0x0000000100000000)
  eden space 63488K, 100% used [0x00000000eab00000,0x00000000ee900000,0x00000000ee900000)
  from space 5120K, 99% used [0x00000000eee00000,0x00000000ef2fe6f0,0x00000000ef300000)
  to   space 5120K, 0% used [0x00000000ee900000,0x00000000ee900000,0x00000000eee00000)
 ParOldGen       total 84992K, used 13473K [0x00000000c0000000, 0x00000000c5300000, 0x00000000eab00000)
  object space 84992K, 15% used [0x00000000c0000000,0x00000000c0d28658,0x00000000c5300000)
 Metaspace       used 6381K, capacity 7158K, committed 7296K, reserved 1056768K
  class space    used 609K, capacity 622K, committed 640K, reserved 1048576K
Event: 3.603 GC heap after
Heap after GC invocations=5 (full 0):
 PSYoungGen      total 68608K, used 5093K [0x00000000eab00000, 0x00000000f4700000, 0x0000000100000000)
  eden space 63488K, 0% used [0x00000000eab00000,0x00000000eab00000,0x00000000ee900000)
  from space 5120K, 99% used [0x00000000ee900000,0x00000000eedf9480,0x00000000eee00000)
  to   space 16384K, 0% used [0x00000000f3700000,0x00000000f3700000,0x00000000f4700000)
 ParOldGen       total 84992K, used 23227K [0x00000000c0000000, 0x00000000c5300000, 0x00000000eab00000)
  object space 84992K, 27% used [0x00000000c0000000,0x00000000c16aefa0,0x00000000c5300000)
 Metaspace       used 6381K, capacity 7158K, committed 7296K, reserved 1056768K
  class space    used 609K, capacity 622K, committed 640K, reserved 1048576K
}
Event: 5.886 GC heap before
{Heap before GC invocations=6 (full 0):
 PSYoungGen      total 68608K, used 68581K [0x00000000eab00000, 0x00000000f4700000, 0x0000000100000000)
  eden space 63488K, 100% used [0x00000000eab00000,0x00000000ee900000,0x00000000ee900000)
  from space 5120K, 99% used [0x00000000ee900000,0x00000000eedf9480,0x00000000eee00000)
  to   space 16384K, 0% used [0x00000000f3700000,0x00000000f3700000,0x00000000f4700000)
 ParOldGen       total 84992K, used 23227K [0x00000000c0000000, 0x00000000c5300000, 0x00000000eab00000)
  object space 84992K, 27% used [0x00000000c0000000,0x00000000c16aefa0,0x00000000c5300000)
 Metaspace       used 6437K, capacity 7158K, committed 7296K, reserved 1056768K
  class space    used 609K, capacity 622K, committed 640K, reserved 1048576K
Event: 5.997 GC heap after
Heap after GC invocations=6 (full 0):
 PSYoungGen      total 140800K, used 15483K [0x00000000eab00000, 0x00000000f4c00000, 0x0000000100000000)
  eden space 124416K, 0% used [0x00000000eab00000,0x00000000eab00000,0x00000000f2480000)
  from space 16384K, 94% used [0x00000000f3700000,0x00000000f461ec30,0x00000000f4700000)
  to   space 18944K, 0% used [0x00000000f2480000,0x00000000f2480000,0x00000000f3700000)
 ParOldGen       total 84992K, used 23235K [0x00000000c0000000, 0x00000000c5300000, 0x00000000eab00000)
  object space 84992K, 27% used [0x00000000c0000000,0x00000000c16b0fa0,0x00000000c5300000)
 Metaspace       used 6437K, capacity 7158K, committed 7296K, reserved 1056768K
  class space    used 609K, capacity 622K, committed 640K, reserved 1048576K
}
Event: 7.042 GC heap before
{Heap before GC invocations=7 (full 0):
 PSYoungGen      total 140800K, used 139899K [0x00000000eab00000, 0x00000000f4c00000, 0x0000000100000000)
  eden space 124416K, 100% used [0x00000000eab00000,0x00000000f2480000,0x00000000f2480000)
  from space 16384K, 94% used [0x00000000f3700000,0x00000000f461ec30,0x00000000f4700000)
  to   space 18944K, 0% used [0x00000000f2480000,0x00000000f2480000,0x00000000f3700000)
 ParOldGen       total 84992K, used 23235K [0x00000000c0000000, 0x00000000c5300000, 0x00000000eab00000)
  object space 84992K, 27% used [0x00000000c0000000,0x00000000c16b0fa0,0x00000000c5300000)
 Metaspace       used 6586K, capacity 7256K, committed 7424K, reserved 1056768K
  class space    used 629K, capacity 656K, committed 768K, reserved 1048576K
Event: 7.119 GC heap after
Heap after GC invocations=7 (full 0):
 PSYoungGen      total 143360K, used 18915K [0x00000000eab00000, 0x00000000f4c00000, 0x0000000100000000)
  eden space 124416K, 0% used [0x00000000eab00000,0x00000000eab00000,0x00000000f2480000)
  from space 18944K, 99% used [0x00000000f2480000,0x00000000f36f8ee8,0x00000000f3700000)
  to   space 16384K, 0% used [0x00000000f3700000,0x00000000f3700000,0x00000000f4700000)
 ParOldGen       total 84992K, used 38824K [0x00000000c0000000, 0x00000000c5300000, 0x00000000eab00000)
  object space 84992K, 45% used [0x00000000c0000000,0x00000000c25ea108,0x00000000c5300000)
 Metaspace       used 6586K, capacity 7256K, committed 7424K, reserved 1056768K
  class space    used 629K, capacity 656K, committed 768K, reserved 1048576K
}

Deoptimization events (10 events):
Event: 6.455 Thread 0x0000000016fa1800 Uncommon trap: reason=unstable_if action=reinterpret pc=0x0000000003a9015c method=com.android.dx.ssa.Dominators.run()V @ 346
Event: 6.481 Thread 0x0000000003192800 Uncommon trap: reason=bimorphic action=maybe_recompile pc=0x0000000003a259fc method=com.android.dx.cf.code.RopperMachine.run(Lcom/android/dx/cf/code/Frame;II)V @ 988
Event: 6.481 Thread 0x0000000003192800 Uncommon trap: reason=bimorphic action=maybe_recompile pc=0x0000000003a259fc method=com.android.dx.cf.code.RopperMachine.run(Lcom/android/dx/cf/code/Frame;II)V @ 988
Event: 6.481 Thread 0x0000000003192800 Uncommon trap: reason=bimorphic action=maybe_recompile pc=0x0000000003a259fc method=com.android.dx.cf.code.RopperMachine.run(Lcom/android/dx/cf/code/Frame;II)V @ 988
Event: 6.523 Thread 0x0000000016fa1800 Uncommon trap: reason=unstable_if action=reinterpret pc=0x00000000037a378c method=com.android.dx.ssa.MoveParamCombiner$1.visitNonMoveInsn(Lcom/android/dx/ssa/NormalSsaInsn;)V @ 27
Event: 6.559 Thread 0x0000000016f9b800 Uncommon trap: reason=bimorphic action=maybe_recompile pc=0x00000000037be590 method=com.android.dx.ssa.LiteralOpUpgrader.tryReplacingWithConstant(Lcom/android/dx/ssa/NormalSsaInsn;)Z @ 62
Event: 6.559 Thread 0x0000000016f9b800 Uncommon trap: reason=unstable_if action=reinterpret pc=0x0000000003a99b60 method=com.android.dx.ssa.SsaMethod.updateOneDefinition(Lcom/android/dx/ssa/SsaInsn;Lcom/android/dx/rop/code/RegisterSpec;)V @ 30
Event: 6.562 Thread 0x0000000016f9b800 Uncommon trap: reason=bimorphic action=maybe_recompile pc=0x00000000037be590 method=com.android.dx.ssa.LiteralOpUpgrader.tryReplacingWithConstant(Lcom/android/dx/ssa/NormalSsaInsn;)Z @ 62
Event: 6.683 Thread 0x0000000016fa1800 Uncommon trap: reason=bimorphic action=maybe_recompile pc=0x0000000003a259fc method=com.android.dx.cf.code.RopperMachine.run(Lcom/android/dx/cf/code/Frame;II)V @ 988
Event: 6.778 Thread 0x0000000016f9b800 Uncommon trap: reason=unstable_if action=reinterpret pc=0x0000000003ae4844 method=java.util.HashMap.putVal(ILjava/lang/Object;Ljava/lang/Object;ZZ)Ljava/lang/Object; @ 109

Internal exceptions (7 events):
Event: 0.071 Thread 0x0000000003192800 Exception <a 'java/lang/NoSuchMethodError': Method sun.misc.Unsafe.defineClass(Ljava/lang/String;[BII)Ljava/lang/Class; name or signature does not match> (0x00000000eab07cc0) thrown at [D:\re\workspace\8-2-build-windows-amd64-cygwin\jdk8u92\6642\hotspot\sr…c¦Ì?²?
Event: 0.071 Thread 0x0000000003192800 Exception <a 'java/lang/NoSuchMethodError': Method sun.misc.Unsafe.prefetchRead(Ljava/lang/Object;J)V name or signature does not match> (0x00000000eab07fa8) thrown at [D:\re\workspace\8-2-build-windows-amd64-cygwin\jdk8u92\6642\hotspot\src\share\vm\prims\j6ô«„Jô?
Event: 1.268 Thread 0x0000000016fa0000 Implicit null exception at 0x000000000358c5a2 to 0x000000000358c6a1
Event: 5.273 Thread 0x0000000003192800 Implicit null exception at 0x0000000003785791 to 0x0000000003787151
Event: 6.356 Thread 0x0000000016fa0000 Exception <a 'java/lang/ArrayIndexOutOfBoundsException': 18> (0x00000000ec938d40) thrown at [D:\re\workspace\8-2-build-windows-amd64-cygwin\jdk8u92\6642\hotspot\src\share\vm\interpreter\interpreterRuntime.cpp, line 366]
Event: 6.375 Thread 0x0000000016fa0000 Exception <a 'java/lang/ArrayIndexOutOfBoundsException'> (0x00000000ec93a8c0) thrown at [D:\re\workspace\8-2-build-windows-amd64-cygwin\jdk8u92\6642\hotspot\src\share\vm\runtime\sharedRuntime.cpp, line 605]
Event: 6.376 Thread 0x0000000016fa0000 Exception <a 'java/lang/ArrayIndexOutOfBoundsException'> (0x00000000ec93bba8) thrown at [D:\re\workspace\8-2-build-windows-amd64-cygwin\jdk8u92\6642\hotspot\src\share\vm\runtime\sharedRuntime.cpp, line 605]

Events (10 events):
Event: 7.039 Thread 0x0000000016f21000 DEOPT PACKING pc=0x0000000003b549ae sp=0x0000000017cae480
Event: 7.039 Thread 0x0000000016f21000 DEOPT UNPACKING pc=0x00000000032d787f sp=0x0000000017cae2c0 mode 0
Event: 7.042 Executing VM operation: ParallelGCFailedAllocation
Event: 7.119 Executing VM operation: ParallelGCFailedAllocation done
Event: 7.122 Thread 0x0000000016fa0000 DEOPT PACKING pc=0x00000000038d94e8 sp=0x0000000017aaecb0
Event: 7.122 Thread 0x0000000016fa0000 DEOPT UNPACKING pc=0x00000000032d787f sp=0x0000000017aaea28 mode 0
Event: 7.135 Thread 0x0000000016fa0000 DEOPT PACKING pc=0x00000000036d6d18 sp=0x0000000017aaebd0
Event: 7.135 Thread 0x0000000016fa0000 DEOPT UNPACKING pc=0x00000000032d787f sp=0x0000000017aaea00 mode 0
Event: 7.164 Thread 0x0000000003192800 DEOPT PACKING pc=0x0000000003b549ae sp=0x0000000002ffde60
Event: 7.164 Thread 0x0000000003192800 DEOPT UNPACKING pc=0x00000000032d787f sp=0x0000000002ffdca0 mode 0


Dynamic libraries:
0x00007ff72f8a0000 - 0x00007ff72f8d7000 	D:\Program Files\Java\jdk1.8.0_92\bin\java.exe
0x00007fff3b620000 - 0x00007fff3b7e1000 	C:\WINDOWS\SYSTEM32\ntdll.dll
0x00007fff3af70000 - 0x00007fff3b01d000 	C:\WINDOWS\system32\KERNEL32.DLL
0x00007fff37af0000 - 0x00007fff37cd8000 	C:\WINDOWS\system32\KERNELBASE.dll
0x00007fff3ab00000 - 0x00007fff3aba7000 	C:\WINDOWS\system32\ADVAPI32.dll
0x00007fff3aa60000 - 0x00007fff3aafd000 	C:\WINDOWS\system32\msvcrt.dll
0x00007fff3b130000 - 0x00007fff3b18b000 	C:\WINDOWS\system32\sechost.dll
0x00007fff38d10000 - 0x00007fff38e2c000 	C:\WINDOWS\system32\RPCRT4.dll
0x00007fff3abb0000 - 0x00007fff3ad06000 	C:\WINDOWS\system32\USER32.dll
0x00007fff3a530000 - 0x00007fff3a6b6000 	C:\WINDOWS\system32\GDI32.dll
0x00007fff369e0000 - 0x00007fff36c54000 	C:\WINDOWS\WinSxS\amd64_microsoft.windows.common-controls_6595b64144ccf1df_6.0.10586.0_none_8c15ae12515e1c22\COMCTL32.dll
0x00007fff3a7e0000 - 0x00007fff3aa5d000 	C:\WINDOWS\system32\combase.dll
0x00007fff37a80000 - 0x00007fff37aea000 	C:\WINDOWS\system32\bcryptPrimitives.dll
0x00007fff38f80000 - 0x00007fff38fbb000 	C:\WINDOWS\system32\IMM32.DLL
0x00007fff37900000 - 0x00007fff37931000 	C:\windows\system32\nvinitx.dll
0x00007fff378f0000 - 0x00007fff378fa000 	C:\WINDOWS\SYSTEM32\VERSION.dll
0x000000006dae0000 - 0x000000006dae6000 	C:\Program Files\NVIDIA Corporation\CoProcManager\_etoured.dll
0x00007fff35480000 - 0x00007fff354b2000 	C:\Program Files\NVIDIA Corporation\CoProcManager\nvd3d9wrapx.dll
0x00007fff388e0000 - 0x00007fff38d09000 	C:\WINDOWS\system32\SETUPAPI.dll
0x00007fff37eb0000 - 0x00007fff37ef3000 	C:\WINDOWS\system32\CFGMGR32.dll
0x00007fff35450000 - 0x00007fff35472000 	C:\Program Files\NVIDIA Corporation\CoProcManager\nvdxgiwrapx.dll
0x000000006c330000 - 0x000000006c402000 	D:\Program Files\Java\jdk1.8.0_92\jre\bin\msvcr100.dll
0x000000006b600000 - 0x000000006be96000 	D:\Program Files\Java\jdk1.8.0_92\jre\bin\server\jvm.dll
0x00007fff37fb0000 - 0x00007fff37fd3000 	C:\WINDOWS\system32\WINMM.dll
0x00000000013b0000 - 0x00000000013dc000 	C:\WINDOWS\system32\WINMMBASE.dll
0x00007fff38f50000 - 0x00007fff38f58000 	C:\WINDOWS\system32\PSAPI.DLL
0x00007fff221f0000 - 0x00007fff221f9000 	C:\WINDOWS\SYSTEM32\WSOCK32.dll
0x00007fff38860000 - 0x00007fff388cb000 	C:\WINDOWS\system32\WS2_32.dll
0x000000006c8f0000 - 0x000000006c8ff000 	D:\Program Files\Java\jdk1.8.0_92\jre\bin\verify.dll
0x000000006c8c0000 - 0x000000006c8e9000 	D:\Program Files\Java\jdk1.8.0_92\jre\bin\java.dll
0x000000006c8a0000 - 0x000000006c8b6000 	D:\Program Files\Java\jdk1.8.0_92\jre\bin\zip.dll
0x00007fff38fc0000 - 0x00007fff3a51c000 	C:\WINDOWS\system32\SHELL32.dll
0x00007fff381b0000 - 0x00007fff387f4000 	C:\WINDOWS\system32\windows.storage.dll
0x00007fff38e30000 - 0x00007fff38e82000 	C:\WINDOWS\system32\shlwapi.dll
0x00007fff37a10000 - 0x00007fff37a1f000 	C:\WINDOWS\system32\kernel.appcore.dll
0x00007fff37df0000 - 0x00007fff37ea5000 	C:\WINDOWS\system32\shcore.dll
0x00007fff38810000 - 0x00007fff3885b000 	C:\WINDOWS\system32\powrprof.dll
0x00007fff37a30000 - 0x00007fff37a44000 	C:\WINDOWS\system32\profapi.dll

VM Arguments:
jvm_args: -Djava.awt.headless=true -Xmx1024M -Dfile.encoding=GBK -Duser.country=CN -Duser.language=zh -Duser.variant 
java_command: com.android.dx.command.Main --dex --force-jumbo --num-threads=4 --output D:\AndroidStudioProjects\Study\HelloWorld\app\build\intermediates\pre-dexed\debug\com.android.support-support-v4-23.3.0_fdd6122d46731b24a9fe36eaeab22a3c21643239.jar D:\AndroidStudioProjects\Study\HelloWorld\app\build\intermediates\exploded-aar\com.android.support\support-v4\23.3.0\jars\classes.jar
java_class_path (initial): D:\AppData\Local\Android\sdk\build-tools\23.0.3\lib\dx.jar
Launcher Type: SUN_STANDARD

Environment Variables:
JAVA_HOME=D:\Program Files\Java\jdk1.8.0_92
CLASSPATH=.;D:\Program Files\Java\jdk1.8.0_92\lib\dt.jar;D:\Program Files\Java\jdk1.8.0_92\lib\tools.jar;
PATH=C:\ProgramData\Oracle\Java\javapath;C:\WINDOWS\system32;C:\WINDOWS;C:\WINDOWS\System32\Wbem;C:\WINDOWS\System32\WindowsPowerShell\v1.0\;C:\Program Files\Intel\WiFi\bin\;C:\Program Files\Common Files\Intel\WirelessCommon\;C:\Program Files\ThinkPad\Bluetooth Software\;C:\Program Files\ThinkPad\Bluetooth Software\syswow64;C:\WINDOWS\system32\config\systemprofile\.dnx\bin;C:\Program Files\Microsoft DNX\Dnvm\;C:\Program Files (x86)\Windows Kits\8.1\Windows Performance Toolkit\;C:\Program Files\Microsoft SQL Server\130\Tools\Binn\;D:\Program Files\TortoiseGit\bin;d:\Program Files\Git\cmd;d:\Program Files\IDM Computer Solutions\UltraEdit;C:\Program Files\IDM Computer Solutions\UltraCompare;%JAVA_HOME;C:\Program Files\Intel\WiFi\bin\;C:\Program Files\Common Files\Intel\WirelessCommon\
USERNAME=Xu
OS=Windows_NT
PROCESSOR_IDENTIFIER=Intel64 Family 6 Model 58 Stepping 9, GenuineIntel



---------------  S Y S T E M  ---------------

OS: Windows 10.0 , 64 bit Build 10586 (10.0.10586.0)

CPU:total 4 (2 cores per cpu, 2 threads per core) family 6 model 58 stepping 9, cmov, cx8, fxsr, mmx, sse, sse2, sse3, ssse3, sse4.1, sse4.2, popcnt, avx, aes, clmul, erms, ht, tsc, tscinvbit, tscinv

Memory: 4k page, physical 8074724k(1016540k free), swap 8074724k(5972k free)

vm_info: Java HotSpot(TM) 64-Bit Server VM (25.92-b14) for windows-amd64 JRE (1.8.0_92-b14), built on Mar 31 2016 21:03:04 by "java_re" with MS VC++ 10.0 (VS2010)

time: Wed Jun 29 13:39:33 2016
elapsed time: 7 seconds (0d 0h 0m 7s)

