#
# There is insufficient memory for the Java Runtime Environment to continue.
# Native memory allocation (malloc) failed to allocate 82096 bytes for Chunk::new
# Possible reasons:
#   The system is out of physical RAM or swap space
#   In 32 bit mode, the process size limit was hit
# Possible solutions:
#   Reduce memory load on the system
#   Increase physical memory or swap space
#   Check if swap backing store is full
#   Use 64 bit Java on a 64 bit OS
#   Decrease Java heap size (-Xmx/-Xms)
#   Decrease number of Java threads
#   Decrease Java thread stack sizes (-Xss)
#   Set larger code cache with -XX:ReservedCodeCacheSize=
# This output file may be truncated or incomplete.
#
#  Out of Memory Error (allocation.cpp:390), pid=14372, tid=0x00000000000012bc
#
# JRE version: Java(TM) SE Runtime Environment (8.0_92-b14) (build 1.8.0_92-b14)
# Java VM: Java HotSpot(TM) 64-Bit Server VM (25.92-b14 mixed mode windows-amd64 compressed oops)
# Failed to write core dump. Minidumps are not enabled by default on client versions of Windows
#

---------------  T H R E A D  ---------------

Current thread (0x0000000016a0e800):  JavaThread "C2 CompilerThread1" daemon [_thread_in_native, id=4796, stack(0x00000000170b0000,0x00000000171b0000)]

Stack: [0x00000000170b0000,0x00000000171b0000]
[error occurred during error reporting (printing stack bounds), id 0xc0000005]

Native frames: (J=compiled Java code, j=interpreted, Vv=VM code, C=native code)


Current CompileTask:
C2:   3179  914       4       com.android.dx.ssa.SsaRenamer$BlockRenamer::addMapping (143 bytes)


---------------  P R O C E S S  ---------------

Java Threads: ( => current thread )
  0x0000000016b89000 JavaThread "pool-1-thread-4" [_thread_in_Java, id=584, stack(0x00000000178b0000,0x00000000179b0000)]
  0x0000000016b85800 JavaThread "pool-1-thread-3" [_thread_in_Java, id=15312, stack(0x00000000177b0000,0x00000000178b0000)]
  0x0000000016b84000 JavaThread "pool-1-thread-2" [_thread_in_vm, id=6164, stack(0x00000000176b0000,0x00000000177b0000)]
  0x0000000016b81000 JavaThread "pool-2-thread-1" [_thread_blocked, id=9696, stack(0x00000000175b0000,0x00000000176b0000)]
  0x0000000016b80800 JavaThread "pool-1-thread-1" [_thread_in_Java, id=6292, stack(0x00000000174b0000,0x00000000175b0000)]
  0x0000000016a16000 JavaThread "Service Thread" daemon [_thread_blocked, id=10908, stack(0x00000000172b0000,0x00000000173b0000)]
  0x0000000016a11800 JavaThread "C1 CompilerThread2" daemon [_thread_in_native, id=7184, stack(0x00000000171b0000,0x00000000172b0000)]
=>0x0000000016a0e800 JavaThread "C2 CompilerThread1" daemon [_thread_in_native, id=4796, stack(0x00000000170b0000,0x00000000171b0000)]
  0x00000000169f3800 JavaThread "C2 CompilerThread0" daemon [_thread_in_native, id=12076, stack(0x0000000016fb0000,0x00000000170b0000)]
  0x00000000155f7800 JavaThread "Attach Listener" daemon [_thread_blocked, id=13548, stack(0x0000000016eb0000,0x0000000016fb0000)]
  0x0000000015602000 JavaThread "Signal Dispatcher" daemon [_thread_blocked, id=3692, stack(0x0000000016db0000,0x0000000016eb0000)]
  0x00000000155ca000 JavaThread "Finalizer" daemon [_thread_blocked, id=14080, stack(0x0000000016840000,0x0000000016940000)]
  0x00000000155a9000 JavaThread "Reference Handler" daemon [_thread_blocked, id=13268, stack(0x0000000016740000,0x0000000016840000)]
  0x0000000002df0800 JavaThread "main" [_thread_blocked, id=16292, stack(0x0000000002cd0000,0x0000000002dd0000)]

Other Threads:
  0x00000000155a7000 VMThread [stack: 0x0000000016640000,0x0000000016740000] [id=12980]
  0x0000000016a70800 WatcherThread [stack: 0x00000000173b0000,0x00000000174b0000] [id=11604]

VM state:not at safepoint (normal execution)

VM Mutex/Monitor currently owned by a thread: None

Heap:
 PSYoungGen      total 36864K, used 18094K [0x00000000eab00000, 0x00000000ed400000, 0x0000000100000000)
  eden space 31744K, 56% used [0x00000000eab00000,0x00000000ebcab838,0x00000000eca00000)
  from space 5120K, 0% used [0x00000000ecf00000,0x00000000ecf00000,0x00000000ed400000)
  to   space 5120K, 0% used [0x00000000eca00000,0x00000000eca00000,0x00000000ecf00000)
 ParOldGen       total 84992K, used 0K [0x00000000c0000000, 0x00000000c5300000, 0x00000000eab00000)
  object space 84992K, 0% used [0x00000000c0000000,0x00000000c0000000,0x00000000c5300000)
 Metaspace       used 5883K, capacity 6776K, committed 7040K, reserved 1056768K
  class space    used 603K, capacity 624K, committed 640K, reserved 1048576K

Card table byte_map: [0x00000000122b0000,0x00000000124c0000] byte_map_base: 0x0000000011cb0000

Marking Bits: (ParMarkBitMap*) 0x000000006be164f0
 Begin Bits: [0x0000000012a20000, 0x0000000013a20000)
 End Bits:   [0x0000000013a20000, 0x0000000014a20000)

Polling page: 0x0000000001110000

CodeCache: size=245760Kb used=3803Kb max_used=3803Kb free=241956Kb
 bounds [0x0000000002ef0000, 0x00000000032b0000, 0x0000000011ef0000]
 total_blobs=1201 nmethods=927 adapters=187
 compilation: enabled

Compilation events (10 events):
Event: 3.176 Thread 0x0000000016a11800 nmethod 913 0x00000000032951d0 code [0x0000000003295400, 0x0000000003296138]
Event: 3.176 Thread 0x0000000016a11800  928       3       java.util.AbstractSet::<init> (5 bytes)
Event: 3.176 Thread 0x0000000016a11800 nmethod 928 0x0000000003294d90 code [0x0000000003294f00, 0x0000000003295110]
Event: 3.176 Thread 0x0000000016a11800  922       3       com.android.dx.dex.code.RopTranslator$TranslationVisitor::addOutput (9 bytes)
Event: 3.176 Thread 0x0000000016a11800 nmethod 922 0x00000000032a1b50 code [0x00000000032a1ce0, 0x00000000032a2098]
Event: 3.176 Thread 0x0000000016a11800  916       3       com.android.dx.rop.code.RegisterSpec::<init> (8 bytes)
Event: 3.176 Thread 0x0000000016a11800 nmethod 916 0x00000000032a2290 code [0x00000000032a2400, 0x00000000032a2588]
Event: 3.176 Thread 0x0000000016a11800  924       3       com.android.dx.rop.type.Type::getFrameType (5 bytes)
Event: 3.177 Thread 0x0000000016a11800 nmethod 924 0x00000000032a2650 code [0x00000000032a27c0, 0x00000000032a29c8]
Event: 3.177 Thread 0x0000000016a11800  925       3       com.android.dx.rop.type.Type::getFrameType (58 bytes)

GC Heap History (0 events):
No events

Deoptimization events (2 events):
Event: 2.572 Thread 0x0000000016b84000 Uncommon trap: reason=unstable_if action=reinterpret pc=0x0000000003105914 method=java.util.HashMap.getNode(ILjava/lang/Object;)Ljava/util/HashMap$Node; @ 129
Event: 2.999 Thread 0x0000000016b80800 Uncommon trap: reason=unstable_if action=reinterpret pc=0x00000000031c3fac method=com.android.dx.rop.code.RegisterSpecSet.put(Lcom/android/dx/rop/code/RegisterSpec;)V @ 77

Internal exceptions (2 events):
Event: 0.048 Thread 0x0000000002df0800 Exception <a 'java/lang/NoSuchMethodError': Method sun.misc.Unsafe.defineClass(Ljava/lang/String;[BII)Ljava/lang/Class; name or signature does not match> (0x00000000eab07cc0) thrown at [D:\re\workspace\8-2-build-windows-amd64-cygwin\jdk8u92\6642\hotspot\sr
|?o›h¨?
Event: 0.048 Thread 0x0000000002df0800 Exception <a 'java/lang/NoSuchMethodError': Method sun.misc.Unsafe.prefetchRead(Ljava/lang/Object;J)V name or signature does not match> (0x00000000eab07fa8) thrown at [D:\re\workspace\8-2-build-windows-amd64-cygwin\jdk8u92\6642\hotspot\src\share\vm\prims\j

Events (10 events):
Event: 2.600 loading class java/util/TreeMap$EntrySet done
Event: 2.600 loading class java/util/TreeMap$EntryIterator
Event: 2.600 loading class java/util/TreeMap$EntryIterator done
Event: 2.682 loading class java/util/ArrayList$1
Event: 2.682 loading class java/util/ArrayList$1 done
Event: 2.994 Executing VM operation: ForceSafepoint
Event: 2.995 Executing VM operation: ForceSafepoint done
Event: 2.999 Thread 0x0000000016b80800 Uncommon trap: trap_request=0xffffff65 fr.pc=0x00000000031c3fac
Event: 2.999 Thread 0x0000000016b80800 DEOPT PACKING pc=0x00000000031c3fac sp=0x00000000175aea40
Event: 2.999 Thread 0x0000000016b80800 DEOPT UNPACKING pc=0x0000000002f3582a sp=0x00000000175ae9c8 mode 2


Dynamic libraries:
0x00007ff72f8a0000 - 0x00007ff72f8d7000 	D:\Program Files\Java\jdk1.8.0_92\bin\java.exe
0x00007fff3b620000 - 0x00007fff3b7e1000 	C:\WINDOWS\SYSTEM32\ntdll.dll
0x00007fff3af70000 - 0x00007fff3b01d000 	C:\WINDOWS\system32\KERNEL32.DLL
0x00007fff37af0000 - 0x00007fff37cd8000 	C:\WINDOWS\system32\KERNELBASE.dll
0x00007fff3ab00000 - 0x00007fff3aba7000 	C:\WINDOWS\system32\ADVAPI32.dll
0x00007fff3aa60000 - 0x00007fff3aafd000 	C:\WINDOWS\system32\msvcrt.dll
0x00007fff3b130000 - 0x00007fff3b18b000 	C:\WINDOWS\system32\sechost.dll
0x00007fff38d10000 - 0x00007fff38e2c000 	C:\WINDOWS\system32\RPCRT4.dll
0x00007fff3abb0000 - 0x00007fff3ad06000 	C:\WINDOWS\system32\USER32.dll
0x00007fff3a530000 - 0x00007fff3a6b6000 	C:\WINDOWS\system32\GDI32.dll
0x00007fff369e0000 - 0x00007fff36c54000 	C:\WINDOWS\WinSxS\amd64_microsoft.windows.common-controls_6595b64144ccf1df_6.0.10586.0_none_8c15ae12515e1c22\COMCTL32.dll
0x00007fff3a7e0000 - 0x00007fff3aa5d000 	C:\WINDOWS\system32\combase.dll
0x00007fff37a80000 - 0x00007fff37aea000 	C:\WINDOWS\system32\bcryptPrimitives.dll
0x00007fff38f80000 - 0x00007fff38fbb000 	C:\WINDOWS\system32\IMM32.DLL
0x00007fff37900000 - 0x00007fff37931000 	C:\windows\system32\nvinitx.dll
0x00007fff378f0000 - 0x00007fff378fa000 	C:\WINDOWS\SYSTEM32\VERSION.dll
0x000000006dae0000 - 0x000000006dae6000 	C:\Program Files\NVIDIA Corporation\CoProcManager\_etoured.dll
0x00007fff35480000 - 0x00007fff354b2000 	C:\Program Files\NVIDIA Corporation\CoProcManager\nvd3d9wrapx.dll
0x00007fff388e0000 - 0x00007fff38d09000 	C:\WINDOWS\system32\SETUPAPI.dll
0x00007fff37eb0000 - 0x00007fff37ef3000 	C:\WINDOWS\system32\CFGMGR32.dll
0x00007fff35450000 - 0x00007fff35472000 	C:\Program Files\NVIDIA Corporation\CoProcManager\nvdxgiwrapx.dll
0x000000006c330000 - 0x000000006c402000 	D:\Program Files\Java\jdk1.8.0_92\jre\bin\msvcr100.dll
0x000000006b600000 - 0x000000006be96000 	D:\Program Files\Java\jdk1.8.0_92\jre\bin\server\jvm.dll
0x00007fff37fb0000 - 0x00007fff37fd3000 	C:\WINDOWS\system32\WINMM.dll
0x0000000002ca0000 - 0x0000000002ccc000 	C:\WINDOWS\system32\WINMMBASE.dll
0x00007fff38f50000 - 0x00007fff38f58000 	C:\WINDOWS\system32\PSAPI.DLL
0x00007fff221f0000 - 0x00007fff221f9000 	C:\WINDOWS\SYSTEM32\WSOCK32.dll
0x00007fff38860000 - 0x00007fff388cb000 	C:\WINDOWS\system32\WS2_32.dll
0x000000006c8f0000 - 0x000000006c8ff000 	D:\Program Files\Java\jdk1.8.0_92\jre\bin\verify.dll
0x000000006c8c0000 - 0x000000006c8e9000 	D:\Program Files\Java\jdk1.8.0_92\jre\bin\java.dll
0x000000006c8a0000 - 0x000000006c8b6000 	D:\Program Files\Java\jdk1.8.0_92\jre\bin\zip.dll
0x00007fff38fc0000 - 0x00007fff3a51c000 	C:\WINDOWS\system32\SHELL32.dll
0x00007fff381b0000 - 0x00007fff387f4000 	C:\WINDOWS\system32\windows.storage.dll
0x00007fff38e30000 - 0x00007fff38e82000 	C:\WINDOWS\system32\shlwapi.dll
0x00007fff37a10000 - 0x00007fff37a1f000 	C:\WINDOWS\system32\kernel.appcore.dll
0x00007fff37df0000 - 0x00007fff37ea5000 	C:\WINDOWS\system32\shcore.dll
0x00007fff38810000 - 0x00007fff3885b000 	C:\WINDOWS\system32\powrprof.dll
0x00007fff37a30000 - 0x00007fff37a44000 	C:\WINDOWS\system32\profapi.dll

VM Arguments:
jvm_args: -Djava.awt.headless=true -Xmx1024M -Dfile.encoding=GBK -Duser.country=CN -Duser.language=zh -Duser.variant 
java_command: com.android.dx.command.Main --dex --force-jumbo --num-threads=4 --output D:\AndroidStudioProjects\Study\HelloWorld\app\build\intermediates\pre-dexed\debug\instant-run_630b5852845ff6e7e58873109aec82ef52d0d6e9.jar D:\AndroidStudioProjects\Study\HelloWorld\app\build\intermediates\incremental-runtime-classes\debug\instant-run.jar
java_class_path (initial): D:\AppData\Local\Android\sdk\build-tools\23.0.3\lib\dx.jar
Launcher Type: SUN_STANDARD

Environment Variables:
JAVA_HOME=D:\Program Files\Java\jdk1.8.0_92
CLASSPATH=.;D:\Program Files\Java\jdk1.8.0_92\lib\dt.jar;D:\Program Files\Java\jdk1.8.0_92\lib\tools.jar;
PATH=C:\ProgramData\Oracle\Java\javapath;C:\WINDOWS\system32;C:\WINDOWS;C:\WINDOWS\System32\Wbem;C:\WINDOWS\System32\WindowsPowerShell\v1.0\;C:\Program Files\Intel\WiFi\bin\;C:\Program Files\Common Files\Intel\WirelessCommon\;C:\Program Files\ThinkPad\Bluetooth Software\;C:\Program Files\ThinkPad\Bluetooth Software\syswow64;C:\WINDOWS\system32\config\systemprofile\.dnx\bin;C:\Program Files\Microsoft DNX\Dnvm\;C:\Program Files (x86)\Windows Kits\8.1\Windows Performance Toolkit\;C:\Program Files\Microsoft SQL Server\130\Tools\Binn\;D:\Program Files\TortoiseGit\bin;d:\Program Files\Git\cmd;d:\Program Files\IDM Computer Solutions\UltraEdit;C:\Program Files\IDM Computer Solutions\UltraCompare;%JAVA_HOME;C:\Program Files\Intel\WiFi\bin\;C:\Program Files\Common Files\Intel\WirelessCommon\
USERNAME=Xu
OS=Windows_NT
PROCESSOR_IDENTIFIER=Intel64 Family 6 Model 58 Stepping 9, GenuineIntel



---------------  S Y S T E M  ---------------

OS: Windows 10.0 , 64 bit Build 10586 (10.0.10586.0)

CPU:total 4 (2 cores per cpu, 2 threads per core) family 6 model 58 stepping 9, cmov, cx8, fxsr, mmx, sse, sse2, sse3, ssse3, sse4.1, sse4.2, popcnt, avx, aes, clmul, erms, ht, tsc, tscinvbit, tscinv

Memory: 4k page, physical 8074724k(1217420k free), swap 8074724k(5124k free)

vm_info: Java HotSpot(TM) 64-Bit Server VM (25.92-b14) for windows-amd64 JRE (1.8.0_92-b14), built on Mar 31 2016 21:03:04 by "java_re" with MS VC++ 10.0 (VS2010)

time: Wed Jun 29 13:36:34 2016
elapsed time: 3 seconds (0d 0h 0m 3s)

