#
# There is insufficient memory for the Java Runtime Environment to continue.
# Native memory allocation (malloc) failed to allocate 365136 bytes for Chunk::new
# Possible reasons:
#   The system is out of physical RAM or swap space
#   In 32 bit mode, the process size limit was hit
# Possible solutions:
#   Reduce memory load on the system
#   Increase physical memory or swap space
#   Check if swap backing store is full
#   Use 64 bit Java on a 64 bit OS
#   Decrease Java heap size (-Xmx/-Xms)
#   Decrease number of Java threads
#   Decrease Java thread stack sizes (-Xss)
#   Set larger code cache with -XX:ReservedCodeCacheSize=
# This output file may be truncated or incomplete.
#
#  Out of Memory Error (allocation.cpp:390), pid=3164, tid=0x00000000000013e8
#
# JRE version: Java(TM) SE Runtime Environment (8.0_92-b14) (build 1.8.0_92-b14)
# Java VM: Java HotSpot(TM) 64-Bit Server VM (25.92-b14 mixed mode windows-amd64 compressed oops)
# Failed to write core dump. Minidumps are not enabled by default on client versions of Windows
#

---------------  T H R E A D  ---------------

Current thread (0x000000000325a000):  JavaThread "C2 CompilerThread0" daemon [_thread_in_native, id=5096, stack(0x00000000172f0000,0x00000000173f0000)]

Stack: [0x00000000172f0000,0x00000000173f0000]
[error occurred during error reporting (printing stack bounds), id 0xc0000005]

Native frames: (J=compiled Java code, j=interpreted, Vv=VM code, C=native code)


Current CompileTask:
C2:   2717  920 %     4       com.android.dx.ssa.SsaMethod::deleteInsns @ 42 (239 bytes)


---------------  P R O C E S S  ---------------

Java Threads: ( => current thread )
  0x0000000016fb7800 JavaThread "pool-1-thread-4" [_thread_in_Java, id=17316, stack(0x0000000017df0000,0x0000000017ef0000)]
  0x0000000016f65800 JavaThread "pool-1-thread-3" [_thread_in_Java, id=15644, stack(0x0000000017cf0000,0x0000000017df0000)]
  0x0000000016f65000 JavaThread "pool-1-thread-2" [_thread_in_Java, id=18540, stack(0x0000000017bf0000,0x0000000017cf0000)]
  0x0000000016f64000 JavaThread "pool-2-thread-1" [_thread_blocked, id=14808, stack(0x00000000178f0000,0x00000000179f0000)]
  0x0000000016f5a800 JavaThread "pool-1-thread-1" [_thread_blocked, id=7364, stack(0x00000000177f0000,0x00000000178f0000)]
  0x0000000016d58800 JavaThread "Service Thread" daemon [_thread_blocked, id=11760, stack(0x00000000175f0000,0x00000000176f0000)]
  0x000000001598e000 JavaThread "C1 CompilerThread2" daemon [_thread_in_native, id=16616, stack(0x00000000174f0000,0x00000000175f0000)]
  0x000000001598b000 JavaThread "C2 CompilerThread1" daemon [_thread_in_native, id=16904, stack(0x00000000173f0000,0x00000000174f0000)]
=>0x000000000325a000 JavaThread "C2 CompilerThread0" daemon [_thread_in_native, id=5096, stack(0x00000000172f0000,0x00000000173f0000)]
  0x0000000015942800 JavaThread "Attach Listener" daemon [_thread_blocked, id=15536, stack(0x00000000171f0000,0x00000000172f0000)]
  0x000000001592c800 JavaThread "Signal Dispatcher" daemon [_thread_blocked, id=18524, stack(0x00000000170f0000,0x00000000171f0000)]
  0x0000000003254800 JavaThread "Finalizer" daemon [_thread_blocked, id=17384, stack(0x0000000016b90000,0x0000000016c90000)]
  0x000000000324f800 JavaThread "Reference Handler" daemon [_thread_blocked, id=7624, stack(0x0000000016a90000,0x0000000016b90000)]
  0x0000000003162800 JavaThread "main" [_thread_in_Java, id=17260, stack(0x00000000015a0000,0x00000000016a0000)]

Other Threads:
  0x00000000158f8000 VMThread [stack: 0x0000000016990000,0x0000000016a90000] [id=12980]
  0x0000000016d9b000 WatcherThread [stack: 0x00000000176f0000,0x00000000177f0000] [id=8864]

VM state:not at safepoint (normal execution)

VM Mutex/Monitor currently owned by a thread: None

Heap:
 PSYoungGen      total 36864K, used 10238K [0x00000000eab00000, 0x00000000ed400000, 0x0000000100000000)
  eden space 31744K, 16% used [0x00000000eab00000,0x00000000eb007ab8,0x00000000eca00000)
  from space 5120K, 99% used [0x00000000eca00000,0x00000000ecef8028,0x00000000ecf00000)
  to   space 5120K, 0% used [0x00000000ecf00000,0x00000000ecf00000,0x00000000ed400000)
 ParOldGen       total 50688K, used 6196K [0x00000000c0000000, 0x00000000c3180000, 0x00000000eab00000)
  object space 50688K, 12% used [0x00000000c0000000,0x00000000c060d070,0x00000000c3180000)
 Metaspace       used 6152K, capacity 6966K, committed 7040K, reserved 1058816K
  class space    used 607K, capacity 622K, committed 640K, reserved 1048576K

Card table byte_map: [0x0000000012620000,0x0000000012830000] byte_map_base: 0x0000000012020000

Marking Bits: (ParMarkBitMap*) 0x000000006be164f0
 Begin Bits: [0x0000000012d90000, 0x0000000013d90000)
 End Bits:   [0x0000000013d90000, 0x0000000014d90000)

Polling page: 0x0000000001160000

CodeCache: size=245760Kb used=3602Kb max_used=3602Kb free=242157Kb
 bounds [0x0000000003260000, 0x00000000035f0000, 0x0000000012260000]
 total_blobs=1182 nmethods=908 adapters=184
 compilation: enabled

Compilation events (10 events):
Event: 2.710 Thread 0x000000001598e000 nmethod 941 0x00000000035cd790 code [0x00000000035cd940, 0x00000000035cdd78]
Event: 2.710 Thread 0x000000001598e000  939       2       java.util.ArrayList::indexOf (67 bytes)
Event: 2.710 Thread 0x000000001598e000 nmethod 939 0x00000000035e0390 code [0x00000000035e0520, 0x00000000035e0828]
Event: 2.710 Thread 0x000000001598e000  929       3       com.android.dx.cf.code.ByteCatchList::toRopCatchList (57 bytes)
Event: 2.711 Thread 0x000000001598e000 nmethod 929 0x00000000035e0a10 code [0x00000000035e0c60, 0x00000000035e1ce8]
Event: 2.711 Thread 0x000000001598e000  949       2       com.android.dx.rop.type.Prototype::getParameterFrameTypes (96 bytes)
Event: 2.713 Thread 0x000000001598e000 nmethod 949 0x00000000035e2750 code [0x00000000035e2940, 0x00000000035e3018]
Event: 2.713 Thread 0x000000001598e000  956       2       com.android.dx.cf.code.Ropper::mergeAndWorkAsNecessary (102 bytes)
Event: 2.714 Thread 0x000000001598e000 nmethod 956 0x00000000035e3910 code [0x00000000035e3ac0, 0x00000000035e3ff8]
Event: 2.714 Thread 0x000000001598e000  966       2       com.android.dx.ssa.back.InterferenceGraph::mergeInterferenceSet (29 bytes)

GC Heap History (8 events):
Event: 0.545 GC heap before
{Heap before GC invocations=1 (full 0):
 PSYoungGen      total 36864K, used 8890K [0x00000000eab00000, 0x00000000ed400000, 0x0000000100000000)
  eden space 31744K, 28% used [0x00000000eab00000,0x00000000eb3ae9d0,0x00000000eca00000)
  from space 5120K, 0% used [0x00000000ecf00000,0x00000000ecf00000,0x00000000ed400000)
  to   space 5120K, 0% used [0x00000000eca00000,0x00000000eca00000,0x00000000ecf00000)
 ParOldGen       total 84992K, used 0K [0x00000000c0000000, 0x00000000c5300000, 0x00000000eab00000)
  object space 84992K, 0% used [0x00000000c0000000,0x00000000c0000000,0x00000000c5300000)
 Metaspace       used 3625K, capacity 4720K, committed 4864K, reserved 1060864K
  class space    used 393K, capacity 424K, committed 512K, reserved 1048576K
Event: 0.555 GC heap after
Heap after GC invocations=1 (full 0):
 PSYoungGen      total 36864K, used 1244K [0x00000000eab00000, 0x00000000ed400000, 0x0000000100000000)
  eden space 31744K, 0% used [0x00000000eab00000,0x00000000eab00000,0x00000000eca00000)
  from space 5120K, 24% used [0x00000000eca00000,0x00000000ecb372a0,0x00000000ecf00000)
  to   space 5120K, 0% used [0x00000000ecf00000,0x00000000ecf00000,0x00000000ed400000)
 ParOldGen       total 84992K, used 8K [0x00000000c0000000, 0x00000000c5300000, 0x00000000eab00000)
  object space 84992K, 0% used [0x00000000c0000000,0x00000000c0002000,0x00000000c5300000)
 Metaspace       used 3625K, capacity 4720K, committed 4864K, reserved 1060864K
  class space    used 393K, capacity 424K, committed 512K, reserved 1048576K
}
Event: 0.555 GC heap before
{Heap before GC invocations=2 (full 1):
 PSYoungGen      total 36864K, used 1244K [0x00000000eab00000, 0x00000000ed400000, 0x0000000100000000)
  eden space 31744K, 0% used [0x00000000eab00000,0x00000000eab00000,0x00000000eca00000)
  from space 5120K, 24% used [0x00000000eca00000,0x00000000ecb372a0,0x00000000ecf00000)
  to   space 5120K, 0% used [0x00000000ecf00000,0x00000000ecf00000,0x00000000ed400000)
 ParOldGen       total 84992K, used 8K [0x00000000c0000000, 0x00000000c5300000, 0x00000000eab00000)
  object space 84992K, 0% used [0x00000000c0000000,0x00000000c0002000,0x00000000c5300000)
 Metaspace       used 3625K, capacity 4720K, committed 4864K, reserved 1060864K
  class space    used 393K, capacity 424K, committed 512K, reserved 1048576K
Event: 0.568 GC heap after
Heap after GC invocations=2 (full 1):
 PSYoungGen      total 36864K, used 0K [0x00000000eab00000, 0x00000000ed400000, 0x0000000100000000)
  eden space 31744K, 0% used [0x00000000eab00000,0x00000000eab00000,0x00000000eca00000)
  from space 5120K, 0% used [0x00000000eca00000,0x00000000eca00000,0x00000000ecf00000)
  to   space 5120K, 0% used [0x00000000ecf00000,0x00000000ecf00000,0x00000000ed400000)
 ParOldGen       total 50688K, used 1153K [0x00000000c0000000, 0x00000000c3180000, 0x00000000eab00000)
  object space 50688K, 2% used [0x00000000c0000000,0x00000000c0120530,0x00000000c3180000)
 Metaspace       used 3625K, capacity 4720K, committed 4864K, reserved 1058816K
  class space    used 393K, capacity 424K, committed 512K, reserved 1048576K
}
Event: 2.265 GC heap before
{Heap before GC invocations=3 (full 1):
 PSYoungGen      total 36864K, used 31744K [0x00000000eab00000, 0x00000000ed400000, 0x0000000100000000)
  eden space 31744K, 100% used [0x00000000eab00000,0x00000000eca00000,0x00000000eca00000)
  from space 5120K, 0% used [0x00000000eca00000,0x00000000eca00000,0x00000000ecf00000)
  to   space 5120K, 0% used [0x00000000ecf00000,0x00000000ecf00000,0x00000000ed400000)
 ParOldGen       total 50688K, used 1153K [0x00000000c0000000, 0x00000000c3180000, 0x00000000eab00000)
  object space 50688K, 2% used [0x00000000c0000000,0x00000000c0120530,0x00000000c3180000)
 Metaspace       used 5929K, capacity 6774K, committed 7040K, reserved 1058816K
  class space    used 601K, capacity 622K, committed 640K, reserved 1048576K
Event: 2.287 GC heap after
Heap after GC invocations=3 (full 1):
 PSYoungGen      total 36864K, used 5088K [0x00000000eab00000, 0x00000000ed400000, 0x0000000100000000)
  eden space 31744K, 0% used [0x00000000eab00000,0x00000000eab00000,0x00000000eca00000)
  from space 5120K, 99% used [0x00000000ecf00000,0x00000000ed3f8028,0x00000000ed400000)
  to   space 5120K, 0% used [0x00000000eca00000,0x00000000eca00000,0x00000000ecf00000)
 ParOldGen       total 50688K, used 2180K [0x00000000c0000000, 0x00000000c3180000, 0x00000000eab00000)
  object space 50688K, 4% used [0x00000000c0000000,0x00000000c0221288,0x00000000c3180000)
 Metaspace       used 5929K, capacity 6774K, committed 7040K, reserved 1058816K
  class space    used 601K, capacity 622K, committed 640K, reserved 1048576K
}
Event: 2.615 GC heap before
{Heap before GC invocations=4 (full 1):
 PSYoungGen      total 36864K, used 36832K [0x00000000eab00000, 0x00000000ed400000, 0x0000000100000000)
  eden space 31744K, 100% used [0x00000000eab00000,0x00000000eca00000,0x00000000eca00000)
  from space 5120K, 99% used [0x00000000ecf00000,0x00000000ed3f8028,0x00000000ed400000)
  to   space 5120K, 0% used [0x00000000eca00000,0x00000000eca00000,0x00000000ecf00000)
 ParOldGen       total 50688K, used 2180K [0x00000000c0000000, 0x00000000c3180000, 0x00000000eab00000)
  object space 50688K, 4% used [0x00000000c0000000,0x00000000c0221288,0x00000000c3180000)
 Metaspace       used 6132K, capacity 6966K, committed 7040K, reserved 1058816K
  class space    used 607K, capacity 622K, committed 640K, reserved 1048576K
Event: 2.628 GC heap after
Heap after GC invocations=4 (full 1):
 PSYoungGen      total 36864K, used 5088K [0x00000000eab00000, 0x00000000ed400000, 0x0000000100000000)
  eden space 31744K, 0% used [0x00000000eab00000,0x00000000eab00000,0x00000000eca00000)
  from space 5120K, 99% used [0x00000000eca00000,0x00000000ecef8028,0x00000000ecf00000)
  to   space 5120K, 0% used [0x00000000ecf00000,0x00000000ecf00000,0x00000000ed400000)
 ParOldGen       total 50688K, used 6196K [0x00000000c0000000, 0x00000000c3180000, 0x00000000eab00000)
  object space 50688K, 12% used [0x00000000c0000000,0x00000000c060d070,0x00000000c3180000)
 Metaspace       used 6132K, capacity 6966K, committed 7040K, reserved 1058816K
  class space    used 607K, capacity 622K, committed 640K, reserved 1048576K
}

Deoptimization events (6 events):
Event: 0.530 Thread 0x0000000003162800 Uncommon trap: reason=unstable_if action=reinterpret pc=0x00000000033b54d4 method=java.lang.String.compareTo(Ljava/lang/String;)I @ 38
Event: 2.046 Thread 0x0000000016fb7800 Uncommon trap: reason=class_check action=maybe_recompile pc=0x00000000034e9968 method=com.android.dx.rop.type.Type.equals(Ljava/lang/Object;)Z @ 8
Event: 2.046 Thread 0x0000000016fb7800 Uncommon trap: reason=class_check action=maybe_recompile pc=0x00000000034e9968 method=com.android.dx.rop.type.Type.equals(Ljava/lang/Object;)Z @ 8
Event: 2.046 Thread 0x0000000016fb7800 Uncommon trap: reason=class_check action=maybe_recompile pc=0x00000000034e9968 method=com.android.dx.rop.type.Type.equals(Ljava/lang/Object;)Z @ 8
Event: 2.046 Thread 0x0000000016fb7800 Uncommon trap: reason=class_check action=maybe_recompile pc=0x00000000034e9968 method=com.android.dx.rop.type.Type.equals(Ljava/lang/Object;)Z @ 8
Event: 2.066 Thread 0x0000000016fb7800 Uncommon trap: reason=unstable_if action=reinterpret pc=0x000000000354001c method=com.android.dx.rop.cst.Constant.compareTo(Lcom/android/dx/rop/cst/Constant;)I @ 12

Internal exceptions (2 events):
Event: 0.066 Thread 0x0000000003162800 Exception <a 'java/lang/NoSuchMethodError': Method sun.misc.Unsafe.defineClass(Ljava/lang/String;[BII)Ljava/lang/Class; name or signature does not match> (0x00000000eab07cc0) thrown at [D:\re\workspace\8-2-build-windows-amd64-cygwin\jdk8u92\6642\hotspot\sr
Event: 0.066 Thread 0x0000000003162800 Exception <a 'java/lang/NoSuchMethodError': Method sun.misc.Unsafe.prefetchRead(Ljava/lang/Object;J)V name or signature does not match> (0x00000000eab07fa8) thrown at [D:\re\workspace\8-2-build-windows-amd64-cygwin\jdk8u92\6642\hotspot\src\share\vm\prims\j

Events (10 events):
Event: 2.659 Thread 0x000000001598e000 flushing nmethod 0x000000000339bc90
Event: 2.659 Thread 0x000000001598e000 flushing nmethod 0x000000000339c1d0
Event: 2.659 Thread 0x000000001598e000 flushing nmethod 0x000000000339d910
Event: 2.659 Thread 0x000000001598e000 flushing nmethod 0x000000000339e490
Event: 2.659 Thread 0x000000001598e000 flushing nmethod 0x000000000339e790
Event: 2.659 Thread 0x000000001598e000 flushing nmethod 0x000000000339ee90
Event: 2.659 Thread 0x000000001598e000 flushing nmethod 0x00000000033a0ad0
Event: 2.659 Thread 0x000000001598e000 flushing nmethod 0x00000000033a36d0
Event: 2.659 Thread 0x000000001598e000 flushing nmethod 0x00000000033a5350
Event: 2.659 Thread 0x000000001598e000 flushing nmethod 0x00000000033b5250


Dynamic libraries:
0x00007ff72f8a0000 - 0x00007ff72f8d7000 	D:\Program Files\Java\jdk1.8.0_92\bin\java.exe
0x00007fff3b620000 - 0x00007fff3b7e1000 	C:\WINDOWS\SYSTEM32\ntdll.dll
0x00007fff3af70000 - 0x00007fff3b01d000 	C:\WINDOWS\system32\KERNEL32.DLL
0x00007fff37af0000 - 0x00007fff37cd8000 	C:\WINDOWS\system32\KERNELBASE.dll
0x00007fff3ab00000 - 0x00007fff3aba7000 	C:\WINDOWS\system32\ADVAPI32.dll
0x00007fff3aa60000 - 0x00007fff3aafd000 	C:\WINDOWS\system32\msvcrt.dll
0x00007fff3b130000 - 0x00007fff3b18b000 	C:\WINDOWS\system32\sechost.dll
0x00007fff38d10000 - 0x00007fff38e2c000 	C:\WINDOWS\system32\RPCRT4.dll
0x00007fff3abb0000 - 0x00007fff3ad06000 	C:\WINDOWS\system32\USER32.dll
0x00007fff3a530000 - 0x00007fff3a6b6000 	C:\WINDOWS\system32\GDI32.dll
0x00007fff369e0000 - 0x00007fff36c54000 	C:\WINDOWS\WinSxS\amd64_microsoft.windows.common-controls_6595b64144ccf1df_6.0.10586.0_none_8c15ae12515e1c22\COMCTL32.dll
0x00007fff3a7e0000 - 0x00007fff3aa5d000 	C:\WINDOWS\system32\combase.dll
0x00007fff37a80000 - 0x00007fff37aea000 	C:\WINDOWS\system32\bcryptPrimitives.dll
0x00007fff38f80000 - 0x00007fff38fbb000 	C:\WINDOWS\system32\IMM32.DLL
0x00007fff37900000 - 0x00007fff37931000 	C:\windows\system32\nvinitx.dll
0x00007fff378f0000 - 0x00007fff378fa000 	C:\WINDOWS\SYSTEM32\VERSION.dll
0x000000006dae0000 - 0x000000006dae6000 	C:\Program Files\NVIDIA Corporation\CoProcManager\_etoured.dll
0x00007fff35480000 - 0x00007fff354b2000 	C:\Program Files\NVIDIA Corporation\CoProcManager\nvd3d9wrapx.dll
0x00007fff388e0000 - 0x00007fff38d09000 	C:\WINDOWS\system32\SETUPAPI.dll
0x00007fff37eb0000 - 0x00007fff37ef3000 	C:\WINDOWS\system32\CFGMGR32.dll
0x00007fff35450000 - 0x00007fff35472000 	C:\Program Files\NVIDIA Corporation\CoProcManager\nvdxgiwrapx.dll
0x000000006c330000 - 0x000000006c402000 	D:\Program Files\Java\jdk1.8.0_92\jre\bin\msvcr100.dll
0x000000006b600000 - 0x000000006be96000 	D:\Program Files\Java\jdk1.8.0_92\jre\bin\server\jvm.dll
0x00007fff37fb0000 - 0x00007fff37fd3000 	C:\WINDOWS\system32\WINMM.dll
0x0000000001570000 - 0x000000000159c000 	C:\WINDOWS\system32\WINMMBASE.dll
0x00007fff38f50000 - 0x00007fff38f58000 	C:\WINDOWS\system32\PSAPI.DLL
0x00007fff221f0000 - 0x00007fff221f9000 	C:\WINDOWS\SYSTEM32\WSOCK32.dll
0x00007fff38860000 - 0x00007fff388cb000 	C:\WINDOWS\system32\WS2_32.dll
0x000000006c8f0000 - 0x000000006c8ff000 	D:\Program Files\Java\jdk1.8.0_92\jre\bin\verify.dll
0x000000006c8c0000 - 0x000000006c8e9000 	D:\Program Files\Java\jdk1.8.0_92\jre\bin\java.dll
0x000000006c8a0000 - 0x000000006c8b6000 	D:\Program Files\Java\jdk1.8.0_92\jre\bin\zip.dll
0x00007fff38fc0000 - 0x00007fff3a51c000 	C:\WINDOWS\system32\SHELL32.dll
0x00007fff381b0000 - 0x00007fff387f4000 	C:\WINDOWS\system32\windows.storage.dll
0x00007fff38e30000 - 0x00007fff38e82000 	C:\WINDOWS\system32\shlwapi.dll
0x00007fff37a10000 - 0x00007fff37a1f000 	C:\WINDOWS\system32\kernel.appcore.dll
0x00007fff37df0000 - 0x00007fff37ea5000 	C:\WINDOWS\system32\shcore.dll
0x00007fff38810000 - 0x00007fff3885b000 	C:\WINDOWS\system32\powrprof.dll
0x00007fff37a30000 - 0x00007fff37a44000 	C:\WINDOWS\system32\profapi.dll

VM Arguments:
jvm_args: -Djava.awt.headless=true -Xmx1024M -Dfile.encoding=GBK -Duser.country=CN -Duser.language=zh -Duser.variant 
java_command: com.android.dx.command.Main --dex --force-jumbo --num-threads=4 --output D:\AndroidStudioProjects\Study\HelloWorld\app\build\intermediates\pre-dexed\debug\internal_impl-23.3.0_fe63a093f060652b21bb06382b953c3a2a3e76ee.jar D:\AndroidStudioProjects\Study\HelloWorld\app\build\intermediates\exploded-aar\com.android.support\support-v4\23.3.0\jars\libs\internal_impl-23.3.0.jar
java_class_path (initial): D:\AppData\Local\Android\sdk\build-tools\23.0.3\lib\dx.jar
Launcher Type: SUN_STANDARD

Environment Variables:
JAVA_HOME=D:\Program Files\Java\jdk1.8.0_92
CLASSPATH=.;D:\Program Files\Java\jdk1.8.0_92\lib\dt.jar;D:\Program Files\Java\jdk1.8.0_92\lib\tools.jar;
PATH=C:\ProgramData\Oracle\Java\javapath;C:\WINDOWS\system32;C:\WINDOWS;C:\WINDOWS\System32\Wbem;C:\WINDOWS\System32\WindowsPowerShell\v1.0\;C:\Program Files\Intel\WiFi\bin\;C:\Program Files\Common Files\Intel\WirelessCommon\;C:\Program Files\ThinkPad\Bluetooth Software\;C:\Program Files\ThinkPad\Bluetooth Software\syswow64;C:\WINDOWS\system32\config\systemprofile\.dnx\bin;C:\Program Files\Microsoft DNX\Dnvm\;C:\Program Files (x86)\Windows Kits\8.1\Windows Performance Toolkit\;C:\Program Files\Microsoft SQL Server\130\Tools\Binn\;D:\Program Files\TortoiseGit\bin;d:\Program Files\Git\cmd;d:\Program Files\IDM Computer Solutions\UltraEdit;C:\Program Files\IDM Computer Solutions\UltraCompare;%JAVA_HOME;C:\Program Files\Intel\WiFi\bin\;C:\Program Files\Common Files\Intel\WirelessCommon\
USERNAME=Xu
OS=Windows_NT
PROCESSOR_IDENTIFIER=Intel64 Family 6 Model 58 Stepping 9, GenuineIntel



---------------  S Y S T E M  ---------------

OS: Windows 10.0 , 64 bit Build 10586 (10.0.10586.0)

CPU:total 4 (2 cores per cpu, 2 threads per core) family 6 model 58 stepping 9, cmov, cx8, fxsr, mmx, sse, sse2, sse3, ssse3, sse4.1, sse4.2, popcnt, avx, aes, clmul, erms, ht, tsc, tscinvbit, tscinv

Memory: 4k page, physical 8074724k(1111192k free), swap 8074724k(1868k free)

vm_info: Java HotSpot(TM) 64-Bit Server VM (25.92-b14) for windows-amd64 JRE (1.8.0_92-b14), built on Mar 31 2016 21:03:04 by "java_re" with MS VC++ 10.0 (VS2010)

time: Wed Jun 29 21:34:49 2016
elapsed time: 2 seconds (0d 0h 0m 2s)

