#
# There is insufficient memory for the Java Runtime Environment to continue.
# Native memory allocation (malloc) failed to allocate 32744 bytes for ChunkPool::allocate
# Possible reasons:
#   The system is out of physical RAM or swap space
#   In 32 bit mode, the process size limit was hit
# Possible solutions:
#   Reduce memory load on the system
#   Increase physical memory or swap space
#   Check if swap backing store is full
#   Use 64 bit Java on a 64 bit OS
#   Decrease Java heap size (-Xmx/-Xms)
#   Decrease number of Java threads
#   Decrease Java thread stack sizes (-Xss)
#   Set larger code cache with -XX:ReservedCodeCacheSize=
# This output file may be truncated or incomplete.
#
#  Out of Memory Error (allocation.cpp:273), pid=11228, tid=0x0000000000003e4c
#
# JRE version: Java(TM) SE Runtime Environment (8.0_92-b14) (build 1.8.0_92-b14)
# Java VM: Java HotSpot(TM) 64-Bit Server VM (25.92-b14 mixed mode windows-amd64 compressed oops)
# Failed to write core dump. Minidumps are not enabled by default on client versions of Windows
#

---------------  T H R E A D  ---------------

Current thread (0x000000001543d800):  JavaThread "C2 CompilerThread1" daemon [_thread_in_native, id=15948, stack(0x0000000016e90000,0x0000000016f90000)]

Stack: [0x0000000016e90000,0x0000000016f90000]
[error occurred during error reporting (printing stack bounds), id 0xc0000005]

Native frames: (J=compiled Java code, j=interpreted, Vv=VM code, C=native code)


Current CompileTask:
C2:   3134 1148       4       com.android.dx.ssa.SsaMethod::deleteInsns (239 bytes)


---------------  P R O C E S S  ---------------

Java Threads: ( => current thread )
  0x0000000016d2f000 JavaThread "pool-1-thread-4" [_thread_in_vm, id=16360, stack(0x0000000017690000,0x0000000017790000)]
  0x0000000016d2e000 JavaThread "pool-1-thread-3" [_thread_in_vm, id=6808, stack(0x0000000017590000,0x0000000017690000)]
  0x0000000016d2d000 JavaThread "pool-1-thread-2" [_thread_in_Java, id=2980, stack(0x0000000017490000,0x0000000017590000)]
  0x0000000016d28000 JavaThread "pool-2-thread-1" [_thread_blocked, id=912, stack(0x0000000017390000,0x0000000017490000)]
  0x0000000016d27000 JavaThread "pool-1-thread-1" [_thread_in_Java, id=15388, stack(0x0000000017290000,0x0000000017390000)]
  0x0000000016af7800 JavaThread "Service Thread" daemon [_thread_blocked, id=15444, stack(0x0000000017090000,0x0000000017190000)]
  0x0000000016ae7800 JavaThread "C1 CompilerThread2" daemon [_thread_in_native, id=15164, stack(0x0000000016f90000,0x0000000017090000)]
=>0x000000001543d800 JavaThread "C2 CompilerThread1" daemon [_thread_in_native, id=15948, stack(0x0000000016e90000,0x0000000016f90000)]
  0x000000001543b000 JavaThread "C2 CompilerThread0" daemon [_thread_in_native, id=17112, stack(0x0000000016990000,0x0000000016a90000)]
  0x0000000015438800 JavaThread "Attach Listener" daemon [_thread_blocked, id=11196, stack(0x0000000016890000,0x0000000016990000)]
  0x00000000153ec800 JavaThread "Signal Dispatcher" daemon [_thread_blocked, id=16956, stack(0x0000000016790000,0x0000000016890000)]
  0x0000000002d0a800 JavaThread "Finalizer" daemon [_thread_blocked, id=16136, stack(0x0000000016630000,0x0000000016730000)]
  0x0000000002cff800 JavaThread "Reference Handler" daemon [_thread_blocked, id=15436, stack(0x0000000016530000,0x0000000016630000)]
  0x0000000002c12800 JavaThread "main" [_thread_in_Java, id=15536, stack(0x0000000002b10000,0x0000000002c10000)]

Other Threads:
  0x00000000153a8800 VMThread [stack: 0x0000000016430000,0x0000000016530000] [id=10276]
  0x0000000016af5800 WatcherThread [stack: 0x0000000017190000,0x0000000017290000] [id=2452]

VM state:not at safepoint (normal execution)

VM Mutex/Monitor currently owned by a thread: None

Heap:
 PSYoungGen      total 36864K, used 14261K [0x00000000eab00000, 0x00000000ed400000, 0x0000000100000000)
  eden space 31744K, 28% used [0x00000000eab00000,0x00000000eb3f15d0,0x00000000eca00000)
  from space 5120K, 99% used [0x00000000eca00000,0x00000000ecefc130,0x00000000ecf00000)
  to   space 5120K, 0% used [0x00000000ecf00000,0x00000000ecf00000,0x00000000ed400000)
 ParOldGen       total 84992K, used 16K [0x00000000c0000000, 0x00000000c5300000, 0x00000000eab00000)
  object space 84992K, 0% used [0x00000000c0000000,0x00000000c0004000,0x00000000c5300000)
 Metaspace       used 6058K, capacity 6902K, committed 7040K, reserved 1056768K
  class space    used 608K, capacity 622K, committed 640K, reserved 1048576K

Card table byte_map: [0x00000000120d0000,0x00000000122e0000] byte_map_base: 0x0000000011ad0000

Marking Bits: (ParMarkBitMap*) 0x000000006be164f0
 Begin Bits: [0x0000000012840000, 0x0000000013840000)
 End Bits:   [0x0000000013840000, 0x0000000014840000)

Polling page: 0x0000000002720000

CodeCache: size=245760Kb used=4586Kb max_used=4586Kb free=241173Kb
 bounds [0x0000000002d10000, 0x0000000003190000, 0x0000000011d10000]
 total_blobs=1445 nmethods=1174 adapters=184
 compilation: enabled

Compilation events (10 events):
Event: 3.125 Thread 0x0000000016ae7800 nmethod 1159 0x0000000003181e50 code [0x0000000003182060, 0x0000000003182bb8]
Event: 3.125 Thread 0x0000000016ae7800 1170       3       com.android.dx.cf.code.BasicBlocker::getBlockList (208 bytes)
Event: 3.127 Thread 0x0000000016ae7800 nmethod 1170 0x0000000003183250 code [0x00000000031834c0, 0x0000000003184708]
Event: 3.127 Thread 0x0000000016ae7800 1172       3       com.android.dx.cf.iface.StdAttributeList::findNext (85 bytes)
Event: 3.128 Thread 0x0000000016ae7800 nmethod 1172 0x0000000003185190 code [0x0000000003185380, 0x0000000003185f88]
Event: 3.128 Thread 0x0000000016ae7800 1171       3       com.android.dx.ssa.DeadCodeRemover$NoSideEffectVisitor::visitPhiInsn (22 bytes)
Event: 3.129 Thread 0x0000000016ae7800 nmethod 1171 0x0000000003186350 code [0x0000000003186500, 0x0000000003186c68]
Event: 3.129 Thread 0x0000000016ae7800 1160       3       com.android.dx.dex.code.RopTranslator$TranslationVisitor::visitPlainCstInsn (161 bytes)
Event: 3.132 Thread 0x0000000016ae7800 nmethod 1160 0x0000000003186f50 code [0x0000000003187300, 0x00000000031897b8]
Event: 3.132 Thread 0x0000000016ae7800 1175       3       com.android.dx.util.Bits::isEmpty (26 bytes)

GC Heap History (2 events):
Event: 2.744 GC heap before
{Heap before GC invocations=1 (full 0):
 PSYoungGen      total 36864K, used 31744K [0x00000000eab00000, 0x00000000ed400000, 0x0000000100000000)
  eden space 31744K, 100% used [0x00000000eab00000,0x00000000eca00000,0x00000000eca00000)
  from space 5120K, 0% used [0x00000000ecf00000,0x00000000ecf00000,0x00000000ed400000)
  to   space 5120K, 0% used [0x00000000eca00000,0x00000000eca00000,0x00000000ecf00000)
 ParOldGen       total 84992K, used 0K [0x00000000c0000000, 0x00000000c5300000, 0x00000000eab00000)
  object space 84992K, 0% used [0x00000000c0000000,0x00000000c0000000,0x00000000c5300000)
 Metaspace       used 5953K, capacity 6772K, committed 7040K, reserved 1056768K
  class space    used 605K, capacity 620K, committed 640K, reserved 1048576K
Event: 2.752 GC heap after
Heap after GC invocations=1 (full 0):
 PSYoungGen      total 36864K, used 5104K [0x00000000eab00000, 0x00000000ed400000, 0x0000000100000000)
  eden space 31744K, 0% used [0x00000000eab00000,0x00000000eab00000,0x00000000eca00000)
  from space 5120K, 99% used [0x00000000eca00000,0x00000000ecefc130,0x00000000ecf00000)
  to   space 5120K, 0% used [0x00000000ecf00000,0x00000000ecf00000,0x00000000ed400000)
 ParOldGen       total 84992K, used 16K [0x00000000c0000000, 0x00000000c5300000, 0x00000000eab00000)
  object space 84992K, 0% used [0x00000000c0000000,0x00000000c0004000,0x00000000c5300000)
 Metaspace       used 5953K, capacity 6772K, committed 7040K, reserved 1056768K
  class space    used 605K, capacity 620K, committed 640K, reserved 1048576K
}

Deoptimization events (7 events):
Event: 1.240 Thread 0x0000000002c12800 Uncommon trap: reason=unstable_if action=reinterpret pc=0x0000000002e6be94 method=java.lang.String.compareTo(Ljava/lang/String;)I @ 38
Event: 2.220 Thread 0x0000000016d2f000 Uncommon trap: reason=unstable_if action=reinterpret pc=0x0000000002f3ba7c method=java.util.HashMap.getNode(ILjava/lang/Object;)Ljava/util/HashMap$Node; @ 62
Event: 2.283 Thread 0x0000000016d27000 Uncommon trap: reason=unstable_if action=reinterpret pc=0x0000000002f5c4a8 method=java.util.HashMap.getNode(ILjava/lang/Object;)Ljava/util/HashMap$Node; @ 62
Event: 2.769 Thread 0x0000000016d2d000 Uncommon trap: reason=class_check action=maybe_recompile pc=0x000000000305fce0 method=com.android.dx.rop.type.Type.equals(Ljava/lang/Object;)Z @ 8
Event: 2.770 Thread 0x0000000016d2d000 Uncommon trap: reason=null_check action=make_not_entrant pc=0x000000000305fcf0 method=com.android.dx.rop.type.Type.equals(Ljava/lang/Object;)Z @ 8
Event: 2.772 Thread 0x0000000016d2d000 Uncommon trap: reason=unstable_if action=reinterpret pc=0x0000000002f3cff0 method=java.util.BitSet.nextSetBit(I)I @ 87
Event: 2.915 Thread 0x0000000016d2f000 Uncommon trap: reason=unstable_if action=reinterpret pc=0x00000000030aae38 method=com.android.dx.cf.code.Ropper.labelToResultIndex(I)I @ 34

Internal exceptions (3 events):
Event: 0.044 Thread 0x0000000002c12800 Exception <a 'java/lang/NoSuchMethodError': Method sun.misc.Unsafe.defineClass(Ljava/lang/String;[BII)Ljava/lang/Class; name or signature does not match> (0x00000000eab07cc0) thrown at [D:\re\workspace\8-2-build-windows-amd64-cygwin\jdk8u92\6642\hotspot\sr%µ÷∫,ç¶?
Event: 0.044 Thread 0x0000000002c12800 Exception <a 'java/lang/NoSuchMethodError': Method sun.misc.Unsafe.prefetchRead(Ljava/lang/Object;J)V name or signature does not match> (0x00000000eab07fa8) thrown at [D:\re\workspace\8-2-build-windows-amd64-cygwin\jdk8u92\6642\hotspot\src\share\vm\prims\jt±dõ.)@
Event: 2.770 Thread 0x0000000016d2d000 Implicit null exception at 0x000000000305fbe2 to 0x000000000305fce1

Events (10 events):
Event: 2.772 Thread 0x0000000016d2d000 DEOPT UNPACKING pc=0x0000000002d5582a sp=0x000000001758e7b8 mode 2
Event: 2.901 loading class com/android/dx/cf/code/Ropper$ExceptionHandlerSetup
Event: 2.901 loading class com/android/dx/cf/code/Ropper$ExceptionHandlerSetup done
Event: 2.915 loading class java/util/HashMap$Values
Event: 2.915 loading class java/util/HashMap$Values done
Event: 2.915 loading class java/util/HashMap$ValueIterator
Event: 2.915 loading class java/util/HashMap$ValueIterator done
Event: 2.915 Thread 0x0000000016d2f000 Uncommon trap: trap_request=0xffffff65 fr.pc=0x00000000030aae38
Event: 2.915 Thread 0x0000000016d2f000 DEOPT PACKING pc=0x00000000030aae38 sp=0x000000001778e860
Event: 2.915 Thread 0x0000000016d2f000 DEOPT UNPACKING pc=0x0000000002d5582a sp=0x000000001778e808 mode 2


Dynamic libraries:
0x00007ff72f8a0000 - 0x00007ff72f8d7000 	D:\Program Files\Java\jdk1.8.0_92\bin\java.exe
0x00007fff3b620000 - 0x00007fff3b7e1000 	C:\WINDOWS\SYSTEM32\ntdll.dll
0x00007fff3af70000 - 0x00007fff3b01d000 	C:\WINDOWS\system32\KERNEL32.DLL
0x00007fff37af0000 - 0x00007fff37cd8000 	C:\WINDOWS\system32\KERNELBASE.dll
0x00007fff3ab00000 - 0x00007fff3aba7000 	C:\WINDOWS\system32\ADVAPI32.dll
0x00007fff3aa60000 - 0x00007fff3aafd000 	C:\WINDOWS\system32\msvcrt.dll
0x00007fff3b130000 - 0x00007fff3b18b000 	C:\WINDOWS\system32\sechost.dll
0x00007fff38d10000 - 0x00007fff38e2c000 	C:\WINDOWS\system32\RPCRT4.dll
0x00007fff3abb0000 - 0x00007fff3ad06000 	C:\WINDOWS\system32\USER32.dll
0x00007fff3a530000 - 0x00007fff3a6b6000 	C:\WINDOWS\system32\GDI32.dll
0x00007fff369e0000 - 0x00007fff36c54000 	C:\WINDOWS\WinSxS\amd64_microsoft.windows.common-controls_6595b64144ccf1df_6.0.10586.0_none_8c15ae12515e1c22\COMCTL32.dll
0x00007fff3a7e0000 - 0x00007fff3aa5d000 	C:\WINDOWS\system32\combase.dll
0x00007fff37a80000 - 0x00007fff37aea000 	C:\WINDOWS\system32\bcryptPrimitives.dll
0x00007fff38f80000 - 0x00007fff38fbb000 	C:\WINDOWS\system32\IMM32.DLL
0x00007fff37900000 - 0x00007fff37931000 	C:\windows\system32\nvinitx.dll
0x00007fff378f0000 - 0x00007fff378fa000 	C:\WINDOWS\SYSTEM32\VERSION.dll
0x000000006dae0000 - 0x000000006dae6000 	C:\Program Files\NVIDIA Corporation\CoProcManager\_etoured.dll
0x00007fff35480000 - 0x00007fff354b2000 	C:\Program Files\NVIDIA Corporation\CoProcManager\nvd3d9wrapx.dll
0x00007fff388e0000 - 0x00007fff38d09000 	C:\WINDOWS\system32\SETUPAPI.dll
0x00007fff37eb0000 - 0x00007fff37ef3000 	C:\WINDOWS\system32\CFGMGR32.dll
0x00007fff35450000 - 0x00007fff35472000 	C:\Program Files\NVIDIA Corporation\CoProcManager\nvdxgiwrapx.dll
0x000000006c330000 - 0x000000006c402000 	D:\Program Files\Java\jdk1.8.0_92\jre\bin\msvcr100.dll
0x000000006b600000 - 0x000000006be96000 	D:\Program Files\Java\jdk1.8.0_92\jre\bin\server\jvm.dll
0x00007fff37fb0000 - 0x00007fff37fd3000 	C:\WINDOWS\system32\WINMM.dll
0x00000000026f0000 - 0x000000000271c000 	C:\WINDOWS\system32\WINMMBASE.dll
0x00007fff38f50000 - 0x00007fff38f58000 	C:\WINDOWS\system32\PSAPI.DLL
0x00007fff221f0000 - 0x00007fff221f9000 	C:\WINDOWS\SYSTEM32\WSOCK32.dll
0x00007fff38860000 - 0x00007fff388cb000 	C:\WINDOWS\system32\WS2_32.dll
0x000000006c8f0000 - 0x000000006c8ff000 	D:\Program Files\Java\jdk1.8.0_92\jre\bin\verify.dll
0x000000006c8c0000 - 0x000000006c8e9000 	D:\Program Files\Java\jdk1.8.0_92\jre\bin\java.dll
0x000000006c8a0000 - 0x000000006c8b6000 	D:\Program Files\Java\jdk1.8.0_92\jre\bin\zip.dll
0x00007fff38fc0000 - 0x00007fff3a51c000 	C:\WINDOWS\system32\SHELL32.dll
0x00007fff381b0000 - 0x00007fff387f4000 	C:\WINDOWS\system32\windows.storage.dll
0x00007fff38e30000 - 0x00007fff38e82000 	C:\WINDOWS\system32\shlwapi.dll
0x00007fff37a10000 - 0x00007fff37a1f000 	C:\WINDOWS\system32\kernel.appcore.dll
0x00007fff37df0000 - 0x00007fff37ea5000 	C:\WINDOWS\system32\shcore.dll
0x00007fff38810000 - 0x00007fff3885b000 	C:\WINDOWS\system32\powrprof.dll
0x00007fff37a30000 - 0x00007fff37a44000 	C:\WINDOWS\system32\profapi.dll

VM Arguments:
jvm_args: -Djava.awt.headless=true -Xmx1024M -Dfile.encoding=GBK -Duser.country=CN -Duser.language=zh -Duser.variant 
java_command: com.android.dx.command.Main --dex --force-jumbo --num-threads=4 --output D:\AndroidStudioProjects\Study\HelloWorld\app\build\intermediates\pre-dexed\debug\com.android.support-support-v4-23.3.0_fdd6122d46731b24a9fe36eaeab22a3c21643239.jar D:\AndroidStudioProjects\Study\HelloWorld\app\build\intermediates\exploded-aar\com.android.support\support-v4\23.3.0\jars\classes.jar
java_class_path (initial): D:\AppData\Local\Android\sdk\build-tools\23.0.3\lib\dx.jar
Launcher Type: SUN_STANDARD

Environment Variables:
JAVA_HOME=D:\Program Files\Java\jdk1.8.0_92
CLASSPATH=.;D:\Program Files\Java\jdk1.8.0_92\lib\dt.jar;D:\Program Files\Java\jdk1.8.0_92\lib\tools.jar;
PATH=C:\ProgramData\Oracle\Java\javapath;C:\WINDOWS\system32;C:\WINDOWS;C:\WINDOWS\System32\Wbem;C:\WINDOWS\System32\WindowsPowerShell\v1.0\;C:\Program Files\Intel\WiFi\bin\;C:\Program Files\Common Files\Intel\WirelessCommon\;C:\Program Files\ThinkPad\Bluetooth Software\;C:\Program Files\ThinkPad\Bluetooth Software\syswow64;C:\WINDOWS\system32\config\systemprofile\.dnx\bin;C:\Program Files\Microsoft DNX\Dnvm\;C:\Program Files (x86)\Windows Kits\8.1\Windows Performance Toolkit\;C:\Program Files\Microsoft SQL Server\130\Tools\Binn\;D:\Program Files\TortoiseGit\bin;d:\Program Files\Git\cmd;d:\Program Files\IDM Computer Solutions\UltraEdit;C:\Program Files\IDM Computer Solutions\UltraCompare;%JAVA_HOME;C:\Program Files\Intel\WiFi\bin\;C:\Program Files\Common Files\Intel\WirelessCommon\
USERNAME=Xu
OS=Windows_NT
PROCESSOR_IDENTIFIER=Intel64 Family 6 Model 58 Stepping 9, GenuineIntel



---------------  S Y S T E M  ---------------

OS: Windows 10.0 , 64 bit Build 10586 (10.0.10586.0)

CPU:total 4 (2 cores per cpu, 2 threads per core) family 6 model 58 stepping 9, cmov, cx8, fxsr, mmx, sse, sse2, sse3, ssse3, sse4.1, sse4.2, popcnt, avx, aes, clmul, erms, ht, tsc, tscinvbit, tscinv

Memory: 4k page, physical 8074724k(1220620k free), swap 8074724k(5124k free)

vm_info: Java HotSpot(TM) 64-Bit Server VM (25.92-b14) for windows-amd64 JRE (1.8.0_92-b14), built on Mar 31 2016 21:03:04 by "java_re" with MS VC++ 10.0 (VS2010)

time: Wed Jun 29 13:36:34 2016
elapsed time: 3 seconds (0d 0h 0m 3s)

