#
# There is insufficient memory for the Java Runtime Environment to continue.
# Native memory allocation (malloc) failed to allocate 1048576 bytes for AllocateHeap
# Possible reasons:
#   The system is out of physical RAM or swap space
#   In 32 bit mode, the process size limit was hit
# Possible solutions:
#   Reduce memory load on the system
#   Increase physical memory or swap space
#   Check if swap backing store is full
#   Use 64 bit Java on a 64 bit OS
#   Decrease Java heap size (-Xmx/-Xms)
#   Decrease number of Java threads
#   Decrease Java thread stack sizes (-Xss)
#   Set larger code cache with -XX:ReservedCodeCacheSize=
# This output file may be truncated or incomplete.
#
#  Out of Memory Error (memory/allocation.inline.hpp:61), pid=14812, tid=0x0000000000003f58
#
# JRE version:  (8.0_92-b14) (build )
# Java VM: Java HotSpot(TM) 64-Bit Server VM (25.92-b14 mixed mode windows-amd64 compressed oops)
# Failed to write core dump. Minidumps are not enabled by default on client versions of Windows
#

---------------  T H R E A D  ---------------

Current thread (0x0000000002e12800):  JavaThread "Unknown thread" [_thread_in_vm, id=16216, stack(0x0000000002c50000,0x0000000002d50000)]

Stack: [0x0000000002c50000,0x0000000002d50000]
[error occurred during error reporting (printing stack bounds), id 0xc0000005]

Native frames: (J=compiled Java code, j=interpreted, Vv=VM code, C=native code)


---------------  P R O C E S S  ---------------

Java Threads: ( => current thread )

Other Threads:

=>0x0000000002e12800 (exited) JavaThread "Unknown thread" [_thread_in_vm, id=16216, stack(0x0000000002c50000,0x0000000002d50000)]

VM state:not at safepoint (normal execution)

VM Mutex/Monitor currently owned by a thread: None

Heap:
 PSYoungGen      total 36864K, used 634K [0x00000000eab00000, 0x00000000ed400000, 0x0000000100000000)
  eden space 31744K, 2% used [0x00000000eab00000,0x00000000eab9eb90,0x00000000eca00000)
  from space 5120K, 0% used [0x00000000ecf00000,0x00000000ecf00000,0x00000000ed400000)
  to   space 5120K, 0% used [0x00000000eca00000,0x00000000eca00000,0x00000000ecf00000)
 ParOldGen       total 84992K, used 0K [0x00000000c0000000, 0x00000000c5300000, 0x00000000eab00000)
  object space 84992K, 0% used [0x00000000c0000000,0x00000000c0000000,0x00000000c5300000)
 Metaspace       used 769K, capacity 4480K, committed 4480K, reserved 1056768K
  class space    used 75K, capacity 384K, committed 384K, reserved 1048576K

Card table byte_map: [0x00000000122d0000,0x00000000124e0000] byte_map_base: 0x0000000011cd0000

Marking Bits: (ParMarkBitMap*) 0x000000006be164f0
 Begin Bits: [0x0000000012a40000, 0x0000000013a40000)
 End Bits:   [0x0000000013a40000, 0x0000000014a40000)

Polling page: 0x0000000001100000

CodeCache: size=245760Kb used=328Kb max_used=328Kb free=245431Kb
 bounds [0x0000000002f10000, 0x0000000003180000, 0x0000000011f10000]
 total_blobs=58 nmethods=0 adapters=38
 compilation: enabled

Compilation events (0 events):
No events

GC Heap History (0 events):
No events

Deoptimization events (0 events):
No events

Internal exceptions (0 events):
No events

Events (10 events):
Event: 0.469 loading class java/lang/Short
Event: 0.469 loading class java/lang/Short done
Event: 0.469 loading class java/lang/Integer
Event: 0.469 loading class java/lang/Integer done
Event: 0.469 loading class java/lang/Long
Event: 0.469 loading class java/lang/Long done
Event: 0.470 loading class java/lang/NullPointerException
Event: 0.470 loading class java/lang/NullPointerException done
Event: 0.470 loading class java/lang/ArithmeticException
Event: 0.470 loading class java/lang/ArithmeticException done


Dynamic libraries:
0x00007ff72f8a0000 - 0x00007ff72f8d7000 	D:\Program Files\Java\jdk1.8.0_92\bin\java.exe
0x00007fff3b620000 - 0x00007fff3b7e1000 	C:\WINDOWS\SYSTEM32\ntdll.dll
0x00007fff3af70000 - 0x00007fff3b01d000 	C:\WINDOWS\system32\KERNEL32.DLL
0x00007fff37af0000 - 0x00007fff37cd8000 	C:\WINDOWS\system32\KERNELBASE.dll
0x00007fff3ab00000 - 0x00007fff3aba7000 	C:\WINDOWS\system32\ADVAPI32.dll
0x00007fff3aa60000 - 0x00007fff3aafd000 	C:\WINDOWS\system32\msvcrt.dll
0x00007fff3b130000 - 0x00007fff3b18b000 	C:\WINDOWS\system32\sechost.dll
0x00007fff38d10000 - 0x00007fff38e2c000 	C:\WINDOWS\system32\RPCRT4.dll
0x00007fff3abb0000 - 0x00007fff3ad06000 	C:\WINDOWS\system32\USER32.dll
0x00007fff3a530000 - 0x00007fff3a6b6000 	C:\WINDOWS\system32\GDI32.dll
0x00007fff369e0000 - 0x00007fff36c54000 	C:\WINDOWS\WinSxS\amd64_microsoft.windows.common-controls_6595b64144ccf1df_6.0.10586.0_none_8c15ae12515e1c22\COMCTL32.dll
0x00007fff3a7e0000 - 0x00007fff3aa5d000 	C:\WINDOWS\system32\combase.dll
0x00007fff37a80000 - 0x00007fff37aea000 	C:\WINDOWS\system32\bcryptPrimitives.dll
0x00007fff38f80000 - 0x00007fff38fbb000 	C:\WINDOWS\system32\IMM32.DLL
0x00007fff37900000 - 0x00007fff37931000 	C:\windows\system32\nvinitx.dll
0x00007fff378f0000 - 0x00007fff378fa000 	C:\WINDOWS\SYSTEM32\VERSION.dll
0x000000006dae0000 - 0x000000006dae6000 	C:\Program Files\NVIDIA Corporation\CoProcManager\_etoured.dll
0x00007fff35480000 - 0x00007fff354b2000 	C:\Program Files\NVIDIA Corporation\CoProcManager\nvd3d9wrapx.dll
0x00007fff388e0000 - 0x00007fff38d09000 	C:\WINDOWS\system32\SETUPAPI.dll
0x00007fff37eb0000 - 0x00007fff37ef3000 	C:\WINDOWS\system32\CFGMGR32.dll
0x00007fff35450000 - 0x00007fff35472000 	C:\Program Files\NVIDIA Corporation\CoProcManager\nvdxgiwrapx.dll
0x000000006c330000 - 0x000000006c402000 	D:\Program Files\Java\jdk1.8.0_92\jre\bin\msvcr100.dll
0x000000006b600000 - 0x000000006be96000 	D:\Program Files\Java\jdk1.8.0_92\jre\bin\server\jvm.dll
0x00007fff37fb0000 - 0x00007fff37fd3000 	C:\WINDOWS\system32\WINMM.dll
0x00000000010d0000 - 0x00000000010fc000 	C:\WINDOWS\system32\WINMMBASE.dll
0x00007fff38f50000 - 0x00007fff38f58000 	C:\WINDOWS\system32\PSAPI.DLL
0x00007fff221f0000 - 0x00007fff221f9000 	C:\WINDOWS\SYSTEM32\WSOCK32.dll
0x00007fff38860000 - 0x00007fff388cb000 	C:\WINDOWS\system32\WS2_32.dll
0x000000006c8f0000 - 0x000000006c8ff000 	D:\Program Files\Java\jdk1.8.0_92\jre\bin\verify.dll
0x000000006c8c0000 - 0x000000006c8e9000 	D:\Program Files\Java\jdk1.8.0_92\jre\bin\java.dll
0x000000006c8a0000 - 0x000000006c8b6000 	D:\Program Files\Java\jdk1.8.0_92\jre\bin\zip.dll

VM Arguments:
jvm_args: -Djava.awt.headless=true -Xmx1024M -Dfile.encoding=GBK -Duser.country=CN -Duser.language=zh -Duser.variant 
java_command: com.android.dx.command.Main --dex --force-jumbo --num-threads=4 --output D:\AndroidStudioProjects\Study\HelloWorld\app\build\intermediates\pre-dexed\debug\internal_impl-23.3.0_fe63a093f060652b21bb06382b953c3a2a3e76ee.jar D:\AndroidStudioProjects\Study\HelloWorld\app\build\intermediates\exploded-aar\com.android.support\support-v4\23.3.0\jars\libs\internal_impl-23.3.0.jar
java_class_path (initial): D:\AppData\Local\Android\sdk\build-tools\23.0.3\lib\dx.jar
Launcher Type: SUN_STANDARD

Environment Variables:
JAVA_HOME=D:\Program Files\Java\jdk1.8.0_92
CLASSPATH=.;D:\Program Files\Java\jdk1.8.0_92\lib\dt.jar;D:\Program Files\Java\jdk1.8.0_92\lib\tools.jar;
PATH=C:\ProgramData\Oracle\Java\javapath;C:\WINDOWS\system32;C:\WINDOWS;C:\WINDOWS\System32\Wbem;C:\WINDOWS\System32\WindowsPowerShell\v1.0\;C:\Program Files\Intel\WiFi\bin\;C:\Program Files\Common Files\Intel\WirelessCommon\;C:\Program Files\ThinkPad\Bluetooth Software\;C:\Program Files\ThinkPad\Bluetooth Software\syswow64;C:\WINDOWS\system32\config\systemprofile\.dnx\bin;C:\Program Files\Microsoft DNX\Dnvm\;C:\Program Files (x86)\Windows Kits\8.1\Windows Performance Toolkit\;C:\Program Files\Microsoft SQL Server\130\Tools\Binn\;D:\Program Files\TortoiseGit\bin;d:\Program Files\Git\cmd;d:\Program Files\IDM Computer Solutions\UltraEdit;C:\Program Files\IDM Computer Solutions\UltraCompare;%JAVA_HOME;C:\Program Files\Intel\WiFi\bin\;C:\Program Files\Common Files\Intel\WirelessCommon\
USERNAME=Xu
OS=Windows_NT
PROCESSOR_IDENTIFIER=Intel64 Family 6 Model 58 Stepping 9, GenuineIntel



---------------  S Y S T E M  ---------------

OS: Windows 10.0 , 64 bit Build 10586 (10.0.10586.0)

CPU:total 4 (2 cores per cpu, 2 threads per core) family 6 model 58 stepping 9, cmov, cx8, fxsr, mmx, sse, sse2, sse3, ssse3, sse4.1, sse4.2, popcnt, avx, aes, clmul, erms, ht, tsc, tscinvbit, tscinv

Memory: 4k page, physical 8074724k(1016304k free), swap 8074724k(4832k free)

vm_info: Java HotSpot(TM) 64-Bit Server VM (25.92-b14) for windows-amd64 JRE (1.8.0_92-b14), built on Mar 31 2016 21:03:04 by "java_re" with MS VC++ 10.0 (VS2010)

time: Wed Jun 29 13:39:33 2016
elapsed time: 0 seconds (0d 0h 0m 0s)

