#
# There is insufficient memory for the Java Runtime Environment to continue.
# Native memory allocation (malloc) failed to allocate 32744 bytes for ChunkPool::allocate
# Possible reasons:
#   The system is out of physical RAM or swap space
#   In 32 bit mode, the process size limit was hit
# Possible solutions:
#   Reduce memory load on the system
#   Increase physical memory or swap space
#   Check if swap backing store is full
#   Use 64 bit Java on a 64 bit OS
#   Decrease Java heap size (-Xmx/-Xms)
#   Decrease number of Java threads
#   Decrease Java thread stack sizes (-Xss)
#   Set larger code cache with -XX:ReservedCodeCacheSize=
# This output file may be truncated or incomplete.
#
#  Out of Memory Error (allocation.cpp:273), pid=11112, tid=0x0000000000001e2c
#
# JRE version: Java(TM) SE Runtime Environment (8.0_92-b14) (build 1.8.0_92-b14)
# Java VM: Java HotSpot(TM) 64-Bit Server VM (25.92-b14 mixed mode windows-amd64 compressed oops)
# Failed to write core dump. Minidumps are not enabled by default on client versions of Windows
#

---------------  T H R E A D  ---------------

Current thread (0x0000000016ed7800):  JavaThread "C1 CompilerThread2" daemon [_thread_in_native, id=7724, stack(0x0000000017380000,0x0000000017480000)]

Stack: [0x0000000017380000,0x0000000017480000]
[error occurred during error reporting (printing stack bounds), id 0xc0000005]

Native frames: (J=compiled Java code, j=interpreted, Vv=VM code, C=native code)


Current CompileTask:
C1:   3219  532   !   3       com.android.dx.cf.code.BytecodeArray::parseInstruction (2764 bytes)


---------------  P R O C E S S  ---------------

Java Threads: ( => current thread )
  0x00000000170ff000 JavaThread "pool-1-thread-4" [_thread_in_vm, id=12424, stack(0x0000000017a80000,0x0000000017b80000)]
  0x00000000170f6000 JavaThread "pool-2-thread-1" [_thread_blocked, id=16272, stack(0x0000000017780000,0x0000000017880000)]
  0x00000000170f5000 JavaThread "pool-1-thread-1" [_thread_in_Java, id=14616, stack(0x0000000017680000,0x0000000017780000)]
  0x0000000016ee0000 JavaThread "Service Thread" daemon [_thread_blocked, id=12648, stack(0x0000000017480000,0x0000000017580000)]
=>0x0000000016ed7800 JavaThread "C1 CompilerThread2" daemon [_thread_in_native, id=7724, stack(0x0000000017380000,0x0000000017480000)]
  0x000000001587d800 JavaThread "C2 CompilerThread1" daemon [_thread_in_native, id=7148, stack(0x0000000017280000,0x0000000017380000)]
  0x000000001587b000 JavaThread "C2 CompilerThread0" daemon [_thread_in_native, id=15684, stack(0x0000000016d80000,0x0000000016e80000)]
  0x0000000015878800 JavaThread "Attach Listener" daemon [_thread_blocked, id=11344, stack(0x0000000016c80000,0x0000000016d80000)]
  0x000000001582c800 JavaThread "Signal Dispatcher" daemon [_thread_blocked, id=5768, stack(0x0000000016b80000,0x0000000016c80000)]
  0x000000000314a800 JavaThread "Finalizer" daemon [_thread_blocked, id=8312, stack(0x0000000016a80000,0x0000000016b80000)]
  0x00000000157e9000 JavaThread "Reference Handler" daemon [_thread_blocked, id=6604, stack(0x0000000016980000,0x0000000016a80000)]
  0x0000000003052800 JavaThread "main" [_thread_blocked, id=13096, stack(0x0000000002e80000,0x0000000002f80000)]

Other Threads:
  0x00000000157e7800 VMThread [stack: 0x0000000016880000,0x0000000016980000] [id=7936]
  0x0000000016f2b000 WatcherThread [stack: 0x0000000017580000,0x0000000017680000] [id=13596]

VM state:not at safepoint (normal execution)

VM Mutex/Monitor currently owned by a thread: None

Heap:
 PSYoungGen      total 36864K, used 11461K [0x00000000eab00000, 0x00000000ed400000, 0x0000000100000000)
  eden space 31744K, 36% used [0x00000000eab00000,0x00000000eb631718,0x00000000eca00000)
  from space 5120K, 0% used [0x00000000ecf00000,0x00000000ecf00000,0x00000000ed400000)
  to   space 5120K, 0% used [0x00000000eca00000,0x00000000eca00000,0x00000000ecf00000)
 ParOldGen       total 84992K, used 0K [0x00000000c0000000, 0x00000000c5300000, 0x00000000eab00000)
  object space 84992K, 0% used [0x00000000c0000000,0x00000000c0000000,0x00000000c5300000)
 Metaspace       used 5576K, capacity 6516K, committed 6784K, reserved 1058816K
  class space    used 603K, capacity 620K, committed 640K, reserved 1048576K

Card table byte_map: [0x0000000012510000,0x0000000012720000] byte_map_base: 0x0000000011f10000

Marking Bits: (ParMarkBitMap*) 0x000000006be164f0
 Begin Bits: [0x0000000012c80000, 0x0000000013c80000)
 End Bits:   [0x0000000013c80000, 0x0000000014c80000)

Polling page: 0x0000000001290000

CodeCache: size=245760Kb used=2170Kb max_used=2182Kb free=243589Kb
 bounds [0x0000000003150000, 0x00000000033c0000, 0x0000000012150000]
 total_blobs=799 nmethods=528 adapters=184
 compilation: enabled

Compilation events (10 events):
Event: 3.214 Thread 0x000000001587b000 nmethod 531 0x000000000336c790 code [0x000000000336c8c0, 0x000000000336c958]
Event: 3.214 Thread 0x0000000016ed7800 nmethod 507 0x000000000336b4d0 code [0x000000000336b640, 0x000000000336b848]
Event: 3.214 Thread 0x0000000016ed7800  520       3       com.android.dx.rop.cst.Constant::compareTo (9 bytes)
Event: 3.215 Thread 0x0000000016ed7800 nmethod 520 0x0000000003370310 code [0x00000000033704e0, 0x0000000003370df8]
Event: 3.215 Thread 0x0000000016ed7800  514       1       com.android.dx.ssa.SsaMethod::access$000 (5 bytes)
Event: 3.215 Thread 0x0000000016ed7800 nmethod 514 0x000000000336c450 code [0x000000000336c5a0, 0x000000000336c690]
Event: 3.215 Thread 0x0000000016ed7800  522       1       com.android.dx.ssa.SsaRenamer::access$100 (5 bytes)
Event: 3.215 Thread 0x0000000016ed7800 nmethod 522 0x000000000336b210 code [0x000000000336b360, 0x000000000336b450]
Event: 3.215 Thread 0x0000000016ed7800  532   !   3       com.android.dx.cf.code.BytecodeArray::parseInstruction (2764 bytes)
Event: 3.217 Thread 0x000000001587b000  545       4       java.util.ArrayList::add (29 bytes)

GC Heap History (0 events):
No events

Deoptimization events (0 events):
No events

Internal exceptions (2 events):
Event: 0.043 Thread 0x0000000003052800 Exception <a 'java/lang/NoSuchMethodError': Method sun.misc.Unsafe.defineClass(Ljava/lang/String;[BII)Ljava/lang/Class; name or signature does not match> (0x00000000eab07cc0) thrown at [D:\re\workspace\8-2-build-windows-amd64-cygwin\jdk8u92\6642\hotspot\sr
Event: 0.043 Thread 0x0000000003052800 Exception <a 'java/lang/NoSuchMethodError': Method sun.misc.Unsafe.prefetchRead(Ljava/lang/Object;J)V name or signature does not match> (0x00000000eab07fa8) thrown at [D:\re\workspace\8-2-build-windows-amd64-cygwin\jdk8u92\6642\hotspot\src\share\vm\prims\j

Events (10 events):
Event: 3.201 loading class com/android/dx/dex/file/ParameterAnnotationStruct done
Event: 3.201 loading class com/android/dx/dex/file/UniformListItem
Event: 3.201 loading class com/android/dx/dex/file/UniformListItem done
Event: 3.202 loading class com/android/dx/dex/file/AnnotationSetRefItem
Event: 3.202 loading class com/android/dx/dex/file/AnnotationSetRefItem done
Event: 3.203 Executing VM operation: CollectForMetadataAllocation
Event: 3.203 Executing VM operation: CollectForMetadataAllocation done
Event: 3.210 Thread 0x00000000170f9800 Thread exited: 0x00000000170f9800
Event: 3.217 loading class com/android/dx/cf/code/Ropper$ExceptionHandlerSetup
Event: 3.217 loading class com/android/dx/cf/code/Ropper$ExceptionHandlerSetup done


Dynamic libraries:
0x00007ff72f8a0000 - 0x00007ff72f8d7000 	D:\Program Files\Java\jdk1.8.0_92\bin\java.exe
0x00007fff3b620000 - 0x00007fff3b7e1000 	C:\WINDOWS\SYSTEM32\ntdll.dll
0x00007fff3af70000 - 0x00007fff3b01d000 	C:\WINDOWS\system32\KERNEL32.DLL
0x00007fff37af0000 - 0x00007fff37cd8000 	C:\WINDOWS\system32\KERNELBASE.dll
0x00007fff3ab00000 - 0x00007fff3aba7000 	C:\WINDOWS\system32\ADVAPI32.dll
0x00007fff3aa60000 - 0x00007fff3aafd000 	C:\WINDOWS\system32\msvcrt.dll
0x00007fff3b130000 - 0x00007fff3b18b000 	C:\WINDOWS\system32\sechost.dll
0x00007fff38d10000 - 0x00007fff38e2c000 	C:\WINDOWS\system32\RPCRT4.dll
0x00007fff3abb0000 - 0x00007fff3ad06000 	C:\WINDOWS\system32\USER32.dll
0x00007fff3a530000 - 0x00007fff3a6b6000 	C:\WINDOWS\system32\GDI32.dll
0x00007fff369e0000 - 0x00007fff36c54000 	C:\WINDOWS\WinSxS\amd64_microsoft.windows.common-controls_6595b64144ccf1df_6.0.10586.0_none_8c15ae12515e1c22\COMCTL32.dll
0x00007fff3a7e0000 - 0x00007fff3aa5d000 	C:\WINDOWS\system32\combase.dll
0x00007fff37a80000 - 0x00007fff37aea000 	C:\WINDOWS\system32\bcryptPrimitives.dll
0x00007fff38f80000 - 0x00007fff38fbb000 	C:\WINDOWS\system32\IMM32.DLL
0x00007fff37900000 - 0x00007fff37931000 	C:\windows\system32\nvinitx.dll
0x00007fff378f0000 - 0x00007fff378fa000 	C:\WINDOWS\SYSTEM32\VERSION.dll
0x000000006dae0000 - 0x000000006dae6000 	C:\Program Files\NVIDIA Corporation\CoProcManager\_etoured.dll
0x00007fff35480000 - 0x00007fff354b2000 	C:\Program Files\NVIDIA Corporation\CoProcManager\nvd3d9wrapx.dll
0x00007fff388e0000 - 0x00007fff38d09000 	C:\WINDOWS\system32\SETUPAPI.dll
0x00007fff37eb0000 - 0x00007fff37ef3000 	C:\WINDOWS\system32\CFGMGR32.dll
0x00007fff35450000 - 0x00007fff35472000 	C:\Program Files\NVIDIA Corporation\CoProcManager\nvdxgiwrapx.dll
0x000000006c330000 - 0x000000006c402000 	D:\Program Files\Java\jdk1.8.0_92\jre\bin\msvcr100.dll
0x000000006b600000 - 0x000000006be96000 	D:\Program Files\Java\jdk1.8.0_92\jre\bin\server\jvm.dll
0x00007fff37fb0000 - 0x00007fff37fd3000 	C:\WINDOWS\system32\WINMM.dll
0x0000000001260000 - 0x000000000128c000 	C:\WINDOWS\system32\WINMMBASE.dll
0x00007fff38f50000 - 0x00007fff38f58000 	C:\WINDOWS\system32\PSAPI.DLL
0x00007fff221f0000 - 0x00007fff221f9000 	C:\WINDOWS\SYSTEM32\WSOCK32.dll
0x00007fff38860000 - 0x00007fff388cb000 	C:\WINDOWS\system32\WS2_32.dll
0x000000006c8f0000 - 0x000000006c8ff000 	D:\Program Files\Java\jdk1.8.0_92\jre\bin\verify.dll
0x000000006c8c0000 - 0x000000006c8e9000 	D:\Program Files\Java\jdk1.8.0_92\jre\bin\java.dll
0x000000006c8a0000 - 0x000000006c8b6000 	D:\Program Files\Java\jdk1.8.0_92\jre\bin\zip.dll
0x00007fff38fc0000 - 0x00007fff3a51c000 	C:\WINDOWS\system32\SHELL32.dll
0x00007fff381b0000 - 0x00007fff387f4000 	C:\WINDOWS\system32\windows.storage.dll
0x00007fff38e30000 - 0x00007fff38e82000 	C:\WINDOWS\system32\shlwapi.dll
0x00007fff37a10000 - 0x00007fff37a1f000 	C:\WINDOWS\system32\kernel.appcore.dll
0x00007fff37df0000 - 0x00007fff37ea5000 	C:\WINDOWS\system32\shcore.dll
0x00007fff38810000 - 0x00007fff3885b000 	C:\WINDOWS\system32\powrprof.dll
0x00007fff37a30000 - 0x00007fff37a44000 	C:\WINDOWS\system32\profapi.dll

VM Arguments:
jvm_args: -Djava.awt.headless=true -Xmx1024M -Dfile.encoding=GBK -Duser.country=CN -Duser.language=zh -Duser.variant 
java_command: com.android.dx.command.Main --dex --force-jumbo --num-threads=4 --output D:\AndroidStudioProjects\Study\HelloWorld\app\build\intermediates\pre-dexed\debug\com.android.support-animated-vector-drawable-23.3.0_f54c2f05d29ab2388540432e50d092e7ffaa8c1c.jar D:\AndroidStudioProjects\Study\HelloWorld\app\build\intermediates\exploded-aar\com.android.support\animated-vector-drawable\23.3.0\jars\classes.jar
java_class_path (initial): D:\AppData\Local\Android\sdk\build-tools\23.0.3\lib\dx.jar
Launcher Type: SUN_STANDARD

Environment Variables:
JAVA_HOME=D:\Program Files\Java\jdk1.8.0_92
CLASSPATH=.;D:\Program Files\Java\jdk1.8.0_92\lib\dt.jar;D:\Program Files\Java\jdk1.8.0_92\lib\tools.jar;
PATH=C:\ProgramData\Oracle\Java\javapath;C:\WINDOWS\system32;C:\WINDOWS;C:\WINDOWS\System32\Wbem;C:\WINDOWS\System32\WindowsPowerShell\v1.0\;C:\Program Files\Intel\WiFi\bin\;C:\Program Files\Common Files\Intel\WirelessCommon\;C:\Program Files\ThinkPad\Bluetooth Software\;C:\Program Files\ThinkPad\Bluetooth Software\syswow64;C:\WINDOWS\system32\config\systemprofile\.dnx\bin;C:\Program Files\Microsoft DNX\Dnvm\;C:\Program Files (x86)\Windows Kits\8.1\Windows Performance Toolkit\;C:\Program Files\Microsoft SQL Server\130\Tools\Binn\;D:\Program Files\TortoiseGit\bin;d:\Program Files\Git\cmd;d:\Program Files\IDM Computer Solutions\UltraEdit;C:\Program Files\IDM Computer Solutions\UltraCompare;%JAVA_HOME;C:\Program Files\Intel\WiFi\bin\;C:\Program Files\Common Files\Intel\WirelessCommon\
USERNAME=Xu
OS=Windows_NT
PROCESSOR_IDENTIFIER=Intel64 Family 6 Model 58 Stepping 9, GenuineIntel



---------------  S Y S T E M  ---------------

OS: Windows 10.0 , 64 bit Build 10586 (10.0.10586.0)

CPU:total 4 (2 cores per cpu, 2 threads per core) family 6 model 58 stepping 9, cmov, cx8, fxsr, mmx, sse, sse2, sse3, ssse3, sse4.1, sse4.2, popcnt, avx, aes, clmul, erms, ht, tsc, tscinvbit, tscinv

Memory: 4k page, physical 8074724k(1217244k free), swap 8074724k(4096k free)

vm_info: Java HotSpot(TM) 64-Bit Server VM (25.92-b14) for windows-amd64 JRE (1.8.0_92-b14), built on Mar 31 2016 21:03:04 by "java_re" with MS VC++ 10.0 (VS2010)

time: Wed Jun 29 13:36:34 2016
elapsed time: 3 seconds (0d 0h 0m 3s)

