#
# There is insufficient memory for the Java Runtime Environment to continue.
# Native memory allocation (malloc) failed to allocate 275312 bytes for Chunk::new
# Possible reasons:
#   The system is out of physical RAM or swap space
#   In 32 bit mode, the process size limit was hit
# Possible solutions:
#   Reduce memory load on the system
#   Increase physical memory or swap space
#   Check if swap backing store is full
#   Use 64 bit Java on a 64 bit OS
#   Decrease Java heap size (-Xmx/-Xms)
#   Decrease number of Java threads
#   Decrease Java thread stack sizes (-Xss)
#   Set larger code cache with -XX:ReservedCodeCacheSize=
# This output file may be truncated or incomplete.
#
#  Out of Memory Error (allocation.cpp:390), pid=16152, tid=0x0000000000002e94
#
# JRE version: Java(TM) SE Runtime Environment (8.0_92-b14) (build 1.8.0_92-b14)
# Java VM: Java HotSpot(TM) 64-Bit Server VM (25.92-b14 mixed mode windows-amd64 compressed oops)
# Failed to write core dump. Minidumps are not enabled by default on client versions of Windows
#

---------------  T H R E A D  ---------------

Current thread (0x0000000017008000):  JavaThread "C2 CompilerThread1" daemon [_thread_in_native, id=11924, stack(0x00000000173b0000,0x00000000174b0000)]

Stack: [0x00000000173b0000,0x00000000174b0000]
[error occurred during error reporting (printing stack bounds), id 0xc0000005]

Native frames: (J=compiled Java code, j=interpreted, Vv=VM code, C=native code)


Current CompileTask:
C2:   3758 1208       4       com.android.dx.ssa.SCCP::simulatePhi (169 bytes)


---------------  P R O C E S S  ---------------

Java Threads: ( => current thread )
  0x000000001722d800 JavaThread "pool-1-thread-4" [_thread_blocked, id=11772, stack(0x0000000017bb0000,0x0000000017cb0000)]
  0x000000001722b000 JavaThread "pool-1-thread-3" [_thread_blocked, id=17128, stack(0x0000000017ab0000,0x0000000017bb0000)]
  0x00000000171c4800 JavaThread "pool-1-thread-2" [_thread_blocked, id=7444, stack(0x00000000179b0000,0x0000000017ab0000)]
  0x000000001714a000 JavaThread "pool-2-thread-1" [_thread_blocked, id=7724, stack(0x00000000178b0000,0x00000000179b0000)]
  0x0000000017144800 JavaThread "pool-1-thread-1" [_thread_blocked, id=10784, stack(0x00000000177b0000,0x00000000178b0000)]
  0x000000001700e000 JavaThread "Service Thread" daemon [_thread_blocked, id=16984, stack(0x00000000175b0000,0x00000000176b0000)]
  0x000000001700b000 JavaThread "C1 CompilerThread2" daemon [_thread_blocked, id=9860, stack(0x00000000174b0000,0x00000000175b0000)]
=>0x0000000017008000 JavaThread "C2 CompilerThread1" daemon [_thread_in_native, id=11924, stack(0x00000000173b0000,0x00000000174b0000)]
  0x000000001593b000 JavaThread "C2 CompilerThread0" daemon [_thread_blocked, id=17336, stack(0x0000000016eb0000,0x0000000016fb0000)]
  0x0000000015938800 JavaThread "Attach Listener" daemon [_thread_blocked, id=1356, stack(0x0000000016db0000,0x0000000016eb0000)]
  0x00000000158ec800 JavaThread "Signal Dispatcher" daemon [_thread_blocked, id=15812, stack(0x0000000016cb0000,0x0000000016db0000)]
  0x000000000320a000 JavaThread "Finalizer" daemon [_thread_blocked, id=8092, stack(0x0000000016b40000,0x0000000016c40000)]
  0x00000000031ff800 JavaThread "Reference Handler" daemon [_thread_blocked, id=15388, stack(0x0000000016a40000,0x0000000016b40000)]
  0x0000000003110800 JavaThread "main" [_thread_blocked, id=13916, stack(0x0000000003010000,0x0000000003110000)]

Other Threads:
  0x00000000158a8000 VMThread [stack: 0x0000000016940000,0x0000000016a40000] [id=13220]
  0x0000000017064800 WatcherThread [stack: 0x00000000176b0000,0x00000000177b0000] [id=4068]

VM state:not at safepoint (normal execution)

VM Mutex/Monitor currently owned by a thread: None

Heap:
 PSYoungGen      total 36864K, used 11683K [0x00000000eab00000, 0x00000000ed400000, 0x0000000100000000)
  eden space 31744K, 20% used [0x00000000eab00000,0x00000000eb170ad0,0x00000000eca00000)
  from space 5120K, 99% used [0x00000000eca00000,0x00000000ecef8138,0x00000000ecf00000)
  to   space 5120K, 0% used [0x00000000ecf00000,0x00000000ecf00000,0x00000000ed400000)
 ParOldGen       total 84992K, used 1767K [0x00000000c0000000, 0x00000000c5300000, 0x00000000eab00000)
  object space 84992K, 2% used [0x00000000c0000000,0x00000000c01b9f68,0x00000000c5300000)
 Metaspace       used 5790K, capacity 6832K, committed 7040K, reserved 1056768K
  class space    used 580K, capacity 616K, committed 640K, reserved 1048576K

Card table byte_map: [0x00000000125d0000,0x00000000127e0000] byte_map_base: 0x0000000011fd0000

Marking Bits: (ParMarkBitMap*) 0x000000006be164f0
 Begin Bits: [0x0000000012d40000, 0x0000000013d40000)
 End Bits:   [0x0000000013d40000, 0x0000000014d40000)

Polling page: 0x0000000001150000

CodeCache: size=245760Kb used=4901Kb max_used=4910Kb free=240858Kb
 bounds [0x0000000003210000, 0x00000000036f0000, 0x0000000012210000]
 total_blobs=1494 nmethods=1230 adapters=177
 compilation: enabled

Compilation events (10 events):
Event: 3.692 Thread 0x000000001593b000 1225       4       java.util.ArrayList$SubList::<init> (46 bytes)
Event: 3.693 Thread 0x000000001593b000 nmethod 1225 0x00000000036cc110 code [0x00000000036cc240, 0x00000000036cc2d8]
Event: 3.693 Thread 0x000000001593b000 1223       4       com.android.dx.util.BitIntSet::has (28 bytes)
Event: 3.694 Thread 0x000000001593b000 nmethod 1223 0x00000000036cbe10 code [0x00000000036cbf40, 0x00000000036cc018]
Event: 3.694 Thread 0x000000001593b000 1222       4       com.android.dx.rop.code.Insn::hashCode (5 bytes)
Event: 3.694 Thread 0x000000001593b000 nmethod 1222 0x00000000036cbb90 code [0x00000000036cbce0, 0x00000000036cbd88]
Event: 3.694 Thread 0x000000001593b000 1210       4       com.android.dx.rop.code.BasicBlockList::set (12 bytes)
Event: 3.705 Thread 0x000000001593b000 nmethod 1210 0x00000000036d3450 code [0x00000000036d35c0, 0x00000000036d3c98]
Event: 3.729 Thread 0x000000001593b000 1228       4       com.android.dx.rop.cst.CstString::utf8BytesToString (391 bytes)
Event: 3.749 Thread 0x000000001593b000 nmethod 1228 0x00000000036d4ad0 code [0x00000000036d4d60, 0x00000000036d5850]

GC Heap History (2 events):
Event: 3.230 GC heap before
{Heap before GC invocations=1 (full 0):
 PSYoungGen      total 36864K, used 31744K [0x00000000eab00000, 0x00000000ed400000, 0x0000000100000000)
  eden space 31744K, 100% used [0x00000000eab00000,0x00000000eca00000,0x00000000eca00000)
  from space 5120K, 0% used [0x00000000ecf00000,0x00000000ecf00000,0x00000000ed400000)
  to   space 5120K, 0% used [0x00000000eca00000,0x00000000eca00000,0x00000000ecf00000)
 ParOldGen       total 84992K, used 0K [0x00000000c0000000, 0x00000000c5300000, 0x00000000eab00000)
  object space 84992K, 0% used [0x00000000c0000000,0x00000000c0000000,0x00000000c5300000)
 Metaspace       used 5759K, capacity 6832K, committed 7040K, reserved 1056768K
  class space    used 579K, capacity 616K, committed 640K, reserved 1048576K
Event: 3.267 GC heap after
Heap after GC invocations=1 (full 0):
 PSYoungGen      total 36864K, used 5088K [0x00000000eab00000, 0x00000000ed400000, 0x0000000100000000)
  eden space 31744K, 0% used [0x00000000eab00000,0x00000000eab00000,0x00000000eca00000)
  from space 5120K, 99% used [0x00000000eca00000,0x00000000ecef8138,0x00000000ecf00000)
  to   space 5120K, 0% used [0x00000000ecf00000,0x00000000ecf00000,0x00000000ed400000)
 ParOldGen       total 84992K, used 1767K [0x00000000c0000000, 0x00000000c5300000, 0x00000000eab00000)
  object space 84992K, 2% used [0x00000000c0000000,0x00000000c01b9f68,0x00000000c5300000)
 Metaspace       used 5759K, capacity 6832K, committed 7040K, reserved 1056768K
  class space    used 579K, capacity 616K, committed 640K, reserved 1048576K
}

Deoptimization events (10 events):
Event: 0.957 Thread 0x0000000017144800 Uncommon trap: reason=unstable_if action=reinterpret pc=0x00000000033cdc9c method=com.android.dx.rop.cst.CstMemberRef.compareTo0(Lcom/android/dx/rop/cst/Constant;)I @ 18
Event: 0.957 Thread 0x0000000017144800 Uncommon trap: reason=unstable_if action=reinterpret pc=0x00000000033d33d4 method=com.android.dx.rop.cst.CstMemberRef.compareTo0(Lcom/android/dx/rop/cst/Constant;)I @ 18
Event: 2.155 Thread 0x0000000017144800 Uncommon trap: reason=class_check action=maybe_recompile pc=0x00000000033ee510 method=com.android.dx.rop.cst.CstMemberRef.compareTo0(Lcom/android/dx/rop/cst/Constant;)I @ 1
Event: 2.156 Thread 0x000000001722b000 Uncommon trap: reason=class_check action=maybe_recompile pc=0x00000000033ee510 method=com.android.dx.rop.cst.CstMemberRef.compareTo0(Lcom/android/dx/rop/cst/Constant;)I @ 1
Event: 2.156 Thread 0x000000001722b000 Uncommon trap: reason=class_check action=maybe_recompile pc=0x00000000033ee510 method=com.android.dx.rop.cst.CstMemberRef.compareTo0(Lcom/android/dx/rop/cst/Constant;)I @ 1
Event: 2.167 Thread 0x000000001722d800 Uncommon trap: reason=class_check action=maybe_recompile pc=0x00000000033ee510 method=com.android.dx.rop.cst.CstMemberRef.compareTo0(Lcom/android/dx/rop/cst/Constant;)I @ 1
Event: 2.171 Thread 0x0000000017144800 Uncommon trap: reason=unstable_if action=reinterpret pc=0x0000000003445b6c method=java.util.HashMap.getNode(ILjava/lang/Object;)Ljava/util/HashMap$Node; @ 62
Event: 2.240 Thread 0x00000000171c4800 Uncommon trap: reason=unstable_if action=reinterpret pc=0x00000000033f0a94 method=com.android.dx.rop.cst.CstFieldRef.compareTo0(Lcom/android/dx/rop/cst/Constant;)I @ 7
Event: 2.267 Thread 0x0000000003110800 Uncommon trap: reason=unstable_if action=reinterpret pc=0x00000000034abba8 method=java.util.HashMap.getNode(ILjava/lang/Object;)Ljava/util/HashMap$Node; @ 129
Event: 3.437 Thread 0x0000000003110800 Uncommon trap: reason=unstable_if action=reinterpret pc=0x000000000339e090 method=java.lang.String.<init>([CII)V @ 18

Internal exceptions (2 events):
Event: 0.050 Thread 0x0000000003110800 Exception <a 'java/lang/NoSuchMethodError': Method sun.misc.Unsafe.defineClass(Ljava/lang/String;[BII)Ljava/lang/Class; name or signature does not match> (0x00000000eab07cc0) thrown at [D:\re\workspace\8-2-build-windows-amd64-cygwin\jdk8u92\6642\hotspot\sr%&µè—š©?
Event: 0.050 Thread 0x0000000003110800 Exception <a 'java/lang/NoSuchMethodError': Method sun.misc.Unsafe.prefetchRead(Ljava/lang/Object;J)V name or signature does not match> (0x00000000eab07fa8) thrown at [D:\re\workspace\8-2-build-windows-amd64-cygwin\jdk8u92\6642\hotspot\src\share\vm\prims\j

Events (10 events):
Event: 3.267 Executing VM operation: ParallelGCFailedAllocation done
Event: 3.282 Thread 0x0000000017144800 DEOPT PACKING pc=0x0000000003611227 sp=0x00000000178ae870
Event: 3.282 Thread 0x0000000017144800 DEOPT UNPACKING pc=0x000000000325787f sp=0x00000000178ae608 mode 0
Event: 3.437 Thread 0x0000000003110800 Uncommon trap: trap_request=0xffffff65 fr.pc=0x000000000339e090
Event: 3.437 Thread 0x0000000003110800 DEOPT PACKING pc=0x000000000339e090 sp=0x000000000310e5d0
Event: 3.437 Thread 0x0000000003110800 DEOPT UNPACKING pc=0x000000000325582a sp=0x000000000310e500 mode 2
Event: 3.539 Thread 0x0000000017144800 DEOPT PACKING pc=0x000000000360b959 sp=0x00000000178ae910
Event: 3.539 Thread 0x0000000017144800 DEOPT UNPACKING pc=0x000000000325787f sp=0x00000000178ae6d8 mode 0
Event: 3.755 loading class com/android/dx/cf/direct/DirectClassFile$DcfTypeList
Event: 3.755 loading class com/android/dx/cf/direct/DirectClassFile$DcfTypeList done


Dynamic libraries:
0x00007ff72f8a0000 - 0x00007ff72f8d7000 	D:\Program Files\Java\jdk1.8.0_92\bin\java.exe
0x00007fff3b620000 - 0x00007fff3b7e1000 	C:\WINDOWS\SYSTEM32\ntdll.dll
0x00007fff3af70000 - 0x00007fff3b01d000 	C:\WINDOWS\system32\KERNEL32.DLL
0x00007fff37af0000 - 0x00007fff37cd8000 	C:\WINDOWS\system32\KERNELBASE.dll
0x00007fff3ab00000 - 0x00007fff3aba7000 	C:\WINDOWS\system32\ADVAPI32.dll
0x00007fff3aa60000 - 0x00007fff3aafd000 	C:\WINDOWS\system32\msvcrt.dll
0x00007fff3b130000 - 0x00007fff3b18b000 	C:\WINDOWS\system32\sechost.dll
0x00007fff38d10000 - 0x00007fff38e2c000 	C:\WINDOWS\system32\RPCRT4.dll
0x00007fff3abb0000 - 0x00007fff3ad06000 	C:\WINDOWS\system32\USER32.dll
0x00007fff3a530000 - 0x00007fff3a6b6000 	C:\WINDOWS\system32\GDI32.dll
0x00007fff369e0000 - 0x00007fff36c54000 	C:\WINDOWS\WinSxS\amd64_microsoft.windows.common-controls_6595b64144ccf1df_6.0.10586.0_none_8c15ae12515e1c22\COMCTL32.dll
0x00007fff3a7e0000 - 0x00007fff3aa5d000 	C:\WINDOWS\system32\combase.dll
0x00007fff37a80000 - 0x00007fff37aea000 	C:\WINDOWS\system32\bcryptPrimitives.dll
0x00007fff38f80000 - 0x00007fff38fbb000 	C:\WINDOWS\system32\IMM32.DLL
0x00007fff37900000 - 0x00007fff37931000 	C:\windows\system32\nvinitx.dll
0x00007fff378f0000 - 0x00007fff378fa000 	C:\WINDOWS\SYSTEM32\VERSION.dll
0x000000006dae0000 - 0x000000006dae6000 	C:\Program Files\NVIDIA Corporation\CoProcManager\_etoured.dll
0x00007fff35480000 - 0x00007fff354b2000 	C:\Program Files\NVIDIA Corporation\CoProcManager\nvd3d9wrapx.dll
0x00007fff388e0000 - 0x00007fff38d09000 	C:\WINDOWS\system32\SETUPAPI.dll
0x00007fff37eb0000 - 0x00007fff37ef3000 	C:\WINDOWS\system32\CFGMGR32.dll
0x00007fff35450000 - 0x00007fff35472000 	C:\Program Files\NVIDIA Corporation\CoProcManager\nvdxgiwrapx.dll
0x000000006c330000 - 0x000000006c402000 	D:\Program Files\Java\jdk1.8.0_92\jre\bin\msvcr100.dll
0x000000006b600000 - 0x000000006be96000 	D:\Program Files\Java\jdk1.8.0_92\jre\bin\server\jvm.dll
0x00007fff37fb0000 - 0x00007fff37fd3000 	C:\WINDOWS\system32\WINMM.dll
0x0000000002fb0000 - 0x0000000002fdc000 	C:\WINDOWS\system32\WINMMBASE.dll
0x00007fff38f50000 - 0x00007fff38f58000 	C:\WINDOWS\system32\PSAPI.DLL
0x00007fff221f0000 - 0x00007fff221f9000 	C:\WINDOWS\SYSTEM32\WSOCK32.dll
0x00007fff38860000 - 0x00007fff388cb000 	C:\WINDOWS\system32\WS2_32.dll
0x000000006c8f0000 - 0x000000006c8ff000 	D:\Program Files\Java\jdk1.8.0_92\jre\bin\verify.dll
0x000000006c8c0000 - 0x000000006c8e9000 	D:\Program Files\Java\jdk1.8.0_92\jre\bin\java.dll
0x000000006c8a0000 - 0x000000006c8b6000 	D:\Program Files\Java\jdk1.8.0_92\jre\bin\zip.dll
0x00007fff38fc0000 - 0x00007fff3a51c000 	C:\WINDOWS\system32\SHELL32.dll
0x00007fff381b0000 - 0x00007fff387f4000 	C:\WINDOWS\system32\windows.storage.dll
0x00007fff38e30000 - 0x00007fff38e82000 	C:\WINDOWS\system32\shlwapi.dll
0x00007fff37a10000 - 0x00007fff37a1f000 	C:\WINDOWS\system32\kernel.appcore.dll
0x00007fff37df0000 - 0x00007fff37ea5000 	C:\WINDOWS\system32\shcore.dll
0x00007fff38810000 - 0x00007fff3885b000 	C:\WINDOWS\system32\powrprof.dll
0x00007fff37a30000 - 0x00007fff37a44000 	C:\WINDOWS\system32\profapi.dll

VM Arguments:
jvm_args: -Djava.awt.headless=true -Xmx1024M -Dfile.encoding=GBK -Duser.country=CN -Duser.language=zh -Duser.variant 
java_command: com.android.dx.command.Main --dex --force-jumbo --num-threads=4 --output D:\AndroidStudioProjects\Study\HelloWorld\app\build\intermediates\pre-dexed\debug\main_6a782d2536fbaa686b7f8c5be5d971aef104d3c3.jar D:\AndroidStudioProjects\Study\HelloWorld\app\build\intermediates\transforms\instantRun\debug\folders\1\5\main
java_class_path (initial): D:\AppData\Local\Android\sdk\build-tools\23.0.3\lib\dx.jar
Launcher Type: SUN_STANDARD

Environment Variables:
JAVA_HOME=D:\Program Files\Java\jdk1.8.0_92
CLASSPATH=.;D:\Program Files\Java\jdk1.8.0_92\lib\dt.jar;D:\Program Files\Java\jdk1.8.0_92\lib\tools.jar;
PATH=C:\ProgramData\Oracle\Java\javapath;C:\WINDOWS\system32;C:\WINDOWS;C:\WINDOWS\System32\Wbem;C:\WINDOWS\System32\WindowsPowerShell\v1.0\;C:\Program Files\Intel\WiFi\bin\;C:\Program Files\Common Files\Intel\WirelessCommon\;C:\Program Files\ThinkPad\Bluetooth Software\;C:\Program Files\ThinkPad\Bluetooth Software\syswow64;C:\WINDOWS\system32\config\systemprofile\.dnx\bin;C:\Program Files\Microsoft DNX\Dnvm\;C:\Program Files (x86)\Windows Kits\8.1\Windows Performance Toolkit\;C:\Program Files\Microsoft SQL Server\130\Tools\Binn\;D:\Program Files\TortoiseGit\bin;d:\Program Files\Git\cmd;d:\Program Files\IDM Computer Solutions\UltraEdit;C:\Program Files\IDM Computer Solutions\UltraCompare;%JAVA_HOME;C:\Program Files\Intel\WiFi\bin\;C:\Program Files\Common Files\Intel\WirelessCommon\
USERNAME=Xu
OS=Windows_NT
PROCESSOR_IDENTIFIER=Intel64 Family 6 Model 58 Stepping 9, GenuineIntel



---------------  S Y S T E M  ---------------

OS: Windows 10.0 , 64 bit Build 10586 (10.0.10586.0)

CPU:total 4 (2 cores per cpu, 2 threads per core) family 6 model 58 stepping 9, cmov, cx8, fxsr, mmx, sse, sse2, sse3, ssse3, sse4.1, sse4.2, popcnt, avx, aes, clmul, erms, ht, tsc, tscinvbit, tscinv

Memory: 4k page, physical 8074724k(1194988k free), swap 8074724k(5776k free)

vm_info: Java HotSpot(TM) 64-Bit Server VM (25.92-b14) for windows-amd64 JRE (1.8.0_92-b14), built on Mar 31 2016 21:03:04 by "java_re" with MS VC++ 10.0 (VS2010)

time: Wed Jun 29 13:13:40 2016
elapsed time: 3 seconds (0d 0h 0m 3s)

