#
# There is insufficient memory for the Java Runtime Environment to continue.
# Native memory allocation (malloc) failed to allocate 1972000 bytes for Chunk::new
# Possible reasons:
#   The system is out of physical RAM or swap space
#   In 32 bit mode, the process size limit was hit
# Possible solutions:
#   Reduce memory load on the system
#   Increase physical memory or swap space
#   Check if swap backing store is full
#   Use 64 bit Java on a 64 bit OS
#   Decrease Java heap size (-Xmx/-Xms)
#   Decrease number of Java threads
#   Decrease Java thread stack sizes (-Xss)
#   Set larger code cache with -XX:ReservedCodeCacheSize=
# This output file may be truncated or incomplete.
#
#  Out of Memory Error (allocation.cpp:390), pid=35276, tid=0x0000000000001d44
#
# JRE version: Java(TM) SE Runtime Environment (8.0_92-b14) (build 1.8.0_92-b14)
# Java VM: Java HotSpot(TM) 64-Bit Server VM (25.92-b14 mixed mode windows-amd64 compressed oops)
# Failed to write core dump. Minidumps are not enabled by default on client versions of Windows
#

---------------  T H R E A D  ---------------

Current thread (0x000000001505b000):  JavaThread "C2 CompilerThread0" daemon [_thread_in_native, id=7492, stack(0x0000000016bb0000,0x0000000016cb0000)]

Stack: [0x0000000016bb0000,0x0000000016cb0000]
[error occurred during error reporting (printing stack bounds), id 0xc0000005]

Native frames: (J=compiled Java code, j=interpreted, Vv=VM code, C=native code)


Current CompileTask:
C2:   5105 1810   !   4       com.android.dx.cf.cst.ConstantPoolParser::parse0 (731 bytes)


---------------  P R O C E S S  ---------------

Java Threads: ( => current thread )
  0x0000000016f1c000 JavaThread "pool-2-thread-4" [_thread_blocked, id=33636, stack(0x00000000178b0000,0x00000000179b0000)]
  0x000000001700b800 JavaThread "pool-2-thread-3" [_thread_in_Java, id=2648, stack(0x00000000177b0000,0x00000000178b0000)]
  0x0000000016f22800 JavaThread "pool-2-thread-2" [_thread_blocked, id=36960, stack(0x00000000176b0000,0x00000000177b0000)]
  0x0000000016f1b000 JavaThread "pool-3-thread-1" [_thread_blocked, id=37104, stack(0x00000000175b0000,0x00000000176b0000)]
  0x0000000016f68800 JavaThread "pool-2-thread-1" [_thread_blocked, id=14896, stack(0x00000000174b0000,0x00000000175b0000)]
  0x0000000016d19000 JavaThread "Service Thread" daemon [_thread_blocked, id=33132, stack(0x00000000172b0000,0x00000000173b0000)]
  0x0000000016d13000 JavaThread "C1 CompilerThread2" daemon [_thread_blocked, id=25756, stack(0x00000000171b0000,0x00000000172b0000)]
  0x000000001505d000 JavaThread "C2 CompilerThread1" daemon [_thread_in_native, id=10388, stack(0x00000000170b0000,0x00000000171b0000)]
=>0x000000001505b000 JavaThread "C2 CompilerThread0" daemon [_thread_in_native, id=7492, stack(0x0000000016bb0000,0x0000000016cb0000)]
  0x0000000015059800 JavaThread "Attach Listener" daemon [_thread_blocked, id=30528, stack(0x0000000016ab0000,0x0000000016bb0000)]
  0x0000000015059000 JavaThread "Signal Dispatcher" daemon [_thread_blocked, id=24008, stack(0x00000000169b0000,0x0000000016ab0000)]
  0x0000000014fea800 JavaThread "Finalizer" daemon [_thread_blocked, id=39520, stack(0x0000000016260000,0x0000000016360000)]
  0x000000000291f800 JavaThread "Reference Handler" daemon [_thread_blocked, id=16356, stack(0x0000000016160000,0x0000000016260000)]
  0x0000000002832800 JavaThread "main" [_thread_in_vm, id=40804, stack(0x0000000002730000,0x0000000002830000)]

Other Threads:
  0x0000000014fc8800 VMThread [stack: 0x0000000016060000,0x0000000016160000] [id=34356]
  0x0000000016d76000 WatcherThread [stack: 0x00000000173b0000,0x00000000174b0000] [id=39392]

VM state:not at safepoint (normal execution)

VM Mutex/Monitor currently owned by a thread: None

Heap:
 PSYoungGen      total 132096K, used 75962K [0x00000000eab00000, 0x00000000f3100000, 0x0000000100000000)
  eden space 126976K, 55% used [0x00000000eab00000,0x00000000ef02fb68,0x00000000f2700000)
  from space 5120K, 99% used [0x00000000f2c00000,0x00000000f30ff090,0x00000000f3100000)
  to   space 5120K, 0% used [0x00000000f2700000,0x00000000f2700000,0x00000000f2c00000)
 ParOldGen       total 84992K, used 21784K [0x00000000c0000000, 0x00000000c5300000, 0x00000000eab00000)
  object space 84992K, 25% used [0x00000000c0000000,0x00000000c15463f8,0x00000000c5300000)
 Metaspace       used 6473K, capacity 7222K, committed 7296K, reserved 1056768K
  class space    used 607K, capacity 622K, committed 640K, reserved 1048576K

Card table byte_map: [0x0000000011cf0000,0x0000000011f00000] byte_map_base: 0x00000000116f0000

Marking Bits: (ParMarkBitMap*) 0x00000000604964f0
 Begin Bits: [0x0000000012460000, 0x0000000013460000)
 End Bits:   [0x0000000013460000, 0x0000000014460000)

Polling page: 0x0000000002300000

CodeCache: size=245760Kb used=8523Kb max_used=8523Kb free=237237Kb
 bounds [0x0000000002930000, 0x0000000003190000, 0x0000000011930000]
 total_blobs=2233 nmethods=1961 adapters=184
 compilation: enabled

Compilation events (10 events):
Event: 4.992 Thread 0x0000000016d13000 1997       2       com.android.dx.rop.cst.CstLong::getType (4 bytes)
Event: 4.992 Thread 0x0000000016d13000 nmethod 1997 0x0000000003186b90 code [0x0000000003186ce0, 0x0000000003186e30]
Event: 5.023 Thread 0x0000000016d13000 1999       2       com.android.dx.ssa.back.FirstFitLocalCombiningAllocator$Alignment$2::nextClearBit (26 bytes)
Event: 5.024 Thread 0x0000000016d13000 nmethod 1999 0x0000000003186ed0 code [0x0000000003187040, 0x0000000003187258]
Event: 5.025 Thread 0x0000000016d13000 2000       2       com.android.dx.dex.file.ClassDefItem::<init> (110 bytes)
Event: 5.026 Thread 0x0000000016d13000 nmethod 2000 0x0000000003187390 code [0x0000000003187560, 0x0000000003187b88]
Event: 5.026 Thread 0x0000000016d13000 2001       2       com.android.dx.dex.cf.AttributeTranslator::translateEnclosingMethod (50 bytes)
Event: 5.026 Thread 0x0000000016d13000 nmethod 2001 0x0000000003187e90 code [0x0000000003188080, 0x0000000003188608]
Event: 5.027 Thread 0x0000000016d13000 2002       2       com.android.dx.dex.cf.AttributeTranslator::translateInnerClasses (356 bytes)
Event: 5.030 Thread 0x0000000016d13000 nmethod 2002 0x0000000003188a90 code [0x0000000003188e60, 0x000000000318a218]

GC Heap History (8 events):
Event: 1.093 GC heap before
{Heap before GC invocations=1 (full 0):
 PSYoungGen      total 36864K, used 31744K [0x00000000eab00000, 0x00000000ed400000, 0x0000000100000000)
  eden space 31744K, 100% used [0x00000000eab00000,0x00000000eca00000,0x00000000eca00000)
  from space 5120K, 0% used [0x00000000ecf00000,0x00000000ecf00000,0x00000000ed400000)
  to   space 5120K, 0% used [0x00000000eca00000,0x00000000eca00000,0x00000000ecf00000)
 ParOldGen       total 84992K, used 0K [0x00000000c0000000, 0x00000000c5300000, 0x00000000eab00000)
  object space 84992K, 0% used [0x00000000c0000000,0x00000000c0000000,0x00000000c5300000)
 Metaspace       used 5970K, capacity 6836K, committed 7040K, reserved 1056768K
  class space    used 604K, capacity 620K, committed 640K, reserved 1048576K
Event: 1.107 GC heap after
Heap after GC invocations=1 (full 0):
 PSYoungGen      total 36864K, used 5116K [0x00000000eab00000, 0x00000000ef300000, 0x0000000100000000)
  eden space 31744K, 0% used [0x00000000eab00000,0x00000000eab00000,0x00000000eca00000)
  from space 5120K, 99% used [0x00000000eca00000,0x00000000eceff190,0x00000000ecf00000)
  to   space 5120K, 0% used [0x00000000eee00000,0x00000000eee00000,0x00000000ef300000)
 ParOldGen       total 84992K, used 122K [0x00000000c0000000, 0x00000000c5300000, 0x00000000eab00000)
  object space 84992K, 0% used [0x00000000c0000000,0x00000000c001e8c8,0x00000000c5300000)
 Metaspace       used 5970K, capacity 6836K, committed 7040K, reserved 1056768K
  class space    used 604K, capacity 620K, committed 640K, reserved 1048576K
}
Event: 2.140 GC heap before
{Heap before GC invocations=2 (full 0):
 PSYoungGen      total 36864K, used 36860K [0x00000000eab00000, 0x00000000ef300000, 0x0000000100000000)
  eden space 31744K, 100% used [0x00000000eab00000,0x00000000eca00000,0x00000000eca00000)
  from space 5120K, 99% used [0x00000000eca00000,0x00000000eceff190,0x00000000ecf00000)
  to   space 5120K, 0% used [0x00000000eee00000,0x00000000eee00000,0x00000000ef300000)
 ParOldGen       total 84992K, used 122K [0x00000000c0000000, 0x00000000c5300000, 0x00000000eab00000)
  object space 84992K, 0% used [0x00000000c0000000,0x00000000c001e8c8,0x00000000c5300000)
 Metaspace       used 6237K, capacity 7094K, committed 7296K, reserved 1056768K
  class space    used 606K, capacity 622K, committed 640K, reserved 1048576K
Event: 2.155 GC heap after
Heap after GC invocations=2 (full 0):
 PSYoungGen      total 68608K, used 5109K [0x00000000eab00000, 0x00000000ef300000, 0x0000000100000000)
  eden space 63488K, 0% used [0x00000000eab00000,0x00000000eab00000,0x00000000ee900000)
  from space 5120K, 99% used [0x00000000eee00000,0x00000000ef2fd6d0,0x00000000ef300000)
  to   space 5120K, 0% used [0x00000000ee900000,0x00000000ee900000,0x00000000eee00000)
 ParOldGen       total 84992K, used 3152K [0x00000000c0000000, 0x00000000c5300000, 0x00000000eab00000)
  object space 84992K, 3% used [0x00000000c0000000,0x00000000c03143f8,0x00000000c5300000)
 Metaspace       used 6237K, capacity 7094K, committed 7296K, reserved 1056768K
  class space    used 606K, capacity 622K, committed 640K, reserved 1048576K
}
Event: 3.318 GC heap before
{Heap before GC invocations=3 (full 0):
 PSYoungGen      total 68608K, used 68597K [0x00000000eab00000, 0x00000000ef300000, 0x0000000100000000)
  eden space 63488K, 100% used [0x00000000eab00000,0x00000000ee900000,0x00000000ee900000)
  from space 5120K, 99% used [0x00000000eee00000,0x00000000ef2fd6d0,0x00000000ef300000)
  to   space 5120K, 0% used [0x00000000ee900000,0x00000000ee900000,0x00000000eee00000)
 ParOldGen       total 84992K, used 3152K [0x00000000c0000000, 0x00000000c5300000, 0x00000000eab00000)
  object space 84992K, 3% used [0x00000000c0000000,0x00000000c03143f8,0x00000000c5300000)
 Metaspace       used 6341K, capacity 7158K, committed 7296K, reserved 1056768K
  class space    used 607K, capacity 622K, committed 640K, reserved 1048576K
Event: 3.340 GC heap after
Heap after GC invocations=3 (full 0):
 PSYoungGen      total 68608K, used 5097K [0x00000000eab00000, 0x00000000f3100000, 0x0000000100000000)
  eden space 63488K, 0% used [0x00000000eab00000,0x00000000eab00000,0x00000000ee900000)
  from space 5120K, 99% used [0x00000000ee900000,0x00000000eedfa5e0,0x00000000eee00000)
  to   space 5120K, 0% used [0x00000000f2c00000,0x00000000f2c00000,0x00000000f3100000)
 ParOldGen       total 84992K, used 12140K [0x00000000c0000000, 0x00000000c5300000, 0x00000000eab00000)
  object space 84992K, 14% used [0x00000000c0000000,0x00000000c0bdb100,0x00000000c5300000)
 Metaspace       used 6341K, capacity 7158K, committed 7296K, reserved 1056768K
  class space    used 607K, capacity 622K, committed 640K, reserved 1048576K
}
Event: 4.102 GC heap before
{Heap before GC invocations=4 (full 0):
 PSYoungGen      total 68608K, used 68585K [0x00000000eab00000, 0x00000000f3100000, 0x0000000100000000)
  eden space 63488K, 100% used [0x00000000eab00000,0x00000000ee900000,0x00000000ee900000)
  from space 5120K, 99% used [0x00000000ee900000,0x00000000eedfa5e0,0x00000000eee00000)
  to   space 5120K, 0% used [0x00000000f2c00000,0x00000000f2c00000,0x00000000f3100000)
 ParOldGen       total 84992K, used 12140K [0x00000000c0000000, 0x00000000c5300000, 0x00000000eab00000)
  object space 84992K, 14% used [0x00000000c0000000,0x00000000c0bdb100,0x00000000c5300000)
 Metaspace       used 6407K, capacity 7158K, committed 7296K, reserved 1056768K
  class space    used 607K, capacity 622K, committed 640K, reserved 1048576K
Event: 4.330 GC heap after
Heap after GC invocations=4 (full 0):
 PSYoungGen      total 132096K, used 5116K [0x00000000eab00000, 0x00000000f3100000, 0x0000000100000000)
  eden space 126976K, 0% used [0x00000000eab00000,0x00000000eab00000,0x00000000f2700000)
  from space 5120K, 99% used [0x00000000f2c00000,0x00000000f30ff090,0x00000000f3100000)
  to   space 5120K, 0% used [0x00000000f2700000,0x00000000f2700000,0x00000000f2c00000)
 ParOldGen       total 84992K, used 21784K [0x00000000c0000000, 0x00000000c5300000, 0x00000000eab00000)
  object space 84992K, 25% used [0x00000000c0000000,0x00000000c15463f8,0x00000000c5300000)
 Metaspace       used 6407K, capacity 7158K, committed 7296K, reserved 1056768K
  class space    used 607K, capacity 622K, committed 640K, reserved 1048576K
}

Deoptimization events (10 events):
Event: 3.180 Thread 0x0000000016f1c000 Uncommon trap: reason=unstable_if action=reinterpret pc=0x0000000002d0e35c method=com.android.dx.ssa.SsaMethod.updateOneDefinition(Lcom/android/dx/ssa/SsaInsn;Lcom/android/dx/rop/code/RegisterSpec;)V @ 4
Event: 3.616 Thread 0x000000001700b800 Uncommon trap: reason=bimorphic action=maybe_recompile pc=0x000000000306ece4 method=com.android.dx.cf.code.BytecodeArray.parseInstruction(ILcom/android/dx/cf/code/BytecodeArray$Visitor;)I @ 1130
Event: 3.617 Thread 0x000000001700b800 Uncommon trap: reason=bimorphic action=maybe_recompile pc=0x000000000306ece4 method=com.android.dx.cf.code.BytecodeArray.parseInstruction(ILcom/android/dx/cf/code/BytecodeArray$Visitor;)I @ 1130
Event: 3.868 Thread 0x0000000016f1c000 Uncommon trap: reason=unstable_if action=reinterpret pc=0x00000000030577f4 method=com.android.dx.ssa.SCCP.simulateStmt(Lcom/android/dx/ssa/SsaInsn;)V @ 53
Event: 3.875 Thread 0x0000000016f1c000 Uncommon trap: reason=class_check action=maybe_recompile pc=0x0000000002dd1740 method=java.util.HashMap.putVal(ILjava/lang/Object;Ljava/lang/Object;ZZ)Ljava/lang/Object; @ 203
Event: 4.491 Thread 0x0000000016f22800 Uncommon trap: reason=class_check action=maybe_recompile pc=0x000000000312a028 method=com.android.dx.cf.code.BytecodeArray.parseInstruction(ILcom/android/dx/cf/code/BytecodeArray$Visitor;)I @ 1287
Event: 4.686 Thread 0x0000000016f22800 Uncommon trap: reason=unstable_if action=reinterpret pc=0x0000000002e73028 method=com.android.dx.rop.code.LocalItem.compareHandlesNulls(Lcom/android/dx/rop/cst/CstString;Lcom/android/dx/rop/cst/CstString;)I @ 14
Event: 4.766 Thread 0x0000000016f68800 Uncommon trap: reason=class_check action=maybe_recompile pc=0x000000000312a028 method=com.android.dx.cf.code.BytecodeArray.parseInstruction(ILcom/android/dx/cf/code/BytecodeArray$Visitor;)I @ 1287
Event: 4.766 Thread 0x0000000016f68800 Uncommon trap: reason=class_check action=maybe_recompile pc=0x000000000312a028 method=com.android.dx.cf.code.BytecodeArray.parseInstruction(ILcom/android/dx/cf/code/BytecodeArray$Visitor;)I @ 1287
Event: 4.767 Thread 0x0000000016f68800 Uncommon trap: reason=class_check action=maybe_recompile pc=0x000000000312a028 method=com.android.dx.cf.code.BytecodeArray.parseInstruction(ILcom/android/dx/cf/code/BytecodeArray$Visitor;)I @ 1287

Internal exceptions (5 events):
Event: 0.059 Thread 0x0000000002832800 Exception <a 'java/lang/NoSuchMethodError': Method sun.misc.Unsafe.defineClass(Ljava/lang/String;[BII)Ljava/lang/Class; name or signature does not match> (0x00000000eab07cc0) thrown at [D:\re\workspace\8-2-build-windows-amd64-cygwin\jdk8u92\6642\hotspot\srjå×¼Za®?
Event: 0.059 Thread 0x0000000002832800 Exception <a 'java/lang/NoSuchMethodError': Method sun.misc.Unsafe.prefetchRead(Ljava/lang/Object;J)V name or signature does not match> (0x00000000eab07fa8) thrown at [D:\re\workspace\8-2-build-windows-amd64-cygwin\jdk8u92\6642\hotspot\src\share\vm\prims\jv·Æ‰÷?
Event: 1.471 Thread 0x0000000002832800 Implicit null exception at 0x0000000002c71c5c to 0x0000000002c73fa9
Event: 1.781 Thread 0x0000000016f22800 Implicit null exception at 0x0000000002ddc2a2 to 0x0000000002ddc3a1
Event: 4.686 Thread 0x0000000016f22800 Implicit null exception at 0x0000000002e71732 to 0x0000000002e72ffd

Events (10 events):
Event: 4.686 Thread 0x0000000016f22800 DEOPT UNPACKING pc=0x000000000297582a sp=0x00000000177ae968 mode 2
Event: 4.766 Thread 0x0000000016f68800 Uncommon trap: trap_request=0xffffffde fr.pc=0x000000000312a028
Event: 4.766 Thread 0x0000000016f68800 DEOPT PACKING pc=0x000000000312a028 sp=0x00000000175aea40
Event: 4.766 Thread 0x0000000016f68800 DEOPT UNPACKING pc=0x000000000297582a sp=0x00000000175ae9f0 mode 2
Event: 4.766 Thread 0x0000000016f68800 Uncommon trap: trap_request=0xffffffde fr.pc=0x000000000312a028
Event: 4.766 Thread 0x0000000016f68800 DEOPT PACKING pc=0x000000000312a028 sp=0x00000000175aea40
Event: 4.766 Thread 0x0000000016f68800 DEOPT UNPACKING pc=0x000000000297582a sp=0x00000000175ae9f0 mode 2
Event: 4.767 Thread 0x0000000016f68800 Uncommon trap: trap_request=0xffffffde fr.pc=0x000000000312a028
Event: 4.767 Thread 0x0000000016f68800 DEOPT PACKING pc=0x000000000312a028 sp=0x00000000175aea40
Event: 4.767 Thread 0x0000000016f68800 DEOPT UNPACKING pc=0x000000000297582a sp=0x00000000175ae9f0 mode 2


Dynamic libraries:
0x00007ff7f7350000 - 0x00007ff7f7387000 	D:\Program Files\Java\jdk1.8.0_92\bin\java.exe
0x00007ffa85b80000 - 0x00007ffa85d41000 	C:\WINDOWS\SYSTEM32\ntdll.dll
0x00007ffa84f90000 - 0x00007ffa8503d000 	C:\WINDOWS\system32\KERNEL32.DLL
0x00007ffa82640000 - 0x00007ffa82828000 	C:\WINDOWS\system32\KERNELBASE.dll
0x00007ffa82e90000 - 0x00007ffa82f37000 	C:\WINDOWS\system32\ADVAPI32.dll
0x00007ffa83800000 - 0x00007ffa8389d000 	C:\WINDOWS\system32\msvcrt.dll
0x00007ffa83550000 - 0x00007ffa835ab000 	C:\WINDOWS\system32\sechost.dll
0x00007ffa83370000 - 0x00007ffa8348c000 	C:\WINDOWS\system32\RPCRT4.dll
0x00007ffa85050000 - 0x00007ffa851a6000 	C:\WINDOWS\system32\USER32.dll
0x00007ffa831b0000 - 0x00007ffa83336000 	C:\WINDOWS\system32\GDI32.dll
0x00007ffa80f40000 - 0x00007ffa811b4000 	C:\WINDOWS\WinSxS\amd64_microsoft.windows.common-controls_6595b64144ccf1df_6.0.10586.494_none_a2d8b04ea53e3145\COMCTL32.dll
0x00007ffa852b0000 - 0x00007ffa8552d000 	C:\WINDOWS\system32\combase.dll
0x00007ffa82880000 - 0x00007ffa828ea000 	C:\WINDOWS\system32\bcryptPrimitives.dll
0x00007ffa839e0000 - 0x00007ffa83a1b000 	C:\WINDOWS\system32\IMM32.DLL
0x00007ffa81e60000 - 0x00007ffa81e91000 	C:\windows\system32\nvinitx.dll
0x00007ffa81e50000 - 0x00007ffa81e5a000 	C:\WINDOWS\SYSTEM32\VERSION.dll
0x0000000062480000 - 0x0000000062486000 	C:\Program Files\NVIDIA Corporation\CoProcManager\_etoured.dll
0x00007ffa7f9e0000 - 0x00007ffa7fa12000 	C:\Program Files\NVIDIA Corporation\CoProcManager\nvd3d9wrapx.dll
0x00007ffa85750000 - 0x00007ffa85b79000 	C:\WINDOWS\system32\SETUPAPI.dll
0x00007ffa828f0000 - 0x00007ffa82933000 	C:\WINDOWS\system32\CFGMGR32.dll
0x00007ffa7f9b0000 - 0x00007ffa7f9d2000 	C:\Program Files\NVIDIA Corporation\CoProcManager\nvdxgiwrapx.dll
0x000000005fba0000 - 0x000000005fc72000 	D:\Program Files\Java\jdk1.8.0_92\jre\bin\msvcr100.dll
0x000000005fc80000 - 0x0000000060516000 	D:\Program Files\Java\jdk1.8.0_92\jre\bin\server\jvm.dll
0x00007ffa82940000 - 0x00007ffa82963000 	C:\WINDOWS\system32\WINMM.dll
0x00007ffa81f70000 - 0x00007ffa81f9c000 	C:\WINDOWS\system32\WINMMBASE.dll
0x00007ffa83a20000 - 0x00007ffa83a28000 	C:\WINDOWS\system32\PSAPI.DLL
0x00007ffa762d0000 - 0x00007ffa762d9000 	C:\WINDOWS\SYSTEM32\WSOCK32.dll
0x00007ffa838a0000 - 0x00007ffa8390b000 	C:\WINDOWS\system32\WS2_32.dll
0x0000000061170000 - 0x000000006117f000 	D:\Program Files\Java\jdk1.8.0_92\jre\bin\verify.dll
0x0000000061140000 - 0x0000000061169000 	D:\Program Files\Java\jdk1.8.0_92\jre\bin\java.dll
0x0000000061120000 - 0x0000000061136000 	D:\Program Files\Java\jdk1.8.0_92\jre\bin\zip.dll
0x00007ffa83a30000 - 0x00007ffa84f8c000 	C:\WINDOWS\system32\SHELL32.dll
0x0000000016360000 - 0x00000000169a5000 	C:\WINDOWS\system32\windows.storage.dll
0x00007ffa834f0000 - 0x00007ffa83542000 	C:\WINDOWS\system32\shlwapi.dll
0x00007ffa81fb0000 - 0x00007ffa81fbf000 	C:\WINDOWS\system32\kernel.appcore.dll
0x00007ffa82b40000 - 0x00007ffa82bf5000 	C:\WINDOWS\system32\shcore.dll
0x00007ffa82830000 - 0x00007ffa8287b000 	C:\WINDOWS\system32\powrprof.dll
0x00007ffa81fc0000 - 0x00007ffa81fd4000 	C:\WINDOWS\system32\profapi.dll

VM Arguments:
jvm_args: -Djava.awt.headless=true -Xmx1024M -Dfile.encoding=GBK -Duser.country=CN -Duser.language=zh -Duser.variant 
java_command: com.android.dx.command.Main --dex --force-jumbo --num-threads=4 --multi-dex --output D:\AndroidStudioProjects\Study\StudyUI\app\build\intermediates\transforms\dex\debug\folders\1000\10\com.android.support-support-v4-23.4.0_49276088e5bf4c4b5c8665fb74711c4e36bd8d43 D:\AndroidStudioProjects\Study\StudyUI\app\build\intermediates\exploded-aar\com.android.support\support-v4\23.4.0\jars\classes.jar
java_class_path (initial): D:\AppData\Local\Android\sdk\build-tools\24.0.0\lib\dx.jar
Launcher Type: SUN_STANDARD

Environment Variables:
JAVA_HOME=D:\Program Files\Java\jdk1.8.0_92
CLASSPATH=.;D:\Program Files\Java\jdk1.8.0_92\lib\dt.jar;D:\Program Files\Java\jdk1.8.0_92\lib\tools.jar;
PATH=C:\ProgramData\Oracle\Java\javapath;C:\WINDOWS\system32;C:\WINDOWS;C:\WINDOWS\System32\Wbem;C:\WINDOWS\System32\WindowsPowerShell\v1.0\;C:\Program Files\Intel\WiFi\bin\;C:\Program Files\Common Files\Intel\WirelessCommon\;C:\Program Files\ThinkPad\Bluetooth Software\;C:\Program Files\ThinkPad\Bluetooth Software\syswow64;C:\WINDOWS\system32\config\systemprofile\.dnx\bin;C:\Program Files\Microsoft DNX\Dnvm\;C:\Program Files (x86)\Windows Kits\8.1\Windows Performance Toolkit\;C:\Program Files\Microsoft SQL Server\130\Tools\Binn\;D:\Program Files\TortoiseGit\bin;d:\Program Files\Git\cmd;d:\Program Files\IDM Computer Solutions\UltraEdit;C:\Program Files\IDM Computer Solutions\UltraCompare;%JAVA_HOME;C:\Program Files\Intel\WiFi\bin\;C:\Program Files\Common Files\Intel\WirelessCommon\
USERNAME=leebisheng
OS=Windows_NT
PROCESSOR_IDENTIFIER=Intel64 Family 6 Model 58 Stepping 9, GenuineIntel



---------------  S Y S T E M  ---------------

OS: Windows 10.0 , 64 bit Build 10586 (10.0.10586.0)

CPU:total 4 (2 cores per cpu, 2 threads per core) family 6 model 58 stepping 9, cmov, cx8, fxsr, mmx, sse, sse2, sse3, ssse3, sse4.1, sse4.2, popcnt, avx, aes, clmul, erms, ht, tsc, tscinvbit, tscinv

Memory: 4k page, physical 8074724k(418704k free), swap 12269028k(6856k free)

vm_info: Java HotSpot(TM) 64-Bit Server VM (25.92-b14) for windows-amd64 JRE (1.8.0_92-b14), built on Mar 31 2016 21:03:04 by "java_re" with MS VC++ 10.0 (VS2010)

time: Sun Jul 24 03:35:07 2016
elapsed time: 5 seconds (0d 0h 0m 5s)

