#
# There is insufficient memory for the Java Runtime Environment to continue.
# Native memory allocation (malloc) failed to allocate 32744 bytes for ChunkPool::allocate
# Possible reasons:
#   The system is out of physical RAM or swap space
#   In 32 bit mode, the process size limit was hit
# Possible solutions:
#   Reduce memory load on the system
#   Increase physical memory or swap space
#   Check if swap backing store is full
#   Use 64 bit Java on a 64 bit OS
#   Decrease Java heap size (-Xmx/-Xms)
#   Decrease number of Java threads
#   Decrease Java thread stack sizes (-Xss)
#   Set larger code cache with -XX:ReservedCodeCacheSize=
# This output file may be truncated or incomplete.
#
#  Out of Memory Error (allocation.cpp:273), pid=11424, tid=0x00000000000079c8
#
# JRE version: Java(TM) SE Runtime Environment (8.0_92-b14) (build 1.8.0_92-b14)
# Java VM: Java HotSpot(TM) 64-Bit Server VM (25.92-b14 mixed mode windows-amd64 compressed oops)
# Failed to write core dump. Minidumps are not enabled by default on client versions of Windows
#

---------------  T H R E A D  ---------------

Current thread (0x0000000015c2b000):  JavaThread "C2 CompilerThread0" daemon [_thread_in_native, id=31176, stack(0x0000000017800000,0x0000000017900000)]

Stack: [0x0000000017800000,0x0000000017900000]
[error occurred during error reporting (printing stack bounds), id 0xc0000005]

Native frames: (J=compiled Java code, j=interpreted, Vv=VM code, C=native code)


Current CompileTask:
C2:   4341 1851   !   4       com.android.dx.cf.code.BytecodeArray::parseInstruction (2764 bytes)


---------------  P R O C E S S  ---------------

Java Threads: ( => current thread )
  0x0000000017bd9800 JavaThread "pool-2-thread-4" [_thread_in_Java, id=42040, stack(0x0000000018500000,0x0000000018600000)]
  0x0000000017bd8800 JavaThread "pool-2-thread-3" [_thread_in_Java, id=29800, stack(0x0000000018400000,0x0000000018500000)]
  0x0000000017b8f800 JavaThread "pool-2-thread-2" [_thread_in_Java, id=7036, stack(0x0000000018300000,0x0000000018400000)]
  0x0000000017b8a800 JavaThread "pool-3-thread-1" [_thread_blocked, id=18972, stack(0x0000000018200000,0x0000000018300000)]
  0x0000000017b89800 JavaThread "pool-2-thread-1" [_thread_in_Java, id=29512, stack(0x0000000018100000,0x0000000018200000)]
  0x0000000017983800 JavaThread "Service Thread" daemon [_thread_blocked, id=39204, stack(0x0000000017f00000,0x0000000018000000)]
  0x000000001795d000 JavaThread "C1 CompilerThread2" daemon [_thread_in_vm, id=40848, stack(0x0000000017e00000,0x0000000017f00000)]
  0x0000000017903800 JavaThread "C2 CompilerThread1" daemon [_thread_in_native, id=40888, stack(0x0000000017d00000,0x0000000017e00000)]
=>0x0000000015c2b000 JavaThread "C2 CompilerThread0" daemon [_thread_in_native, id=31176, stack(0x0000000017800000,0x0000000017900000)]
  0x0000000015c2a000 JavaThread "Attach Listener" daemon [_thread_blocked, id=35156, stack(0x0000000017700000,0x0000000017800000)]
  0x0000000015c29000 JavaThread "Signal Dispatcher" daemon [_thread_blocked, id=33616, stack(0x0000000017600000,0x0000000017700000)]
  0x0000000015bba800 JavaThread "Finalizer" daemon [_thread_blocked, id=12656, stack(0x0000000016e40000,0x0000000016f40000)]
  0x00000000034bf800 JavaThread "Reference Handler" daemon [_thread_blocked, id=35816, stack(0x0000000016d40000,0x0000000016e40000)]
  0x00000000033d2800 JavaThread "main" [_thread_blocked, id=15560, stack(0x00000000032d0000,0x00000000033d0000)]

Other Threads:
  0x0000000015b98800 VMThread [stack: 0x0000000016c40000,0x0000000016d40000] [id=36812]
  0x00000000179ab000 WatcherThread [stack: 0x0000000018000000,0x0000000018100000] [id=32088]

VM state:not at safepoint (normal execution)

VM Mutex/Monitor currently owned by a thread: None

Heap:
 PSYoungGen      total 132096K, used 48076K [0x00000000eab00000, 0x00000000f3100000, 0x0000000100000000)
  eden space 126976K, 33% used [0x00000000eab00000,0x00000000ed4f4d48,0x00000000f2700000)
  from space 5120K, 99% used [0x00000000f2c00000,0x00000000f30fe5f8,0x00000000f3100000)
  to   space 5120K, 0% used [0x00000000f2700000,0x00000000f2700000,0x00000000f2c00000)
 ParOldGen       total 84992K, used 21616K [0x00000000c0000000, 0x00000000c5300000, 0x00000000eab00000)
  object space 84992K, 25% used [0x00000000c0000000,0x00000000c151c2a8,0x00000000c5300000)
 Metaspace       used 6437K, capacity 7158K, committed 7296K, reserved 1056768K
  class space    used 608K, capacity 622K, committed 640K, reserved 1048576K

Card table byte_map: [0x00000000128a0000,0x0000000012ab0000] byte_map_base: 0x00000000122a0000

Marking Bits: (ParMarkBitMap*) 0x00000000604964f0
 Begin Bits: [0x0000000013010000, 0x0000000014010000)
 End Bits:   [0x0000000014010000, 0x0000000015010000)

Polling page: 0x0000000001440000

CodeCache: size=245760Kb used=7987Kb max_used=7987Kb free=237772Kb
 bounds [0x00000000034e0000, 0x0000000003cc0000, 0x00000000124e0000]
 total_blobs=2176 nmethods=1904 adapters=184
 compilation: enabled

Compilation events (10 events):
Event: 4.156 Thread 0x000000001795d000 nmethod 1964 0x0000000003caeb90 code [0x0000000003caed20, 0x0000000003caefd8]
Event: 4.220 Thread 0x000000001795d000 1965       2       com.android.dx.cf.code.SwitchList::add (35 bytes)
Event: 4.220 Thread 0x000000001795d000 nmethod 1965 0x0000000003caf150 code [0x0000000003caf2e0, 0x0000000003caf618]
Event: 4.232 Thread 0x000000001795d000 1966   !   2       java.util.concurrent.ArrayBlockingQueue::take (46 bytes)
Event: 4.232 Thread 0x000000001795d000 nmethod 1966 0x0000000003caf850 code [0x0000000003cafa20, 0x0000000003cafe38]
Event: 4.235 Thread 0x000000001795d000 1967       1       com.android.dx.rop.cst.CstType::getType (4 bytes)
Event: 4.235 Thread 0x000000001795d000 nmethod 1967 0x0000000003cb02d0 code [0x0000000003cb0420, 0x0000000003cb0530]
Event: 4.247 Thread 0x000000001795d000 1968       2       com.android.dx.cf.direct.StdAttributeFactory::sourceFile (94 bytes)
Event: 4.250 Thread 0x000000001795d000 nmethod 1968 0x0000000003cb0590 code [0x0000000003cb0880, 0x0000000003cb1808]
Event: 4.313 Thread 0x000000001795d000 1970       2       com.android.dx.cf.direct.AnnotationParser::parseAnnotation (214 bytes)

GC Heap History (8 events):
Event: 1.051 GC heap before
{Heap before GC invocations=1 (full 0):
 PSYoungGen      total 36864K, used 31744K [0x00000000eab00000, 0x00000000ed400000, 0x0000000100000000)
  eden space 31744K, 100% used [0x00000000eab00000,0x00000000eca00000,0x00000000eca00000)
  from space 5120K, 0% used [0x00000000ecf00000,0x00000000ecf00000,0x00000000ed400000)
  to   space 5120K, 0% used [0x00000000eca00000,0x00000000eca00000,0x00000000ecf00000)
 ParOldGen       total 84992K, used 0K [0x00000000c0000000, 0x00000000c5300000, 0x00000000eab00000)
  object space 84992K, 0% used [0x00000000c0000000,0x00000000c0000000,0x00000000c5300000)
 Metaspace       used 5899K, capacity 6772K, committed 7040K, reserved 1056768K
  class space    used 605K, capacity 620K, committed 640K, reserved 1048576K
Event: 1.065 GC heap after
Heap after GC invocations=1 (full 0):
 PSYoungGen      total 36864K, used 5115K [0x00000000eab00000, 0x00000000ef300000, 0x0000000100000000)
  eden space 31744K, 0% used [0x00000000eab00000,0x00000000eab00000,0x00000000eca00000)
  from space 5120K, 99% used [0x00000000eca00000,0x00000000ecefed30,0x00000000ecf00000)
  to   space 5120K, 0% used [0x00000000eee00000,0x00000000eee00000,0x00000000ef300000)
 ParOldGen       total 84992K, used 8K [0x00000000c0000000, 0x00000000c5300000, 0x00000000eab00000)
  object space 84992K, 0% used [0x00000000c0000000,0x00000000c0002000,0x00000000c5300000)
 Metaspace       used 5899K, capacity 6772K, committed 7040K, reserved 1056768K
  class space    used 605K, capacity 620K, committed 640K, reserved 1048576K
}
Event: 1.938 GC heap before
{Heap before GC invocations=2 (full 0):
 PSYoungGen      total 36864K, used 36859K [0x00000000eab00000, 0x00000000ef300000, 0x0000000100000000)
  eden space 31744K, 100% used [0x00000000eab00000,0x00000000eca00000,0x00000000eca00000)
  from space 5120K, 99% used [0x00000000eca00000,0x00000000ecefed30,0x00000000ecf00000)
  to   space 5120K, 0% used [0x00000000eee00000,0x00000000eee00000,0x00000000ef300000)
 ParOldGen       total 84992K, used 8K [0x00000000c0000000, 0x00000000c5300000, 0x00000000eab00000)
  object space 84992K, 0% used [0x00000000c0000000,0x00000000c0002000,0x00000000c5300000)
 Metaspace       used 6241K, capacity 7094K, committed 7296K, reserved 1056768K
  class space    used 607K, capacity 622K, committed 640K, reserved 1048576K
Event: 1.969 GC heap after
Heap after GC invocations=2 (full 0):
 PSYoungGen      total 68608K, used 5116K [0x00000000eab00000, 0x00000000ef300000, 0x0000000100000000)
  eden space 63488K, 0% used [0x00000000eab00000,0x00000000eab00000,0x00000000ee900000)
  from space 5120K, 99% used [0x00000000eee00000,0x00000000ef2ff098,0x00000000ef300000)
  to   space 5120K, 0% used [0x00000000ee900000,0x00000000ee900000,0x00000000eee00000)
 ParOldGen       total 84992K, used 3217K [0x00000000c0000000, 0x00000000c5300000, 0x00000000eab00000)
  object space 84992K, 3% used [0x00000000c0000000,0x00000000c0324798,0x00000000c5300000)
 Metaspace       used 6241K, capacity 7094K, committed 7296K, reserved 1056768K
  class space    used 607K, capacity 622K, committed 640K, reserved 1048576K
}
Event: 2.788 GC heap before
{Heap before GC invocations=3 (full 0):
 PSYoungGen      total 68608K, used 68604K [0x00000000eab00000, 0x00000000ef300000, 0x0000000100000000)
  eden space 63488K, 100% used [0x00000000eab00000,0x00000000ee900000,0x00000000ee900000)
  from space 5120K, 99% used [0x00000000eee00000,0x00000000ef2ff098,0x00000000ef300000)
  to   space 5120K, 0% used [0x00000000ee900000,0x00000000ee900000,0x00000000eee00000)
 ParOldGen       total 84992K, used 3217K [0x00000000c0000000, 0x00000000c5300000, 0x00000000eab00000)
  object space 84992K, 3% used [0x00000000c0000000,0x00000000c0324798,0x00000000c5300000)
 Metaspace       used 6329K, capacity 7158K, committed 7296K, reserved 1056768K
  class space    used 608K, capacity 622K, committed 640K, reserved 1048576K
Event: 2.818 GC heap after
Heap after GC invocations=3 (full 0):
 PSYoungGen      total 68608K, used 5108K [0x00000000eab00000, 0x00000000f3100000, 0x0000000100000000)
  eden space 63488K, 0% used [0x00000000eab00000,0x00000000eab00000,0x00000000ee900000)
  from space 5120K, 99% used [0x00000000ee900000,0x00000000eedfd360,0x00000000eee00000)
  to   space 5120K, 0% used [0x00000000f2c00000,0x00000000f2c00000,0x00000000f3100000)
 ParOldGen       total 84992K, used 12350K [0x00000000c0000000, 0x00000000c5300000, 0x00000000eab00000)
  object space 84992K, 14% used [0x00000000c0000000,0x00000000c0c0fa18,0x00000000c5300000)
 Metaspace       used 6329K, capacity 7158K, committed 7296K, reserved 1056768K
  class space    used 608K, capacity 622K, committed 640K, reserved 1048576K
}
Event: 3.798 GC heap before
{Heap before GC invocations=4 (full 0):
 PSYoungGen      total 68608K, used 68596K [0x00000000eab00000, 0x00000000f3100000, 0x0000000100000000)
  eden space 63488K, 100% used [0x00000000eab00000,0x00000000ee900000,0x00000000ee900000)
  from space 5120K, 99% used [0x00000000ee900000,0x00000000eedfd360,0x00000000eee00000)
  to   space 5120K, 0% used [0x00000000f2c00000,0x00000000f2c00000,0x00000000f3100000)
 ParOldGen       total 84992K, used 12350K [0x00000000c0000000, 0x00000000c5300000, 0x00000000eab00000)
  object space 84992K, 14% used [0x00000000c0000000,0x00000000c0c0fa18,0x00000000c5300000)
 Metaspace       used 6392K, capacity 7158K, committed 7296K, reserved 1056768K
  class space    used 608K, capacity 622K, committed 640K, reserved 1048576K
Event: 3.857 GC heap after
Heap after GC invocations=4 (full 0):
 PSYoungGen      total 132096K, used 5113K [0x00000000eab00000, 0x00000000f3100000, 0x0000000100000000)
  eden space 126976K, 0% used [0x00000000eab00000,0x00000000eab00000,0x00000000f2700000)
  from space 5120K, 99% used [0x00000000f2c00000,0x00000000f30fe5f8,0x00000000f3100000)
  to   space 5120K, 0% used [0x00000000f2700000,0x00000000f2700000,0x00000000f2c00000)
 ParOldGen       total 84992K, used 21616K [0x00000000c0000000, 0x00000000c5300000, 0x00000000eab00000)
  object space 84992K, 25% used [0x00000000c0000000,0x00000000c151c2a8,0x00000000c5300000)
 Metaspace       used 6392K, capacity 7158K, committed 7296K, reserved 1056768K
  class space    used 608K, capacity 622K, committed 640K, reserved 1048576K
}

Deoptimization events (10 events):
Event: 2.264 Thread 0x0000000017b89800 Uncommon trap: reason=unstable_if action=reinterpret pc=0x000000000391725c method=com.android.dx.ssa.SsaMethod.updateOneDefinition(Lcom/android/dx/ssa/SsaInsn;Lcom/android/dx/rop/code/RegisterSpec;)V @ 4
Event: 2.624 Thread 0x0000000017b8f800 Uncommon trap: reason=unstable_if action=reinterpret pc=0x0000000003b83c88 method=com.android.dx.ssa.SsaRenamer$BlockRenamer.visitMoveInsn(Lcom/android/dx/ssa/NormalSsaInsn;)V @ 104
Event: 3.106 Thread 0x0000000017bd8800 Uncommon trap: reason=bimorphic action=maybe_recompile pc=0x0000000003b6c924 method=com.android.dx.cf.code.BytecodeArray.parseInstruction(ILcom/android/dx/cf/code/BytecodeArray$Visitor;)I @ 1130
Event: 3.107 Thread 0x0000000017bd8800 Uncommon trap: reason=bimorphic action=maybe_recompile pc=0x0000000003b6c924 method=com.android.dx.cf.code.BytecodeArray.parseInstruction(ILcom/android/dx/cf/code/BytecodeArray$Visitor;)I @ 1130
Event: 3.253 Thread 0x00000000033d2800 Uncommon trap: reason=unstable_if action=reinterpret pc=0x0000000003c1c9f0 method=com.android.dx.cf.code.Ropper.isSynchronized()Z @ 12
Event: 3.588 Thread 0x0000000017bd8800 Uncommon trap: reason=bimorphic action=maybe_recompile pc=0x0000000003c504f0 method=com.android.dx.cf.code.BytecodeArray.parseInstruction(ILcom/android/dx/cf/code/BytecodeArray$Visitor;)I @ 2281
Event: 3.588 Thread 0x0000000017bd8800 Uncommon trap: reason=bimorphic action=maybe_recompile pc=0x0000000003c504f0 method=com.android.dx.cf.code.BytecodeArray.parseInstruction(ILcom/android/dx/cf/code/BytecodeArray$Visitor;)I @ 2281
Event: 3.658 Thread 0x0000000017b89800 Uncommon trap: reason=unstable_if action=reinterpret pc=0x0000000003ba2ec8 method=com.android.dx.ssa.SCCP.simulateStmt(Lcom/android/dx/ssa/SsaInsn;)V @ 53
Event: 3.667 Thread 0x0000000017b89800 Uncommon trap: reason=unstable_if action=reinterpret pc=0x0000000003c7175c method=com.android.dx.ssa.SCCP.simulateBranch(Lcom/android/dx/ssa/SsaInsn;)V @ 548
Event: 3.670 Thread 0x0000000017b89800 Uncommon trap: reason=class_check action=maybe_recompile pc=0x00000000038da8bc method=java.util.HashMap.putVal(ILjava/lang/Object;Ljava/lang/Object;ZZ)Ljava/lang/Object; @ 203

Internal exceptions (2 events):
Event: 0.088 Thread 0x00000000033d2800 Exception <a 'java/lang/NoSuchMethodError': Method sun.misc.Unsafe.defineClass(Ljava/lang/String;[BII)Ljava/lang/Class; name or signature does not match> (0x00000000eab07cc0) thrown at [D:\re\workspace\8-2-build-windows-amd64-cygwin\jdk8u92\6642\hotspot\sr2õ cs¶?
Event: 0.088 Thread 0x00000000033d2800 Exception <a 'java/lang/NoSuchMethodError': Method sun.misc.Unsafe.prefetchRead(Ljava/lang/Object;J)V name or signature does not match> (0x00000000eab07fa8) thrown at [D:\re\workspace\8-2-build-windows-amd64-cygwin\jdk8u92\6642\hotspot\src\share\vm\prims\j

Events (10 events):
Event: 3.667 Thread 0x0000000017b89800 DEOPT UNPACKING pc=0x000000000352582a sp=0x00000000181fe368 mode 2
Event: 3.670 Thread 0x0000000017b89800 Uncommon trap: trap_request=0xffffffde fr.pc=0x00000000038da8bc
Event: 3.670 Thread 0x0000000017b89800 DEOPT PACKING pc=0x00000000038da8bc sp=0x00000000181fe2f0
Event: 3.670 Thread 0x0000000017b89800 DEOPT UNPACKING pc=0x000000000352582a sp=0x00000000181fe278 mode 2
Event: 3.798 Executing VM operation: ParallelGCFailedAllocation
Event: 3.857 Executing VM operation: ParallelGCFailedAllocation done
Event: 4.037 Thread 0x00000000033d2800 DEOPT PACKING pc=0x0000000003b91a68 sp=0x00000000033cea60
Event: 4.037 Thread 0x00000000033d2800 DEOPT UNPACKING pc=0x000000000352787f sp=0x00000000033ce760 mode 0
Event: 4.270 Executing VM operation: EnableBiasedLocking
Event: 4.280 Executing VM operation: EnableBiasedLocking done


Dynamic libraries:
0x00007ff7f7350000 - 0x00007ff7f7387000 	D:\Program Files\Java\jdk1.8.0_92\bin\java.exe
0x00007ffa85b80000 - 0x00007ffa85d41000 	C:\WINDOWS\SYSTEM32\ntdll.dll
0x00007ffa84f90000 - 0x00007ffa8503d000 	C:\WINDOWS\system32\KERNEL32.DLL
0x00007ffa82640000 - 0x00007ffa82828000 	C:\WINDOWS\system32\KERNELBASE.dll
0x00007ffa82e90000 - 0x00007ffa82f37000 	C:\WINDOWS\system32\ADVAPI32.dll
0x00007ffa83800000 - 0x00007ffa8389d000 	C:\WINDOWS\system32\msvcrt.dll
0x00007ffa83550000 - 0x00007ffa835ab000 	C:\WINDOWS\system32\sechost.dll
0x00007ffa83370000 - 0x00007ffa8348c000 	C:\WINDOWS\system32\RPCRT4.dll
0x00007ffa85050000 - 0x00007ffa851a6000 	C:\WINDOWS\system32\USER32.dll
0x00007ffa831b0000 - 0x00007ffa83336000 	C:\WINDOWS\system32\GDI32.dll
0x00007ffa80f40000 - 0x00007ffa811b4000 	C:\WINDOWS\WinSxS\amd64_microsoft.windows.common-controls_6595b64144ccf1df_6.0.10586.494_none_a2d8b04ea53e3145\COMCTL32.dll
0x00007ffa852b0000 - 0x00007ffa8552d000 	C:\WINDOWS\system32\combase.dll
0x00007ffa82880000 - 0x00007ffa828ea000 	C:\WINDOWS\system32\bcryptPrimitives.dll
0x00007ffa839e0000 - 0x00007ffa83a1b000 	C:\WINDOWS\system32\IMM32.DLL
0x00007ffa81e60000 - 0x00007ffa81e91000 	C:\windows\system32\nvinitx.dll
0x00007ffa81e50000 - 0x00007ffa81e5a000 	C:\WINDOWS\SYSTEM32\VERSION.dll
0x0000000062480000 - 0x0000000062486000 	C:\Program Files\NVIDIA Corporation\CoProcManager\_etoured.dll
0x00007ffa7f9e0000 - 0x00007ffa7fa12000 	C:\Program Files\NVIDIA Corporation\CoProcManager\nvd3d9wrapx.dll
0x00007ffa85750000 - 0x00007ffa85b79000 	C:\WINDOWS\system32\SETUPAPI.dll
0x00007ffa828f0000 - 0x00007ffa82933000 	C:\WINDOWS\system32\CFGMGR32.dll
0x00007ffa7f9b0000 - 0x00007ffa7f9d2000 	C:\Program Files\NVIDIA Corporation\CoProcManager\nvdxgiwrapx.dll
0x000000005fba0000 - 0x000000005fc72000 	D:\Program Files\Java\jdk1.8.0_92\jre\bin\msvcr100.dll
0x000000005fc80000 - 0x0000000060516000 	D:\Program Files\Java\jdk1.8.0_92\jre\bin\server\jvm.dll
0x00007ffa82940000 - 0x00007ffa82963000 	C:\WINDOWS\system32\WINMM.dll
0x00007ffa81f70000 - 0x00007ffa81f9c000 	C:\WINDOWS\system32\WINMMBASE.dll
0x00007ffa762d0000 - 0x00007ffa762d9000 	C:\WINDOWS\SYSTEM32\WSOCK32.dll
0x00007ffa83a20000 - 0x00007ffa83a28000 	C:\WINDOWS\system32\PSAPI.DLL
0x00007ffa838a0000 - 0x00007ffa8390b000 	C:\WINDOWS\system32\WS2_32.dll
0x0000000061170000 - 0x000000006117f000 	D:\Program Files\Java\jdk1.8.0_92\jre\bin\verify.dll
0x0000000061140000 - 0x0000000061169000 	D:\Program Files\Java\jdk1.8.0_92\jre\bin\java.dll
0x0000000061120000 - 0x0000000061136000 	D:\Program Files\Java\jdk1.8.0_92\jre\bin\zip.dll
0x00007ffa83a30000 - 0x00007ffa84f8c000 	C:\WINDOWS\system32\SHELL32.dll
0x0000000016fa0000 - 0x00000000175e5000 	C:\WINDOWS\system32\windows.storage.dll
0x00007ffa834f0000 - 0x00007ffa83542000 	C:\WINDOWS\system32\shlwapi.dll
0x00007ffa81fb0000 - 0x00007ffa81fbf000 	C:\WINDOWS\system32\kernel.appcore.dll
0x00007ffa82b40000 - 0x00007ffa82bf5000 	C:\WINDOWS\system32\shcore.dll
0x00007ffa82830000 - 0x00007ffa8287b000 	C:\WINDOWS\system32\powrprof.dll
0x00007ffa81fc0000 - 0x00007ffa81fd4000 	C:\WINDOWS\system32\profapi.dll

VM Arguments:
jvm_args: -Djava.awt.headless=true -Xmx1024M -Dfile.encoding=GBK -Duser.country=CN -Duser.language=zh -Duser.variant 
java_command: com.android.dx.command.Main --dex --force-jumbo --num-threads=4 --multi-dex --output D:\AndroidStudioProjects\Study\StudyUI\app\build\intermediates\transforms\dex\debug\folders\1000\10\com.android.support-support-v4-23.4.0_49276088e5bf4c4b5c8665fb74711c4e36bd8d43 D:\AndroidStudioProjects\Study\StudyUI\app\build\intermediates\exploded-aar\com.android.support\support-v4\23.4.0\jars\classes.jar
java_class_path (initial): D:\AppData\Local\Android\sdk\build-tools\24.0.0\lib\dx.jar
Launcher Type: SUN_STANDARD

Environment Variables:
JAVA_HOME=D:\Program Files\Java\jdk1.8.0_92
CLASSPATH=.;D:\Program Files\Java\jdk1.8.0_92\lib\dt.jar;D:\Program Files\Java\jdk1.8.0_92\lib\tools.jar;
PATH=C:\ProgramData\Oracle\Java\javapath;C:\WINDOWS\system32;C:\WINDOWS;C:\WINDOWS\System32\Wbem;C:\WINDOWS\System32\WindowsPowerShell\v1.0\;C:\Program Files\Intel\WiFi\bin\;C:\Program Files\Common Files\Intel\WirelessCommon\;C:\Program Files\ThinkPad\Bluetooth Software\;C:\Program Files\ThinkPad\Bluetooth Software\syswow64;C:\WINDOWS\system32\config\systemprofile\.dnx\bin;C:\Program Files\Microsoft DNX\Dnvm\;C:\Program Files (x86)\Windows Kits\8.1\Windows Performance Toolkit\;C:\Program Files\Microsoft SQL Server\130\Tools\Binn\;D:\Program Files\TortoiseGit\bin;d:\Program Files\Git\cmd;d:\Program Files\IDM Computer Solutions\UltraEdit;C:\Program Files\IDM Computer Solutions\UltraCompare;%JAVA_HOME;C:\Program Files\Intel\WiFi\bin\;C:\Program Files\Common Files\Intel\WirelessCommon\
USERNAME=leebisheng
OS=Windows_NT
PROCESSOR_IDENTIFIER=Intel64 Family 6 Model 58 Stepping 9, GenuineIntel



---------------  S Y S T E M  ---------------

OS: Windows 10.0 , 64 bit Build 10586 (10.0.10586.0)

CPU:total 4 (2 cores per cpu, 2 threads per core) family 6 model 58 stepping 9, cmov, cx8, fxsr, mmx, sse, sse2, sse3, ssse3, sse4.1, sse4.2, popcnt, avx, aes, clmul, erms, ht, tsc, tscinvbit, tscinv

Memory: 4k page, physical 8074724k(171588k free), swap 12269028k(5132k free)

vm_info: Java HotSpot(TM) 64-Bit Server VM (25.92-b14) for windows-amd64 JRE (1.8.0_92-b14), built on Mar 31 2016 21:03:04 by "java_re" with MS VC++ 10.0 (VS2010)

time: Sun Jul 24 03:27:04 2016
elapsed time: 4 seconds (0d 0h 0m 4s)

