#
# There is insufficient memory for the Java Runtime Environment to continue.
# Native memory allocation (malloc) failed to allocate 1618752 bytes for Chunk::new
# Possible reasons:
#   The system is out of physical RAM or swap space
#   In 32 bit mode, the process size limit was hit
# Possible solutions:
#   Reduce memory load on the system
#   Increase physical memory or swap space
#   Check if swap backing store is full
#   Use 64 bit Java on a 64 bit OS
#   Decrease Java heap size (-Xmx/-Xms)
#   Decrease number of Java threads
#   Decrease Java thread stack sizes (-Xss)
#   Set larger code cache with -XX:ReservedCodeCacheSize=
# This output file may be truncated or incomplete.
#
#  Out of Memory Error (allocation.cpp:390), pid=29308, tid=0x000000000000729c
#
# JRE version: Java(TM) SE Runtime Environment (8.0_92-b14) (build 1.8.0_92-b14)
# Java VM: Java HotSpot(TM) 64-Bit Server VM (25.92-b14 mixed mode windows-amd64 compressed oops)
# Failed to write core dump. Minidumps are not enabled by default on client versions of Windows
#

---------------  T H R E A D  ---------------

Current thread (0x000000001574b000):  JavaThread "C2 CompilerThread0" daemon [_thread_in_native, id=29340, stack(0x00000000172a0000,0x00000000173a0000)]

Stack: [0x00000000172a0000,0x00000000173a0000]
[error occurred during error reporting (printing stack bounds), id 0xc0000005]

Native frames: (J=compiled Java code, j=interpreted, Vv=VM code, C=native code)


Current CompileTask:
C2:   5977 1362   !   4       com.android.dx.cf.cst.ConstantPoolParser::parse0 (731 bytes)


---------------  P R O C E S S  ---------------

Java Threads: ( => current thread )
  0x0000000017636000 JavaThread "pool-2-thread-4" [_thread_in_vm, id=29036, stack(0x0000000017fa0000,0x00000000180a0000)]
  0x0000000017635000 JavaThread "pool-2-thread-3" [_thread_in_vm, id=29104, stack(0x0000000017ea0000,0x0000000017fa0000)]
  0x0000000017631800 JavaThread "pool-2-thread-2" [_thread_in_Java, id=29260, stack(0x0000000017da0000,0x0000000017ea0000)]
  0x0000000017630800 JavaThread "pool-3-thread-1" [_thread_blocked, id=29320, stack(0x0000000017ca0000,0x0000000017da0000)]
  0x000000001762d800 JavaThread "pool-2-thread-1" [_thread_in_Java, id=25816, stack(0x0000000017ba0000,0x0000000017ca0000)]
  0x00000000173fb000 JavaThread "Service Thread" daemon [_thread_blocked, id=29404, stack(0x00000000179a0000,0x0000000017aa0000)]
  0x00000000173f9000 JavaThread "C1 CompilerThread2" daemon [_thread_blocked, id=29156, stack(0x00000000178a0000,0x00000000179a0000)]
  0x00000000173f6800 JavaThread "C2 CompilerThread1" daemon [_thread_in_native, id=29460, stack(0x00000000177a0000,0x00000000178a0000)]
=>0x000000001574b000 JavaThread "C2 CompilerThread0" daemon [_thread_in_native, id=29340, stack(0x00000000172a0000,0x00000000173a0000)]
  0x0000000015749800 JavaThread "Attach Listener" daemon [_thread_blocked, id=29396, stack(0x00000000171a0000,0x00000000172a0000)]
  0x0000000015748800 JavaThread "Signal Dispatcher" daemon [_thread_blocked, id=27496, stack(0x00000000170a0000,0x00000000171a0000)]
  0x00000000156da800 JavaThread "Finalizer" daemon [_thread_blocked, id=28980, stack(0x0000000016950000,0x0000000016a50000)]
  0x0000000002f3f800 JavaThread "Reference Handler" daemon [_thread_blocked, id=29628, stack(0x0000000016850000,0x0000000016950000)]
  0x0000000002e52800 JavaThread "main" [_thread_in_Java, id=29376, stack(0x0000000002990000,0x0000000002a90000)]

Other Threads:
  0x00000000156b8000 VMThread [stack: 0x0000000016750000,0x0000000016850000] [id=28200]
  0x0000000017410000 WatcherThread [stack: 0x0000000017aa0000,0x0000000017ba0000] [id=29448]

VM state:not at safepoint (normal execution)

VM Mutex/Monitor currently owned by a thread: None

Heap:
 PSYoungGen      total 36864K, used 31780K [0x00000000eab00000, 0x00000000ed400000, 0x0000000100000000)
  eden space 31744K, 83% used [0x00000000eab00000,0x00000000ec509e68,0x00000000eca00000)
  from space 5120K, 99% used [0x00000000eca00000,0x00000000eceff2a0,0x00000000ecf00000)
  to   space 5120K, 0% used [0x00000000ecf00000,0x00000000ecf00000,0x00000000ed400000)
 ParOldGen       total 84992K, used 1268K [0x00000000c0000000, 0x00000000c5300000, 0x00000000eab00000)
  object space 84992K, 1% used [0x00000000c0000000,0x00000000c013d380,0x00000000c5300000)
 Metaspace       used 6261K, capacity 7094K, committed 7296K, reserved 1056768K
  class space    used 607K, capacity 622K, committed 640K, reserved 1048576K

Card table byte_map: [0x00000000123e0000,0x00000000125f0000] byte_map_base: 0x0000000011de0000

Marking Bits: (ParMarkBitMap*) 0x0000000067df64f0
 Begin Bits: [0x0000000012b50000, 0x0000000013b50000)
 End Bits:   [0x0000000013b50000, 0x0000000014b50000)

Polling page: 0x0000000002a90000

CodeCache: size=245760Kb used=6288Kb max_used=6300Kb free=239471Kb
 bounds [0x0000000003020000, 0x0000000003650000, 0x0000000012020000]
 total_blobs=1761 nmethods=1490 adapters=184
 compilation: enabled

Compilation events (10 events):
Event: 5.865 Thread 0x00000000173f6800 nmethod 1368 0x0000000003640c90 code [0x0000000003640e40, 0x00000000036412e0]
Event: 5.865 Thread 0x00000000173f6800 1367       4       com.android.dx.ssa.back.FirstFitLocalCombiningAllocator$1::visitNonMoveInsn (6 bytes)
Event: 5.866 Thread 0x00000000173f6800 nmethod 1367 0x0000000003641d10 code [0x0000000003641e60, 0x0000000003641ee8]
Event: 5.866 Thread 0x00000000173f6800 1427       4       com.android.dx.rop.code.LocalItem::equals (29 bytes)
Event: 5.869 Thread 0x00000000173f6800 nmethod 1427 0x000000000363d910 code [0x000000000363da60, 0x000000000363dd78]
Event: 5.869 Thread 0x00000000173f6800 1364       4       com.android.dx.util.ByteArray::<init> (81 bytes)
Event: 5.870 Thread 0x00000000173f6800 nmethod 1364 0x0000000003640950 code [0x0000000003640aa0, 0x0000000003640b98]
Event: 5.870 Thread 0x00000000173f6800 1465       4       com.android.dx.rop.type.Type::isIntlike (56 bytes)
Event: 5.870 Thread 0x00000000173f6800 nmethod 1465 0x0000000003525250 code [0x0000000003525380, 0x00000000035253f8]
Event: 5.902 Thread 0x00000000173f6800 1493       4       com.android.dx.rop.code.LocalVariableExtractor::processBlock (327 bytes)

GC Heap History (2 events):
Event: 5.120 GC heap before
{Heap before GC invocations=1 (full 0):
 PSYoungGen      total 36864K, used 31744K [0x00000000eab00000, 0x00000000ed400000, 0x0000000100000000)
  eden space 31744K, 100% used [0x00000000eab00000,0x00000000eca00000,0x00000000eca00000)
  from space 5120K, 0% used [0x00000000ecf00000,0x00000000ecf00000,0x00000000ed400000)
  to   space 5120K, 0% used [0x00000000eca00000,0x00000000eca00000,0x00000000ecf00000)
 ParOldGen       total 84992K, used 0K [0x00000000c0000000, 0x00000000c5300000, 0x00000000eab00000)
  object space 84992K, 0% used [0x00000000c0000000,0x00000000c0000000,0x00000000c5300000)
 Metaspace       used 6085K, capacity 6966K, committed 7040K, reserved 1056768K
  class space    used 607K, capacity 622K, committed 640K, reserved 1048576K
Event: 5.131 GC heap after
Heap after GC invocations=1 (full 0):
 PSYoungGen      total 36864K, used 5116K [0x00000000eab00000, 0x00000000ed400000, 0x0000000100000000)
  eden space 31744K, 0% used [0x00000000eab00000,0x00000000eab00000,0x00000000eca00000)
  from space 5120K, 99% used [0x00000000eca00000,0x00000000eceff2a0,0x00000000ecf00000)
  to   space 5120K, 0% used [0x00000000ecf00000,0x00000000ecf00000,0x00000000ed400000)
 ParOldGen       total 84992K, used 1268K [0x00000000c0000000, 0x00000000c5300000, 0x00000000eab00000)
  object space 84992K, 1% used [0x00000000c0000000,0x00000000c013d380,0x00000000c5300000)
 Metaspace       used 6085K, capacity 6966K, committed 7040K, reserved 1056768K
  class space    used 607K, capacity 622K, committed 640K, reserved 1048576K
}

Deoptimization events (4 events):
Event: 2.068 Thread 0x0000000002e52800 Uncommon trap: reason=unstable_if action=reinterpret pc=0x000000000316aa54 method=java.lang.String.compareTo(Ljava/lang/String;)I @ 38
Event: 3.992 Thread 0x000000001762d800 Uncommon trap: reason=unstable_if action=reinterpret pc=0x0000000003260fa0 method=java.util.HashMap.getNode(ILjava/lang/Object;)Ljava/util/HashMap$Node; @ 129
Event: 5.093 Thread 0x000000001762d800 Uncommon trap: reason=unstable_if action=reinterpret pc=0x000000000338f360 method=com.android.dx.rop.code.RegisterSpec.equals(ILcom/android/dx/rop/type/TypeBearer;Lcom/android/dx/rop/code/LocalItem;)Z @ 42
Event: 5.739 Thread 0x0000000002e52800 Uncommon trap: reason=uninitialized action=reinterpret pc=0x0000000003591ff8 method=com.android.dx.cf.code.BytecodeArray.parseInstruction(ILcom/android/dx/cf/code/BytecodeArray$Visitor;)I @ 999

Internal exceptions (2 events):
Event: 0.637 Thread 0x0000000002e52800 Exception <a 'java/lang/NoSuchMethodError': Method sun.misc.Unsafe.defineClass(Ljava/lang/String;[BII)Ljava/lang/Class; name or signature does not match> (0x00000000eab07cc0) thrown at [D:\re\workspace\8-2-build-windows-amd64-cygwin\jdk8u92\6642\hotspot\sr•—Ý$bä?
Event: 0.637 Thread 0x0000000002e52800 Exception <a 'java/lang/NoSuchMethodError': Method sun.misc.Unsafe.prefetchRead(Ljava/lang/Object;J)V name or signature does not match> (0x00000000eab07fa8) thrown at [D:\re\workspace\8-2-build-windows-amd64-cygwin\jdk8u92\6642\hotspot\src\share\vm\prims\j

Events (10 events):
Event: 5.093 Thread 0x000000001762d800 Uncommon trap: trap_request=0xffffff65 fr.pc=0x000000000338f360
Event: 5.093 Thread 0x000000001762d800 DEOPT PACKING pc=0x000000000338f360 sp=0x0000000017c9ebc0
Event: 5.093 Thread 0x000000001762d800 DEOPT UNPACKING pc=0x000000000306582a sp=0x0000000017c9eb48 mode 2
Event: 5.116 Executing VM operation: ParallelGCFailedAllocation
Event: 5.131 Executing VM operation: ParallelGCFailedAllocation done
Event: 5.664 loading class com/android/dx/cf/attrib/AttExceptions
Event: 5.664 loading class com/android/dx/cf/attrib/AttExceptions done
Event: 5.739 Thread 0x0000000002e52800 Uncommon trap: trap_request=0xffffffb5 fr.pc=0x0000000003591ff8
Event: 5.739 Thread 0x0000000002e52800 DEOPT PACKING pc=0x0000000003591ff8 sp=0x0000000002a8e260
Event: 5.739 Thread 0x0000000002e52800 DEOPT UNPACKING pc=0x000000000306582a sp=0x0000000002a8e1d0 mode 2


Dynamic libraries:
0x00007ff67afa0000 - 0x00007ff67afd7000 	D:\Program Files\Java\jdk1.8.0_92\bin\java.exe
0x00007ff9f2e10000 - 0x00007ff9f2fd1000 	C:\WINDOWS\SYSTEM32\ntdll.dll
0x00007ff9f0380000 - 0x00007ff9f042d000 	C:\WINDOWS\system32\KERNEL32.DLL
0x00007ff9efad0000 - 0x00007ff9efcb8000 	C:\WINDOWS\system32\KERNELBASE.dll
0x00007ff9f01c0000 - 0x00007ff9f0267000 	C:\WINDOWS\system32\ADVAPI32.dll
0x00007ff9f0430000 - 0x00007ff9f04cd000 	C:\WINDOWS\system32\msvcrt.dll
0x00007ff9f0660000 - 0x00007ff9f06bb000 	C:\WINDOWS\system32\sechost.dll
0x00007ff9f06f0000 - 0x00007ff9f080c000 	C:\WINDOWS\system32\RPCRT4.dll
0x00007ff9f15e0000 - 0x00007ff9f1736000 	C:\WINDOWS\system32\USER32.dll
0x00007ff9f04d0000 - 0x00007ff9f0656000 	C:\WINDOWS\system32\GDI32.dll
0x00007ff9ee1d0000 - 0x00007ff9ee444000 	C:\WINDOWS\WinSxS\amd64_microsoft.windows.common-controls_6595b64144ccf1df_6.0.10586.494_none_a2d8b04ea53e3145\COMCTL32.dll
0x00007ff9f0ae0000 - 0x00007ff9f0d5d000 	C:\WINDOWS\system32\combase.dll
0x00007ff9ef270000 - 0x00007ff9ef2da000 	C:\WINDOWS\system32\bcryptPrimitives.dll
0x00007ff9f0990000 - 0x00007ff9f09cb000 	C:\WINDOWS\system32\IMM32.DLL
0x00007ff9ef0f0000 - 0x00007ff9ef121000 	C:\windows\system32\nvinitx.dll
0x00007ff9ef0e0000 - 0x00007ff9ef0ea000 	C:\WINDOWS\SYSTEM32\VERSION.dll
0x000000006a310000 - 0x000000006a316000 	C:\Program Files\NVIDIA Corporation\CoProcManager\_etoured.dll
0x00007ff9ecc70000 - 0x00007ff9ecca2000 	C:\Program Files\NVIDIA Corporation\CoProcManager\nvd3d9wrapx.dll
0x00007ff9f0d70000 - 0x00007ff9f1199000 	C:\WINDOWS\system32\SETUPAPI.dll
0x00007ff9f0000000 - 0x00007ff9f0043000 	C:\WINDOWS\system32\CFGMGR32.dll
0x00007ff9ecc40000 - 0x00007ff9ecc62000 	C:\Program Files\NVIDIA Corporation\CoProcManager\nvdxgiwrapx.dll
0x0000000067440000 - 0x0000000067512000 	D:\Program Files\Java\jdk1.8.0_92\jre\bin\msvcr100.dll
0x00000000675e0000 - 0x0000000067e76000 	D:\Program Files\Java\jdk1.8.0_92\jre\bin\server\jvm.dll
0x00007ff9ef430000 - 0x00007ff9ef453000 	C:\WINDOWS\system32\WINMM.dll
0x00007ff9ef200000 - 0x00007ff9ef22c000 	C:\WINDOWS\system32\WINMMBASE.dll
0x00007ff9f0d60000 - 0x00007ff9f0d68000 	C:\WINDOWS\system32\PSAPI.DLL
0x00007ff9e34d0000 - 0x00007ff9e34d9000 	C:\WINDOWS\SYSTEM32\WSOCK32.dll
0x00007ff9f2da0000 - 0x00007ff9f2e0b000 	C:\WINDOWS\system32\WS2_32.dll
0x0000000068bd0000 - 0x0000000068bdf000 	D:\Program Files\Java\jdk1.8.0_92\jre\bin\verify.dll
0x0000000068ba0000 - 0x0000000068bc9000 	D:\Program Files\Java\jdk1.8.0_92\jre\bin\java.dll
0x0000000068b80000 - 0x0000000068b96000 	D:\Program Files\Java\jdk1.8.0_92\jre\bin\zip.dll
0x00007ff9f17a0000 - 0x00007ff9f2cfc000 	C:\WINDOWS\system32\SHELL32.dll
0x0000000016a50000 - 0x0000000017095000 	C:\WINDOWS\system32\windows.storage.dll
0x00007ff9f1740000 - 0x00007ff9f1792000 	C:\WINDOWS\system32\shlwapi.dll
0x00007ff9ef230000 - 0x00007ff9ef23f000 	C:\WINDOWS\system32\kernel.appcore.dll
0x00007ff9ef370000 - 0x00007ff9ef425000 	C:\WINDOWS\system32\shcore.dll
0x00007ff9efe90000 - 0x00007ff9efedb000 	C:\WINDOWS\system32\powrprof.dll
0x00007ff9ef250000 - 0x00007ff9ef264000 	C:\WINDOWS\system32\profapi.dll

VM Arguments:
jvm_args: -Djava.awt.headless=true -Xmx1024M -Dfile.encoding=GBK -Duser.country=CN -Duser.language=zh -Duser.variant 
java_command: com.android.dx.command.Main --dex --force-jumbo --num-threads=4 --multi-dex --output D:\AndroidStudioProjects\Study\StudyUI\app\build\intermediates\transforms\dex\debug\folders\1000\10\com.android.support-appcompat-v7-23.4.0_123b27c613494b6ffdfce35beda6073ec1f55961 D:\AndroidStudioProjects\Study\StudyUI\app\build\intermediates\exploded-aar\com.android.support\appcompat-v7\23.4.0\jars\classes.jar
java_class_path (initial): D:\AppData\Local\Android\sdk\build-tools\24.0.0\lib\dx.jar
Launcher Type: SUN_STANDARD

Environment Variables:
JAVA_HOME=D:\Program Files\Java\jdk1.8.0_92
CLASSPATH=.;D:\Program Files\Java\jdk1.8.0_92\lib\dt.jar;D:\Program Files\Java\jdk1.8.0_92\lib\tools.jar;
PATH=C:\ProgramData\Oracle\Java\javapath;C:\WINDOWS\system32;C:\WINDOWS;C:\WINDOWS\System32\Wbem;C:\WINDOWS\System32\WindowsPowerShell\v1.0\;C:\Program Files\Intel\WiFi\bin\;C:\Program Files\Common Files\Intel\WirelessCommon\;C:\Program Files\ThinkPad\Bluetooth Software\;C:\Program Files\ThinkPad\Bluetooth Software\syswow64;C:\WINDOWS\system32\config\systemprofile\.dnx\bin;C:\Program Files\Microsoft DNX\Dnvm\;C:\Program Files (x86)\Windows Kits\8.1\Windows Performance Toolkit\;C:\Program Files\Microsoft SQL Server\130\Tools\Binn\;D:\Program Files\TortoiseGit\bin;d:\Program Files\Git\cmd;d:\Program Files\IDM Computer Solutions\UltraEdit;C:\Program Files\IDM Computer Solutions\UltraCompare;%JAVA_HOME;C:\Program Files\Intel\WiFi\bin\;C:\Program Files\Common Files\Intel\WirelessCommon\
USERNAME=leebisheng
OS=Windows_NT
PROCESSOR_IDENTIFIER=Intel64 Family 6 Model 58 Stepping 9, GenuineIntel



---------------  S Y S T E M  ---------------

OS: Windows 10.0 , 64 bit Build 10586 (10.0.10586.0)

CPU:total 4 (2 cores per cpu, 2 threads per core) family 6 model 58 stepping 9, cmov, cx8, fxsr, mmx, sse, sse2, sse3, ssse3, sse4.1, sse4.2, popcnt, avx, aes, clmul, erms, ht, tsc, tscinvbit, tscinv

Memory: 4k page, physical 8074724k(153076k free), swap 12269028k(5136k free)

vm_info: Java HotSpot(TM) 64-Bit Server VM (25.92-b14) for windows-amd64 JRE (1.8.0_92-b14), built on Mar 31 2016 21:03:04 by "java_re" with MS VC++ 10.0 (VS2010)

time: Wed Jul 27 00:43:46 2016
elapsed time: 5 seconds (0d 0h 0m 5s)

