#
# There is insufficient memory for the Java Runtime Environment to continue.
# Native memory allocation (malloc) failed to allocate 1048576 bytes for AllocateHeap
# Possible reasons:
#   The system is out of physical RAM or swap space
#   In 32 bit mode, the process size limit was hit
# Possible solutions:
#   Reduce memory load on the system
#   Increase physical memory or swap space
#   Check if swap backing store is full
#   Use 64 bit Java on a 64 bit OS
#   Decrease Java heap size (-Xmx/-Xms)
#   Decrease number of Java threads
#   Decrease Java thread stack sizes (-Xss)
#   Set larger code cache with -XX:ReservedCodeCacheSize=
# This output file may be truncated or incomplete.
#
#  Out of Memory Error (memory/allocation.inline.hpp:61), pid=21192, tid=0x0000000000008f90
#
# JRE version:  (8.0_92-b14) (build )
# Java VM: Java HotSpot(TM) 64-Bit Server VM (25.92-b14 mixed mode windows-amd64 compressed oops)
# Failed to write core dump. Minidumps are not enabled by default on client versions of Windows
#

---------------  T H R E A D  ---------------

Current thread (0x0000000002542800):  JavaThread "Unknown thread" [_thread_in_vm, id=36752, stack(0x0000000002440000,0x0000000002540000)]

Stack: [0x0000000002440000,0x0000000002540000]
[error occurred during error reporting (printing stack bounds), id 0xc0000005]

Native frames: (J=compiled Java code, j=interpreted, Vv=VM code, C=native code)


---------------  P R O C E S S  ---------------

Java Threads: ( => current thread )

Other Threads:

=>0x0000000002542800 (exited) JavaThread "Unknown thread" [_thread_in_vm, id=36752, stack(0x0000000002440000,0x0000000002540000)]

VM state:not at safepoint (normal execution)

VM Mutex/Monitor currently owned by a thread: None

Heap:
 PSYoungGen      total 36864K, used 634K [0x00000000eab00000, 0x00000000ed400000, 0x0000000100000000)
  eden space 31744K, 2% used [0x00000000eab00000,0x00000000eab9eb90,0x00000000eca00000)
  from space 5120K, 0% used [0x00000000ecf00000,0x00000000ecf00000,0x00000000ed400000)
  to   space 5120K, 0% used [0x00000000eca00000,0x00000000eca00000,0x00000000ecf00000)
 ParOldGen       total 84992K, used 0K [0x00000000c0000000, 0x00000000c5300000, 0x00000000eab00000)
  object space 84992K, 0% used [0x00000000c0000000,0x00000000c0000000,0x00000000c5300000)
 Metaspace       used 769K, capacity 4480K, committed 4480K, reserved 1056768K
  class space    used 75K, capacity 384K, committed 384K, reserved 1048576K

Card table byte_map: [0x0000000011a00000,0x0000000011c10000] byte_map_base: 0x0000000011400000

Marking Bits: (ParMarkBitMap*) 0x00000000604964f0
 Begin Bits: [0x0000000012170000, 0x0000000013170000)
 End Bits:   [0x0000000013170000, 0x0000000014170000)

Polling page: 0x0000000000730000

CodeCache: size=245760Kb used=328Kb max_used=328Kb free=245431Kb
 bounds [0x0000000002640000, 0x00000000028b0000, 0x0000000011640000]
 total_blobs=58 nmethods=0 adapters=38
 compilation: enabled

Compilation events (0 events):
No events

GC Heap History (0 events):
No events

Deoptimization events (0 events):
No events

Internal exceptions (0 events):
No events

Events (10 events):
Event: 0.039 loading class java/lang/Short
Event: 0.039 loading class java/lang/Short done
Event: 0.039 loading class java/lang/Integer
Event: 0.039 loading class java/lang/Integer done
Event: 0.039 loading class java/lang/Long
Event: 0.040 loading class java/lang/Long done
Event: 0.041 loading class java/lang/NullPointerException
Event: 0.042 loading class java/lang/NullPointerException done
Event: 0.042 loading class java/lang/ArithmeticException
Event: 0.043 loading class java/lang/ArithmeticException done


Dynamic libraries:
0x00007ff7f7350000 - 0x00007ff7f7387000 	D:\Program Files\Java\jdk1.8.0_92\bin\java.exe
0x00007ffa85b80000 - 0x00007ffa85d41000 	C:\WINDOWS\SYSTEM32\ntdll.dll
0x00007ffa84f90000 - 0x00007ffa8503d000 	C:\WINDOWS\system32\KERNEL32.DLL
0x00007ffa82640000 - 0x00007ffa82828000 	C:\WINDOWS\system32\KERNELBASE.dll
0x00007ffa82e90000 - 0x00007ffa82f37000 	C:\WINDOWS\system32\ADVAPI32.dll
0x00007ffa83800000 - 0x00007ffa8389d000 	C:\WINDOWS\system32\msvcrt.dll
0x00007ffa83550000 - 0x00007ffa835ab000 	C:\WINDOWS\system32\sechost.dll
0x00007ffa83370000 - 0x00007ffa8348c000 	C:\WINDOWS\system32\RPCRT4.dll
0x00007ffa85050000 - 0x00007ffa851a6000 	C:\WINDOWS\system32\USER32.dll
0x00007ffa831b0000 - 0x00007ffa83336000 	C:\WINDOWS\system32\GDI32.dll
0x00007ffa80f40000 - 0x00007ffa811b4000 	C:\WINDOWS\WinSxS\amd64_microsoft.windows.common-controls_6595b64144ccf1df_6.0.10586.494_none_a2d8b04ea53e3145\COMCTL32.dll
0x00007ffa852b0000 - 0x00007ffa8552d000 	C:\WINDOWS\system32\combase.dll
0x00007ffa82880000 - 0x00007ffa828ea000 	C:\WINDOWS\system32\bcryptPrimitives.dll
0x00007ffa839e0000 - 0x00007ffa83a1b000 	C:\WINDOWS\system32\IMM32.DLL
0x00007ffa81e60000 - 0x00007ffa81e91000 	C:\windows\system32\nvinitx.dll
0x00007ffa81e50000 - 0x00007ffa81e5a000 	C:\WINDOWS\SYSTEM32\VERSION.dll
0x0000000062480000 - 0x0000000062486000 	C:\Program Files\NVIDIA Corporation\CoProcManager\_etoured.dll
0x00007ffa7f9e0000 - 0x00007ffa7fa12000 	C:\Program Files\NVIDIA Corporation\CoProcManager\nvd3d9wrapx.dll
0x00007ffa85750000 - 0x00007ffa85b79000 	C:\WINDOWS\system32\SETUPAPI.dll
0x00007ffa828f0000 - 0x00007ffa82933000 	C:\WINDOWS\system32\CFGMGR32.dll
0x00007ffa7f9b0000 - 0x00007ffa7f9d2000 	C:\Program Files\NVIDIA Corporation\CoProcManager\nvdxgiwrapx.dll
0x000000005fba0000 - 0x000000005fc72000 	D:\Program Files\Java\jdk1.8.0_92\jre\bin\msvcr100.dll
0x000000005fc80000 - 0x0000000060516000 	D:\Program Files\Java\jdk1.8.0_92\jre\bin\server\jvm.dll
0x00007ffa82940000 - 0x00007ffa82963000 	C:\WINDOWS\system32\WINMM.dll
0x00007ffa81f70000 - 0x00007ffa81f9c000 	C:\WINDOWS\system32\WINMMBASE.dll
0x00007ffa83a20000 - 0x00007ffa83a28000 	C:\WINDOWS\system32\PSAPI.DLL
0x00007ffa762d0000 - 0x00007ffa762d9000 	C:\WINDOWS\SYSTEM32\WSOCK32.dll
0x00007ffa838a0000 - 0x00007ffa8390b000 	C:\WINDOWS\system32\WS2_32.dll
0x0000000061170000 - 0x000000006117f000 	D:\Program Files\Java\jdk1.8.0_92\jre\bin\verify.dll
0x0000000061140000 - 0x0000000061169000 	D:\Program Files\Java\jdk1.8.0_92\jre\bin\java.dll
0x0000000061120000 - 0x0000000061136000 	D:\Program Files\Java\jdk1.8.0_92\jre\bin\zip.dll

VM Arguments:
jvm_args: -Djava.awt.headless=true -Xmx1024M -Dfile.encoding=GBK -Duser.country=CN -Duser.language=zh -Duser.variant 
java_command: com.android.dx.command.Main --dex --force-jumbo --num-threads=4 --multi-dex --output D:\AndroidStudioProjects\Study\StudyUI\app\build\intermediates\transforms\dex\debug\folders\1000\10\com.android.support-appcompat-v7-23.4.0_123b27c613494b6ffdfce35beda6073ec1f55961 D:\AndroidStudioProjects\Study\StudyUI\app\build\intermediates\exploded-aar\com.android.support\appcompat-v7\23.4.0\jars\classes.jar
java_class_path (initial): D:\AppData\Local\Android\sdk\build-tools\24.0.0\lib\dx.jar
Launcher Type: SUN_STANDARD

Environment Variables:
JAVA_HOME=D:\Program Files\Java\jdk1.8.0_92
CLASSPATH=.;D:\Program Files\Java\jdk1.8.0_92\lib\dt.jar;D:\Program Files\Java\jdk1.8.0_92\lib\tools.jar;
PATH=C:\ProgramData\Oracle\Java\javapath;C:\WINDOWS\system32;C:\WINDOWS;C:\WINDOWS\System32\Wbem;C:\WINDOWS\System32\WindowsPowerShell\v1.0\;C:\Program Files\Intel\WiFi\bin\;C:\Program Files\Common Files\Intel\WirelessCommon\;C:\Program Files\ThinkPad\Bluetooth Software\;C:\Program Files\ThinkPad\Bluetooth Software\syswow64;C:\WINDOWS\system32\config\systemprofile\.dnx\bin;C:\Program Files\Microsoft DNX\Dnvm\;C:\Program Files (x86)\Windows Kits\8.1\Windows Performance Toolkit\;C:\Program Files\Microsoft SQL Server\130\Tools\Binn\;D:\Program Files\TortoiseGit\bin;d:\Program Files\Git\cmd;d:\Program Files\IDM Computer Solutions\UltraEdit;C:\Program Files\IDM Computer Solutions\UltraCompare;%JAVA_HOME;C:\Program Files\Intel\WiFi\bin\;C:\Program Files\Common Files\Intel\WirelessCommon\
USERNAME=leebisheng
OS=Windows_NT
PROCESSOR_IDENTIFIER=Intel64 Family 6 Model 58 Stepping 9, GenuineIntel



---------------  S Y S T E M  ---------------

OS: Windows 10.0 , 64 bit Build 10586 (10.0.10586.0)

CPU:total 4 (2 cores per cpu, 2 threads per core) family 6 model 58 stepping 9, cmov, cx8, fxsr, mmx, sse, sse2, sse3, ssse3, sse4.1, sse4.2, popcnt, avx, aes, clmul, erms, ht, tsc, tscinvbit, tscinv

Memory: 4k page, physical 8074724k(285108k free), swap 12269028k(5532k free)

vm_info: Java HotSpot(TM) 64-Bit Server VM (25.92-b14) for windows-amd64 JRE (1.8.0_92-b14), built on Mar 31 2016 21:03:04 by "java_re" with MS VC++ 10.0 (VS2010)

time: Sun Jul 24 03:25:28 2016
elapsed time: 0 seconds (0d 0h 0m 0s)

