#
# There is insufficient memory for the Java Runtime Environment to continue.
# Native memory allocation (malloc) failed to allocate 486352 bytes for Chunk::new
# Possible reasons:
#   The system is out of physical RAM or swap space
#   In 32 bit mode, the process size limit was hit
# Possible solutions:
#   Reduce memory load on the system
#   Increase physical memory or swap space
#   Check if swap backing store is full
#   Use 64 bit Java on a 64 bit OS
#   Decrease Java heap size (-Xmx/-Xms)
#   Decrease number of Java threads
#   Decrease Java thread stack sizes (-Xss)
#   Set larger code cache with -XX:ReservedCodeCacheSize=
# This output file may be truncated or incomplete.
#
#  Out of Memory Error (allocation.cpp:390), pid=29428, tid=0x00000000000073f0
#
# JRE version: Java(TM) SE Runtime Environment (8.0_92-b14) (build 1.8.0_92-b14)
# Java VM: Java HotSpot(TM) 64-Bit Server VM (25.92-b14 mixed mode windows-amd64 compressed oops)
# Failed to write core dump. Minidumps are not enabled by default on client versions of Windows
#

---------------  T H R E A D  ---------------

Current thread (0x00000000155db000):  JavaThread "C2 CompilerThread0" daemon [_thread_in_native, id=29680, stack(0x0000000017120000,0x0000000017220000)]

Stack: [0x0000000017120000,0x0000000017220000]
[error occurred during error reporting (printing stack bounds), id 0xc0000005]

Native frames: (J=compiled Java code, j=interpreted, Vv=VM code, C=native code)


Current CompileTask:
C2:   6298 1285   !   4       com.android.dx.cf.code.BytecodeArray::parseInstruction (2764 bytes)


---------------  P R O C E S S  ---------------

Java Threads: ( => current thread )
  0x0000000017485000 JavaThread "pool-1-thread-1" [_thread_new, id=22124, stack(0x0000000000000000,0x0000000000000000)]
  0x000000001727c000 JavaThread "Service Thread" daemon [_thread_blocked, id=29364, stack(0x0000000017820000,0x0000000017920000)]
  0x0000000017277800 JavaThread "C1 CompilerThread2" daemon [_thread_blocked, id=29128, stack(0x0000000017720000,0x0000000017820000)]
  0x00000000155dd000 JavaThread "C2 CompilerThread1" daemon [_thread_in_native, id=29008, stack(0x0000000017620000,0x0000000017720000)]
=>0x00000000155db000 JavaThread "C2 CompilerThread0" daemon [_thread_in_native, id=29680, stack(0x0000000017120000,0x0000000017220000)]
  0x00000000155d9800 JavaThread "Attach Listener" daemon [_thread_blocked, id=29356, stack(0x0000000017020000,0x0000000017120000)]
  0x00000000155d8800 JavaThread "Signal Dispatcher" daemon [_thread_blocked, id=29020, stack(0x0000000016f20000,0x0000000017020000)]
  0x000000001556a800 JavaThread "Finalizer" daemon [_thread_blocked, id=29344, stack(0x00000000167d0000,0x00000000168d0000)]
  0x0000000002e9f800 JavaThread "Reference Handler" daemon [_thread_blocked, id=29348, stack(0x00000000166d0000,0x00000000167d0000)]
  0x0000000002db2800 JavaThread "main" [_thread_blocked, id=28964, stack(0x0000000002bb0000,0x0000000002cb0000)]

Other Threads:
  0x0000000015548000 VMThread [stack: 0x00000000165d0000,0x00000000166d0000] [id=29184]
  0x0000000017281000 WatcherThread [stack: 0x0000000017920000,0x0000000017a20000] [id=29400]

VM state:not at safepoint (normal execution)

VM Mutex/Monitor currently owned by a thread: None

Heap:
 PSYoungGen      total 36864K, used 12564K [0x00000000eab00000, 0x00000000ef300000, 0x0000000100000000)
  eden space 31744K, 23% used [0x00000000eab00000,0x00000000eb24c6f0,0x00000000eca00000)
  from space 5120K, 99% used [0x00000000eca00000,0x00000000ecef8ae8,0x00000000ecf00000)
  to   space 5120K, 0% used [0x00000000eee00000,0x00000000eee00000,0x00000000ef300000)
 ParOldGen       total 84992K, used 1637K [0x00000000c0000000, 0x00000000c5300000, 0x00000000eab00000)
  object space 84992K, 1% used [0x00000000c0000000,0x00000000c01995e8,0x00000000c5300000)
 Metaspace       used 6101K, capacity 6968K, committed 7040K, reserved 1056768K
  class space    used 609K, capacity 624K, committed 640K, reserved 1048576K

Card table byte_map: [0x0000000012270000,0x0000000012480000] byte_map_base: 0x0000000011c70000

Marking Bits: (ParMarkBitMap*) 0x0000000067df64f0
 Begin Bits: [0x00000000129e0000, 0x00000000139e0000)
 End Bits:   [0x00000000139e0000, 0x00000000149e0000)

Polling page: 0x0000000001020000

CodeCache: size=245760Kb used=5414Kb max_used=5417Kb free=240345Kb
 bounds [0x0000000002eb0000, 0x0000000003400000, 0x0000000011eb0000]
 total_blobs=1545 nmethods=1272 adapters=184
 compilation: enabled

Compilation events (10 events):
Event: 6.140 Thread 0x0000000017277800 1286       3       com.android.dx.rop.type.Prototype::compareTo (120 bytes)
Event: 6.141 Thread 0x0000000017277800 nmethod 1286 0x00000000033f1d50 code [0x00000000033f1f60, 0x00000000033f2df8]
Event: 6.141 Thread 0x0000000017277800 1287       1       java.util.concurrent.locks.AbstractOwnableSynchronizer::getExclusiveOwnerThread (5 bytes)
Event: 6.141 Thread 0x0000000017277800 nmethod 1287 0x00000000033d6e10 code [0x00000000033d6f60, 0x00000000033d7070]
Event: 6.141 Thread 0x0000000017277800 1288       3       java.util.concurrent.locks.AbstractOwnableSynchronizer::setExclusiveOwnerThread (6 bytes)
Event: 6.142 Thread 0x0000000017277800 nmethod 1288 0x00000000033e58d0 code [0x00000000033e5a20, 0x00000000033e5b90]
Event: 6.195 Thread 0x00000000155db000 nmethod 1279 0x00000000033fbe10 code [0x00000000033fc0e0, 0x00000000033fd8e8]
Event: 6.195 Thread 0x00000000155db000 1283       4       com.android.dx.util.IntList::binarysearch (124 bytes)
Event: 6.198 Thread 0x00000000155db000 nmethod 1283 0x00000000033ed350 code [0x00000000033ed4a0, 0x00000000033ed638]
Event: 6.198 Thread 0x00000000155db000 1285   !   4       com.android.dx.cf.code.BytecodeArray::parseInstruction (2764 bytes)

GC Heap History (2 events):
Event: 5.389 GC heap before
{Heap before GC invocations=1 (full 0):
 PSYoungGen      total 36864K, used 31744K [0x00000000eab00000, 0x00000000ed400000, 0x0000000100000000)
  eden space 31744K, 100% used [0x00000000eab00000,0x00000000eca00000,0x00000000eca00000)
  from space 5120K, 0% used [0x00000000ecf00000,0x00000000ecf00000,0x00000000ed400000)
  to   space 5120K, 0% used [0x00000000eca00000,0x00000000eca00000,0x00000000ecf00000)
 ParOldGen       total 84992K, used 0K [0x00000000c0000000, 0x00000000c5300000, 0x00000000eab00000)
  object space 84992K, 0% used [0x00000000c0000000,0x00000000c0000000,0x00000000c5300000)
 Metaspace       used 6038K, capacity 6966K, committed 7040K, reserved 1056768K
  class space    used 607K, capacity 622K, committed 640K, reserved 1048576K
Event: 5.556 GC heap after
Heap after GC invocations=1 (full 0):
 PSYoungGen      total 36864K, used 5090K [0x00000000eab00000, 0x00000000ef300000, 0x0000000100000000)
  eden space 31744K, 0% used [0x00000000eab00000,0x00000000eab00000,0x00000000eca00000)
  from space 5120K, 99% used [0x00000000eca00000,0x00000000ecef8ae8,0x00000000ecf00000)
  to   space 5120K, 0% used [0x00000000eee00000,0x00000000eee00000,0x00000000ef300000)
 ParOldGen       total 84992K, used 1637K [0x00000000c0000000, 0x00000000c5300000, 0x00000000eab00000)
  object space 84992K, 1% used [0x00000000c0000000,0x00000000c01995e8,0x00000000c5300000)
 Metaspace       used 6038K, capacity 6966K, committed 7040K, reserved 1056768K
  class space    used 607K, capacity 622K, committed 640K, reserved 1048576K
}

Deoptimization events (10 events):
Event: 5.250 Thread 0x00000000173c8000 Uncommon trap: reason=bimorphic action=maybe_recompile pc=0x00000000031e6458 method=java.util.HashMap.getNode(ILjava/lang/Object;)Ljava/util/HashMap$Node; @ 126
Event: 5.250 Thread 0x00000000173c8000 Uncommon trap: reason=unstable_if action=reinterpret pc=0x0000000003335ae4 method=java.util.HashMap.putVal(ILjava/lang/Object;Ljava/lang/Object;ZZ)Ljava/lang/Object; @ 193
Event: 5.270 Thread 0x0000000017485000 Uncommon trap: reason=unstable_if action=reinterpret pc=0x0000000003144950 method=com.android.dx.rop.code.RegisterSpec.equals(ILcom/android/dx/rop/type/TypeBearer;Lcom/android/dx/rop/code/LocalItem;)Z @ 42
Event: 5.293 Thread 0x0000000017485000 Uncommon trap: reason=bimorphic action=maybe_recompile pc=0x0000000003367164 method=com.android.dx.cf.code.BytecodeArray.parseInstruction(ILcom/android/dx/cf/code/BytecodeArray$Visitor;)I @ 1035
Event: 5.293 Thread 0x0000000017485000 Uncommon trap: reason=bimorphic action=maybe_recompile pc=0x00000000033670e4 method=com.android.dx.cf.code.BytecodeArray.parseInstruction(ILcom/android/dx/cf/code/BytecodeArray$Visitor;)I @ 1051
Event: 5.293 Thread 0x0000000017485000 Uncommon trap: reason=bimorphic action=maybe_recompile pc=0x00000000033670e4 method=com.android.dx.cf.code.BytecodeArray.parseInstruction(ILcom/android/dx/cf/code/BytecodeArray$Visitor;)I @ 1051
Event: 5.293 Thread 0x0000000017485000 Uncommon trap: reason=bimorphic action=maybe_recompile pc=0x0000000003367164 method=com.android.dx.cf.code.BytecodeArray.parseInstruction(ILcom/android/dx/cf/code/BytecodeArray$Visitor;)I @ 1035
Event: 5.599 Thread 0x00000000173c8000 Uncommon trap: reason=unstable_if action=reinterpret pc=0x00000000031d6dac method=com.android.dx.rop.code.RegisterSpecSet.put(Lcom/android/dx/rop/code/RegisterSpec;)V @ 77
Event: 5.599 Thread 0x00000000173c8000 Uncommon trap: reason=unstable_if action=reinterpret pc=0x00000000032029ec method=com.android.dx.rop.code.RegisterSpecSet.put(Lcom/android/dx/rop/code/RegisterSpec;)V @ 77
Event: 5.687 Thread 0x0000000017485800 Uncommon trap: reason=bimorphic action=maybe_recompile pc=0x00000000031e6458 method=java.util.HashMap.getNode(ILjava/lang/Object;)Ljava/util/HashMap$Node; @ 126

Internal exceptions (3 events):
Event: 0.896 Thread 0x0000000002db2800 Exception <a 'java/lang/NoSuchMethodError': Method sun.misc.Unsafe.defineClass(Ljava/lang/String;[BII)Ljava/lang/Class; name or signature does not match> (0x00000000eab07cc0) thrown at [D:\re\workspace\8-2-build-windows-amd64-cygwin\jdk8u92\6642\hotspot\sr‹à7¬­ì?
Event: 0.896 Thread 0x0000000002db2800 Exception <a 'java/lang/NoSuchMethodError': Method sun.misc.Unsafe.prefetchRead(Ljava/lang/Object;J)V name or signature does not match> (0x00000000eab07fa8) thrown at [D:\re\workspace\8-2-build-windows-amd64-cygwin\jdk8u92\6642\hotspot\src\share\vm\prims\jÝáöZÜ@
Event: 4.965 Thread 0x0000000017485000 Implicit null exception at 0x000000000314b822 to 0x000000000314b912

Events (10 events):
Event: 5.718 Thread 0x00000000173c4800 Thread exited: 0x00000000173c4800
Event: 5.718 Thread 0x00000000173c8000 Thread exited: 0x00000000173c8000
Event: 5.718 Thread 0x0000000017485000 Thread exited: 0x0000000017485000
Event: 6.064 Executing VM operation: EnableBiasedLocking
Event: 6.073 Executing VM operation: EnableBiasedLocking done
Event: 6.142 Thread 0x00000000173c7000 Thread exited: 0x00000000173c7000
Event: 6.142 loading class com/android/dx/command/dexer/Main$DexWriter
Event: 6.142 loading class com/android/dx/command/dexer/Main$DexWriter done
Event: 6.143 Thread 0x0000000017485000 Thread added: 0x0000000017485000
Event: 6.143 Thread 0x0000000017485800 Thread exited: 0x0000000017485800


Dynamic libraries:
0x00007ff67afa0000 - 0x00007ff67afd7000 	D:\Program Files\Java\jdk1.8.0_92\bin\java.exe
0x00007ff9f2e10000 - 0x00007ff9f2fd1000 	C:\WINDOWS\SYSTEM32\ntdll.dll
0x00007ff9f0380000 - 0x00007ff9f042d000 	C:\WINDOWS\system32\KERNEL32.DLL
0x00007ff9efad0000 - 0x00007ff9efcb8000 	C:\WINDOWS\system32\KERNELBASE.dll
0x00007ff9f01c0000 - 0x00007ff9f0267000 	C:\WINDOWS\system32\ADVAPI32.dll
0x00007ff9f0430000 - 0x00007ff9f04cd000 	C:\WINDOWS\system32\msvcrt.dll
0x00007ff9f0660000 - 0x00007ff9f06bb000 	C:\WINDOWS\system32\sechost.dll
0x00007ff9f06f0000 - 0x00007ff9f080c000 	C:\WINDOWS\system32\RPCRT4.dll
0x00007ff9f15e0000 - 0x00007ff9f1736000 	C:\WINDOWS\system32\USER32.dll
0x00007ff9f04d0000 - 0x00007ff9f0656000 	C:\WINDOWS\system32\GDI32.dll
0x00007ff9ee1d0000 - 0x00007ff9ee444000 	C:\WINDOWS\WinSxS\amd64_microsoft.windows.common-controls_6595b64144ccf1df_6.0.10586.494_none_a2d8b04ea53e3145\COMCTL32.dll
0x00007ff9f0ae0000 - 0x00007ff9f0d5d000 	C:\WINDOWS\system32\combase.dll
0x00007ff9ef270000 - 0x00007ff9ef2da000 	C:\WINDOWS\system32\bcryptPrimitives.dll
0x00007ff9f0990000 - 0x00007ff9f09cb000 	C:\WINDOWS\system32\IMM32.DLL
0x00007ff9ef0f0000 - 0x00007ff9ef121000 	C:\windows\system32\nvinitx.dll
0x00007ff9ef0e0000 - 0x00007ff9ef0ea000 	C:\WINDOWS\SYSTEM32\VERSION.dll
0x000000006a310000 - 0x000000006a316000 	C:\Program Files\NVIDIA Corporation\CoProcManager\_etoured.dll
0x00007ff9ecc70000 - 0x00007ff9ecca2000 	C:\Program Files\NVIDIA Corporation\CoProcManager\nvd3d9wrapx.dll
0x00007ff9f0d70000 - 0x00007ff9f1199000 	C:\WINDOWS\system32\SETUPAPI.dll
0x00007ff9f0000000 - 0x00007ff9f0043000 	C:\WINDOWS\system32\CFGMGR32.dll
0x00007ff9ecc40000 - 0x00007ff9ecc62000 	C:\Program Files\NVIDIA Corporation\CoProcManager\nvdxgiwrapx.dll
0x0000000067440000 - 0x0000000067512000 	D:\Program Files\Java\jdk1.8.0_92\jre\bin\msvcr100.dll
0x00000000675e0000 - 0x0000000067e76000 	D:\Program Files\Java\jdk1.8.0_92\jre\bin\server\jvm.dll
0x00007ff9ef430000 - 0x00007ff9ef453000 	C:\WINDOWS\system32\WINMM.dll
0x00007ff9ef200000 - 0x00007ff9ef22c000 	C:\WINDOWS\system32\WINMMBASE.dll
0x00007ff9f0d60000 - 0x00007ff9f0d68000 	C:\WINDOWS\system32\PSAPI.DLL
0x00007ff9e34d0000 - 0x00007ff9e34d9000 	C:\WINDOWS\SYSTEM32\WSOCK32.dll
0x00007ff9f2da0000 - 0x00007ff9f2e0b000 	C:\WINDOWS\system32\WS2_32.dll
0x0000000068bd0000 - 0x0000000068bdf000 	D:\Program Files\Java\jdk1.8.0_92\jre\bin\verify.dll
0x0000000068ba0000 - 0x0000000068bc9000 	D:\Program Files\Java\jdk1.8.0_92\jre\bin\java.dll
0x0000000068b80000 - 0x0000000068b96000 	D:\Program Files\Java\jdk1.8.0_92\jre\bin\zip.dll
0x00007ff9f17a0000 - 0x00007ff9f2cfc000 	C:\WINDOWS\system32\SHELL32.dll
0x00000000168d0000 - 0x0000000016f15000 	C:\WINDOWS\system32\windows.storage.dll
0x00007ff9f1740000 - 0x00007ff9f1792000 	C:\WINDOWS\system32\shlwapi.dll
0x00007ff9ef230000 - 0x00007ff9ef23f000 	C:\WINDOWS\system32\kernel.appcore.dll
0x00007ff9ef370000 - 0x00007ff9ef425000 	C:\WINDOWS\system32\shcore.dll
0x00007ff9efe90000 - 0x00007ff9efedb000 	C:\WINDOWS\system32\powrprof.dll
0x00007ff9ef250000 - 0x00007ff9ef264000 	C:\WINDOWS\system32\profapi.dll

VM Arguments:
jvm_args: -Djava.awt.headless=true -Xmx1024M -Dfile.encoding=GBK -Duser.country=CN -Duser.language=zh -Duser.variant 
java_command: com.android.dx.command.Main --dex --force-jumbo --num-threads=4 --multi-dex --output D:\AndroidStudioProjects\Study\StudyUI\app\build\intermediates\transforms\dex\debug\folders\1000\10\com.android.support-support-vector-drawable-23.4.0_1408fab0114da3b3efafcd068356d27cee380018 D:\AndroidStudioProjects\Study\StudyUI\app\build\intermediates\exploded-aar\com.android.support\support-vector-drawable\23.4.0\jars\classes.jar
java_class_path (initial): D:\AppData\Local\Android\sdk\build-tools\24.0.0\lib\dx.jar
Launcher Type: SUN_STANDARD

Environment Variables:
JAVA_HOME=D:\Program Files\Java\jdk1.8.0_92
CLASSPATH=.;D:\Program Files\Java\jdk1.8.0_92\lib\dt.jar;D:\Program Files\Java\jdk1.8.0_92\lib\tools.jar;
PATH=C:\ProgramData\Oracle\Java\javapath;C:\WINDOWS\system32;C:\WINDOWS;C:\WINDOWS\System32\Wbem;C:\WINDOWS\System32\WindowsPowerShell\v1.0\;C:\Program Files\Intel\WiFi\bin\;C:\Program Files\Common Files\Intel\WirelessCommon\;C:\Program Files\ThinkPad\Bluetooth Software\;C:\Program Files\ThinkPad\Bluetooth Software\syswow64;C:\WINDOWS\system32\config\systemprofile\.dnx\bin;C:\Program Files\Microsoft DNX\Dnvm\;C:\Program Files (x86)\Windows Kits\8.1\Windows Performance Toolkit\;C:\Program Files\Microsoft SQL Server\130\Tools\Binn\;D:\Program Files\TortoiseGit\bin;d:\Program Files\Git\cmd;d:\Program Files\IDM Computer Solutions\UltraEdit;C:\Program Files\IDM Computer Solutions\UltraCompare;%JAVA_HOME;C:\Program Files\Intel\WiFi\bin\;C:\Program Files\Common Files\Intel\WirelessCommon\
USERNAME=leebisheng
OS=Windows_NT
PROCESSOR_IDENTIFIER=Intel64 Family 6 Model 58 Stepping 9, GenuineIntel



---------------  S Y S T E M  ---------------

OS: Windows 10.0 , 64 bit Build 10586 (10.0.10586.0)

CPU:total 4 (2 cores per cpu, 2 threads per core) family 6 model 58 stepping 9, cmov, cx8, fxsr, mmx, sse, sse2, sse3, ssse3, sse4.1, sse4.2, popcnt, avx, aes, clmul, erms, ht, tsc, tscinvbit, tscinv

Memory: 4k page, physical 8074724k(153168k free), swap 12269028k(5064k free)

vm_info: Java HotSpot(TM) 64-Bit Server VM (25.92-b14) for windows-amd64 JRE (1.8.0_92-b14), built on Mar 31 2016 21:03:04 by "java_re" with MS VC++ 10.0 (VS2010)

time: Wed Jul 27 00:43:46 2016
elapsed time: 6 seconds (0d 0h 0m 6s)

